[0.644s] DEBUG:colcon:Command line arguments: ['/Users/huajingzhao/ros2/venv/bin/colcon', 'build']
[0.645s] DEBUG:colcon:Parsed command line arguments: Namespace(log_base=None, log_level=None, verb_name='build', build_base='build', install_base='install', merge_install=False, symlink_install=False, test_result_base=None, continue_on_error=False, executor='parallel', parallel_workers=10, event_handlers=None, ignore_user_meta=False, metas=['./colcon.meta'], base_paths=['.'], packages_ignore=None, packages_ignore_regex=None, paths=None, packages_up_to=None, packages_up_to_regex=None, packages_above=None, packages_above_and_dependencies=None, packages_above_depth=None, packages_select_by_dep=None, packages_skip_by_dep=None, packages_skip_up_to=None, packages_select_build_failed=False, packages_skip_build_finished=False, packages_select_test_failures=False, packages_skip_test_passed=False, packages_select=None, packages_skip=None, packages_select_regex=None, packages_skip_regex=None, packages_start=None, packages_end=None, cmake_args=None, cmake_target=None, cmake_target_skip_unavailable=False, cmake_clean_cache=False, cmake_clean_first=False, cmake_force_configure=False, ament_cmake_args=None, catkin_cmake_args=None, catkin_skip_building_tests=False, verb_parser=<colcon_defaults.argument_parser.defaults.DefaultArgumentsDecorator object at 0x1017ffb80>, verb_extension=<colcon_core.verb.build.BuildVerb object at 0x1017ff5b0>, main=<bound method BuildVerb.main of <colcon_core.verb.build.BuildVerb object at 0x1017ff5b0>>)
[0.683s] Level 1:colcon.colcon_core.package_discovery:discover_packages(colcon_meta) check parameters
[0.683s] Level 1:colcon.colcon_core.package_discovery:discover_packages(recursive) check parameters
[0.683s] Level 1:colcon.colcon_core.package_discovery:discover_packages(ignore) check parameters
[0.683s] Level 1:colcon.colcon_core.package_discovery:discover_packages(path) check parameters
[0.683s] Level 1:colcon.colcon_core.package_discovery:discover_packages(colcon_meta) discover
[0.683s] Level 1:colcon.colcon_core.package_discovery:discover_packages(recursive) discover
[0.683s] INFO:colcon.colcon_core.package_discovery:Crawling recursively for packages in '/Users/huajingzhao/Desktop/UCLA/projects/neureality/gimbal_ws'
[0.683s] Level 1:colcon.colcon_core.package_identification:_identify(.) by extensions ['ignore', 'ignore_ament_install']
[0.683s] Level 1:colcon.colcon_core.package_identification:_identify(.) by extension 'ignore'
[0.683s] Level 1:colcon.colcon_core.package_identification:_identify(.) by extension 'ignore_ament_install'
[0.683s] Level 1:colcon.colcon_core.package_identification:_identify(.) by extensions ['colcon_pkg']
[0.683s] Level 1:colcon.colcon_core.package_identification:_identify(.) by extension 'colcon_pkg'
[0.683s] Level 1:colcon.colcon_core.package_identification:_identify(.) by extensions ['colcon_meta']
[0.683s] Level 1:colcon.colcon_core.package_identification:_identify(.) by extension 'colcon_meta'
[0.683s] Level 1:colcon.colcon_core.package_identification:_identify(.) by extensions ['ros']
[0.683s] Level 1:colcon.colcon_core.package_identification:_identify(.) by extension 'ros'
[0.694s] Level 1:colcon.colcon_core.package_identification:_identify(.) by extensions ['cmake', 'python']
[0.694s] Level 1:colcon.colcon_core.package_identification:_identify(.) by extension 'cmake'
[0.694s] Level 1:colcon.colcon_core.package_identification:_identify(.) by extension 'python'
[0.694s] Level 1:colcon.colcon_core.package_identification:_identify(.) by extensions ['python_setup_py']
[0.694s] Level 1:colcon.colcon_core.package_identification:_identify(.) by extension 'python_setup_py'
[0.694s] Level 1:colcon.colcon_core.package_identification:_identify(build) by extensions ['ignore', 'ignore_ament_install']
[0.694s] Level 1:colcon.colcon_core.package_identification:_identify(build) by extension 'ignore'
[0.694s] Level 1:colcon.colcon_core.package_identification:_identify(build) ignored
[0.694s] Level 1:colcon.colcon_core.package_identification:_identify(install) by extensions ['ignore', 'ignore_ament_install']
[0.694s] Level 1:colcon.colcon_core.package_identification:_identify(install) by extension 'ignore'
[0.694s] Level 1:colcon.colcon_core.package_identification:_identify(install) ignored
[0.694s] Level 1:colcon.colcon_core.package_identification:_identify(log) by extensions ['ignore', 'ignore_ament_install']
[0.694s] Level 1:colcon.colcon_core.package_identification:_identify(log) by extension 'ignore'
[0.694s] Level 1:colcon.colcon_core.package_identification:_identify(log) ignored
[0.694s] Level 1:colcon.colcon_core.package_identification:_identify(src) by extensions ['ignore', 'ignore_ament_install']
[0.694s] Level 1:colcon.colcon_core.package_identification:_identify(src) by extension 'ignore'
[0.694s] Level 1:colcon.colcon_core.package_identification:_identify(src) by extension 'ignore_ament_install'
[0.694s] Level 1:colcon.colcon_core.package_identification:_identify(src) by extensions ['colcon_pkg']
[0.694s] Level 1:colcon.colcon_core.package_identification:_identify(src) by extension 'colcon_pkg'
[0.694s] Level 1:colcon.colcon_core.package_identification:_identify(src) by extensions ['colcon_meta']
[0.694s] Level 1:colcon.colcon_core.package_identification:_identify(src) by extension 'colcon_meta'
[0.694s] Level 1:colcon.colcon_core.package_identification:_identify(src) by extensions ['ros']
[0.694s] Level 1:colcon.colcon_core.package_identification:_identify(src) by extension 'ros'
[0.694s] Level 1:colcon.colcon_core.package_identification:_identify(src) by extensions ['cmake', 'python']
[0.694s] Level 1:colcon.colcon_core.package_identification:_identify(src) by extension 'cmake'
[0.694s] Level 1:colcon.colcon_core.package_identification:_identify(src) by extension 'python'
[0.695s] Level 1:colcon.colcon_core.package_identification:_identify(src) by extensions ['python_setup_py']
[0.695s] Level 1:colcon.colcon_core.package_identification:_identify(src) by extension 'python_setup_py'
[0.695s] Level 1:colcon.colcon_core.package_identification:_identify(src/gimbal_control) by extensions ['ignore', 'ignore_ament_install']
[0.695s] Level 1:colcon.colcon_core.package_identification:_identify(src/gimbal_control) by extension 'ignore'
[0.695s] Level 1:colcon.colcon_core.package_identification:_identify(src/gimbal_control) by extension 'ignore_ament_install'
[0.695s] Level 1:colcon.colcon_core.package_identification:_identify(src/gimbal_control) by extensions ['colcon_pkg']
[0.695s] Level 1:colcon.colcon_core.package_identification:_identify(src/gimbal_control) by extension 'colcon_pkg'
[0.695s] Level 1:colcon.colcon_core.package_identification:_identify(src/gimbal_control) by extensions ['colcon_meta']
[0.695s] Level 1:colcon.colcon_core.package_identification:_identify(src/gimbal_control) by extension 'colcon_meta'
[0.695s] Level 1:colcon.colcon_core.package_identification:_identify(src/gimbal_control) by extensions ['ros']
[0.695s] Level 1:colcon.colcon_core.package_identification:_identify(src/gimbal_control) by extension 'ros'
[0.696s] DEBUG:colcon.colcon_core.package_identification:Package 'src/gimbal_control' with type 'ros.ament_python' and name 'gimbal_control'
[0.696s] Level 1:colcon.colcon_core.package_identification:_identify(src/gimbal_interface) by extensions ['ignore', 'ignore_ament_install']
[0.696s] Level 1:colcon.colcon_core.package_identification:_identify(src/gimbal_interface) by extension 'ignore'
[0.696s] Level 1:colcon.colcon_core.package_identification:_identify(src/gimbal_interface) by extension 'ignore_ament_install'
[0.696s] Level 1:colcon.colcon_core.package_identification:_identify(src/gimbal_interface) by extensions ['colcon_pkg']
[0.696s] Level 1:colcon.colcon_core.package_identification:_identify(src/gimbal_interface) by extension 'colcon_pkg'
[0.697s] Level 1:colcon.colcon_core.package_identification:_identify(src/gimbal_interface) by extensions ['colcon_meta']
[0.697s] Level 1:colcon.colcon_core.package_identification:_identify(src/gimbal_interface) by extension 'colcon_meta'
[0.697s] Level 1:colcon.colcon_core.package_identification:_identify(src/gimbal_interface) by extensions ['ros']
[0.697s] Level 1:colcon.colcon_core.package_identification:_identify(src/gimbal_interface) by extension 'ros'
[0.697s] DEBUG:colcon.colcon_core.package_identification:Package 'src/gimbal_interface' with type 'ros.ament_cmake' and name 'gimbal_interface'
[0.697s] Level 1:colcon.colcon_core.package_discovery:discover_packages(recursive) using defaults
[0.697s] Level 1:colcon.colcon_core.package_discovery:discover_packages(ignore) discover
[0.697s] Level 1:colcon.colcon_core.package_discovery:discover_packages(ignore) using defaults
[0.697s] Level 1:colcon.colcon_core.package_discovery:discover_packages(path) discover
[0.697s] Level 1:colcon.colcon_core.package_discovery:discover_packages(path) using defaults
[0.743s] Level 5:colcon.colcon_core.verb:set package 'gimbal_control' build argument 'cmake_args' from command line to 'None'
[0.743s] Level 5:colcon.colcon_core.verb:set package 'gimbal_control' build argument 'cmake_target' from command line to 'None'
[0.743s] Level 5:colcon.colcon_core.verb:set package 'gimbal_control' build argument 'cmake_target_skip_unavailable' from command line to 'False'
[0.743s] Level 5:colcon.colcon_core.verb:set package 'gimbal_control' build argument 'cmake_clean_cache' from command line to 'False'
[0.743s] Level 5:colcon.colcon_core.verb:set package 'gimbal_control' build argument 'cmake_clean_first' from command line to 'False'
[0.743s] Level 5:colcon.colcon_core.verb:set package 'gimbal_control' build argument 'cmake_force_configure' from command line to 'False'
[0.743s] Level 5:colcon.colcon_core.verb:set package 'gimbal_control' build argument 'ament_cmake_args' from command line to 'None'
[0.743s] Level 5:colcon.colcon_core.verb:set package 'gimbal_control' build argument 'catkin_cmake_args' from command line to 'None'
[0.743s] Level 5:colcon.colcon_core.verb:set package 'gimbal_control' build argument 'catkin_skip_building_tests' from command line to 'False'
[0.743s] DEBUG:colcon.colcon_core.verb:Building package 'gimbal_control' with the following arguments: {'ament_cmake_args': None, 'build_base': '/Users/huajingzhao/Desktop/UCLA/projects/neureality/gimbal_ws/build/gimbal_control', 'catkin_cmake_args': None, 'catkin_skip_building_tests': False, 'cmake_args': None, 'cmake_clean_cache': False, 'cmake_clean_first': False, 'cmake_force_configure': False, 'cmake_target': None, 'cmake_target_skip_unavailable': False, 'install_base': '/Users/huajingzhao/Desktop/UCLA/projects/neureality/gimbal_ws/install/gimbal_control', 'merge_install': False, 'path': '/Users/huajingzhao/Desktop/UCLA/projects/neureality/gimbal_ws/src/gimbal_control', 'symlink_install': False, 'test_result_base': None}
[0.750s] Level 5:colcon.colcon_core.verb:set package 'gimbal_interface' build argument 'cmake_args' from command line to 'None'
[0.750s] Level 5:colcon.colcon_core.verb:set package 'gimbal_interface' build argument 'cmake_target' from command line to 'None'
[0.750s] Level 5:colcon.colcon_core.verb:set package 'gimbal_interface' build argument 'cmake_target_skip_unavailable' from command line to 'False'
[0.750s] Level 5:colcon.colcon_core.verb:set package 'gimbal_interface' build argument 'cmake_clean_cache' from command line to 'False'
[0.750s] Level 5:colcon.colcon_core.verb:set package 'gimbal_interface' build argument 'cmake_clean_first' from command line to 'False'
[0.750s] Level 5:colcon.colcon_core.verb:set package 'gimbal_interface' build argument 'cmake_force_configure' from command line to 'False'
[0.750s] Level 5:colcon.colcon_core.verb:set package 'gimbal_interface' build argument 'ament_cmake_args' from command line to 'None'
[0.750s] Level 5:colcon.colcon_core.verb:set package 'gimbal_interface' build argument 'catkin_cmake_args' from command line to 'None'
[0.750s] Level 5:colcon.colcon_core.verb:set package 'gimbal_interface' build argument 'catkin_skip_building_tests' from command line to 'False'
[0.750s] DEBUG:colcon.colcon_core.verb:Building package 'gimbal_interface' with the following arguments: {'ament_cmake_args': None, 'build_base': '/Users/huajingzhao/Desktop/UCLA/projects/neureality/gimbal_ws/build/gimbal_interface', 'catkin_cmake_args': None, 'catkin_skip_building_tests': False, 'cmake_args': None, 'cmake_clean_cache': False, 'cmake_clean_first': False, 'cmake_force_configure': False, 'cmake_target': None, 'cmake_target_skip_unavailable': False, 'install_base': '/Users/huajingzhao/Desktop/UCLA/projects/neureality/gimbal_ws/install/gimbal_interface', 'merge_install': False, 'path': '/Users/huajingzhao/Desktop/UCLA/projects/neureality/gimbal_ws/src/gimbal_interface', 'symlink_install': False, 'test_result_base': None}
[0.756s] INFO:colcon.colcon_core.executor:Executing jobs using 'parallel' executor
[0.763s] DEBUG:colcon.colcon_parallel_executor.executor.parallel:run_until_complete
[0.763s] INFO:colcon.colcon_ros.task.ament_python.build:Building ROS package in '/Users/huajingzhao/Desktop/UCLA/projects/neureality/gimbal_ws/src/gimbal_control' with build type 'ament_python'
[0.763s] Level 1:colcon.colcon_core.shell:create_environment_hook('gimbal_control', 'ament_prefix_path')
[0.772s] INFO:colcon.colcon_core.plugin_system:Skipping extension 'colcon_core.shell.bat': Not used on non-Windows systems
[0.772s] INFO:colcon.colcon_core.shell:Creating environment hook '/Users/huajingzhao/Desktop/UCLA/projects/neureality/gimbal_ws/install/gimbal_control/share/gimbal_control/hook/ament_prefix_path.ps1'
[0.773s] INFO:colcon.colcon_core.shell:Creating environment descriptor '/Users/huajingzhao/Desktop/UCLA/projects/neureality/gimbal_ws/install/gimbal_control/share/gimbal_control/hook/ament_prefix_path.dsv'
[0.773s] INFO:colcon.colcon_core.shell:Creating environment hook '/Users/huajingzhao/Desktop/UCLA/projects/neureality/gimbal_ws/install/gimbal_control/share/gimbal_control/hook/ament_prefix_path.sh'
[0.780s] INFO:colcon.colcon_core.shell:Skip shell extension 'powershell' for command environment: Not usable outside of PowerShell
[0.780s] DEBUG:colcon.colcon_core.shell:Skip shell extension 'dsv' for command environment
[0.838s] INFO:colcon.colcon_ros.task.ament_cmake.build:Building ROS package in '/Users/huajingzhao/Desktop/UCLA/projects/neureality/gimbal_ws/src/gimbal_interface' with build type 'ament_cmake'
[0.839s] INFO:colcon.colcon_cmake.task.cmake.build:Building CMake package in '/Users/huajingzhao/Desktop/UCLA/projects/neureality/gimbal_ws/src/gimbal_interface'
[0.847s] INFO:colcon.colcon_core.shell:Skip shell extension 'powershell' for command environment: Not usable outside of PowerShell
[0.847s] DEBUG:colcon.colcon_core.shell:Skip shell extension 'dsv' for command environment
[1.070s] INFO:colcon.colcon_core.task.python.build:Building Python package in '/Users/huajingzhao/Desktop/UCLA/projects/neureality/gimbal_ws/src/gimbal_control'
[1.077s] INFO:colcon.colcon_core.shell:Skip shell extension 'powershell' for command environment: Not usable outside of PowerShell
[1.077s] DEBUG:colcon.colcon_core.shell:Skip shell extension 'dsv' for command environment
[1.129s] DEBUG:colcon.colcon_core.event_handler.log_command:Invoking command in '/Users/huajingzhao/Desktop/UCLA/projects/neureality/gimbal_ws/build/gimbal_interface': CMAKE_PREFIX_PATH=${CMAKE_PREFIX_PATH}:/Users/huajingzhao/ros2_ws/install/turtle_tf2_py:/Users/huajingzhao/ros2_ws/install/python_parameters:/Users/huajingzhao/ros2_ws/install/python_parameter_event_handler:/Users/huajingzhao/ros2_ws/install/py_srvcli:/Users/huajingzhao/ros2_ws/install/py_pubsub:/Users/huajingzhao/ros2_ws/install/py_launch_example:/Users/huajingzhao/ros2_ws/install/my_package:/Users/huajingzhao/ros2_ws/install/learning_tf2_py:/Users/huajingzhao/ros2_ws/install/launch_tutorial:/Users/huajingzhao/ros2_ws/install/launch_testing_examples:/Users/huajingzhao/ros2_ws/install/examples_rclpy_pointcloud_publisher:/Users/huajingzhao/ros2_ws/install/examples_rclpy_minimal_subscriber:/Users/huajingzhao/ros2_ws/install/examples_rclpy_minimal_service:/Users/huajingzhao/ros2_ws/install/examples_rclpy_minimal_publisher:/Users/huajingzhao/ros2_ws/install/examples_rclpy_minimal_client:/Users/huajingzhao/ros2_ws/install/examples_rclpy_minimal_action_server:/Users/huajingzhao/ros2_ws/install/examples_rclpy_minimal_action_client:/Users/huajingzhao/ros2_ws/install/examples_rclpy_guard_conditions:/Users/huajingzhao/ros2_ws/install/examples_rclpy_executors:/Users/huajingzhao/Desktop/UCLA/projects/ros2_ws/install/launch_testing_examples:/Users/huajingzhao/Desktop/UCLA/projects/ros2_ws/install/gimbal_control:/Users/huajingzhao/Desktop/UCLA/projects/ros2_ws/install/examples_rclpy_pointcloud_publisher:/Users/huajingzhao/Desktop/UCLA/projects/ros2_ws/install/examples_rclpy_minimal_subscriber:/Users/huajingzhao/Desktop/UCLA/projects/ros2_ws/install/examples_rclpy_minimal_service:/Users/huajingzhao/Desktop/UCLA/projects/ros2_ws/install/examples_rclpy_minimal_publisher:/Users/huajingzhao/Desktop/UCLA/projects/ros2_ws/install/examples_rclpy_minimal_client:/Users/huajingzhao/Desktop/UCLA/projects/ros2_ws/install/examples_rclpy_minimal_action_server:/Users/huajingzhao/Desktop/UCLA/projects/ros2_ws/install/examples_rclpy_minimal_action_client:/Users/huajingzhao/Desktop/UCLA/projects/ros2_ws/install/examples_rclpy_guard_conditions:/Users/huajingzhao/Desktop/UCLA/projects/ros2_ws/install/examples_rclpy_executors SHLVL=2 VIRTUAL_ENV_PROMPT=(venv) _=/usr/bin/env /opt/homebrew/bin/cmake /Users/huajingzhao/Desktop/UCLA/projects/neureality/gimbal_ws/src/gimbal_interface -DCMAKE_INSTALL_PREFIX=/Users/huajingzhao/Desktop/UCLA/projects/neureality/gimbal_ws/install/gimbal_interface
[1.369s] DEBUG:colcon.colcon_core.event_handler.log_command:Invoked command in '/Users/huajingzhao/Desktop/UCLA/projects/neureality/gimbal_ws/build/gimbal_interface' returned '1': CMAKE_PREFIX_PATH=${CMAKE_PREFIX_PATH}:/Users/huajingzhao/ros2_ws/install/turtle_tf2_py:/Users/huajingzhao/ros2_ws/install/python_parameters:/Users/huajingzhao/ros2_ws/install/python_parameter_event_handler:/Users/huajingzhao/ros2_ws/install/py_srvcli:/Users/huajingzhao/ros2_ws/install/py_pubsub:/Users/huajingzhao/ros2_ws/install/py_launch_example:/Users/huajingzhao/ros2_ws/install/my_package:/Users/huajingzhao/ros2_ws/install/learning_tf2_py:/Users/huajingzhao/ros2_ws/install/launch_tutorial:/Users/huajingzhao/ros2_ws/install/launch_testing_examples:/Users/huajingzhao/ros2_ws/install/examples_rclpy_pointcloud_publisher:/Users/huajingzhao/ros2_ws/install/examples_rclpy_minimal_subscriber:/Users/huajingzhao/ros2_ws/install/examples_rclpy_minimal_service:/Users/huajingzhao/ros2_ws/install/examples_rclpy_minimal_publisher:/Users/huajingzhao/ros2_ws/install/examples_rclpy_minimal_client:/Users/huajingzhao/ros2_ws/install/examples_rclpy_minimal_action_server:/Users/huajingzhao/ros2_ws/install/examples_rclpy_minimal_action_client:/Users/huajingzhao/ros2_ws/install/examples_rclpy_guard_conditions:/Users/huajingzhao/ros2_ws/install/examples_rclpy_executors:/Users/huajingzhao/Desktop/UCLA/projects/ros2_ws/install/launch_testing_examples:/Users/huajingzhao/Desktop/UCLA/projects/ros2_ws/install/gimbal_control:/Users/huajingzhao/Desktop/UCLA/projects/ros2_ws/install/examples_rclpy_pointcloud_publisher:/Users/huajingzhao/Desktop/UCLA/projects/ros2_ws/install/examples_rclpy_minimal_subscriber:/Users/huajingzhao/Desktop/UCLA/projects/ros2_ws/install/examples_rclpy_minimal_service:/Users/huajingzhao/Desktop/UCLA/projects/ros2_ws/install/examples_rclpy_minimal_publisher:/Users/huajingzhao/Desktop/UCLA/projects/ros2_ws/install/examples_rclpy_minimal_client:/Users/huajingzhao/Desktop/UCLA/projects/ros2_ws/install/examples_rclpy_minimal_action_server:/Users/huajingzhao/Desktop/UCLA/projects/ros2_ws/install/examples_rclpy_minimal_action_client:/Users/huajingzhao/Desktop/UCLA/projects/ros2_ws/install/examples_rclpy_guard_conditions:/Users/huajingzhao/Desktop/UCLA/projects/ros2_ws/install/examples_rclpy_executors SHLVL=2 VIRTUAL_ENV_PROMPT=(venv) _=/usr/bin/env /opt/homebrew/bin/cmake /Users/huajingzhao/Desktop/UCLA/projects/neureality/gimbal_ws/src/gimbal_interface -DCMAKE_INSTALL_PREFIX=/Users/huajingzhao/Desktop/UCLA/projects/neureality/gimbal_ws/install/gimbal_interface
[1.384s] Level 1:colcon.colcon_core.environment:create_environment_scripts_only(gimbal_interface)
[1.396s] Level 1:colcon.colcon_core.environment:checking '/Users/huajingzhao/Desktop/UCLA/projects/neureality/gimbal_ws/install/gimbal_interface' for CMake module files
[1.396s] Level 1:colcon.colcon_core.environment:checking '/Users/huajingzhao/Desktop/UCLA/projects/neureality/gimbal_ws/install/gimbal_interface' for CMake config files
[1.396s] Level 1:colcon.colcon_core.environment:checking '/Users/huajingzhao/Desktop/UCLA/projects/neureality/gimbal_ws/install/gimbal_interface/lib'
[1.396s] Level 1:colcon.colcon_core.environment:checking '/Users/huajingzhao/Desktop/UCLA/projects/neureality/gimbal_ws/install/gimbal_interface/bin'
[1.396s] Level 1:colcon.colcon_core.environment:checking '/Users/huajingzhao/Desktop/UCLA/projects/neureality/gimbal_ws/install/gimbal_interface/lib/pkgconfig/gimbal_interface.pc'
[1.396s] Level 1:colcon.colcon_core.environment:checking '/Users/huajingzhao/Desktop/UCLA/projects/neureality/gimbal_ws/install/gimbal_interface/lib/python3.10/site-packages'
[1.396s] Level 1:colcon.colcon_core.environment:checking '/Users/huajingzhao/Desktop/UCLA/projects/neureality/gimbal_ws/install/gimbal_interface/bin'
[1.404s] INFO:colcon.colcon_core.shell:Creating package script '/Users/huajingzhao/Desktop/UCLA/projects/neureality/gimbal_ws/install/gimbal_interface/share/gimbal_interface/package.ps1'
[1.404s] INFO:colcon.colcon_core.shell:Creating package descriptor '/Users/huajingzhao/Desktop/UCLA/projects/neureality/gimbal_ws/install/gimbal_interface/share/gimbal_interface/package.dsv'
[1.405s] INFO:colcon.colcon_core.shell:Creating package script '/Users/huajingzhao/Desktop/UCLA/projects/neureality/gimbal_ws/install/gimbal_interface/share/gimbal_interface/package.sh'
[1.405s] INFO:colcon.colcon_core.shell:Creating package script '/Users/huajingzhao/Desktop/UCLA/projects/neureality/gimbal_ws/install/gimbal_interface/share/gimbal_interface/package.bash'
[1.405s] INFO:colcon.colcon_core.shell:Creating package script '/Users/huajingzhao/Desktop/UCLA/projects/neureality/gimbal_ws/install/gimbal_interface/share/gimbal_interface/package.zsh'
[1.406s] Level 1:colcon.colcon_core.environment:create_file_with_runtime_dependencies(/Users/huajingzhao/Desktop/UCLA/projects/neureality/gimbal_ws/install/gimbal_interface/share/colcon-core/packages/gimbal_interface)
[1.551s] DEBUG:colcon.colcon_parallel_executor.executor.parallel:closing loop
[1.551s] DEBUG:colcon.colcon_parallel_executor.executor.parallel:loop closed
[1.551s] DEBUG:colcon.colcon_parallel_executor.executor.parallel:run_until_complete finished with '1'
[1.551s] DEBUG:colcon.colcon_core.event_reactor:joining thread
[1.560s] INFO:colcon.colcon_core.plugin_system:Skipping extension 'colcon_notification.desktop_notification.notify2': 'notify2' not found
[1.560s] INFO:colcon.colcon_core.plugin_system:Skipping extension 'colcon_notification.desktop_notification.notify_send': Not used on non-Linux systems
[1.560s] INFO:colcon.colcon_core.plugin_system:Skipping extension 'colcon_notification.desktop_notification.win32': Not used on non-Windows systems
[1.560s] INFO:colcon.colcon_notification.desktop_notification:Sending desktop notification using 'terminal_notifier'
[1.567s] ERROR:colcon.colcon_notification.desktop_notification.terminal_notifier:Could not find the colcon-terminal-notifier.app in the install prefix '/Users/huajingzhao/ros2/venv'
[1.567s] DEBUG:colcon.colcon_core.event_reactor:joined thread
[1.573s] INFO:colcon.colcon_core.shell:Creating prefix script '/Users/huajingzhao/Desktop/UCLA/projects/neureality/gimbal_ws/install/local_setup.ps1'
[1.574s] INFO:colcon.colcon_core.shell:Creating prefix util module '/Users/huajingzhao/Desktop/UCLA/projects/neureality/gimbal_ws/install/_local_setup_util_ps1.py'
[1.575s] INFO:colcon.colcon_core.shell:Creating prefix chain script '/Users/huajingzhao/Desktop/UCLA/projects/neureality/gimbal_ws/install/setup.ps1'
[1.584s] INFO:colcon.colcon_core.shell:Creating prefix script '/Users/huajingzhao/Desktop/UCLA/projects/neureality/gimbal_ws/install/local_setup.sh'
[1.584s] INFO:colcon.colcon_core.shell:Creating prefix util module '/Users/huajingzhao/Desktop/UCLA/projects/neureality/gimbal_ws/install/_local_setup_util_sh.py'
[1.584s] INFO:colcon.colcon_core.shell:Creating prefix chain script '/Users/huajingzhao/Desktop/UCLA/projects/neureality/gimbal_ws/install/setup.sh'
[1.593s] INFO:colcon.colcon_core.shell:Creating prefix script '/Users/huajingzhao/Desktop/UCLA/projects/neureality/gimbal_ws/install/local_setup.bash'
[1.594s] INFO:colcon.colcon_core.shell:Creating prefix chain script '/Users/huajingzhao/Desktop/UCLA/projects/neureality/gimbal_ws/install/setup.bash'
[1.603s] INFO:colcon.colcon_core.shell:Creating prefix script '/Users/huajingzhao/Desktop/UCLA/projects/neureality/gimbal_ws/install/local_setup.zsh'
[1.603s] INFO:colcon.colcon_core.shell:Creating prefix chain script '/Users/huajingzhao/Desktop/UCLA/projects/neureality/gimbal_ws/install/setup.zsh'
