-- The C compiler identification is GNU 13.2.0
-- The CXX compiler identification is Clang 17.0.6
-- Checking whether C compiler has -isysroot
-- Checking whether C compiler has -isysroot - yes
-- Checking whether C compiler supports OSX deployment target flag
-- Checking whether C compiler supports OSX deployment target flag - yes
-- Detecting C compiler ABI info
-- Detecting C compiler ABI info - done
-- Check for working C compiler: /opt/homebrew/Cellar/gcc/13.2.0/bin/gcc-13 - skipped
-- Detecting C compile features
-- Detecting C compile features - done
-- Detecting CXX compiler ABI info
-- Detecting CXX compiler ABI info - done
-- Check for working CXX compiler: /opt/homebrew/opt/llvm/bin/clang++ - skipped
-- Detecting CXX compile features
-- Detecting CXX compile features - done
-- Found ament_cmake: 1.3.7 (/Users/huajingzhao/ros2/humble/install/share/ament_cmake/cmake)
-- Found Python3: /opt/homebrew/Frameworks/Python.framework/Versions/3.12/bin/python3.12 (found version "3.12.1") found components: Interpreter 
-- Found ament_lint_auto: 0.12.10 (/Users/huajingzhao/ros2/humble/install/share/ament_lint_auto/cmake)
-- Found rosidl_default_generators: 1.2.0 (/Users/huajingzhao/ros2/humble/install/share/rosidl_default_generators/cmake)
-- Using all available rosidl_typesupport_c: rosidl_typesupport_fastrtps_c;rosidl_typesupport_introspection_c
-- Found rosidl_adapter: 3.1.5 (/Users/huajingzhao/ros2/humble/install/share/rosidl_adapter/cmake)
-- Using all available rosidl_typesupport_cpp: rosidl_typesupport_fastrtps_cpp;rosidl_typesupport_introspection_cpp
-- Found ament_cmake_ros: 0.10.0 (/Users/huajingzhao/ros2/humble/install/share/ament_cmake_ros/cmake)
-- Using all available rosidl_typesupport_c: rosidl_typesupport_fastrtps_c;rosidl_typesupport_introspection_c
-- Using all available rosidl_typesupport_cpp: rosidl_typesupport_fastrtps_cpp;rosidl_typesupport_introspection_cpp
-- Found PythonInterp: /Users/huajingzhao/ros2/venv/bin/python3 (found suitable version "3.10.13", minimum required is "3.6") 
-- Found python_cmake_module: 0.10.0 (/Users/huajingzhao/ros2/humble/install/share/python_cmake_module/cmake)
-- Using PythonExtra_INCLUDE_DIRS: /private/var/tmp/_bazel_huajingzhao/b77606ca01d4f69ab99f0d47ac8c3cd9/execroot/_main/bazel-out/darwin_arm64-fastbuild/bin/ros2_venv.runfiles/rules_python~0.29.0~python~python_3_10_aarch64-apple-darwin/include/python3.10;/private/var/tmp/_bazel_huajingzhao/b77606ca01d4f69ab99f0d47ac8c3cd9/execroot/_main/bazel-out/darwin_arm64-fastbuild/bin/ros2_venv.runfiles/rules_python~0.29.0~python~python_3_10_aarch64-apple-darwin/include/python3.10
-- Using PythonExtra_LIBRARIES: /Users/huajingzhao/ros2/humble/install/lib/libpython3.10.dylib
-- Found PythonExtra: .so  
-- Using numpy include directory: /Users/huajingzhao/ros2/venv/lib/python3.10/site-packages/numpy/core/include
-- Added test 'lint_cmake' to check CMake code style
-- Added test 'xmllint' to check XML markup files
-- Configuring done (5.9s)
-- Generating done (0.0s)
-- Build files have been written to: /Users/huajingzhao/Desktop/UCLA/projects/neureality/gimbal_ws/build/tutorial_interfaces
[  3%] Generating C code for ROS interfaces
[  6%] Generating C++ code for ROS interfaces
[  6%] Built target ament_cmake_python_copy_tutorial_interfaces
running egg_info
creating tutorial_interfaces.egg-info
[  6%] Built target tutorial_interfaces__cpp
writing tutorial_interfaces.egg-info/PKG-INFO
writing dependency_links to tutorial_interfaces.egg-info/dependency_links.txt
writing top-level names to tutorial_interfaces.egg-info/top_level.txt
writing manifest file 'tutorial_interfaces.egg-info/SOURCES.txt'
[ 16%] Generating C++ type support for eProsima Fast-RTPS
[ 16%] Generating C++ introspection for ROS interfaces
[ 16%] Generating C++ type support dispatch for ROS interfaces
[ 19%] Building C object CMakeFiles/tutorial_interfaces__rosidl_generator_c.dir/rosidl_generator_c/tutorial_interfaces/msg/detail/gimbal__functions.c.o
reading manifest file 'tutorial_interfaces.egg-info/SOURCES.txt'
writing manifest file 'tutorial_interfaces.egg-info/SOURCES.txt'
[ 19%] Built target ament_cmake_python_build_tutorial_interfaces_egg
[ 22%] Linking C shared library libtutorial_interfaces__rosidl_generator_c.dylib
[ 22%] Built target tutorial_interfaces__rosidl_generator_c
[ 25%] Generating C type support for eProsima Fast-RTPS
[ 29%] Generating C type support dispatch for ROS interfaces
[ 32%] Generating C introspection for ROS interfaces
[ 35%] Building CXX object CMakeFiles/tutorial_interfaces__rosidl_typesupport_cpp.dir/rosidl_typesupport_cpp/tutorial_interfaces/msg/gimbal__type_support.cpp.o
[ 41%] Building CXX object CMakeFiles/tutorial_interfaces__rosidl_typesupport_fastrtps_cpp.dir/rosidl_typesupport_fastrtps_cpp/tutorial_interfaces/msg/detail/dds_fastrtps/gimbal__type_support.cpp.o
[ 41%] Building CXX object CMakeFiles/tutorial_interfaces__rosidl_typesupport_introspection_cpp.dir/rosidl_typesupport_introspection_cpp/tutorial_interfaces/msg/detail/gimbal__type_support.cpp.o
[ 45%] Building CXX object CMakeFiles/tutorial_interfaces__rosidl_typesupport_c.dir/rosidl_typesupport_c/tutorial_interfaces/msg/gimbal__type_support.cpp.o
[ 48%] Building C object CMakeFiles/tutorial_interfaces__rosidl_typesupport_introspection_c.dir/rosidl_typesupport_introspection_c/tutorial_interfaces/msg/detail/gimbal__type_support.c.o
[ 51%] Building CXX object CMakeFiles/tutorial_interfaces__rosidl_typesupport_fastrtps_c.dir/rosidl_typesupport_fastrtps_c/tutorial_interfaces/msg/detail/gimbal__type_support_c.cpp.o
[ 54%] Linking CXX shared library libtutorial_interfaces__rosidl_typesupport_c.dylib
[ 58%] Linking C shared library libtutorial_interfaces__rosidl_typesupport_introspection_c.dylib
[ 58%] Built target tutorial_interfaces__rosidl_typesupport_c
[ 58%] Built target tutorial_interfaces__rosidl_typesupport_introspection_c
[ 61%] Linking CXX shared library libtutorial_interfaces__rosidl_typesupport_cpp.dylib
[ 64%] Linking CXX shared library libtutorial_interfaces__rosidl_typesupport_introspection_cpp.dylib
[ 64%] Built target tutorial_interfaces__rosidl_typesupport_introspection_cpp
[ 64%] Built target tutorial_interfaces__rosidl_typesupport_cpp
[ 67%] Linking CXX shared library libtutorial_interfaces__rosidl_typesupport_fastrtps_cpp.dylib
[ 67%] Built target tutorial_interfaces__rosidl_typesupport_fastrtps_cpp
[ 70%] Linking CXX shared library libtutorial_interfaces__rosidl_typesupport_fastrtps_c.dylib
[ 70%] Built target tutorial_interfaces__rosidl_typesupport_fastrtps_c
[ 70%] Built target tutorial_interfaces
[ 74%] Generating Python code for ROS interfaces
[ 74%] Built target tutorial_interfaces__py
[ 77%] Building C object CMakeFiles/tutorial_interfaces__rosidl_generator_py.dir/rosidl_generator_py/tutorial_interfaces/msg/_gimbal_s.c.o
[ 80%] Linking C shared library rosidl_generator_py/tutorial_interfaces/libtutorial_interfaces__rosidl_generator_py.dylib
[ 80%] Built target tutorial_interfaces__rosidl_generator_py
[ 83%] Building C object CMakeFiles/tutorial_interfaces__rosidl_typesupport_introspection_c__pyext.dir/rosidl_generator_py/tutorial_interfaces/_tutorial_interfaces_s.ep.rosidl_typesupport_introspection_c.c.o
[ 90%] Building C object CMakeFiles/tutorial_interfaces__rosidl_typesupport_fastrtps_c__pyext.dir/rosidl_generator_py/tutorial_interfaces/_tutorial_interfaces_s.ep.rosidl_typesupport_fastrtps_c.c.o
[ 90%] Building C object CMakeFiles/tutorial_interfaces__rosidl_typesupport_c__pyext.dir/rosidl_generator_py/tutorial_interfaces/_tutorial_interfaces_s.ep.rosidl_typesupport_c.c.o
[ 96%] Linking C shared library rosidl_generator_py/tutorial_interfaces/tutorial_interfaces_s__rosidl_typesupport_c.cpython-310-darwin.so
[ 96%] Linking C shared library rosidl_generator_py/tutorial_interfaces/tutorial_interfaces_s__rosidl_typesupport_introspection_c.cpython-310-darwin.so
[100%] Linking C shared library rosidl_generator_py/tutorial_interfaces/tutorial_interfaces_s__rosidl_typesupport_fastrtps_c.cpython-310-darwin.so
[100%] Built target tutorial_interfaces__rosidl_typesupport_c__pyext
[100%] Built target tutorial_interfaces__rosidl_typesupport_introspection_c__pyext
[100%] Built target tutorial_interfaces__rosidl_typesupport_fastrtps_c__pyext
-- Install configuration: ""
-- Installing: /Users/huajingzhao/Desktop/UCLA/projects/neureality/gimbal_ws/install/tutorial_interfaces/share/ament_index/resource_index/rosidl_interfaces/tutorial_interfaces
-- Installing: /Users/huajingzhao/Desktop/UCLA/projects/neureality/gimbal_ws/install/tutorial_interfaces/include/tutorial_interfaces/tutorial_interfaces
-- Installing: /Users/huajingzhao/Desktop/UCLA/projects/neureality/gimbal_ws/install/tutorial_interfaces/include/tutorial_interfaces/tutorial_interfaces/msg
-- Installing: /Users/huajingzhao/Desktop/UCLA/projects/neureality/gimbal_ws/install/tutorial_interfaces/include/tutorial_interfaces/tutorial_interfaces/msg/rosidl_generator_c__visibility_control.h
-- Installing: /Users/huajingzhao/Desktop/UCLA/projects/neureality/gimbal_ws/install/tutorial_interfaces/include/tutorial_interfaces/tutorial_interfaces/msg/detail
-- Installing: /Users/huajingzhao/Desktop/UCLA/projects/neureality/gimbal_ws/install/tutorial_interfaces/include/tutorial_interfaces/tutorial_interfaces/msg/detail/gimbal__functions.h
-- Installing: /Users/huajingzhao/Desktop/UCLA/projects/neureality/gimbal_ws/install/tutorial_interfaces/include/tutorial_interfaces/tutorial_interfaces/msg/detail/gimbal__struct.h
-- Installing: /Users/huajingzhao/Desktop/UCLA/projects/neureality/gimbal_ws/install/tutorial_interfaces/include/tutorial_interfaces/tutorial_interfaces/msg/detail/gimbal__functions.c
-- Installing: /Users/huajingzhao/Desktop/UCLA/projects/neureality/gimbal_ws/install/tutorial_interfaces/include/tutorial_interfaces/tutorial_interfaces/msg/detail/gimbal__type_support.h
-- Installing: /Users/huajingzhao/Desktop/UCLA/projects/neureality/gimbal_ws/install/tutorial_interfaces/include/tutorial_interfaces/tutorial_interfaces/msg/gimbal.h
-- Installing: /Users/huajingzhao/Desktop/UCLA/projects/neureality/gimbal_ws/install/tutorial_interfaces/share/tutorial_interfaces/environment/library_path.sh
-- Installing: /Users/huajingzhao/Desktop/UCLA/projects/neureality/gimbal_ws/install/tutorial_interfaces/share/tutorial_interfaces/environment/library_path.dsv
-- Installing: /Users/huajingzhao/Desktop/UCLA/projects/neureality/gimbal_ws/install/tutorial_interfaces/lib/libtutorial_interfaces__rosidl_generator_c.dylib
-- Up-to-date: /Users/huajingzhao/Desktop/UCLA/projects/neureality/gimbal_ws/install/tutorial_interfaces/include/tutorial_interfaces/tutorial_interfaces
-- Up-to-date: /Users/huajingzhao/Desktop/UCLA/projects/neureality/gimbal_ws/install/tutorial_interfaces/include/tutorial_interfaces/tutorial_interfaces/msg
-- Up-to-date: /Users/huajingzhao/Desktop/UCLA/projects/neureality/gimbal_ws/install/tutorial_interfaces/include/tutorial_interfaces/tutorial_interfaces/msg/detail
-- Installing: /Users/huajingzhao/Desktop/UCLA/projects/neureality/gimbal_ws/install/tutorial_interfaces/include/tutorial_interfaces/tutorial_interfaces/msg/detail/gimbal__rosidl_typesupport_fastrtps_c.h
-- Installing: /Users/huajingzhao/Desktop/UCLA/projects/neureality/gimbal_ws/install/tutorial_interfaces/include/tutorial_interfaces/tutorial_interfaces/msg/rosidl_typesupport_fastrtps_c__visibility_control.h
-- Installing: /Users/huajingzhao/Desktop/UCLA/projects/neureality/gimbal_ws/install/tutorial_interfaces/lib/libtutorial_interfaces__rosidl_typesupport_fastrtps_c.dylib
-- Up-to-date: /Users/huajingzhao/Desktop/UCLA/projects/neureality/gimbal_ws/install/tutorial_interfaces/include/tutorial_interfaces/tutorial_interfaces
-- Up-to-date: /Users/huajingzhao/Desktop/UCLA/projects/neureality/gimbal_ws/install/tutorial_interfaces/include/tutorial_interfaces/tutorial_interfaces/msg
-- Up-to-date: /Users/huajingzhao/Desktop/UCLA/projects/neureality/gimbal_ws/install/tutorial_interfaces/include/tutorial_interfaces/tutorial_interfaces/msg/detail
-- Installing: /Users/huajingzhao/Desktop/UCLA/projects/neureality/gimbal_ws/install/tutorial_interfaces/include/tutorial_interfaces/tutorial_interfaces/msg/detail/gimbal__rosidl_typesupport_introspection_c.h
-- Installing: /Users/huajingzhao/Desktop/UCLA/projects/neureality/gimbal_ws/install/tutorial_interfaces/include/tutorial_interfaces/tutorial_interfaces/msg/detail/gimbal__type_support.c
-- Installing: /Users/huajingzhao/Desktop/UCLA/projects/neureality/gimbal_ws/install/tutorial_interfaces/include/tutorial_interfaces/tutorial_interfaces/msg/rosidl_typesupport_introspection_c__visibility_control.h
-- Installing: /Users/huajingzhao/Desktop/UCLA/projects/neureality/gimbal_ws/install/tutorial_interfaces/lib/libtutorial_interfaces__rosidl_typesupport_introspection_c.dylib
-- Installing: /Users/huajingzhao/Desktop/UCLA/projects/neureality/gimbal_ws/install/tutorial_interfaces/lib/libtutorial_interfaces__rosidl_typesupport_c.dylib
-- Up-to-date: /Users/huajingzhao/Desktop/UCLA/projects/neureality/gimbal_ws/install/tutorial_interfaces/include/tutorial_interfaces/tutorial_interfaces
-- Up-to-date: /Users/huajingzhao/Desktop/UCLA/projects/neureality/gimbal_ws/install/tutorial_interfaces/include/tutorial_interfaces/tutorial_interfaces/msg
-- Up-to-date: /Users/huajingzhao/Desktop/UCLA/projects/neureality/gimbal_ws/install/tutorial_interfaces/include/tutorial_interfaces/tutorial_interfaces/msg/detail
-- Installing: /Users/huajingzhao/Desktop/UCLA/projects/neureality/gimbal_ws/install/tutorial_interfaces/include/tutorial_interfaces/tutorial_interfaces/msg/detail/gimbal__traits.hpp
-- Installing: /Users/huajingzhao/Desktop/UCLA/projects/neureality/gimbal_ws/install/tutorial_interfaces/include/tutorial_interfaces/tutorial_interfaces/msg/detail/gimbal__struct.hpp
-- Installing: /Users/huajingzhao/Desktop/UCLA/projects/neureality/gimbal_ws/install/tutorial_interfaces/include/tutorial_interfaces/tutorial_interfaces/msg/detail/gimbal__builder.hpp
-- Installing: /Users/huajingzhao/Desktop/UCLA/projects/neureality/gimbal_ws/install/tutorial_interfaces/include/tutorial_interfaces/tutorial_interfaces/msg/gimbal.hpp
-- Up-to-date: /Users/huajingzhao/Desktop/UCLA/projects/neureality/gimbal_ws/install/tutorial_interfaces/include/tutorial_interfaces/tutorial_interfaces
-- Up-to-date: /Users/huajingzhao/Desktop/UCLA/projects/neureality/gimbal_ws/install/tutorial_interfaces/include/tutorial_interfaces/tutorial_interfaces/msg
-- Installing: /Users/huajingzhao/Desktop/UCLA/projects/neureality/gimbal_ws/install/tutorial_interfaces/include/tutorial_interfaces/tutorial_interfaces/msg/rosidl_typesupport_fastrtps_cpp__visibility_control.h
-- Up-to-date: /Users/huajingzhao/Desktop/UCLA/projects/neureality/gimbal_ws/install/tutorial_interfaces/include/tutorial_interfaces/tutorial_interfaces/msg/detail
-- Installing: /Users/huajingzhao/Desktop/UCLA/projects/neureality/gimbal_ws/install/tutorial_interfaces/include/tutorial_interfaces/tutorial_interfaces/msg/detail/gimbal__rosidl_typesupport_fastrtps_cpp.hpp
-- Installing: /Users/huajingzhao/Desktop/UCLA/projects/neureality/gimbal_ws/install/tutorial_interfaces/include/tutorial_interfaces/tutorial_interfaces/msg/detail/dds_fastrtps
-- Installing: /Users/huajingzhao/Desktop/UCLA/projects/neureality/gimbal_ws/install/tutorial_interfaces/lib/libtutorial_interfaces__rosidl_typesupport_fastrtps_cpp.dylib
-- Up-to-date: /Users/huajingzhao/Desktop/UCLA/projects/neureality/gimbal_ws/install/tutorial_interfaces/include/tutorial_interfaces/tutorial_interfaces
-- Up-to-date: /Users/huajingzhao/Desktop/UCLA/projects/neureality/gimbal_ws/install/tutorial_interfaces/include/tutorial_interfaces/tutorial_interfaces/msg
-- Up-to-date: /Users/huajingzhao/Desktop/UCLA/projects/neureality/gimbal_ws/install/tutorial_interfaces/include/tutorial_interfaces/tutorial_interfaces/msg/detail
-- Installing: /Users/huajingzhao/Desktop/UCLA/projects/neureality/gimbal_ws/install/tutorial_interfaces/include/tutorial_interfaces/tutorial_interfaces/msg/detail/gimbal__type_support.cpp
-- Installing: /Users/huajingzhao/Desktop/UCLA/projects/neureality/gimbal_ws/install/tutorial_interfaces/include/tutorial_interfaces/tutorial_interfaces/msg/detail/gimbal__rosidl_typesupport_introspection_cpp.hpp
-- Installing: /Users/huajingzhao/Desktop/UCLA/projects/neureality/gimbal_ws/install/tutorial_interfaces/lib/libtutorial_interfaces__rosidl_typesupport_introspection_cpp.dylib
-- Installing: /Users/huajingzhao/Desktop/UCLA/projects/neureality/gimbal_ws/install/tutorial_interfaces/lib/libtutorial_interfaces__rosidl_typesupport_cpp.dylib
-- Installing: /Users/huajingzhao/Desktop/UCLA/projects/neureality/gimbal_ws/install/tutorial_interfaces/share/tutorial_interfaces/environment/pythonpath.sh
-- Installing: /Users/huajingzhao/Desktop/UCLA/projects/neureality/gimbal_ws/install/tutorial_interfaces/share/tutorial_interfaces/environment/pythonpath.dsv
-- Up-to-date: /Users/huajingzhao/Desktop/UCLA/projects/neureality/gimbal_ws/install/tutorial_interfaces/../../../../../../../../../opt/homebrew/lib/python3.12/site-packages/tutorial_interfaces-0.0.0-py3.12.egg-info
-- Installing: /Users/huajingzhao/Desktop/UCLA/projects/neureality/gimbal_ws/install/tutorial_interfaces/../../../../../../../../../opt/homebrew/lib/python3.12/site-packages/tutorial_interfaces-0.0.0-py3.12.egg-info/PKG-INFO
-- Installing: /Users/huajingzhao/Desktop/UCLA/projects/neureality/gimbal_ws/install/tutorial_interfaces/../../../../../../../../../opt/homebrew/lib/python3.12/site-packages/tutorial_interfaces-0.0.0-py3.12.egg-info/SOURCES.txt
-- Installing: /Users/huajingzhao/Desktop/UCLA/projects/neureality/gimbal_ws/install/tutorial_interfaces/../../../../../../../../../opt/homebrew/lib/python3.12/site-packages/tutorial_interfaces-0.0.0-py3.12.egg-info/top_level.txt
-- Installing: /Users/huajingzhao/Desktop/UCLA/projects/neureality/gimbal_ws/install/tutorial_interfaces/../../../../../../../../../opt/homebrew/lib/python3.12/site-packages/tutorial_interfaces-0.0.0-py3.12.egg-info/dependency_links.txt
-- Up-to-date: /Users/huajingzhao/Desktop/UCLA/projects/neureality/gimbal_ws/install/tutorial_interfaces/../../../../../../../../../opt/homebrew/lib/python3.12/site-packages/tutorial_interfaces
-- Up-to-date: /Users/huajingzhao/Desktop/UCLA/projects/neureality/gimbal_ws/install/tutorial_interfaces/../../../../../../../../../opt/homebrew/lib/python3.12/site-packages/tutorial_interfaces/msg
-- Installing: /Users/huajingzhao/Desktop/UCLA/projects/neureality/gimbal_ws/install/tutorial_interfaces/../../../../../../../../../opt/homebrew/lib/python3.12/site-packages/tutorial_interfaces/msg/_gimbal.py
-- Installing: /Users/huajingzhao/Desktop/UCLA/projects/neureality/gimbal_ws/install/tutorial_interfaces/../../../../../../../../../opt/homebrew/lib/python3.12/site-packages/tutorial_interfaces/msg/__init__.py
-- Installing: /Users/huajingzhao/Desktop/UCLA/projects/neureality/gimbal_ws/install/tutorial_interfaces/../../../../../../../../../opt/homebrew/lib/python3.12/site-packages/tutorial_interfaces/msg/_gimbal_s.c
-- Installing: /Users/huajingzhao/Desktop/UCLA/projects/neureality/gimbal_ws/install/tutorial_interfaces/../../../../../../../../../opt/homebrew/lib/python3.12/site-packages/tutorial_interfaces/__init__.py
-- Installing: /Users/huajingzhao/Desktop/UCLA/projects/neureality/gimbal_ws/install/tutorial_interfaces/../../../../../../../../../opt/homebrew/lib/python3.12/site-packages/tutorial_interfaces/tutorial_interfaces_s__rosidl_typesupport_fastrtps_c.cpython-310-darwin.so
-- Installing: /Users/huajingzhao/Desktop/UCLA/projects/neureality/gimbal_ws/install/tutorial_interfaces/../../../../../../../../../opt/homebrew/lib/python3.12/site-packages/tutorial_interfaces/tutorial_interfaces_s__rosidl_typesupport_c.cpython-310-darwin.so
-- Installing: /Users/huajingzhao/Desktop/UCLA/projects/neureality/gimbal_ws/install/tutorial_interfaces/../../../../../../../../../opt/homebrew/lib/python3.12/site-packages/tutorial_interfaces/_tutorial_interfaces_s.ep.rosidl_typesupport_c.c
-- Installing: /Users/huajingzhao/Desktop/UCLA/projects/neureality/gimbal_ws/install/tutorial_interfaces/../../../../../../../../../opt/homebrew/lib/python3.12/site-packages/tutorial_interfaces/tutorial_interfaces_s__rosidl_typesupport_introspection_c.cpython-310-darwin.so
-- Installing: /Users/huajingzhao/Desktop/UCLA/projects/neureality/gimbal_ws/install/tutorial_interfaces/../../../../../../../../../opt/homebrew/lib/python3.12/site-packages/tutorial_interfaces/_tutorial_interfaces_s.ep.rosidl_typesupport_fastrtps_c.c
-- Installing: /Users/huajingzhao/Desktop/UCLA/projects/neureality/gimbal_ws/install/tutorial_interfaces/../../../../../../../../../opt/homebrew/lib/python3.12/site-packages/tutorial_interfaces/_tutorial_interfaces_s.ep.rosidl_typesupport_introspection_c.c
-- Installing: /Users/huajingzhao/Desktop/UCLA/projects/neureality/gimbal_ws/install/tutorial_interfaces/../../../../../../../../../opt/homebrew/lib/python3.12/site-packages/tutorial_interfaces/libtutorial_interfaces__rosidl_generator_py.dylib
Listing '/Users/huajingzhao/Desktop/UCLA/projects/neureality/gimbal_ws/install/tutorial_interfaces/../../../../../../../../../opt/homebrew/lib/python3.12/site-packages/tutorial_interfaces'...
Compiling '/Users/huajingzhao/Desktop/UCLA/projects/neureality/gimbal_ws/install/tutorial_interfaces/../../../../../../../../../opt/homebrew/lib/python3.12/site-packages/tutorial_interfaces/__init__.py'...
Listing '/Users/huajingzhao/Desktop/UCLA/projects/neureality/gimbal_ws/install/tutorial_interfaces/../../../../../../../../../opt/homebrew/lib/python3.12/site-packages/tutorial_interfaces/msg'...
Compiling '/Users/huajingzhao/Desktop/UCLA/projects/neureality/gimbal_ws/install/tutorial_interfaces/../../../../../../../../../opt/homebrew/lib/python3.12/site-packages/tutorial_interfaces/msg/__init__.py'...
Compiling '/Users/huajingzhao/Desktop/UCLA/projects/neureality/gimbal_ws/install/tutorial_interfaces/../../../../../../../../../opt/homebrew/lib/python3.12/site-packages/tutorial_interfaces/msg/_gimbal.py'...
Listing '/Users/huajingzhao/Desktop/UCLA/projects/neureality/gimbal_ws/install/tutorial_interfaces/../../../../../../../../../opt/homebrew/lib/python3.12/site-packages/tutorial_interfaces/srv'...
-- Up-to-date: /Users/huajingzhao/Desktop/UCLA/projects/neureality/gimbal_ws/install/tutorial_interfaces/../../../../../../../../../opt/homebrew/lib/python3.12/site-packages/tutorial_interfaces/tutorial_interfaces_s__rosidl_typesupport_fastrtps_c.cpython-310-darwin.so
-- Up-to-date: /Users/huajingzhao/Desktop/UCLA/projects/neureality/gimbal_ws/install/tutorial_interfaces/../../../../../../../../../opt/homebrew/lib/python3.12/site-packages/tutorial_interfaces/tutorial_interfaces_s__rosidl_typesupport_introspection_c.cpython-310-darwin.so
-- Up-to-date: /Users/huajingzhao/Desktop/UCLA/projects/neureality/gimbal_ws/install/tutorial_interfaces/../../../../../../../../../opt/homebrew/lib/python3.12/site-packages/tutorial_interfaces/tutorial_interfaces_s__rosidl_typesupport_c.cpython-310-darwin.so
-- Installing: /Users/huajingzhao/Desktop/UCLA/projects/neureality/gimbal_ws/install/tutorial_interfaces/lib/libtutorial_interfaces__rosidl_generator_py.dylib
-- Installing: /Users/huajingzhao/Desktop/UCLA/projects/neureality/gimbal_ws/install/tutorial_interfaces/share/tutorial_interfaces/msg/Gimbal.idl
-- Installing: /Users/huajingzhao/Desktop/UCLA/projects/neureality/gimbal_ws/install/tutorial_interfaces/share/tutorial_interfaces/msg/Gimbal.msg
-- Installing: /Users/huajingzhao/Desktop/UCLA/projects/neureality/gimbal_ws/install/tutorial_interfaces/share/ament_index/resource_index/package_run_dependencies/tutorial_interfaces
-- Installing: /Users/huajingzhao/Desktop/UCLA/projects/neureality/gimbal_ws/install/tutorial_interfaces/share/ament_index/resource_index/parent_prefix_path/tutorial_interfaces
-- Installing: /Users/huajingzhao/Desktop/UCLA/projects/neureality/gimbal_ws/install/tutorial_interfaces/share/tutorial_interfaces/environment/ament_prefix_path.sh
-- Installing: /Users/huajingzhao/Desktop/UCLA/projects/neureality/gimbal_ws/install/tutorial_interfaces/share/tutorial_interfaces/environment/ament_prefix_path.dsv
-- Installing: /Users/huajingzhao/Desktop/UCLA/projects/neureality/gimbal_ws/install/tutorial_interfaces/share/tutorial_interfaces/environment/path.sh
-- Installing: /Users/huajingzhao/Desktop/UCLA/projects/neureality/gimbal_ws/install/tutorial_interfaces/share/tutorial_interfaces/environment/path.dsv
-- Installing: /Users/huajingzhao/Desktop/UCLA/projects/neureality/gimbal_ws/install/tutorial_interfaces/share/tutorial_interfaces/local_setup.bash
-- Installing: /Users/huajingzhao/Desktop/UCLA/projects/neureality/gimbal_ws/install/tutorial_interfaces/share/tutorial_interfaces/local_setup.sh
-- Installing: /Users/huajingzhao/Desktop/UCLA/projects/neureality/gimbal_ws/install/tutorial_interfaces/share/tutorial_interfaces/local_setup.zsh
-- Installing: /Users/huajingzhao/Desktop/UCLA/projects/neureality/gimbal_ws/install/tutorial_interfaces/share/tutorial_interfaces/local_setup.dsv
-- Installing: /Users/huajingzhao/Desktop/UCLA/projects/neureality/gimbal_ws/install/tutorial_interfaces/share/tutorial_interfaces/package.dsv
-- Installing: /Users/huajingzhao/Desktop/UCLA/projects/neureality/gimbal_ws/install/tutorial_interfaces/share/ament_index/resource_index/packages/tutorial_interfaces
-- Installing: /Users/huajingzhao/Desktop/UCLA/projects/neureality/gimbal_ws/install/tutorial_interfaces/share/tutorial_interfaces/cmake/export_tutorial_interfaces__rosidl_generator_cExport.cmake
-- Installing: /Users/huajingzhao/Desktop/UCLA/projects/neureality/gimbal_ws/install/tutorial_interfaces/share/tutorial_interfaces/cmake/export_tutorial_interfaces__rosidl_generator_cExport-noconfig.cmake
-- Installing: /Users/huajingzhao/Desktop/UCLA/projects/neureality/gimbal_ws/install/tutorial_interfaces/share/tutorial_interfaces/cmake/export_tutorial_interfaces__rosidl_typesupport_fastrtps_cExport.cmake
-- Installing: /Users/huajingzhao/Desktop/UCLA/projects/neureality/gimbal_ws/install/tutorial_interfaces/share/tutorial_interfaces/cmake/export_tutorial_interfaces__rosidl_typesupport_fastrtps_cExport-noconfig.cmake
-- Installing: /Users/huajingzhao/Desktop/UCLA/projects/neureality/gimbal_ws/install/tutorial_interfaces/share/tutorial_interfaces/cmake/tutorial_interfaces__rosidl_typesupport_introspection_cExport.cmake
-- Installing: /Users/huajingzhao/Desktop/UCLA/projects/neureality/gimbal_ws/install/tutorial_interfaces/share/tutorial_interfaces/cmake/tutorial_interfaces__rosidl_typesupport_introspection_cExport-noconfig.cmake
-- Installing: /Users/huajingzhao/Desktop/UCLA/projects/neureality/gimbal_ws/install/tutorial_interfaces/share/tutorial_interfaces/cmake/tutorial_interfaces__rosidl_typesupport_cExport.cmake
-- Installing: /Users/huajingzhao/Desktop/UCLA/projects/neureality/gimbal_ws/install/tutorial_interfaces/share/tutorial_interfaces/cmake/tutorial_interfaces__rosidl_typesupport_cExport-noconfig.cmake
-- Installing: /Users/huajingzhao/Desktop/UCLA/projects/neureality/gimbal_ws/install/tutorial_interfaces/share/tutorial_interfaces/cmake/export_tutorial_interfaces__rosidl_generator_cppExport.cmake
-- Installing: /Users/huajingzhao/Desktop/UCLA/projects/neureality/gimbal_ws/install/tutorial_interfaces/share/tutorial_interfaces/cmake/export_tutorial_interfaces__rosidl_typesupport_fastrtps_cppExport.cmake
-- Installing: /Users/huajingzhao/Desktop/UCLA/projects/neureality/gimbal_ws/install/tutorial_interfaces/share/tutorial_interfaces/cmake/export_tutorial_interfaces__rosidl_typesupport_fastrtps_cppExport-noconfig.cmake
-- Installing: /Users/huajingzhao/Desktop/UCLA/projects/neureality/gimbal_ws/install/tutorial_interfaces/share/tutorial_interfaces/cmake/tutorial_interfaces__rosidl_typesupport_introspection_cppExport.cmake
-- Installing: /Users/huajingzhao/Desktop/UCLA/projects/neureality/gimbal_ws/install/tutorial_interfaces/share/tutorial_interfaces/cmake/tutorial_interfaces__rosidl_typesupport_introspection_cppExport-noconfig.cmake
-- Installing: /Users/huajingzhao/Desktop/UCLA/projects/neureality/gimbal_ws/install/tutorial_interfaces/share/tutorial_interfaces/cmake/tutorial_interfaces__rosidl_typesupport_cppExport.cmake
-- Installing: /Users/huajingzhao/Desktop/UCLA/projects/neureality/gimbal_ws/install/tutorial_interfaces/share/tutorial_interfaces/cmake/tutorial_interfaces__rosidl_typesupport_cppExport-noconfig.cmake
-- Installing: /Users/huajingzhao/Desktop/UCLA/projects/neureality/gimbal_ws/install/tutorial_interfaces/share/tutorial_interfaces/cmake/export_tutorial_interfaces__rosidl_generator_pyExport.cmake
-- Installing: /Users/huajingzhao/Desktop/UCLA/projects/neureality/gimbal_ws/install/tutorial_interfaces/share/tutorial_interfaces/cmake/export_tutorial_interfaces__rosidl_generator_pyExport-noconfig.cmake
-- Installing: /Users/huajingzhao/Desktop/UCLA/projects/neureality/gimbal_ws/install/tutorial_interfaces/share/tutorial_interfaces/cmake/rosidl_cmake-extras.cmake
-- Installing: /Users/huajingzhao/Desktop/UCLA/projects/neureality/gimbal_ws/install/tutorial_interfaces/share/tutorial_interfaces/cmake/ament_cmake_export_include_directories-extras.cmake
-- Installing: /Users/huajingzhao/Desktop/UCLA/projects/neureality/gimbal_ws/install/tutorial_interfaces/share/tutorial_interfaces/cmake/ament_cmake_export_libraries-extras.cmake
-- Installing: /Users/huajingzhao/Desktop/UCLA/projects/neureality/gimbal_ws/install/tutorial_interfaces/share/tutorial_interfaces/cmake/ament_cmake_export_targets-extras.cmake
-- Installing: /Users/huajingzhao/Desktop/UCLA/projects/neureality/gimbal_ws/install/tutorial_interfaces/share/tutorial_interfaces/cmake/rosidl_cmake_export_typesupport_targets-extras.cmake
-- Installing: /Users/huajingzhao/Desktop/UCLA/projects/neureality/gimbal_ws/install/tutorial_interfaces/share/tutorial_interfaces/cmake/ament_cmake_export_dependencies-extras.cmake
-- Installing: /Users/huajingzhao/Desktop/UCLA/projects/neureality/gimbal_ws/install/tutorial_interfaces/share/tutorial_interfaces/cmake/rosidl_cmake_export_typesupport_libraries-extras.cmake
-- Installing: /Users/huajingzhao/Desktop/UCLA/projects/neureality/gimbal_ws/install/tutorial_interfaces/share/tutorial_interfaces/cmake/tutorial_interfacesConfig.cmake
-- Installing: /Users/huajingzhao/Desktop/UCLA/projects/neureality/gimbal_ws/install/tutorial_interfaces/share/tutorial_interfaces/cmake/tutorial_interfacesConfig-version.cmake
-- Installing: /Users/huajingzhao/Desktop/UCLA/projects/neureality/gimbal_ws/install/tutorial_interfaces/share/tutorial_interfaces/package.xml
