[0.292s] Invoking command in '/Users/huajingzhao/Desktop/UCLA/projects/neureality/gimbal_ws/build/tutorial_interfaces': CMAKE_PREFIX_PATH=${CMAKE_PREFIX_PATH}:/Users/huajingzhao/ros2_ws/install/turtle_tf2_py:/Users/huajingzhao/ros2_ws/install/python_parameters:/Users/huajingzhao/ros2_ws/install/python_parameter_event_handler:/Users/huajingzhao/ros2_ws/install/py_srvcli:/Users/huajingzhao/ros2_ws/install/py_pubsub:/Users/huajingzhao/ros2_ws/install/py_launch_example:/Users/huajingzhao/ros2_ws/install/my_package:/Users/huajingzhao/ros2_ws/install/learning_tf2_py:/Users/huajingzhao/ros2_ws/install/launch_tutorial:/Users/huajingzhao/ros2_ws/install/launch_testing_examples:/Users/huajingzhao/ros2_ws/install/examples_rclpy_pointcloud_publisher:/Users/huajingzhao/ros2_ws/install/examples_rclpy_minimal_subscriber:/Users/huajingzhao/ros2_ws/install/examples_rclpy_minimal_service:/Users/huajingzhao/ros2_ws/install/examples_rclpy_minimal_publisher:/Users/huajingzhao/ros2_ws/install/examples_rclpy_minimal_client:/Users/huajingzhao/ros2_ws/install/examples_rclpy_minimal_action_server:/Users/huajingzhao/ros2_ws/install/examples_rclpy_minimal_action_client:/Users/huajingzhao/ros2_ws/install/examples_rclpy_guard_conditions:/Users/huajingzhao/ros2_ws/install/examples_rclpy_executors:/Users/huajingzhao/Desktop/UCLA/projects/ros2_ws/install/launch_testing_examples:/Users/huajingzhao/Desktop/UCLA/projects/ros2_ws/install/gimbal_control:/Users/huajingzhao/Desktop/UCLA/projects/ros2_ws/install/examples_rclpy_pointcloud_publisher:/Users/huajingzhao/Desktop/UCLA/projects/ros2_ws/install/examples_rclpy_minimal_subscriber:/Users/huajingzhao/Desktop/UCLA/projects/ros2_ws/install/examples_rclpy_minimal_service:/Users/huajingzhao/Desktop/UCLA/projects/ros2_ws/install/examples_rclpy_minimal_publisher:/Users/huajingzhao/Desktop/UCLA/projects/ros2_ws/install/examples_rclpy_minimal_client:/Users/huajingzhao/Desktop/UCLA/projects/ros2_ws/install/examples_rclpy_minimal_action_server:/Users/huajingzhao/Desktop/UCLA/projects/ros2_ws/install/examples_rclpy_minimal_action_client:/Users/huajingzhao/Desktop/UCLA/projects/ros2_ws/install/examples_rclpy_guard_conditions:/Users/huajingzhao/Desktop/UCLA/projects/ros2_ws/install/examples_rclpy_executors SHLVL=2 VIRTUAL_ENV_PROMPT=(venv) _=/usr/bin/env /opt/homebrew/bin/cmake /Users/huajingzhao/Desktop/UCLA/projects/neureality/gimbal_ws/src/gimbal_interface -DCMAKE_INSTALL_PREFIX=/Users/huajingzhao/Desktop/UCLA/projects/neureality/gimbal_ws/install/tutorial_interfaces
[0.737s] -- The C compiler identification is GNU 13.2.0
[1.041s] -- The CXX compiler identification is Clang 17.0.6
[1.073s] -- Checking whether C compiler has -isysroot
[1.153s] -- Checking whether C compiler has -isysroot - yes
[1.153s] -- Checking whether C compiler supports OSX deployment target flag
[1.171s] -- Checking whether C compiler supports OSX deployment target flag - yes
[1.173s] -- Detecting C compiler ABI info
[1.429s] -- Detecting C compiler ABI info - done
[1.436s] -- Check for working C compiler: /opt/homebrew/Cellar/gcc/13.2.0/bin/gcc-13 - skipped
[1.436s] -- Detecting C compile features
[1.436s] -- Detecting C compile features - done
[1.466s] -- Detecting CXX compiler ABI info
[1.601s] -- Detecting CXX compiler ABI info - done
[1.604s] -- Check for working CXX compiler: /opt/homebrew/opt/llvm/bin/clang++ - skipped
[1.605s] -- Detecting CXX compile features
[1.605s] -- Detecting CXX compile features - done
[1.637s] -- Found ament_cmake: 1.3.7 (/Users/huajingzhao/ros2/humble/install/share/ament_cmake/cmake)
[2.362s] -- Found Python3: /opt/homebrew/Frameworks/Python.framework/Versions/3.12/bin/python3.12 (found version "3.12.1") found components: Interpreter 
[2.652s] -- Found ament_lint_auto: 0.12.10 (/Users/huajingzhao/ros2/humble/install/share/ament_lint_auto/cmake)
[2.882s] -- Found rosidl_default_generators: 1.2.0 (/Users/huajingzhao/ros2/humble/install/share/rosidl_default_generators/cmake)
[2.911s] -- Using all available rosidl_typesupport_c: rosidl_typesupport_fastrtps_c;rosidl_typesupport_introspection_c
[2.947s] -- Found rosidl_adapter: 3.1.5 (/Users/huajingzhao/ros2/humble/install/share/rosidl_adapter/cmake)
[3.075s] -- Using all available rosidl_typesupport_cpp: rosidl_typesupport_fastrtps_cpp;rosidl_typesupport_introspection_cpp
[3.611s] -- Found ament_cmake_ros: 0.10.0 (/Users/huajingzhao/ros2/humble/install/share/ament_cmake_ros/cmake)
[4.183s] -- Using all available rosidl_typesupport_c: rosidl_typesupport_fastrtps_c;rosidl_typesupport_introspection_c
[4.877s] -- Using all available rosidl_typesupport_cpp: rosidl_typesupport_fastrtps_cpp;rosidl_typesupport_introspection_cpp
[4.879s] CMake Warning (dev) at /Users/huajingzhao/ros2/humble/install/share/rosidl_generator_py/cmake/rosidl_generator_py_generate_interfaces.cmake:20 (find_package):
[4.879s]   Policy CMP0148 is not set: The FindPythonInterp and FindPythonLibs modules
[4.879s]   are removed.  Run "cmake --help-policy CMP0148" for policy details.  Use
[4.879s]   the cmake_policy command to set the policy and suppress this warning.
[4.879s] 
[4.879s] Call Stack (most recent call first):
[4.879s]   /Users/huajingzhao/ros2/humble/install/share/ament_cmake_core/cmake/core/ament_execute_extensions.cmake:48 (include)
[4.879s]   /Users/huajingzhao/ros2/humble/install/share/rosidl_cmake/cmake/rosidl_generate_interfaces.cmake:286 (ament_execute_extensions)
[4.879s]   CMakeLists.txt:23 (rosidl_generate_interfaces)
[4.879s] This warning is for project developers.  Use -Wno-dev to suppress it.
[4.879s] 
[4.907s] -- Found PythonInterp: /Users/huajingzhao/ros2/venv/bin/python3 (found suitable version "3.10.13", minimum required is "3.6") 
[4.919s] -- Found python_cmake_module: 0.10.0 (/Users/huajingzhao/ros2/humble/install/share/python_cmake_module/cmake)
[4.921s] CMake Warning (dev) at /Users/huajingzhao/ros2/humble/install/share/python_cmake_module/cmake/Modules/FindPythonExtra.cmake:52 (find_package):
[4.921s]   Policy CMP0148 is not set: The FindPythonInterp and FindPythonLibs modules
[4.921s]   are removed.  Run "cmake --help-policy CMP0148" for policy details.  Use
[4.921s]   the cmake_policy command to set the policy and suppress this warning.
[4.921s] 
[4.921s] Call Stack (most recent call first):
[4.921s]   /Users/huajingzhao/ros2/humble/install/share/rosidl_generator_py/cmake/rosidl_generator_py_generate_interfaces.cmake:23 (find_package)
[4.921s]   /Users/huajingzhao/ros2/humble/install/share/ament_cmake_core/cmake/core/ament_execute_extensions.cmake:48 (include)
[4.921s]   /Users/huajingzhao/ros2/humble/install/share/rosidl_cmake/cmake/rosidl_generate_interfaces.cmake:286 (ament_execute_extensions)
[4.921s]   CMakeLists.txt:23 (rosidl_generate_interfaces)
[4.921s] This warning is for project developers.  Use -Wno-dev to suppress it.
[4.921s] 
[4.991s] -- Using PythonExtra_INCLUDE_DIRS: /private/var/tmp/_bazel_huajingzhao/b77606ca01d4f69ab99f0d47ac8c3cd9/execroot/_main/bazel-out/darwin_arm64-fastbuild/bin/ros2_venv.runfiles/rules_python~0.29.0~python~python_3_10_aarch64-apple-darwin/include/python3.10;/private/var/tmp/_bazel_huajingzhao/b77606ca01d4f69ab99f0d47ac8c3cd9/execroot/_main/bazel-out/darwin_arm64-fastbuild/bin/ros2_venv.runfiles/rules_python~0.29.0~python~python_3_10_aarch64-apple-darwin/include/python3.10
[5.052s] -- Using PythonExtra_LIBRARIES: /Users/huajingzhao/ros2/humble/install/lib/libpython3.10.dylib
[5.089s] -- Found PythonExtra: .so  
[6.115s] -- Using numpy include directory: /Users/huajingzhao/ros2/venv/lib/python3.10/site-packages/numpy/core/include
[6.142s] -- Added test 'lint_cmake' to check CMake code style
[6.145s] -- Added test 'xmllint' to check XML markup files
[6.155s] -- Configuring done (5.9s)
[6.207s] -- Generating done (0.0s)
[6.213s] -- Build files have been written to: /Users/huajingzhao/Desktop/UCLA/projects/neureality/gimbal_ws/build/tutorial_interfaces
[6.217s] Invoked command in '/Users/huajingzhao/Desktop/UCLA/projects/neureality/gimbal_ws/build/tutorial_interfaces' returned '0': CMAKE_PREFIX_PATH=${CMAKE_PREFIX_PATH}:/Users/huajingzhao/ros2_ws/install/turtle_tf2_py:/Users/huajingzhao/ros2_ws/install/python_parameters:/Users/huajingzhao/ros2_ws/install/python_parameter_event_handler:/Users/huajingzhao/ros2_ws/install/py_srvcli:/Users/huajingzhao/ros2_ws/install/py_pubsub:/Users/huajingzhao/ros2_ws/install/py_launch_example:/Users/huajingzhao/ros2_ws/install/my_package:/Users/huajingzhao/ros2_ws/install/learning_tf2_py:/Users/huajingzhao/ros2_ws/install/launch_tutorial:/Users/huajingzhao/ros2_ws/install/launch_testing_examples:/Users/huajingzhao/ros2_ws/install/examples_rclpy_pointcloud_publisher:/Users/huajingzhao/ros2_ws/install/examples_rclpy_minimal_subscriber:/Users/huajingzhao/ros2_ws/install/examples_rclpy_minimal_service:/Users/huajingzhao/ros2_ws/install/examples_rclpy_minimal_publisher:/Users/huajingzhao/ros2_ws/install/examples_rclpy_minimal_client:/Users/huajingzhao/ros2_ws/install/examples_rclpy_minimal_action_server:/Users/huajingzhao/ros2_ws/install/examples_rclpy_minimal_action_client:/Users/huajingzhao/ros2_ws/install/examples_rclpy_guard_conditions:/Users/huajingzhao/ros2_ws/install/examples_rclpy_executors:/Users/huajingzhao/Desktop/UCLA/projects/ros2_ws/install/launch_testing_examples:/Users/huajingzhao/Desktop/UCLA/projects/ros2_ws/install/gimbal_control:/Users/huajingzhao/Desktop/UCLA/projects/ros2_ws/install/examples_rclpy_pointcloud_publisher:/Users/huajingzhao/Desktop/UCLA/projects/ros2_ws/install/examples_rclpy_minimal_subscriber:/Users/huajingzhao/Desktop/UCLA/projects/ros2_ws/install/examples_rclpy_minimal_service:/Users/huajingzhao/Desktop/UCLA/projects/ros2_ws/install/examples_rclpy_minimal_publisher:/Users/huajingzhao/Desktop/UCLA/projects/ros2_ws/install/examples_rclpy_minimal_client:/Users/huajingzhao/Desktop/UCLA/projects/ros2_ws/install/examples_rclpy_minimal_action_server:/Users/huajingzhao/Desktop/UCLA/projects/ros2_ws/install/examples_rclpy_minimal_action_client:/Users/huajingzhao/Desktop/UCLA/projects/ros2_ws/install/examples_rclpy_guard_conditions:/Users/huajingzhao/Desktop/UCLA/projects/ros2_ws/install/examples_rclpy_executors SHLVL=2 VIRTUAL_ENV_PROMPT=(venv) _=/usr/bin/env /opt/homebrew/bin/cmake /Users/huajingzhao/Desktop/UCLA/projects/neureality/gimbal_ws/src/gimbal_interface -DCMAKE_INSTALL_PREFIX=/Users/huajingzhao/Desktop/UCLA/projects/neureality/gimbal_ws/install/tutorial_interfaces
[6.218s] Invoking command in '/Users/huajingzhao/Desktop/UCLA/projects/neureality/gimbal_ws/build/tutorial_interfaces': CMAKE_PREFIX_PATH=${CMAKE_PREFIX_PATH}:/Users/huajingzhao/ros2_ws/install/turtle_tf2_py:/Users/huajingzhao/ros2_ws/install/python_parameters:/Users/huajingzhao/ros2_ws/install/python_parameter_event_handler:/Users/huajingzhao/ros2_ws/install/py_srvcli:/Users/huajingzhao/ros2_ws/install/py_pubsub:/Users/huajingzhao/ros2_ws/install/py_launch_example:/Users/huajingzhao/ros2_ws/install/my_package:/Users/huajingzhao/ros2_ws/install/learning_tf2_py:/Users/huajingzhao/ros2_ws/install/launch_tutorial:/Users/huajingzhao/ros2_ws/install/launch_testing_examples:/Users/huajingzhao/ros2_ws/install/examples_rclpy_pointcloud_publisher:/Users/huajingzhao/ros2_ws/install/examples_rclpy_minimal_subscriber:/Users/huajingzhao/ros2_ws/install/examples_rclpy_minimal_service:/Users/huajingzhao/ros2_ws/install/examples_rclpy_minimal_publisher:/Users/huajingzhao/ros2_ws/install/examples_rclpy_minimal_client:/Users/huajingzhao/ros2_ws/install/examples_rclpy_minimal_action_server:/Users/huajingzhao/ros2_ws/install/examples_rclpy_minimal_action_client:/Users/huajingzhao/ros2_ws/install/examples_rclpy_guard_conditions:/Users/huajingzhao/ros2_ws/install/examples_rclpy_executors:/Users/huajingzhao/Desktop/UCLA/projects/ros2_ws/install/launch_testing_examples:/Users/huajingzhao/Desktop/UCLA/projects/ros2_ws/install/gimbal_control:/Users/huajingzhao/Desktop/UCLA/projects/ros2_ws/install/examples_rclpy_pointcloud_publisher:/Users/huajingzhao/Desktop/UCLA/projects/ros2_ws/install/examples_rclpy_minimal_subscriber:/Users/huajingzhao/Desktop/UCLA/projects/ros2_ws/install/examples_rclpy_minimal_service:/Users/huajingzhao/Desktop/UCLA/projects/ros2_ws/install/examples_rclpy_minimal_publisher:/Users/huajingzhao/Desktop/UCLA/projects/ros2_ws/install/examples_rclpy_minimal_client:/Users/huajingzhao/Desktop/UCLA/projects/ros2_ws/install/examples_rclpy_minimal_action_server:/Users/huajingzhao/Desktop/UCLA/projects/ros2_ws/install/examples_rclpy_minimal_action_client:/Users/huajingzhao/Desktop/UCLA/projects/ros2_ws/install/examples_rclpy_guard_conditions:/Users/huajingzhao/Desktop/UCLA/projects/ros2_ws/install/examples_rclpy_executors SHLVL=2 VIRTUAL_ENV_PROMPT=(venv) _=/usr/bin/env /opt/homebrew/bin/cmake --build /Users/huajingzhao/Desktop/UCLA/projects/neureality/gimbal_ws/build/tutorial_interfaces -- -j10 -l10
[6.256s] [  3%] Generating C code for ROS interfaces
[6.268s] [  6%] Generating C++ code for ROS interfaces
[6.273s] [  6%] Built target ament_cmake_python_copy_tutorial_interfaces
[6.476s] running egg_info
[6.476s] creating tutorial_interfaces.egg-info
[6.479s] [  6%] Built target tutorial_interfaces__cpp
[6.485s] writing tutorial_interfaces.egg-info/PKG-INFO
[6.486s] writing dependency_links to tutorial_interfaces.egg-info/dependency_links.txt
[6.486s] writing top-level names to tutorial_interfaces.egg-info/top_level.txt
[6.486s] writing manifest file 'tutorial_interfaces.egg-info/SOURCES.txt'
[6.495s] [ 16%] Generating C++ type support for eProsima Fast-RTPS
[6.495s] [ 16%] Generating C++ introspection for ROS interfaces
[6.495s] [ 16%] Generating C++ type support dispatch for ROS interfaces
[6.497s] [ 19%] Building C object CMakeFiles/tutorial_interfaces__rosidl_generator_c.dir/rosidl_generator_c/tutorial_interfaces/msg/detail/gimbal__functions.c.o
[6.512s] reading manifest file 'tutorial_interfaces.egg-info/SOURCES.txt'
[6.512s] writing manifest file 'tutorial_interfaces.egg-info/SOURCES.txt'
[6.539s] [ 19%] Built target ament_cmake_python_build_tutorial_interfaces_egg
[6.616s] [ 22%] Linking C shared library libtutorial_interfaces__rosidl_generator_c.dylib
[6.670s] [ 22%] Built target tutorial_interfaces__rosidl_generator_c
[6.688s] [ 25%] Generating C type support for eProsima Fast-RTPS
[6.689s] [ 29%] Generating C type support dispatch for ROS interfaces
[6.689s] [ 32%] Generating C introspection for ROS interfaces
[6.705s] [ 35%] Building CXX object CMakeFiles/tutorial_interfaces__rosidl_typesupport_cpp.dir/rosidl_typesupport_cpp/tutorial_interfaces/msg/gimbal__type_support.cpp.o
[6.722s] [ 41%] Building CXX object CMakeFiles/tutorial_interfaces__rosidl_typesupport_fastrtps_cpp.dir/rosidl_typesupport_fastrtps_cpp/tutorial_interfaces/msg/detail/dds_fastrtps/gimbal__type_support.cpp.o
[6.723s] [ 41%] Building CXX object CMakeFiles/tutorial_interfaces__rosidl_typesupport_introspection_cpp.dir/rosidl_typesupport_introspection_cpp/tutorial_interfaces/msg/detail/gimbal__type_support.cpp.o
[6.902s] [ 45%] Building CXX object CMakeFiles/tutorial_interfaces__rosidl_typesupport_c.dir/rosidl_typesupport_c/tutorial_interfaces/msg/gimbal__type_support.cpp.o
[6.915s] [ 48%] Building C object CMakeFiles/tutorial_interfaces__rosidl_typesupport_introspection_c.dir/rosidl_typesupport_introspection_c/tutorial_interfaces/msg/detail/gimbal__type_support.c.o
[6.915s] [ 51%] Building CXX object CMakeFiles/tutorial_interfaces__rosidl_typesupport_fastrtps_c.dir/rosidl_typesupport_fastrtps_c/tutorial_interfaces/msg/detail/gimbal__type_support_c.cpp.o
[6.946s] [ 54%] Linking CXX shared library libtutorial_interfaces__rosidl_typesupport_c.dylib
[7.002s] [ 58%] Linking C shared library libtutorial_interfaces__rosidl_typesupport_introspection_c.dylib
[7.015s] [ 58%] Built target tutorial_interfaces__rosidl_typesupport_c
[7.059s] [ 58%] Built target tutorial_interfaces__rosidl_typesupport_introspection_c
[7.113s] [ 61%] Linking CXX shared library libtutorial_interfaces__rosidl_typesupport_cpp.dylib
[7.116s] [ 64%] Linking CXX shared library libtutorial_interfaces__rosidl_typesupport_introspection_cpp.dylib
[7.180s] [ 64%] Built target tutorial_interfaces__rosidl_typesupport_introspection_cpp
[7.180s] [ 64%] Built target tutorial_interfaces__rosidl_typesupport_cpp
[7.182s] [ 67%] Linking CXX shared library libtutorial_interfaces__rosidl_typesupport_fastrtps_cpp.dylib
[7.239s] [ 67%] Built target tutorial_interfaces__rosidl_typesupport_fastrtps_cpp
[7.276s] [ 70%] Linking CXX shared library libtutorial_interfaces__rosidl_typesupport_fastrtps_c.dylib
[7.330s] [ 70%] Built target tutorial_interfaces__rosidl_typesupport_fastrtps_c
[7.348s] [ 70%] Built target tutorial_interfaces
[7.365s] [ 74%] Generating Python code for ROS interfaces
[7.573s] [ 74%] Built target tutorial_interfaces__py
[7.591s] [ 77%] Building C object CMakeFiles/tutorial_interfaces__rosidl_generator_py.dir/rosidl_generator_py/tutorial_interfaces/msg/_gimbal_s.c.o
[7.703s] [ 80%] Linking C shared library rosidl_generator_py/tutorial_interfaces/libtutorial_interfaces__rosidl_generator_py.dylib
[7.750s] [ 80%] Built target tutorial_interfaces__rosidl_generator_py
[7.773s] [ 83%] Building C object CMakeFiles/tutorial_interfaces__rosidl_typesupport_introspection_c__pyext.dir/rosidl_generator_py/tutorial_interfaces/_tutorial_interfaces_s.ep.rosidl_typesupport_introspection_c.c.o
[7.774s] [ 90%] Building C object CMakeFiles/tutorial_interfaces__rosidl_typesupport_fastrtps_c__pyext.dir/rosidl_generator_py/tutorial_interfaces/_tutorial_interfaces_s.ep.rosidl_typesupport_fastrtps_c.c.o
[7.774s] [ 90%] Building C object CMakeFiles/tutorial_interfaces__rosidl_typesupport_c__pyext.dir/rosidl_generator_py/tutorial_interfaces/_tutorial_interfaces_s.ep.rosidl_typesupport_c.c.o
[7.879s] [ 96%] Linking C shared library rosidl_generator_py/tutorial_interfaces/tutorial_interfaces_s__rosidl_typesupport_c.cpython-310-darwin.so
[7.879s] [ 96%] Linking C shared library rosidl_generator_py/tutorial_interfaces/tutorial_interfaces_s__rosidl_typesupport_introspection_c.cpython-310-darwin.so
[7.879s] [100%] Linking C shared library rosidl_generator_py/tutorial_interfaces/tutorial_interfaces_s__rosidl_typesupport_fastrtps_c.cpython-310-darwin.so
[7.935s] [100%] Built target tutorial_interfaces__rosidl_typesupport_c__pyext
[7.935s] [100%] Built target tutorial_interfaces__rosidl_typesupport_introspection_c__pyext
[7.935s] [100%] Built target tutorial_interfaces__rosidl_typesupport_fastrtps_c__pyext
[7.941s] Invoked command in '/Users/huajingzhao/Desktop/UCLA/projects/neureality/gimbal_ws/build/tutorial_interfaces' returned '0': CMAKE_PREFIX_PATH=${CMAKE_PREFIX_PATH}:/Users/huajingzhao/ros2_ws/install/turtle_tf2_py:/Users/huajingzhao/ros2_ws/install/python_parameters:/Users/huajingzhao/ros2_ws/install/python_parameter_event_handler:/Users/huajingzhao/ros2_ws/install/py_srvcli:/Users/huajingzhao/ros2_ws/install/py_pubsub:/Users/huajingzhao/ros2_ws/install/py_launch_example:/Users/huajingzhao/ros2_ws/install/my_package:/Users/huajingzhao/ros2_ws/install/learning_tf2_py:/Users/huajingzhao/ros2_ws/install/launch_tutorial:/Users/huajingzhao/ros2_ws/install/launch_testing_examples:/Users/huajingzhao/ros2_ws/install/examples_rclpy_pointcloud_publisher:/Users/huajingzhao/ros2_ws/install/examples_rclpy_minimal_subscriber:/Users/huajingzhao/ros2_ws/install/examples_rclpy_minimal_service:/Users/huajingzhao/ros2_ws/install/examples_rclpy_minimal_publisher:/Users/huajingzhao/ros2_ws/install/examples_rclpy_minimal_client:/Users/huajingzhao/ros2_ws/install/examples_rclpy_minimal_action_server:/Users/huajingzhao/ros2_ws/install/examples_rclpy_minimal_action_client:/Users/huajingzhao/ros2_ws/install/examples_rclpy_guard_conditions:/Users/huajingzhao/ros2_ws/install/examples_rclpy_executors:/Users/huajingzhao/Desktop/UCLA/projects/ros2_ws/install/launch_testing_examples:/Users/huajingzhao/Desktop/UCLA/projects/ros2_ws/install/gimbal_control:/Users/huajingzhao/Desktop/UCLA/projects/ros2_ws/install/examples_rclpy_pointcloud_publisher:/Users/huajingzhao/Desktop/UCLA/projects/ros2_ws/install/examples_rclpy_minimal_subscriber:/Users/huajingzhao/Desktop/UCLA/projects/ros2_ws/install/examples_rclpy_minimal_service:/Users/huajingzhao/Desktop/UCLA/projects/ros2_ws/install/examples_rclpy_minimal_publisher:/Users/huajingzhao/Desktop/UCLA/projects/ros2_ws/install/examples_rclpy_minimal_client:/Users/huajingzhao/Desktop/UCLA/projects/ros2_ws/install/examples_rclpy_minimal_action_server:/Users/huajingzhao/Desktop/UCLA/projects/ros2_ws/install/examples_rclpy_minimal_action_client:/Users/huajingzhao/Desktop/UCLA/projects/ros2_ws/install/examples_rclpy_guard_conditions:/Users/huajingzhao/Desktop/UCLA/projects/ros2_ws/install/examples_rclpy_executors SHLVL=2 VIRTUAL_ENV_PROMPT=(venv) _=/usr/bin/env /opt/homebrew/bin/cmake --build /Users/huajingzhao/Desktop/UCLA/projects/neureality/gimbal_ws/build/tutorial_interfaces -- -j10 -l10
[8.121s] Invoking command in '/Users/huajingzhao/Desktop/UCLA/projects/neureality/gimbal_ws/build/tutorial_interfaces': CMAKE_PREFIX_PATH=${CMAKE_PREFIX_PATH}:/Users/huajingzhao/ros2_ws/install/turtle_tf2_py:/Users/huajingzhao/ros2_ws/install/python_parameters:/Users/huajingzhao/ros2_ws/install/python_parameter_event_handler:/Users/huajingzhao/ros2_ws/install/py_srvcli:/Users/huajingzhao/ros2_ws/install/py_pubsub:/Users/huajingzhao/ros2_ws/install/py_launch_example:/Users/huajingzhao/ros2_ws/install/my_package:/Users/huajingzhao/ros2_ws/install/learning_tf2_py:/Users/huajingzhao/ros2_ws/install/launch_tutorial:/Users/huajingzhao/ros2_ws/install/launch_testing_examples:/Users/huajingzhao/ros2_ws/install/examples_rclpy_pointcloud_publisher:/Users/huajingzhao/ros2_ws/install/examples_rclpy_minimal_subscriber:/Users/huajingzhao/ros2_ws/install/examples_rclpy_minimal_service:/Users/huajingzhao/ros2_ws/install/examples_rclpy_minimal_publisher:/Users/huajingzhao/ros2_ws/install/examples_rclpy_minimal_client:/Users/huajingzhao/ros2_ws/install/examples_rclpy_minimal_action_server:/Users/huajingzhao/ros2_ws/install/examples_rclpy_minimal_action_client:/Users/huajingzhao/ros2_ws/install/examples_rclpy_guard_conditions:/Users/huajingzhao/ros2_ws/install/examples_rclpy_executors:/Users/huajingzhao/Desktop/UCLA/projects/ros2_ws/install/launch_testing_examples:/Users/huajingzhao/Desktop/UCLA/projects/ros2_ws/install/gimbal_control:/Users/huajingzhao/Desktop/UCLA/projects/ros2_ws/install/examples_rclpy_pointcloud_publisher:/Users/huajingzhao/Desktop/UCLA/projects/ros2_ws/install/examples_rclpy_minimal_subscriber:/Users/huajingzhao/Desktop/UCLA/projects/ros2_ws/install/examples_rclpy_minimal_service:/Users/huajingzhao/Desktop/UCLA/projects/ros2_ws/install/examples_rclpy_minimal_publisher:/Users/huajingzhao/Desktop/UCLA/projects/ros2_ws/install/examples_rclpy_minimal_client:/Users/huajingzhao/Desktop/UCLA/projects/ros2_ws/install/examples_rclpy_minimal_action_server:/Users/huajingzhao/Desktop/UCLA/projects/ros2_ws/install/examples_rclpy_minimal_action_client:/Users/huajingzhao/Desktop/UCLA/projects/ros2_ws/install/examples_rclpy_guard_conditions:/Users/huajingzhao/Desktop/UCLA/projects/ros2_ws/install/examples_rclpy_executors SHLVL=2 VIRTUAL_ENV_PROMPT=(venv) _=/usr/bin/env /opt/homebrew/bin/cmake --install /Users/huajingzhao/Desktop/UCLA/projects/neureality/gimbal_ws/build/tutorial_interfaces
[8.125s] -- Install configuration: ""
[8.125s] -- Installing: /Users/huajingzhao/Desktop/UCLA/projects/neureality/gimbal_ws/install/tutorial_interfaces/share/ament_index/resource_index/rosidl_interfaces/tutorial_interfaces
[8.126s] -- Installing: /Users/huajingzhao/Desktop/UCLA/projects/neureality/gimbal_ws/install/tutorial_interfaces/include/tutorial_interfaces/tutorial_interfaces
[8.126s] -- Installing: /Users/huajingzhao/Desktop/UCLA/projects/neureality/gimbal_ws/install/tutorial_interfaces/include/tutorial_interfaces/tutorial_interfaces/msg
[8.126s] -- Installing: /Users/huajingzhao/Desktop/UCLA/projects/neureality/gimbal_ws/install/tutorial_interfaces/include/tutorial_interfaces/tutorial_interfaces/msg/rosidl_generator_c__visibility_control.h
[8.126s] -- Installing: /Users/huajingzhao/Desktop/UCLA/projects/neureality/gimbal_ws/install/tutorial_interfaces/include/tutorial_interfaces/tutorial_interfaces/msg/detail
[8.126s] -- Installing: /Users/huajingzhao/Desktop/UCLA/projects/neureality/gimbal_ws/install/tutorial_interfaces/include/tutorial_interfaces/tutorial_interfaces/msg/detail/gimbal__functions.h
[8.126s] -- Installing: /Users/huajingzhao/Desktop/UCLA/projects/neureality/gimbal_ws/install/tutorial_interfaces/include/tutorial_interfaces/tutorial_interfaces/msg/detail/gimbal__struct.h
[8.126s] -- Installing: /Users/huajingzhao/Desktop/UCLA/projects/neureality/gimbal_ws/install/tutorial_interfaces/include/tutorial_interfaces/tutorial_interfaces/msg/detail/gimbal__functions.c
[8.126s] -- Installing: /Users/huajingzhao/Desktop/UCLA/projects/neureality/gimbal_ws/install/tutorial_interfaces/include/tutorial_interfaces/tutorial_interfaces/msg/detail/gimbal__type_support.h
[8.126s] -- Installing: /Users/huajingzhao/Desktop/UCLA/projects/neureality/gimbal_ws/install/tutorial_interfaces/include/tutorial_interfaces/tutorial_interfaces/msg/gimbal.h
[8.127s] -- Installing: /Users/huajingzhao/Desktop/UCLA/projects/neureality/gimbal_ws/install/tutorial_interfaces/share/tutorial_interfaces/environment/library_path.sh
[8.127s] -- Installing: /Users/huajingzhao/Desktop/UCLA/projects/neureality/gimbal_ws/install/tutorial_interfaces/share/tutorial_interfaces/environment/library_path.dsv
[8.127s] -- Installing: /Users/huajingzhao/Desktop/UCLA/projects/neureality/gimbal_ws/install/tutorial_interfaces/lib/libtutorial_interfaces__rosidl_generator_c.dylib
[8.135s] -- Up-to-date: /Users/huajingzhao/Desktop/UCLA/projects/neureality/gimbal_ws/install/tutorial_interfaces/include/tutorial_interfaces/tutorial_interfaces
[8.135s] -- Up-to-date: /Users/huajingzhao/Desktop/UCLA/projects/neureality/gimbal_ws/install/tutorial_interfaces/include/tutorial_interfaces/tutorial_interfaces/msg
[8.135s] -- Up-to-date: /Users/huajingzhao/Desktop/UCLA/projects/neureality/gimbal_ws/install/tutorial_interfaces/include/tutorial_interfaces/tutorial_interfaces/msg/detail
[8.136s] -- Installing: /Users/huajingzhao/Desktop/UCLA/projects/neureality/gimbal_ws/install/tutorial_interfaces/include/tutorial_interfaces/tutorial_interfaces/msg/detail/gimbal__rosidl_typesupport_fastrtps_c.h
[8.136s] -- Installing: /Users/huajingzhao/Desktop/UCLA/projects/neureality/gimbal_ws/install/tutorial_interfaces/include/tutorial_interfaces/tutorial_interfaces/msg/rosidl_typesupport_fastrtps_c__visibility_control.h
[8.136s] -- Installing: /Users/huajingzhao/Desktop/UCLA/projects/neureality/gimbal_ws/install/tutorial_interfaces/lib/libtutorial_interfaces__rosidl_typesupport_fastrtps_c.dylib
[8.145s] -- Up-to-date: /Users/huajingzhao/Desktop/UCLA/projects/neureality/gimbal_ws/install/tutorial_interfaces/include/tutorial_interfaces/tutorial_interfaces
[8.145s] -- Up-to-date: /Users/huajingzhao/Desktop/UCLA/projects/neureality/gimbal_ws/install/tutorial_interfaces/include/tutorial_interfaces/tutorial_interfaces/msg
[8.145s] -- Up-to-date: /Users/huajingzhao/Desktop/UCLA/projects/neureality/gimbal_ws/install/tutorial_interfaces/include/tutorial_interfaces/tutorial_interfaces/msg/detail
[8.145s] -- Installing: /Users/huajingzhao/Desktop/UCLA/projects/neureality/gimbal_ws/install/tutorial_interfaces/include/tutorial_interfaces/tutorial_interfaces/msg/detail/gimbal__rosidl_typesupport_introspection_c.h
[8.145s] -- Installing: /Users/huajingzhao/Desktop/UCLA/projects/neureality/gimbal_ws/install/tutorial_interfaces/include/tutorial_interfaces/tutorial_interfaces/msg/detail/gimbal__type_support.c
[8.145s] -- Installing: /Users/huajingzhao/Desktop/UCLA/projects/neureality/gimbal_ws/install/tutorial_interfaces/include/tutorial_interfaces/tutorial_interfaces/msg/rosidl_typesupport_introspection_c__visibility_control.h
[8.145s] -- Installing: /Users/huajingzhao/Desktop/UCLA/projects/neureality/gimbal_ws/install/tutorial_interfaces/lib/libtutorial_interfaces__rosidl_typesupport_introspection_c.dylib
[8.153s] -- Installing: /Users/huajingzhao/Desktop/UCLA/projects/neureality/gimbal_ws/install/tutorial_interfaces/lib/libtutorial_interfaces__rosidl_typesupport_c.dylib
[8.160s] -- Up-to-date: /Users/huajingzhao/Desktop/UCLA/projects/neureality/gimbal_ws/install/tutorial_interfaces/include/tutorial_interfaces/tutorial_interfaces
[8.161s] -- Up-to-date: /Users/huajingzhao/Desktop/UCLA/projects/neureality/gimbal_ws/install/tutorial_interfaces/include/tutorial_interfaces/tutorial_interfaces/msg
[8.161s] -- Up-to-date: /Users/huajingzhao/Desktop/UCLA/projects/neureality/gimbal_ws/install/tutorial_interfaces/include/tutorial_interfaces/tutorial_interfaces/msg/detail
[8.161s] -- Installing: /Users/huajingzhao/Desktop/UCLA/projects/neureality/gimbal_ws/install/tutorial_interfaces/include/tutorial_interfaces/tutorial_interfaces/msg/detail/gimbal__traits.hpp
[8.161s] -- Installing: /Users/huajingzhao/Desktop/UCLA/projects/neureality/gimbal_ws/install/tutorial_interfaces/include/tutorial_interfaces/tutorial_interfaces/msg/detail/gimbal__struct.hpp
[8.161s] -- Installing: /Users/huajingzhao/Desktop/UCLA/projects/neureality/gimbal_ws/install/tutorial_interfaces/include/tutorial_interfaces/tutorial_interfaces/msg/detail/gimbal__builder.hpp
[8.161s] -- Installing: /Users/huajingzhao/Desktop/UCLA/projects/neureality/gimbal_ws/install/tutorial_interfaces/include/tutorial_interfaces/tutorial_interfaces/msg/gimbal.hpp
[8.161s] -- Up-to-date: /Users/huajingzhao/Desktop/UCLA/projects/neureality/gimbal_ws/install/tutorial_interfaces/include/tutorial_interfaces/tutorial_interfaces
[8.161s] -- Up-to-date: /Users/huajingzhao/Desktop/UCLA/projects/neureality/gimbal_ws/install/tutorial_interfaces/include/tutorial_interfaces/tutorial_interfaces/msg
[8.161s] -- Installing: /Users/huajingzhao/Desktop/UCLA/projects/neureality/gimbal_ws/install/tutorial_interfaces/include/tutorial_interfaces/tutorial_interfaces/msg/rosidl_typesupport_fastrtps_cpp__visibility_control.h
[8.161s] -- Up-to-date: /Users/huajingzhao/Desktop/UCLA/projects/neureality/gimbal_ws/install/tutorial_interfaces/include/tutorial_interfaces/tutorial_interfaces/msg/detail
[8.161s] -- Installing: /Users/huajingzhao/Desktop/UCLA/projects/neureality/gimbal_ws/install/tutorial_interfaces/include/tutorial_interfaces/tutorial_interfaces/msg/detail/gimbal__rosidl_typesupport_fastrtps_cpp.hpp
[8.162s] -- Installing: /Users/huajingzhao/Desktop/UCLA/projects/neureality/gimbal_ws/install/tutorial_interfaces/include/tutorial_interfaces/tutorial_interfaces/msg/detail/dds_fastrtps
[8.162s] -- Installing: /Users/huajingzhao/Desktop/UCLA/projects/neureality/gimbal_ws/install/tutorial_interfaces/lib/libtutorial_interfaces__rosidl_typesupport_fastrtps_cpp.dylib
[8.169s] -- Up-to-date: /Users/huajingzhao/Desktop/UCLA/projects/neureality/gimbal_ws/install/tutorial_interfaces/include/tutorial_interfaces/tutorial_interfaces
[8.169s] -- Up-to-date: /Users/huajingzhao/Desktop/UCLA/projects/neureality/gimbal_ws/install/tutorial_interfaces/include/tutorial_interfaces/tutorial_interfaces/msg
[8.169s] -- Up-to-date: /Users/huajingzhao/Desktop/UCLA/projects/neureality/gimbal_ws/install/tutorial_interfaces/include/tutorial_interfaces/tutorial_interfaces/msg/detail
[8.169s] -- Installing: /Users/huajingzhao/Desktop/UCLA/projects/neureality/gimbal_ws/install/tutorial_interfaces/include/tutorial_interfaces/tutorial_interfaces/msg/detail/gimbal__type_support.cpp
[8.169s] -- Installing: /Users/huajingzhao/Desktop/UCLA/projects/neureality/gimbal_ws/install/tutorial_interfaces/include/tutorial_interfaces/tutorial_interfaces/msg/detail/gimbal__rosidl_typesupport_introspection_cpp.hpp
[8.169s] -- Installing: /Users/huajingzhao/Desktop/UCLA/projects/neureality/gimbal_ws/install/tutorial_interfaces/lib/libtutorial_interfaces__rosidl_typesupport_introspection_cpp.dylib
[8.177s] -- Installing: /Users/huajingzhao/Desktop/UCLA/projects/neureality/gimbal_ws/install/tutorial_interfaces/lib/libtutorial_interfaces__rosidl_typesupport_cpp.dylib
[8.184s] -- Installing: /Users/huajingzhao/Desktop/UCLA/projects/neureality/gimbal_ws/install/tutorial_interfaces/share/tutorial_interfaces/environment/pythonpath.sh
[8.184s] -- Installing: /Users/huajingzhao/Desktop/UCLA/projects/neureality/gimbal_ws/install/tutorial_interfaces/share/tutorial_interfaces/environment/pythonpath.dsv
[8.184s] -- Up-to-date: /Users/huajingzhao/Desktop/UCLA/projects/neureality/gimbal_ws/install/tutorial_interfaces/../../../../../../../../../opt/homebrew/lib/python3.12/site-packages/tutorial_interfaces-0.0.0-py3.12.egg-info
[8.184s] -- Installing: /Users/huajingzhao/Desktop/UCLA/projects/neureality/gimbal_ws/install/tutorial_interfaces/../../../../../../../../../opt/homebrew/lib/python3.12/site-packages/tutorial_interfaces-0.0.0-py3.12.egg-info/PKG-INFO
[8.186s] -- Installing: /Users/huajingzhao/Desktop/UCLA/projects/neureality/gimbal_ws/install/tutorial_interfaces/../../../../../../../../../opt/homebrew/lib/python3.12/site-packages/tutorial_interfaces-0.0.0-py3.12.egg-info/SOURCES.txt
[8.186s] -- Installing: /Users/huajingzhao/Desktop/UCLA/projects/neureality/gimbal_ws/install/tutorial_interfaces/../../../../../../../../../opt/homebrew/lib/python3.12/site-packages/tutorial_interfaces-0.0.0-py3.12.egg-info/top_level.txt
[8.186s] -- Installing: /Users/huajingzhao/Desktop/UCLA/projects/neureality/gimbal_ws/install/tutorial_interfaces/../../../../../../../../../opt/homebrew/lib/python3.12/site-packages/tutorial_interfaces-0.0.0-py3.12.egg-info/dependency_links.txt
[8.186s] -- Up-to-date: /Users/huajingzhao/Desktop/UCLA/projects/neureality/gimbal_ws/install/tutorial_interfaces/../../../../../../../../../opt/homebrew/lib/python3.12/site-packages/tutorial_interfaces
[8.186s] -- Up-to-date: /Users/huajingzhao/Desktop/UCLA/projects/neureality/gimbal_ws/install/tutorial_interfaces/../../../../../../../../../opt/homebrew/lib/python3.12/site-packages/tutorial_interfaces/msg
[8.187s] -- Installing: /Users/huajingzhao/Desktop/UCLA/projects/neureality/gimbal_ws/install/tutorial_interfaces/../../../../../../../../../opt/homebrew/lib/python3.12/site-packages/tutorial_interfaces/msg/_gimbal.py
[8.187s] -- Installing: /Users/huajingzhao/Desktop/UCLA/projects/neureality/gimbal_ws/install/tutorial_interfaces/../../../../../../../../../opt/homebrew/lib/python3.12/site-packages/tutorial_interfaces/msg/__init__.py
[8.187s] -- Installing: /Users/huajingzhao/Desktop/UCLA/projects/neureality/gimbal_ws/install/tutorial_interfaces/../../../../../../../../../opt/homebrew/lib/python3.12/site-packages/tutorial_interfaces/msg/_gimbal_s.c
[8.187s] -- Installing: /Users/huajingzhao/Desktop/UCLA/projects/neureality/gimbal_ws/install/tutorial_interfaces/../../../../../../../../../opt/homebrew/lib/python3.12/site-packages/tutorial_interfaces/__init__.py
[8.187s] -- Installing: /Users/huajingzhao/Desktop/UCLA/projects/neureality/gimbal_ws/install/tutorial_interfaces/../../../../../../../../../opt/homebrew/lib/python3.12/site-packages/tutorial_interfaces/tutorial_interfaces_s__rosidl_typesupport_fastrtps_c.cpython-310-darwin.so
[8.188s] -- Installing: /Users/huajingzhao/Desktop/UCLA/projects/neureality/gimbal_ws/install/tutorial_interfaces/../../../../../../../../../opt/homebrew/lib/python3.12/site-packages/tutorial_interfaces/tutorial_interfaces_s__rosidl_typesupport_c.cpython-310-darwin.so
[8.188s] -- Installing: /Users/huajingzhao/Desktop/UCLA/projects/neureality/gimbal_ws/install/tutorial_interfaces/../../../../../../../../../opt/homebrew/lib/python3.12/site-packages/tutorial_interfaces/_tutorial_interfaces_s.ep.rosidl_typesupport_c.c
[8.189s] -- Installing: /Users/huajingzhao/Desktop/UCLA/projects/neureality/gimbal_ws/install/tutorial_interfaces/../../../../../../../../../opt/homebrew/lib/python3.12/site-packages/tutorial_interfaces/tutorial_interfaces_s__rosidl_typesupport_introspection_c.cpython-310-darwin.so
[8.189s] -- Installing: /Users/huajingzhao/Desktop/UCLA/projects/neureality/gimbal_ws/install/tutorial_interfaces/../../../../../../../../../opt/homebrew/lib/python3.12/site-packages/tutorial_interfaces/_tutorial_interfaces_s.ep.rosidl_typesupport_fastrtps_c.c
[8.189s] -- Installing: /Users/huajingzhao/Desktop/UCLA/projects/neureality/gimbal_ws/install/tutorial_interfaces/../../../../../../../../../opt/homebrew/lib/python3.12/site-packages/tutorial_interfaces/_tutorial_interfaces_s.ep.rosidl_typesupport_introspection_c.c
[8.189s] -- Installing: /Users/huajingzhao/Desktop/UCLA/projects/neureality/gimbal_ws/install/tutorial_interfaces/../../../../../../../../../opt/homebrew/lib/python3.12/site-packages/tutorial_interfaces/libtutorial_interfaces__rosidl_generator_py.dylib
[8.241s] Listing '/Users/huajingzhao/Desktop/UCLA/projects/neureality/gimbal_ws/install/tutorial_interfaces/../../../../../../../../../opt/homebrew/lib/python3.12/site-packages/tutorial_interfaces'...
[8.241s] Compiling '/Users/huajingzhao/Desktop/UCLA/projects/neureality/gimbal_ws/install/tutorial_interfaces/../../../../../../../../../opt/homebrew/lib/python3.12/site-packages/tutorial_interfaces/__init__.py'...
[8.241s] Listing '/Users/huajingzhao/Desktop/UCLA/projects/neureality/gimbal_ws/install/tutorial_interfaces/../../../../../../../../../opt/homebrew/lib/python3.12/site-packages/tutorial_interfaces/msg'...
[8.241s] Compiling '/Users/huajingzhao/Desktop/UCLA/projects/neureality/gimbal_ws/install/tutorial_interfaces/../../../../../../../../../opt/homebrew/lib/python3.12/site-packages/tutorial_interfaces/msg/__init__.py'...
[8.241s] Compiling '/Users/huajingzhao/Desktop/UCLA/projects/neureality/gimbal_ws/install/tutorial_interfaces/../../../../../../../../../opt/homebrew/lib/python3.12/site-packages/tutorial_interfaces/msg/_gimbal.py'...
[8.241s] Listing '/Users/huajingzhao/Desktop/UCLA/projects/neureality/gimbal_ws/install/tutorial_interfaces/../../../../../../../../../opt/homebrew/lib/python3.12/site-packages/tutorial_interfaces/srv'...
[8.244s] -- Up-to-date: /Users/huajingzhao/Desktop/UCLA/projects/neureality/gimbal_ws/install/tutorial_interfaces/../../../../../../../../../opt/homebrew/lib/python3.12/site-packages/tutorial_interfaces/tutorial_interfaces_s__rosidl_typesupport_fastrtps_c.cpython-310-darwin.so
[8.252s] -- Up-to-date: /Users/huajingzhao/Desktop/UCLA/projects/neureality/gimbal_ws/install/tutorial_interfaces/../../../../../../../../../opt/homebrew/lib/python3.12/site-packages/tutorial_interfaces/tutorial_interfaces_s__rosidl_typesupport_introspection_c.cpython-310-darwin.so
[8.260s] -- Up-to-date: /Users/huajingzhao/Desktop/UCLA/projects/neureality/gimbal_ws/install/tutorial_interfaces/../../../../../../../../../opt/homebrew/lib/python3.12/site-packages/tutorial_interfaces/tutorial_interfaces_s__rosidl_typesupport_c.cpython-310-darwin.so
[8.267s] -- Installing: /Users/huajingzhao/Desktop/UCLA/projects/neureality/gimbal_ws/install/tutorial_interfaces/lib/libtutorial_interfaces__rosidl_generator_py.dylib
[8.274s] -- Installing: /Users/huajingzhao/Desktop/UCLA/projects/neureality/gimbal_ws/install/tutorial_interfaces/share/tutorial_interfaces/msg/Gimbal.idl
[8.274s] -- Installing: /Users/huajingzhao/Desktop/UCLA/projects/neureality/gimbal_ws/install/tutorial_interfaces/share/tutorial_interfaces/msg/Gimbal.msg
[8.275s] -- Installing: /Users/huajingzhao/Desktop/UCLA/projects/neureality/gimbal_ws/install/tutorial_interfaces/share/ament_index/resource_index/package_run_dependencies/tutorial_interfaces
[8.275s] -- Installing: /Users/huajingzhao/Desktop/UCLA/projects/neureality/gimbal_ws/install/tutorial_interfaces/share/ament_index/resource_index/parent_prefix_path/tutorial_interfaces
[8.275s] -- Installing: /Users/huajingzhao/Desktop/UCLA/projects/neureality/gimbal_ws/install/tutorial_interfaces/share/tutorial_interfaces/environment/ament_prefix_path.sh
[8.276s] -- Installing: /Users/huajingzhao/Desktop/UCLA/projects/neureality/gimbal_ws/install/tutorial_interfaces/share/tutorial_interfaces/environment/ament_prefix_path.dsv
[8.276s] -- Installing: /Users/huajingzhao/Desktop/UCLA/projects/neureality/gimbal_ws/install/tutorial_interfaces/share/tutorial_interfaces/environment/path.sh
[8.276s] -- Installing: /Users/huajingzhao/Desktop/UCLA/projects/neureality/gimbal_ws/install/tutorial_interfaces/share/tutorial_interfaces/environment/path.dsv
[8.276s] -- Installing: /Users/huajingzhao/Desktop/UCLA/projects/neureality/gimbal_ws/install/tutorial_interfaces/share/tutorial_interfaces/local_setup.bash
[8.276s] -- Installing: /Users/huajingzhao/Desktop/UCLA/projects/neureality/gimbal_ws/install/tutorial_interfaces/share/tutorial_interfaces/local_setup.sh
[8.276s] -- Installing: /Users/huajingzhao/Desktop/UCLA/projects/neureality/gimbal_ws/install/tutorial_interfaces/share/tutorial_interfaces/local_setup.zsh
[8.276s] -- Installing: /Users/huajingzhao/Desktop/UCLA/projects/neureality/gimbal_ws/install/tutorial_interfaces/share/tutorial_interfaces/local_setup.dsv
[8.277s] -- Installing: /Users/huajingzhao/Desktop/UCLA/projects/neureality/gimbal_ws/install/tutorial_interfaces/share/tutorial_interfaces/package.dsv
[8.277s] -- Installing: /Users/huajingzhao/Desktop/UCLA/projects/neureality/gimbal_ws/install/tutorial_interfaces/share/ament_index/resource_index/packages/tutorial_interfaces
[8.277s] -- Installing: /Users/huajingzhao/Desktop/UCLA/projects/neureality/gimbal_ws/install/tutorial_interfaces/share/tutorial_interfaces/cmake/export_tutorial_interfaces__rosidl_generator_cExport.cmake
[8.277s] -- Installing: /Users/huajingzhao/Desktop/UCLA/projects/neureality/gimbal_ws/install/tutorial_interfaces/share/tutorial_interfaces/cmake/export_tutorial_interfaces__rosidl_generator_cExport-noconfig.cmake
[8.277s] -- Installing: /Users/huajingzhao/Desktop/UCLA/projects/neureality/gimbal_ws/install/tutorial_interfaces/share/tutorial_interfaces/cmake/export_tutorial_interfaces__rosidl_typesupport_fastrtps_cExport.cmake
[8.277s] -- Installing: /Users/huajingzhao/Desktop/UCLA/projects/neureality/gimbal_ws/install/tutorial_interfaces/share/tutorial_interfaces/cmake/export_tutorial_interfaces__rosidl_typesupport_fastrtps_cExport-noconfig.cmake
[8.278s] -- Installing: /Users/huajingzhao/Desktop/UCLA/projects/neureality/gimbal_ws/install/tutorial_interfaces/share/tutorial_interfaces/cmake/tutorial_interfaces__rosidl_typesupport_introspection_cExport.cmake
[8.278s] -- Installing: /Users/huajingzhao/Desktop/UCLA/projects/neureality/gimbal_ws/install/tutorial_interfaces/share/tutorial_interfaces/cmake/tutorial_interfaces__rosidl_typesupport_introspection_cExport-noconfig.cmake
[8.278s] -- Installing: /Users/huajingzhao/Desktop/UCLA/projects/neureality/gimbal_ws/install/tutorial_interfaces/share/tutorial_interfaces/cmake/tutorial_interfaces__rosidl_typesupport_cExport.cmake
[8.278s] -- Installing: /Users/huajingzhao/Desktop/UCLA/projects/neureality/gimbal_ws/install/tutorial_interfaces/share/tutorial_interfaces/cmake/tutorial_interfaces__rosidl_typesupport_cExport-noconfig.cmake
[8.278s] -- Installing: /Users/huajingzhao/Desktop/UCLA/projects/neureality/gimbal_ws/install/tutorial_interfaces/share/tutorial_interfaces/cmake/export_tutorial_interfaces__rosidl_generator_cppExport.cmake
[8.278s] -- Installing: /Users/huajingzhao/Desktop/UCLA/projects/neureality/gimbal_ws/install/tutorial_interfaces/share/tutorial_interfaces/cmake/export_tutorial_interfaces__rosidl_typesupport_fastrtps_cppExport.cmake
[8.278s] -- Installing: /Users/huajingzhao/Desktop/UCLA/projects/neureality/gimbal_ws/install/tutorial_interfaces/share/tutorial_interfaces/cmake/export_tutorial_interfaces__rosidl_typesupport_fastrtps_cppExport-noconfig.cmake
[8.279s] -- Installing: /Users/huajingzhao/Desktop/UCLA/projects/neureality/gimbal_ws/install/tutorial_interfaces/share/tutorial_interfaces/cmake/tutorial_interfaces__rosidl_typesupport_introspection_cppExport.cmake
[8.279s] -- Installing: /Users/huajingzhao/Desktop/UCLA/projects/neureality/gimbal_ws/install/tutorial_interfaces/share/tutorial_interfaces/cmake/tutorial_interfaces__rosidl_typesupport_introspection_cppExport-noconfig.cmake
[8.279s] -- Installing: /Users/huajingzhao/Desktop/UCLA/projects/neureality/gimbal_ws/install/tutorial_interfaces/share/tutorial_interfaces/cmake/tutorial_interfaces__rosidl_typesupport_cppExport.cmake
[8.279s] -- Installing: /Users/huajingzhao/Desktop/UCLA/projects/neureality/gimbal_ws/install/tutorial_interfaces/share/tutorial_interfaces/cmake/tutorial_interfaces__rosidl_typesupport_cppExport-noconfig.cmake
[8.279s] -- Installing: /Users/huajingzhao/Desktop/UCLA/projects/neureality/gimbal_ws/install/tutorial_interfaces/share/tutorial_interfaces/cmake/export_tutorial_interfaces__rosidl_generator_pyExport.cmake
[8.279s] -- Installing: /Users/huajingzhao/Desktop/UCLA/projects/neureality/gimbal_ws/install/tutorial_interfaces/share/tutorial_interfaces/cmake/export_tutorial_interfaces__rosidl_generator_pyExport-noconfig.cmake
[8.280s] -- Installing: /Users/huajingzhao/Desktop/UCLA/projects/neureality/gimbal_ws/install/tutorial_interfaces/share/tutorial_interfaces/cmake/rosidl_cmake-extras.cmake
[8.280s] -- Installing: /Users/huajingzhao/Desktop/UCLA/projects/neureality/gimbal_ws/install/tutorial_interfaces/share/tutorial_interfaces/cmake/ament_cmake_export_include_directories-extras.cmake
[8.280s] -- Installing: /Users/huajingzhao/Desktop/UCLA/projects/neureality/gimbal_ws/install/tutorial_interfaces/share/tutorial_interfaces/cmake/ament_cmake_export_libraries-extras.cmake
[8.280s] -- Installing: /Users/huajingzhao/Desktop/UCLA/projects/neureality/gimbal_ws/install/tutorial_interfaces/share/tutorial_interfaces/cmake/ament_cmake_export_targets-extras.cmake
[8.280s] -- Installing: /Users/huajingzhao/Desktop/UCLA/projects/neureality/gimbal_ws/install/tutorial_interfaces/share/tutorial_interfaces/cmake/rosidl_cmake_export_typesupport_targets-extras.cmake
[8.280s] -- Installing: /Users/huajingzhao/Desktop/UCLA/projects/neureality/gimbal_ws/install/tutorial_interfaces/share/tutorial_interfaces/cmake/ament_cmake_export_dependencies-extras.cmake
[8.280s] -- Installing: /Users/huajingzhao/Desktop/UCLA/projects/neureality/gimbal_ws/install/tutorial_interfaces/share/tutorial_interfaces/cmake/rosidl_cmake_export_typesupport_libraries-extras.cmake
[8.281s] -- Installing: /Users/huajingzhao/Desktop/UCLA/projects/neureality/gimbal_ws/install/tutorial_interfaces/share/tutorial_interfaces/cmake/tutorial_interfacesConfig.cmake
[8.281s] -- Installing: /Users/huajingzhao/Desktop/UCLA/projects/neureality/gimbal_ws/install/tutorial_interfaces/share/tutorial_interfaces/cmake/tutorial_interfacesConfig-version.cmake
[8.281s] -- Installing: /Users/huajingzhao/Desktop/UCLA/projects/neureality/gimbal_ws/install/tutorial_interfaces/share/tutorial_interfaces/package.xml
[8.282s] Invoked command in '/Users/huajingzhao/Desktop/UCLA/projects/neureality/gimbal_ws/build/tutorial_interfaces' returned '0': CMAKE_PREFIX_PATH=${CMAKE_PREFIX_PATH}:/Users/huajingzhao/ros2_ws/install/turtle_tf2_py:/Users/huajingzhao/ros2_ws/install/python_parameters:/Users/huajingzhao/ros2_ws/install/python_parameter_event_handler:/Users/huajingzhao/ros2_ws/install/py_srvcli:/Users/huajingzhao/ros2_ws/install/py_pubsub:/Users/huajingzhao/ros2_ws/install/py_launch_example:/Users/huajingzhao/ros2_ws/install/my_package:/Users/huajingzhao/ros2_ws/install/learning_tf2_py:/Users/huajingzhao/ros2_ws/install/launch_tutorial:/Users/huajingzhao/ros2_ws/install/launch_testing_examples:/Users/huajingzhao/ros2_ws/install/examples_rclpy_pointcloud_publisher:/Users/huajingzhao/ros2_ws/install/examples_rclpy_minimal_subscriber:/Users/huajingzhao/ros2_ws/install/examples_rclpy_minimal_service:/Users/huajingzhao/ros2_ws/install/examples_rclpy_minimal_publisher:/Users/huajingzhao/ros2_ws/install/examples_rclpy_minimal_client:/Users/huajingzhao/ros2_ws/install/examples_rclpy_minimal_action_server:/Users/huajingzhao/ros2_ws/install/examples_rclpy_minimal_action_client:/Users/huajingzhao/ros2_ws/install/examples_rclpy_guard_conditions:/Users/huajingzhao/ros2_ws/install/examples_rclpy_executors:/Users/huajingzhao/Desktop/UCLA/projects/ros2_ws/install/launch_testing_examples:/Users/huajingzhao/Desktop/UCLA/projects/ros2_ws/install/gimbal_control:/Users/huajingzhao/Desktop/UCLA/projects/ros2_ws/install/examples_rclpy_pointcloud_publisher:/Users/huajingzhao/Desktop/UCLA/projects/ros2_ws/install/examples_rclpy_minimal_subscriber:/Users/huajingzhao/Desktop/UCLA/projects/ros2_ws/install/examples_rclpy_minimal_service:/Users/huajingzhao/Desktop/UCLA/projects/ros2_ws/install/examples_rclpy_minimal_publisher:/Users/huajingzhao/Desktop/UCLA/projects/ros2_ws/install/examples_rclpy_minimal_client:/Users/huajingzhao/Desktop/UCLA/projects/ros2_ws/install/examples_rclpy_minimal_action_server:/Users/huajingzhao/Desktop/UCLA/projects/ros2_ws/install/examples_rclpy_minimal_action_client:/Users/huajingzhao/Desktop/UCLA/projects/ros2_ws/install/examples_rclpy_guard_conditions:/Users/huajingzhao/Desktop/UCLA/projects/ros2_ws/install/examples_rclpy_executors SHLVL=2 VIRTUAL_ENV_PROMPT=(venv) _=/usr/bin/env /opt/homebrew/bin/cmake --install /Users/huajingzhao/Desktop/UCLA/projects/neureality/gimbal_ws/build/tutorial_interfaces
