[0.287s] Invoking command in '/Users/huajingzhao/Desktop/UCLA/projects/neureality/gimbal_ws/build/gimbal_interface': CMAKE_PREFIX_PATH=${CMAKE_PREFIX_PATH}:/Users/huajingzhao/Desktop/UCLA/projects/neureality/gimbal_ws/install/gimbal_control:/Users/huajingzhao/ros2_ws/install/turtle_tf2_py:/Users/huajingzhao/ros2_ws/install/python_parameters:/Users/huajingzhao/ros2_ws/install/python_parameter_event_handler:/Users/huajingzhao/ros2_ws/install/py_srvcli:/Users/huajingzhao/ros2_ws/install/py_pubsub:/Users/huajingzhao/ros2_ws/install/py_launch_example:/Users/huajingzhao/ros2_ws/install/my_package:/Users/huajingzhao/ros2_ws/install/learning_tf2_py:/Users/huajingzhao/ros2_ws/install/launch_tutorial:/Users/huajingzhao/ros2_ws/install/launch_testing_examples:/Users/huajingzhao/ros2_ws/install/examples_rclpy_pointcloud_publisher:/Users/huajingzhao/ros2_ws/install/examples_rclpy_minimal_subscriber:/Users/huajingzhao/ros2_ws/install/examples_rclpy_minimal_service:/Users/huajingzhao/ros2_ws/install/examples_rclpy_minimal_publisher:/Users/huajingzhao/ros2_ws/install/examples_rclpy_minimal_client:/Users/huajingzhao/ros2_ws/install/examples_rclpy_minimal_action_server:/Users/huajingzhao/ros2_ws/install/examples_rclpy_minimal_action_client:/Users/huajingzhao/ros2_ws/install/examples_rclpy_guard_conditions:/Users/huajingzhao/ros2_ws/install/examples_rclpy_executors:/Users/huajingzhao/Desktop/UCLA/projects/ros2_ws/install/launch_testing_examples:/Users/huajingzhao/Desktop/UCLA/projects/ros2_ws/install/gimbal_control:/Users/huajingzhao/Desktop/UCLA/projects/ros2_ws/install/examples_rclpy_pointcloud_publisher:/Users/huajingzhao/Desktop/UCLA/projects/ros2_ws/install/examples_rclpy_minimal_subscriber:/Users/huajingzhao/Desktop/UCLA/projects/ros2_ws/install/examples_rclpy_minimal_service:/Users/huajingzhao/Desktop/UCLA/projects/ros2_ws/install/examples_rclpy_minimal_publisher:/Users/huajingzhao/Desktop/UCLA/projects/ros2_ws/install/examples_rclpy_minimal_client:/Users/huajingzhao/Desktop/UCLA/projects/ros2_ws/install/examples_rclpy_minimal_action_server:/Users/huajingzhao/Desktop/UCLA/projects/ros2_ws/install/examples_rclpy_minimal_action_client:/Users/huajingzhao/Desktop/UCLA/projects/ros2_ws/install/examples_rclpy_guard_conditions:/Users/huajingzhao/Desktop/UCLA/projects/ros2_ws/install/examples_rclpy_executors SHLVL=2 VIRTUAL_ENV_PROMPT=(venv) _=/usr/bin/env /opt/homebrew/bin/cmake --build /Users/huajingzhao/Desktop/UCLA/projects/neureality/gimbal_ws/build/gimbal_interface -- -j10 -l10
[0.348s] [  9%] Built target gimbal_interface__cpp
[0.348s] [ 12%] Built target gimbal_interface__rosidl_generator_c
[0.361s] [ 12%] Built target ament_cmake_python_copy_gimbal_interface
[0.434s] [ 22%] Built target gimbal_interface__rosidl_typesupport_c
[0.441s] [ 32%] Built target gimbal_interface__rosidl_typesupport_introspection_c
[0.462s] [ 41%] Built target gimbal_interface__rosidl_typesupport_introspection_cpp
[0.462s] [ 51%] Built target gimbal_interface__rosidl_typesupport_cpp
[0.466s] [ 70%] Built target gimbal_interface__rosidl_typesupport_fastrtps_c
[0.466s] [ 70%] Built target gimbal_interface__rosidl_typesupport_fastrtps_cpp
[0.497s] [ 70%] Built target gimbal_interface
[0.524s] [ 74%] Built target gimbal_interface__py
[0.562s] [ 80%] Built target gimbal_interface__rosidl_generator_py
[0.615s] [100%] Built target gimbal_interface__rosidl_typesupport_fastrtps_c__pyext
[0.615s] [100%] Built target gimbal_interface__rosidl_typesupport_introspection_c__pyext
[0.615s] [100%] Built target gimbal_interface__rosidl_typesupport_c__pyext
[0.673s] running egg_info
[0.681s] writing gimbal_interface.egg-info/PKG-INFO
[0.681s] writing dependency_links to gimbal_interface.egg-info/dependency_links.txt
[0.681s] writing top-level names to gimbal_interface.egg-info/top_level.txt
[0.703s] reading manifest file 'gimbal_interface.egg-info/SOURCES.txt'
[0.704s] writing manifest file 'gimbal_interface.egg-info/SOURCES.txt'
[0.724s] [100%] Built target ament_cmake_python_build_gimbal_interface_egg
[0.731s] Invoked command in '/Users/huajingzhao/Desktop/UCLA/projects/neureality/gimbal_ws/build/gimbal_interface' returned '0': CMAKE_PREFIX_PATH=${CMAKE_PREFIX_PATH}:/Users/huajingzhao/Desktop/UCLA/projects/neureality/gimbal_ws/install/gimbal_control:/Users/huajingzhao/ros2_ws/install/turtle_tf2_py:/Users/huajingzhao/ros2_ws/install/python_parameters:/Users/huajingzhao/ros2_ws/install/python_parameter_event_handler:/Users/huajingzhao/ros2_ws/install/py_srvcli:/Users/huajingzhao/ros2_ws/install/py_pubsub:/Users/huajingzhao/ros2_ws/install/py_launch_example:/Users/huajingzhao/ros2_ws/install/my_package:/Users/huajingzhao/ros2_ws/install/learning_tf2_py:/Users/huajingzhao/ros2_ws/install/launch_tutorial:/Users/huajingzhao/ros2_ws/install/launch_testing_examples:/Users/huajingzhao/ros2_ws/install/examples_rclpy_pointcloud_publisher:/Users/huajingzhao/ros2_ws/install/examples_rclpy_minimal_subscriber:/Users/huajingzhao/ros2_ws/install/examples_rclpy_minimal_service:/Users/huajingzhao/ros2_ws/install/examples_rclpy_minimal_publisher:/Users/huajingzhao/ros2_ws/install/examples_rclpy_minimal_client:/Users/huajingzhao/ros2_ws/install/examples_rclpy_minimal_action_server:/Users/huajingzhao/ros2_ws/install/examples_rclpy_minimal_action_client:/Users/huajingzhao/ros2_ws/install/examples_rclpy_guard_conditions:/Users/huajingzhao/ros2_ws/install/examples_rclpy_executors:/Users/huajingzhao/Desktop/UCLA/projects/ros2_ws/install/launch_testing_examples:/Users/huajingzhao/Desktop/UCLA/projects/ros2_ws/install/gimbal_control:/Users/huajingzhao/Desktop/UCLA/projects/ros2_ws/install/examples_rclpy_pointcloud_publisher:/Users/huajingzhao/Desktop/UCLA/projects/ros2_ws/install/examples_rclpy_minimal_subscriber:/Users/huajingzhao/Desktop/UCLA/projects/ros2_ws/install/examples_rclpy_minimal_service:/Users/huajingzhao/Desktop/UCLA/projects/ros2_ws/install/examples_rclpy_minimal_publisher:/Users/huajingzhao/Desktop/UCLA/projects/ros2_ws/install/examples_rclpy_minimal_client:/Users/huajingzhao/Desktop/UCLA/projects/ros2_ws/install/examples_rclpy_minimal_action_server:/Users/huajingzhao/Desktop/UCLA/projects/ros2_ws/install/examples_rclpy_minimal_action_client:/Users/huajingzhao/Desktop/UCLA/projects/ros2_ws/install/examples_rclpy_guard_conditions:/Users/huajingzhao/Desktop/UCLA/projects/ros2_ws/install/examples_rclpy_executors SHLVL=2 VIRTUAL_ENV_PROMPT=(venv) _=/usr/bin/env /opt/homebrew/bin/cmake --build /Users/huajingzhao/Desktop/UCLA/projects/neureality/gimbal_ws/build/gimbal_interface -- -j10 -l10
[0.968s] Invoking command in '/Users/huajingzhao/Desktop/UCLA/projects/neureality/gimbal_ws/build/gimbal_interface': CMAKE_PREFIX_PATH=${CMAKE_PREFIX_PATH}:/Users/huajingzhao/Desktop/UCLA/projects/neureality/gimbal_ws/install/gimbal_control:/Users/huajingzhao/ros2_ws/install/turtle_tf2_py:/Users/huajingzhao/ros2_ws/install/python_parameters:/Users/huajingzhao/ros2_ws/install/python_parameter_event_handler:/Users/huajingzhao/ros2_ws/install/py_srvcli:/Users/huajingzhao/ros2_ws/install/py_pubsub:/Users/huajingzhao/ros2_ws/install/py_launch_example:/Users/huajingzhao/ros2_ws/install/my_package:/Users/huajingzhao/ros2_ws/install/learning_tf2_py:/Users/huajingzhao/ros2_ws/install/launch_tutorial:/Users/huajingzhao/ros2_ws/install/launch_testing_examples:/Users/huajingzhao/ros2_ws/install/examples_rclpy_pointcloud_publisher:/Users/huajingzhao/ros2_ws/install/examples_rclpy_minimal_subscriber:/Users/huajingzhao/ros2_ws/install/examples_rclpy_minimal_service:/Users/huajingzhao/ros2_ws/install/examples_rclpy_minimal_publisher:/Users/huajingzhao/ros2_ws/install/examples_rclpy_minimal_client:/Users/huajingzhao/ros2_ws/install/examples_rclpy_minimal_action_server:/Users/huajingzhao/ros2_ws/install/examples_rclpy_minimal_action_client:/Users/huajingzhao/ros2_ws/install/examples_rclpy_guard_conditions:/Users/huajingzhao/ros2_ws/install/examples_rclpy_executors:/Users/huajingzhao/Desktop/UCLA/projects/ros2_ws/install/launch_testing_examples:/Users/huajingzhao/Desktop/UCLA/projects/ros2_ws/install/gimbal_control:/Users/huajingzhao/Desktop/UCLA/projects/ros2_ws/install/examples_rclpy_pointcloud_publisher:/Users/huajingzhao/Desktop/UCLA/projects/ros2_ws/install/examples_rclpy_minimal_subscriber:/Users/huajingzhao/Desktop/UCLA/projects/ros2_ws/install/examples_rclpy_minimal_service:/Users/huajingzhao/Desktop/UCLA/projects/ros2_ws/install/examples_rclpy_minimal_publisher:/Users/huajingzhao/Desktop/UCLA/projects/ros2_ws/install/examples_rclpy_minimal_client:/Users/huajingzhao/Desktop/UCLA/projects/ros2_ws/install/examples_rclpy_minimal_action_server:/Users/huajingzhao/Desktop/UCLA/projects/ros2_ws/install/examples_rclpy_minimal_action_client:/Users/huajingzhao/Desktop/UCLA/projects/ros2_ws/install/examples_rclpy_guard_conditions:/Users/huajingzhao/Desktop/UCLA/projects/ros2_ws/install/examples_rclpy_executors SHLVL=2 VIRTUAL_ENV_PROMPT=(venv) _=/usr/bin/env /opt/homebrew/bin/cmake --install /Users/huajingzhao/Desktop/UCLA/projects/neureality/gimbal_ws/build/gimbal_interface
[0.974s] -- Install configuration: ""
[0.974s] -- Up-to-date: /Users/huajingzhao/Desktop/UCLA/projects/neureality/gimbal_ws/install/gimbal_interface/share/ament_index/resource_index/rosidl_interfaces/gimbal_interface
[0.975s] -- Up-to-date: /Users/huajingzhao/Desktop/UCLA/projects/neureality/gimbal_ws/install/gimbal_interface/include/gimbal_interface/gimbal_interface
[0.975s] -- Up-to-date: /Users/huajingzhao/Desktop/UCLA/projects/neureality/gimbal_ws/install/gimbal_interface/include/gimbal_interface/gimbal_interface/msg
[0.975s] -- Up-to-date: /Users/huajingzhao/Desktop/UCLA/projects/neureality/gimbal_ws/install/gimbal_interface/include/gimbal_interface/gimbal_interface/msg/rosidl_generator_c__visibility_control.h
[0.975s] -- Up-to-date: /Users/huajingzhao/Desktop/UCLA/projects/neureality/gimbal_ws/install/gimbal_interface/include/gimbal_interface/gimbal_interface/msg/detail
[0.975s] -- Up-to-date: /Users/huajingzhao/Desktop/UCLA/projects/neureality/gimbal_ws/install/gimbal_interface/include/gimbal_interface/gimbal_interface/msg/detail/gimbal__functions.h
[0.975s] -- Up-to-date: /Users/huajingzhao/Desktop/UCLA/projects/neureality/gimbal_ws/install/gimbal_interface/include/gimbal_interface/gimbal_interface/msg/detail/gimbal__struct.h
[0.975s] -- Up-to-date: /Users/huajingzhao/Desktop/UCLA/projects/neureality/gimbal_ws/install/gimbal_interface/include/gimbal_interface/gimbal_interface/msg/detail/gimbal__functions.c
[0.975s] -- Up-to-date: /Users/huajingzhao/Desktop/UCLA/projects/neureality/gimbal_ws/install/gimbal_interface/include/gimbal_interface/gimbal_interface/msg/detail/gimbal__type_support.h
[0.975s] -- Up-to-date: /Users/huajingzhao/Desktop/UCLA/projects/neureality/gimbal_ws/install/gimbal_interface/include/gimbal_interface/gimbal_interface/msg/gimbal.h
[0.975s] -- Up-to-date: /Users/huajingzhao/Desktop/UCLA/projects/neureality/gimbal_ws/install/gimbal_interface/share/gimbal_interface/environment/library_path.sh
[0.975s] -- Up-to-date: /Users/huajingzhao/Desktop/UCLA/projects/neureality/gimbal_ws/install/gimbal_interface/share/gimbal_interface/environment/library_path.dsv
[0.975s] -- Installing: /Users/huajingzhao/Desktop/UCLA/projects/neureality/gimbal_ws/install/gimbal_interface/lib/libgimbal_interface__rosidl_generator_c.dylib
[0.986s] -- Up-to-date: /Users/huajingzhao/Desktop/UCLA/projects/neureality/gimbal_ws/install/gimbal_interface/include/gimbal_interface/gimbal_interface
[0.986s] -- Up-to-date: /Users/huajingzhao/Desktop/UCLA/projects/neureality/gimbal_ws/install/gimbal_interface/include/gimbal_interface/gimbal_interface/msg
[0.986s] -- Up-to-date: /Users/huajingzhao/Desktop/UCLA/projects/neureality/gimbal_ws/install/gimbal_interface/include/gimbal_interface/gimbal_interface/msg/detail
[0.986s] -- Up-to-date: /Users/huajingzhao/Desktop/UCLA/projects/neureality/gimbal_ws/install/gimbal_interface/include/gimbal_interface/gimbal_interface/msg/detail/gimbal__rosidl_typesupport_fastrtps_c.h
[0.986s] -- Up-to-date: /Users/huajingzhao/Desktop/UCLA/projects/neureality/gimbal_ws/install/gimbal_interface/include/gimbal_interface/gimbal_interface/msg/rosidl_typesupport_fastrtps_c__visibility_control.h
[0.986s] -- Up-to-date: /Users/huajingzhao/Desktop/UCLA/projects/neureality/gimbal_ws/install/gimbal_interface/lib/libgimbal_interface__rosidl_typesupport_fastrtps_c.dylib
[0.995s] error: /Applications/Xcode.app/Contents/Developer/Toolchains/XcodeDefault.xctoolchain/usr/bin/install_name_tool: no LC_RPATH load command with path: /Users/huajingzhao/ros2/humble/install/lib found in: /Users/huajingzhao/Desktop/UCLA/projects/neureality/gimbal_ws/install/gimbal_interface/lib/libgimbal_interface__rosidl_typesupport_fastrtps_c.dylib (for architecture arm64), required for specified option "-delete_rpath /Users/huajingzhao/ros2/humble/install/lib"
[0.995s] error: /Applications/Xcode.app/Contents/Developer/Toolchains/XcodeDefault.xctoolchain/usr/bin/install_name_tool: no LC_RPATH load command with path: /Users/huajingzhao/Desktop/UCLA/projects/neureality/gimbal_ws/build/gimbal_interface found in: /Users/huajingzhao/Desktop/UCLA/projects/neureality/gimbal_ws/install/gimbal_interface/lib/libgimbal_interface__rosidl_typesupport_fastrtps_c.dylib (for architecture arm64), required for specified option "-delete_rpath /Users/huajingzhao/Desktop/UCLA/projects/neureality/gimbal_ws/build/gimbal_interface"
[0.995s] -- Up-to-date: /Users/huajingzhao/Desktop/UCLA/projects/neureality/gimbal_ws/install/gimbal_interface/include/gimbal_interface/gimbal_interface
[0.995s] -- Up-to-date: /Users/huajingzhao/Desktop/UCLA/projects/neureality/gimbal_ws/install/gimbal_interface/include/gimbal_interface/gimbal_interface/msg
[0.995s] -- Up-to-date: /Users/huajingzhao/Desktop/UCLA/projects/neureality/gimbal_ws/install/gimbal_interface/include/gimbal_interface/gimbal_interface/msg/detail
[0.995s] -- Up-to-date: /Users/huajingzhao/Desktop/UCLA/projects/neureality/gimbal_ws/install/gimbal_interface/include/gimbal_interface/gimbal_interface/msg/detail/gimbal__rosidl_typesupport_introspection_c.h
[0.995s] -- Up-to-date: /Users/huajingzhao/Desktop/UCLA/projects/neureality/gimbal_ws/install/gimbal_interface/include/gimbal_interface/gimbal_interface/msg/detail/gimbal__type_support.c
[0.995s] -- Up-to-date: /Users/huajingzhao/Desktop/UCLA/projects/neureality/gimbal_ws/install/gimbal_interface/include/gimbal_interface/gimbal_interface/msg/rosidl_typesupport_introspection_c__visibility_control.h
[0.995s] -- Installing: /Users/huajingzhao/Desktop/UCLA/projects/neureality/gimbal_ws/install/gimbal_interface/lib/libgimbal_interface__rosidl_typesupport_introspection_c.dylib
[1.006s] -- Installing: /Users/huajingzhao/Desktop/UCLA/projects/neureality/gimbal_ws/install/gimbal_interface/lib/libgimbal_interface__rosidl_typesupport_c.dylib
[1.016s] -- Up-to-date: /Users/huajingzhao/Desktop/UCLA/projects/neureality/gimbal_ws/install/gimbal_interface/include/gimbal_interface/gimbal_interface
[1.016s] -- Up-to-date: /Users/huajingzhao/Desktop/UCLA/projects/neureality/gimbal_ws/install/gimbal_interface/include/gimbal_interface/gimbal_interface/msg
[1.016s] -- Up-to-date: /Users/huajingzhao/Desktop/UCLA/projects/neureality/gimbal_ws/install/gimbal_interface/include/gimbal_interface/gimbal_interface/msg/detail
[1.016s] -- Up-to-date: /Users/huajingzhao/Desktop/UCLA/projects/neureality/gimbal_ws/install/gimbal_interface/include/gimbal_interface/gimbal_interface/msg/detail/gimbal__traits.hpp
[1.016s] -- Up-to-date: /Users/huajingzhao/Desktop/UCLA/projects/neureality/gimbal_ws/install/gimbal_interface/include/gimbal_interface/gimbal_interface/msg/detail/gimbal__struct.hpp
[1.016s] -- Up-to-date: /Users/huajingzhao/Desktop/UCLA/projects/neureality/gimbal_ws/install/gimbal_interface/include/gimbal_interface/gimbal_interface/msg/detail/gimbal__builder.hpp
[1.016s] -- Up-to-date: /Users/huajingzhao/Desktop/UCLA/projects/neureality/gimbal_ws/install/gimbal_interface/include/gimbal_interface/gimbal_interface/msg/gimbal.hpp
[1.016s] -- Up-to-date: /Users/huajingzhao/Desktop/UCLA/projects/neureality/gimbal_ws/install/gimbal_interface/include/gimbal_interface/gimbal_interface
[1.017s] -- Up-to-date: /Users/huajingzhao/Desktop/UCLA/projects/neureality/gimbal_ws/install/gimbal_interface/include/gimbal_interface/gimbal_interface/msg
[1.017s] -- Up-to-date: /Users/huajingzhao/Desktop/UCLA/projects/neureality/gimbal_ws/install/gimbal_interface/include/gimbal_interface/gimbal_interface/msg/rosidl_typesupport_fastrtps_cpp__visibility_control.h
[1.017s] -- Up-to-date: /Users/huajingzhao/Desktop/UCLA/projects/neureality/gimbal_ws/install/gimbal_interface/include/gimbal_interface/gimbal_interface/msg/detail
[1.017s] -- Up-to-date: /Users/huajingzhao/Desktop/UCLA/projects/neureality/gimbal_ws/install/gimbal_interface/include/gimbal_interface/gimbal_interface/msg/detail/gimbal__rosidl_typesupport_fastrtps_cpp.hpp
[1.017s] -- Up-to-date: /Users/huajingzhao/Desktop/UCLA/projects/neureality/gimbal_ws/install/gimbal_interface/include/gimbal_interface/gimbal_interface/msg/detail/dds_fastrtps
[1.017s] -- Up-to-date: /Users/huajingzhao/Desktop/UCLA/projects/neureality/gimbal_ws/install/gimbal_interface/lib/libgimbal_interface__rosidl_typesupport_fastrtps_cpp.dylib
[1.025s] error: /Applications/Xcode.app/Contents/Developer/Toolchains/XcodeDefault.xctoolchain/usr/bin/install_name_tool: no LC_RPATH load command with path: /Users/huajingzhao/ros2/humble/install/lib found in: /Users/huajingzhao/Desktop/UCLA/projects/neureality/gimbal_ws/install/gimbal_interface/lib/libgimbal_interface__rosidl_typesupport_fastrtps_cpp.dylib (for architecture arm64), required for specified option "-delete_rpath /Users/huajingzhao/ros2/humble/install/lib"
[1.026s] -- Up-to-date: /Users/huajingzhao/Desktop/UCLA/projects/neureality/gimbal_ws/install/gimbal_interface/include/gimbal_interface/gimbal_interface
[1.026s] -- Up-to-date: /Users/huajingzhao/Desktop/UCLA/projects/neureality/gimbal_ws/install/gimbal_interface/include/gimbal_interface/gimbal_interface/msg
[1.026s] -- Up-to-date: /Users/huajingzhao/Desktop/UCLA/projects/neureality/gimbal_ws/install/gimbal_interface/include/gimbal_interface/gimbal_interface/msg/detail
[1.026s] -- Up-to-date: /Users/huajingzhao/Desktop/UCLA/projects/neureality/gimbal_ws/install/gimbal_interface/include/gimbal_interface/gimbal_interface/msg/detail/gimbal__type_support.cpp
[1.026s] -- Up-to-date: /Users/huajingzhao/Desktop/UCLA/projects/neureality/gimbal_ws/install/gimbal_interface/include/gimbal_interface/gimbal_interface/msg/detail/gimbal__rosidl_typesupport_introspection_cpp.hpp
[1.026s] -- Installing: /Users/huajingzhao/Desktop/UCLA/projects/neureality/gimbal_ws/install/gimbal_interface/lib/libgimbal_interface__rosidl_typesupport_introspection_cpp.dylib
[1.036s] -- Installing: /Users/huajingzhao/Desktop/UCLA/projects/neureality/gimbal_ws/install/gimbal_interface/lib/libgimbal_interface__rosidl_typesupport_cpp.dylib
[1.045s] -- Up-to-date: /Users/huajingzhao/Desktop/UCLA/projects/neureality/gimbal_ws/install/gimbal_interface/share/gimbal_interface/environment/pythonpath.sh
[1.045s] -- Up-to-date: /Users/huajingzhao/Desktop/UCLA/projects/neureality/gimbal_ws/install/gimbal_interface/share/gimbal_interface/environment/pythonpath.dsv
[1.046s] -- Up-to-date: /Users/huajingzhao/Desktop/UCLA/projects/neureality/gimbal_ws/install/gimbal_interface/../../../../../../../../../opt/homebrew/lib/python3.12/site-packages/gimbal_interface-0.0.0-py3.12.egg-info
[1.046s] -- Installing: /Users/huajingzhao/Desktop/UCLA/projects/neureality/gimbal_ws/install/gimbal_interface/../../../../../../../../../opt/homebrew/lib/python3.12/site-packages/gimbal_interface-0.0.0-py3.12.egg-info/PKG-INFO
[1.046s] -- Installing: /Users/huajingzhao/Desktop/UCLA/projects/neureality/gimbal_ws/install/gimbal_interface/../../../../../../../../../opt/homebrew/lib/python3.12/site-packages/gimbal_interface-0.0.0-py3.12.egg-info/SOURCES.txt
[1.046s] -- Installing: /Users/huajingzhao/Desktop/UCLA/projects/neureality/gimbal_ws/install/gimbal_interface/../../../../../../../../../opt/homebrew/lib/python3.12/site-packages/gimbal_interface-0.0.0-py3.12.egg-info/top_level.txt
[1.046s] -- Installing: /Users/huajingzhao/Desktop/UCLA/projects/neureality/gimbal_ws/install/gimbal_interface/../../../../../../../../../opt/homebrew/lib/python3.12/site-packages/gimbal_interface-0.0.0-py3.12.egg-info/dependency_links.txt
[1.047s] -- Up-to-date: /Users/huajingzhao/Desktop/UCLA/projects/neureality/gimbal_ws/install/gimbal_interface/../../../../../../../../../opt/homebrew/lib/python3.12/site-packages/gimbal_interface
[1.047s] -- Up-to-date: /Users/huajingzhao/Desktop/UCLA/projects/neureality/gimbal_ws/install/gimbal_interface/../../../../../../../../../opt/homebrew/lib/python3.12/site-packages/gimbal_interface/gimbal_interface_s__rosidl_typesupport_introspection_c.cpython-310-darwin.so
[1.047s] -- Up-to-date: /Users/huajingzhao/Desktop/UCLA/projects/neureality/gimbal_ws/install/gimbal_interface/../../../../../../../../../opt/homebrew/lib/python3.12/site-packages/gimbal_interface/msg
[1.047s] -- Up-to-date: /Users/huajingzhao/Desktop/UCLA/projects/neureality/gimbal_ws/install/gimbal_interface/../../../../../../../../../opt/homebrew/lib/python3.12/site-packages/gimbal_interface/msg/_gimbal.py
[1.047s] -- Up-to-date: /Users/huajingzhao/Desktop/UCLA/projects/neureality/gimbal_ws/install/gimbal_interface/../../../../../../../../../opt/homebrew/lib/python3.12/site-packages/gimbal_interface/msg/__init__.py
[1.047s] -- Up-to-date: /Users/huajingzhao/Desktop/UCLA/projects/neureality/gimbal_ws/install/gimbal_interface/../../../../../../../../../opt/homebrew/lib/python3.12/site-packages/gimbal_interface/msg/_gimbal_s.c
[1.047s] -- Up-to-date: /Users/huajingzhao/Desktop/UCLA/projects/neureality/gimbal_ws/install/gimbal_interface/../../../../../../../../../opt/homebrew/lib/python3.12/site-packages/gimbal_interface/_gimbal_interface_s.ep.rosidl_typesupport_fastrtps_c.c
[1.047s] -- Up-to-date: /Users/huajingzhao/Desktop/UCLA/projects/neureality/gimbal_ws/install/gimbal_interface/../../../../../../../../../opt/homebrew/lib/python3.12/site-packages/gimbal_interface/libgimbal_interface__rosidl_generator_py.dylib
[1.047s] -- Up-to-date: /Users/huajingzhao/Desktop/UCLA/projects/neureality/gimbal_ws/install/gimbal_interface/../../../../../../../../../opt/homebrew/lib/python3.12/site-packages/gimbal_interface/_gimbal_interface_s.ep.rosidl_typesupport_c.c
[1.047s] -- Up-to-date: /Users/huajingzhao/Desktop/UCLA/projects/neureality/gimbal_ws/install/gimbal_interface/../../../../../../../../../opt/homebrew/lib/python3.12/site-packages/gimbal_interface/__init__.py
[1.047s] -- Up-to-date: /Users/huajingzhao/Desktop/UCLA/projects/neureality/gimbal_ws/install/gimbal_interface/../../../../../../../../../opt/homebrew/lib/python3.12/site-packages/gimbal_interface/gimbal_interface_s__rosidl_typesupport_fastrtps_c.cpython-310-darwin.so
[1.047s] -- Up-to-date: /Users/huajingzhao/Desktop/UCLA/projects/neureality/gimbal_ws/install/gimbal_interface/../../../../../../../../../opt/homebrew/lib/python3.12/site-packages/gimbal_interface/gimbal_interface_s__rosidl_typesupport_c.cpython-310-darwin.so
[1.047s] -- Up-to-date: /Users/huajingzhao/Desktop/UCLA/projects/neureality/gimbal_ws/install/gimbal_interface/../../../../../../../../../opt/homebrew/lib/python3.12/site-packages/gimbal_interface/_gimbal_interface_s.ep.rosidl_typesupport_introspection_c.c
[1.101s] Listing '/Users/huajingzhao/Desktop/UCLA/projects/neureality/gimbal_ws/install/gimbal_interface/../../../../../../../../../opt/homebrew/lib/python3.12/site-packages/gimbal_interface'...
[1.101s] Listing '/Users/huajingzhao/Desktop/UCLA/projects/neureality/gimbal_ws/install/gimbal_interface/../../../../../../../../../opt/homebrew/lib/python3.12/site-packages/gimbal_interface/msg'...
[1.104s] -- Up-to-date: /Users/huajingzhao/Desktop/UCLA/projects/neureality/gimbal_ws/install/gimbal_interface/../../../../../../../../../opt/homebrew/lib/python3.12/site-packages/gimbal_interface/gimbal_interface_s__rosidl_typesupport_fastrtps_c.cpython-310-darwin.so
[1.113s] error: /Applications/Xcode.app/Contents/Developer/Toolchains/XcodeDefault.xctoolchain/usr/bin/install_name_tool: no LC_RPATH load command with path: /Users/huajingzhao/Desktop/UCLA/projects/neureality/gimbal_ws/build/gimbal_interface/rosidl_generator_py/gimbal_interface found in: /Users/huajingzhao/Desktop/UCLA/projects/neureality/gimbal_ws/install/gimbal_interface/../../../../../../../../../opt/homebrew/lib/python3.12/site-packages/gimbal_interface/gimbal_interface_s__rosidl_typesupport_fastrtps_c.cpython-310-darwin.so (for architecture arm64), required for specified option "-delete_rpath /Users/huajingzhao/Desktop/UCLA/projects/neureality/gimbal_ws/build/gimbal_interface/rosidl_generator_py/gimbal_interface"
[1.113s] error: /Applications/Xcode.app/Contents/Developer/Toolchains/XcodeDefault.xctoolchain/usr/bin/install_name_tool: no LC_RPATH load command with path: /Users/huajingzhao/Desktop/UCLA/projects/neureality/gimbal_ws/build/gimbal_interface found in: /Users/huajingzhao/Desktop/UCLA/projects/neureality/gimbal_ws/install/gimbal_interface/../../../../../../../../../opt/homebrew/lib/python3.12/site-packages/gimbal_interface/gimbal_interface_s__rosidl_typesupport_fastrtps_c.cpython-310-darwin.so (for architecture arm64), required for specified option "-delete_rpath /Users/huajingzhao/Desktop/UCLA/projects/neureality/gimbal_ws/build/gimbal_interface"
[1.113s] error: /Applications/Xcode.app/Contents/Developer/Toolchains/XcodeDefault.xctoolchain/usr/bin/install_name_tool: no LC_RPATH load command with path: /Users/huajingzhao/ros2/humble/install/lib found in: /Users/huajingzhao/Desktop/UCLA/projects/neureality/gimbal_ws/install/gimbal_interface/../../../../../../../../../opt/homebrew/lib/python3.12/site-packages/gimbal_interface/gimbal_interface_s__rosidl_typesupport_fastrtps_c.cpython-310-darwin.so (for architecture arm64), required for specified option "-delete_rpath /Users/huajingzhao/ros2/humble/install/lib"
[1.113s] -- Up-to-date: /Users/huajingzhao/Desktop/UCLA/projects/neureality/gimbal_ws/install/gimbal_interface/../../../../../../../../../opt/homebrew/lib/python3.12/site-packages/gimbal_interface/gimbal_interface_s__rosidl_typesupport_introspection_c.cpython-310-darwin.so
[1.121s] error: /Applications/Xcode.app/Contents/Developer/Toolchains/XcodeDefault.xctoolchain/usr/bin/install_name_tool: no LC_RPATH load command with path: /Users/huajingzhao/Desktop/UCLA/projects/neureality/gimbal_ws/build/gimbal_interface/rosidl_generator_py/gimbal_interface found in: /Users/huajingzhao/Desktop/UCLA/projects/neureality/gimbal_ws/install/gimbal_interface/../../../../../../../../../opt/homebrew/lib/python3.12/site-packages/gimbal_interface/gimbal_interface_s__rosidl_typesupport_introspection_c.cpython-310-darwin.so (for architecture arm64), required for specified option "-delete_rpath /Users/huajingzhao/Desktop/UCLA/projects/neureality/gimbal_ws/build/gimbal_interface/rosidl_generator_py/gimbal_interface"
[1.121s] error: /Applications/Xcode.app/Contents/Developer/Toolchains/XcodeDefault.xctoolchain/usr/bin/install_name_tool: no LC_RPATH load command with path: /Users/huajingzhao/Desktop/UCLA/projects/neureality/gimbal_ws/build/gimbal_interface found in: /Users/huajingzhao/Desktop/UCLA/projects/neureality/gimbal_ws/install/gimbal_interface/../../../../../../../../../opt/homebrew/lib/python3.12/site-packages/gimbal_interface/gimbal_interface_s__rosidl_typesupport_introspection_c.cpython-310-darwin.so (for architecture arm64), required for specified option "-delete_rpath /Users/huajingzhao/Desktop/UCLA/projects/neureality/gimbal_ws/build/gimbal_interface"
[1.121s] error: /Applications/Xcode.app/Contents/Developer/Toolchains/XcodeDefault.xctoolchain/usr/bin/install_name_tool: no LC_RPATH load command with path: /Users/huajingzhao/ros2/humble/install/lib found in: /Users/huajingzhao/Desktop/UCLA/projects/neureality/gimbal_ws/install/gimbal_interface/../../../../../../../../../opt/homebrew/lib/python3.12/site-packages/gimbal_interface/gimbal_interface_s__rosidl_typesupport_introspection_c.cpython-310-darwin.so (for architecture arm64), required for specified option "-delete_rpath /Users/huajingzhao/ros2/humble/install/lib"
[1.121s] -- Up-to-date: /Users/huajingzhao/Desktop/UCLA/projects/neureality/gimbal_ws/install/gimbal_interface/../../../../../../../../../opt/homebrew/lib/python3.12/site-packages/gimbal_interface/gimbal_interface_s__rosidl_typesupport_c.cpython-310-darwin.so
[1.129s] error: /Applications/Xcode.app/Contents/Developer/Toolchains/XcodeDefault.xctoolchain/usr/bin/install_name_tool: no LC_RPATH load command with path: /Users/huajingzhao/Desktop/UCLA/projects/neureality/gimbal_ws/build/gimbal_interface/rosidl_generator_py/gimbal_interface found in: /Users/huajingzhao/Desktop/UCLA/projects/neureality/gimbal_ws/install/gimbal_interface/../../../../../../../../../opt/homebrew/lib/python3.12/site-packages/gimbal_interface/gimbal_interface_s__rosidl_typesupport_c.cpython-310-darwin.so (for architecture arm64), required for specified option "-delete_rpath /Users/huajingzhao/Desktop/UCLA/projects/neureality/gimbal_ws/build/gimbal_interface/rosidl_generator_py/gimbal_interface"
[1.129s] error: /Applications/Xcode.app/Contents/Developer/Toolchains/XcodeDefault.xctoolchain/usr/bin/install_name_tool: no LC_RPATH load command with path: /Users/huajingzhao/Desktop/UCLA/projects/neureality/gimbal_ws/build/gimbal_interface found in: /Users/huajingzhao/Desktop/UCLA/projects/neureality/gimbal_ws/install/gimbal_interface/../../../../../../../../../opt/homebrew/lib/python3.12/site-packages/gimbal_interface/gimbal_interface_s__rosidl_typesupport_c.cpython-310-darwin.so (for architecture arm64), required for specified option "-delete_rpath /Users/huajingzhao/Desktop/UCLA/projects/neureality/gimbal_ws/build/gimbal_interface"
[1.129s] error: /Applications/Xcode.app/Contents/Developer/Toolchains/XcodeDefault.xctoolchain/usr/bin/install_name_tool: no LC_RPATH load command with path: /Users/huajingzhao/ros2/humble/install/lib found in: /Users/huajingzhao/Desktop/UCLA/projects/neureality/gimbal_ws/install/gimbal_interface/../../../../../../../../../opt/homebrew/lib/python3.12/site-packages/gimbal_interface/gimbal_interface_s__rosidl_typesupport_c.cpython-310-darwin.so (for architecture arm64), required for specified option "-delete_rpath /Users/huajingzhao/ros2/humble/install/lib"
[1.129s] -- Up-to-date: /Users/huajingzhao/Desktop/UCLA/projects/neureality/gimbal_ws/install/gimbal_interface/lib/libgimbal_interface__rosidl_generator_py.dylib
[1.137s] error: /Applications/Xcode.app/Contents/Developer/Toolchains/XcodeDefault.xctoolchain/usr/bin/install_name_tool: no LC_RPATH load command with path: /Users/huajingzhao/Desktop/UCLA/projects/neureality/gimbal_ws/build/gimbal_interface found in: /Users/huajingzhao/Desktop/UCLA/projects/neureality/gimbal_ws/install/gimbal_interface/lib/libgimbal_interface__rosidl_generator_py.dylib (for architecture arm64), required for specified option "-delete_rpath /Users/huajingzhao/Desktop/UCLA/projects/neureality/gimbal_ws/build/gimbal_interface"
[1.137s] error: /Applications/Xcode.app/Contents/Developer/Toolchains/XcodeDefault.xctoolchain/usr/bin/install_name_tool: no LC_RPATH load command with path: /Users/huajingzhao/ros2/humble/install/lib found in: /Users/huajingzhao/Desktop/UCLA/projects/neureality/gimbal_ws/install/gimbal_interface/lib/libgimbal_interface__rosidl_generator_py.dylib (for architecture arm64), required for specified option "-delete_rpath /Users/huajingzhao/ros2/humble/install/lib"
[1.137s] -- Up-to-date: /Users/huajingzhao/Desktop/UCLA/projects/neureality/gimbal_ws/install/gimbal_interface/share/gimbal_interface/msg/Gimbal.idl
[1.137s] -- Up-to-date: /Users/huajingzhao/Desktop/UCLA/projects/neureality/gimbal_ws/install/gimbal_interface/share/gimbal_interface/msg/Gimbal.msg
[1.138s] -- Up-to-date: /Users/huajingzhao/Desktop/UCLA/projects/neureality/gimbal_ws/install/gimbal_interface/share/ament_index/resource_index/package_run_dependencies/gimbal_interface
[1.138s] -- Up-to-date: /Users/huajingzhao/Desktop/UCLA/projects/neureality/gimbal_ws/install/gimbal_interface/share/ament_index/resource_index/parent_prefix_path/gimbal_interface
[1.138s] -- Up-to-date: /Users/huajingzhao/Desktop/UCLA/projects/neureality/gimbal_ws/install/gimbal_interface/share/gimbal_interface/environment/ament_prefix_path.dsv
[1.138s] -- Up-to-date: /Users/huajingzhao/Desktop/UCLA/projects/neureality/gimbal_ws/install/gimbal_interface/share/gimbal_interface/environment/path.dsv
[1.138s] -- Up-to-date: /Users/huajingzhao/Desktop/UCLA/projects/neureality/gimbal_ws/install/gimbal_interface/share/gimbal_interface/local_setup.bash
[1.138s] -- Up-to-date: /Users/huajingzhao/Desktop/UCLA/projects/neureality/gimbal_ws/install/gimbal_interface/share/gimbal_interface/local_setup.sh
[1.138s] -- Up-to-date: /Users/huajingzhao/Desktop/UCLA/projects/neureality/gimbal_ws/install/gimbal_interface/share/gimbal_interface/local_setup.zsh
[1.138s] -- Up-to-date: /Users/huajingzhao/Desktop/UCLA/projects/neureality/gimbal_ws/install/gimbal_interface/share/gimbal_interface/local_setup.dsv
[1.138s] -- Installing: /Users/huajingzhao/Desktop/UCLA/projects/neureality/gimbal_ws/install/gimbal_interface/share/gimbal_interface/package.dsv
[1.138s] -- Up-to-date: /Users/huajingzhao/Desktop/UCLA/projects/neureality/gimbal_ws/install/gimbal_interface/share/ament_index/resource_index/packages/gimbal_interface
[1.139s] -- Up-to-date: /Users/huajingzhao/Desktop/UCLA/projects/neureality/gimbal_ws/install/gimbal_interface/share/gimbal_interface/cmake/export_gimbal_interface__rosidl_generator_cExport.cmake
[1.139s] -- Up-to-date: /Users/huajingzhao/Desktop/UCLA/projects/neureality/gimbal_ws/install/gimbal_interface/share/gimbal_interface/cmake/export_gimbal_interface__rosidl_generator_cExport-noconfig.cmake
[1.139s] -- Up-to-date: /Users/huajingzhao/Desktop/UCLA/projects/neureality/gimbal_ws/install/gimbal_interface/share/gimbal_interface/cmake/export_gimbal_interface__rosidl_typesupport_fastrtps_cExport.cmake
[1.139s] -- Up-to-date: /Users/huajingzhao/Desktop/UCLA/projects/neureality/gimbal_ws/install/gimbal_interface/share/gimbal_interface/cmake/export_gimbal_interface__rosidl_typesupport_fastrtps_cExport-noconfig.cmake
[1.139s] -- Up-to-date: /Users/huajingzhao/Desktop/UCLA/projects/neureality/gimbal_ws/install/gimbal_interface/share/gimbal_interface/cmake/gimbal_interface__rosidl_typesupport_introspection_cExport.cmake
[1.139s] -- Up-to-date: /Users/huajingzhao/Desktop/UCLA/projects/neureality/gimbal_ws/install/gimbal_interface/share/gimbal_interface/cmake/gimbal_interface__rosidl_typesupport_introspection_cExport-noconfig.cmake
[1.139s] -- Up-to-date: /Users/huajingzhao/Desktop/UCLA/projects/neureality/gimbal_ws/install/gimbal_interface/share/gimbal_interface/cmake/gimbal_interface__rosidl_typesupport_cExport.cmake
[1.139s] -- Up-to-date: /Users/huajingzhao/Desktop/UCLA/projects/neureality/gimbal_ws/install/gimbal_interface/share/gimbal_interface/cmake/gimbal_interface__rosidl_typesupport_cExport-noconfig.cmake
[1.140s] -- Up-to-date: /Users/huajingzhao/Desktop/UCLA/projects/neureality/gimbal_ws/install/gimbal_interface/share/gimbal_interface/cmake/export_gimbal_interface__rosidl_generator_cppExport.cmake
[1.140s] -- Up-to-date: /Users/huajingzhao/Desktop/UCLA/projects/neureality/gimbal_ws/install/gimbal_interface/share/gimbal_interface/cmake/export_gimbal_interface__rosidl_typesupport_fastrtps_cppExport.cmake
[1.140s] -- Up-to-date: /Users/huajingzhao/Desktop/UCLA/projects/neureality/gimbal_ws/install/gimbal_interface/share/gimbal_interface/cmake/export_gimbal_interface__rosidl_typesupport_fastrtps_cppExport-noconfig.cmake
[1.140s] -- Up-to-date: /Users/huajingzhao/Desktop/UCLA/projects/neureality/gimbal_ws/install/gimbal_interface/share/gimbal_interface/cmake/gimbal_interface__rosidl_typesupport_introspection_cppExport.cmake
[1.140s] -- Up-to-date: /Users/huajingzhao/Desktop/UCLA/projects/neureality/gimbal_ws/install/gimbal_interface/share/gimbal_interface/cmake/gimbal_interface__rosidl_typesupport_introspection_cppExport-noconfig.cmake
[1.140s] -- Up-to-date: /Users/huajingzhao/Desktop/UCLA/projects/neureality/gimbal_ws/install/gimbal_interface/share/gimbal_interface/cmake/gimbal_interface__rosidl_typesupport_cppExport.cmake
[1.140s] -- Up-to-date: /Users/huajingzhao/Desktop/UCLA/projects/neureality/gimbal_ws/install/gimbal_interface/share/gimbal_interface/cmake/gimbal_interface__rosidl_typesupport_cppExport-noconfig.cmake
[1.140s] -- Up-to-date: /Users/huajingzhao/Desktop/UCLA/projects/neureality/gimbal_ws/install/gimbal_interface/share/gimbal_interface/cmake/export_gimbal_interface__rosidl_generator_pyExport.cmake
[1.140s] -- Up-to-date: /Users/huajingzhao/Desktop/UCLA/projects/neureality/gimbal_ws/install/gimbal_interface/share/gimbal_interface/cmake/export_gimbal_interface__rosidl_generator_pyExport-noconfig.cmake
[1.140s] -- Up-to-date: /Users/huajingzhao/Desktop/UCLA/projects/neureality/gimbal_ws/install/gimbal_interface/share/gimbal_interface/cmake/rosidl_cmake-extras.cmake
[1.140s] -- Up-to-date: /Users/huajingzhao/Desktop/UCLA/projects/neureality/gimbal_ws/install/gimbal_interface/share/gimbal_interface/cmake/ament_cmake_export_include_directories-extras.cmake
[1.141s] -- Up-to-date: /Users/huajingzhao/Desktop/UCLA/projects/neureality/gimbal_ws/install/gimbal_interface/share/gimbal_interface/cmake/ament_cmake_export_libraries-extras.cmake
[1.141s] -- Up-to-date: /Users/huajingzhao/Desktop/UCLA/projects/neureality/gimbal_ws/install/gimbal_interface/share/gimbal_interface/cmake/ament_cmake_export_targets-extras.cmake
[1.141s] -- Up-to-date: /Users/huajingzhao/Desktop/UCLA/projects/neureality/gimbal_ws/install/gimbal_interface/share/gimbal_interface/cmake/rosidl_cmake_export_typesupport_targets-extras.cmake
[1.141s] -- Up-to-date: /Users/huajingzhao/Desktop/UCLA/projects/neureality/gimbal_ws/install/gimbal_interface/share/gimbal_interface/cmake/ament_cmake_export_dependencies-extras.cmake
[1.141s] -- Up-to-date: /Users/huajingzhao/Desktop/UCLA/projects/neureality/gimbal_ws/install/gimbal_interface/share/gimbal_interface/cmake/rosidl_cmake_export_typesupport_libraries-extras.cmake
[1.141s] -- Up-to-date: /Users/huajingzhao/Desktop/UCLA/projects/neureality/gimbal_ws/install/gimbal_interface/share/gimbal_interface/cmake/gimbal_interfaceConfig.cmake
[1.141s] -- Up-to-date: /Users/huajingzhao/Desktop/UCLA/projects/neureality/gimbal_ws/install/gimbal_interface/share/gimbal_interface/cmake/gimbal_interfaceConfig-version.cmake
[1.141s] -- Up-to-date: /Users/huajingzhao/Desktop/UCLA/projects/neureality/gimbal_ws/install/gimbal_interface/share/gimbal_interface/package.xml
[1.142s] Invoked command in '/Users/huajingzhao/Desktop/UCLA/projects/neureality/gimbal_ws/build/gimbal_interface' returned '0': CMAKE_PREFIX_PATH=${CMAKE_PREFIX_PATH}:/Users/huajingzhao/Desktop/UCLA/projects/neureality/gimbal_ws/install/gimbal_control:/Users/huajingzhao/ros2_ws/install/turtle_tf2_py:/Users/huajingzhao/ros2_ws/install/python_parameters:/Users/huajingzhao/ros2_ws/install/python_parameter_event_handler:/Users/huajingzhao/ros2_ws/install/py_srvcli:/Users/huajingzhao/ros2_ws/install/py_pubsub:/Users/huajingzhao/ros2_ws/install/py_launch_example:/Users/huajingzhao/ros2_ws/install/my_package:/Users/huajingzhao/ros2_ws/install/learning_tf2_py:/Users/huajingzhao/ros2_ws/install/launch_tutorial:/Users/huajingzhao/ros2_ws/install/launch_testing_examples:/Users/huajingzhao/ros2_ws/install/examples_rclpy_pointcloud_publisher:/Users/huajingzhao/ros2_ws/install/examples_rclpy_minimal_subscriber:/Users/huajingzhao/ros2_ws/install/examples_rclpy_minimal_service:/Users/huajingzhao/ros2_ws/install/examples_rclpy_minimal_publisher:/Users/huajingzhao/ros2_ws/install/examples_rclpy_minimal_client:/Users/huajingzhao/ros2_ws/install/examples_rclpy_minimal_action_server:/Users/huajingzhao/ros2_ws/install/examples_rclpy_minimal_action_client:/Users/huajingzhao/ros2_ws/install/examples_rclpy_guard_conditions:/Users/huajingzhao/ros2_ws/install/examples_rclpy_executors:/Users/huajingzhao/Desktop/UCLA/projects/ros2_ws/install/launch_testing_examples:/Users/huajingzhao/Desktop/UCLA/projects/ros2_ws/install/gimbal_control:/Users/huajingzhao/Desktop/UCLA/projects/ros2_ws/install/examples_rclpy_pointcloud_publisher:/Users/huajingzhao/Desktop/UCLA/projects/ros2_ws/install/examples_rclpy_minimal_subscriber:/Users/huajingzhao/Desktop/UCLA/projects/ros2_ws/install/examples_rclpy_minimal_service:/Users/huajingzhao/Desktop/UCLA/projects/ros2_ws/install/examples_rclpy_minimal_publisher:/Users/huajingzhao/Desktop/UCLA/projects/ros2_ws/install/examples_rclpy_minimal_client:/Users/huajingzhao/Desktop/UCLA/projects/ros2_ws/install/examples_rclpy_minimal_action_server:/Users/huajingzhao/Desktop/UCLA/projects/ros2_ws/install/examples_rclpy_minimal_action_client:/Users/huajingzhao/Desktop/UCLA/projects/ros2_ws/install/examples_rclpy_guard_conditions:/Users/huajingzhao/Desktop/UCLA/projects/ros2_ws/install/examples_rclpy_executors SHLVL=2 VIRTUAL_ENV_PROMPT=(venv) _=/usr/bin/env /opt/homebrew/bin/cmake --install /Users/huajingzhao/Desktop/UCLA/projects/neureality/gimbal_ws/build/gimbal_interface
