[0.308s] Invoking command in '/Users/huajingzhao/Desktop/UCLA/projects/neureality/gimbal_ws/build/gimbal_interface': CMAKE_PREFIX_PATH=${CMAKE_PREFIX_PATH}:/Users/huajingzhao/ros2_ws/install/turtle_tf2_py:/Users/huajingzhao/ros2_ws/install/python_parameters:/Users/huajingzhao/ros2_ws/install/python_parameter_event_handler:/Users/huajingzhao/ros2_ws/install/py_srvcli:/Users/huajingzhao/ros2_ws/install/py_pubsub:/Users/huajingzhao/ros2_ws/install/py_launch_example:/Users/huajingzhao/ros2_ws/install/my_package:/Users/huajingzhao/ros2_ws/install/learning_tf2_py:/Users/huajingzhao/ros2_ws/install/launch_tutorial:/Users/huajingzhao/ros2_ws/install/launch_testing_examples:/Users/huajingzhao/ros2_ws/install/examples_rclpy_pointcloud_publisher:/Users/huajingzhao/ros2_ws/install/examples_rclpy_minimal_subscriber:/Users/huajingzhao/ros2_ws/install/examples_rclpy_minimal_service:/Users/huajingzhao/ros2_ws/install/examples_rclpy_minimal_publisher:/Users/huajingzhao/ros2_ws/install/examples_rclpy_minimal_client:/Users/huajingzhao/ros2_ws/install/examples_rclpy_minimal_action_server:/Users/huajingzhao/ros2_ws/install/examples_rclpy_minimal_action_client:/Users/huajingzhao/ros2_ws/install/examples_rclpy_guard_conditions:/Users/huajingzhao/ros2_ws/install/examples_rclpy_executors:/Users/huajingzhao/Desktop/UCLA/projects/ros2_ws/install/launch_testing_examples:/Users/huajingzhao/Desktop/UCLA/projects/ros2_ws/install/gimbal_control:/Users/huajingzhao/Desktop/UCLA/projects/ros2_ws/install/examples_rclpy_pointcloud_publisher:/Users/huajingzhao/Desktop/UCLA/projects/ros2_ws/install/examples_rclpy_minimal_subscriber:/Users/huajingzhao/Desktop/UCLA/projects/ros2_ws/install/examples_rclpy_minimal_service:/Users/huajingzhao/Desktop/UCLA/projects/ros2_ws/install/examples_rclpy_minimal_publisher:/Users/huajingzhao/Desktop/UCLA/projects/ros2_ws/install/examples_rclpy_minimal_client:/Users/huajingzhao/Desktop/UCLA/projects/ros2_ws/install/examples_rclpy_minimal_action_server:/Users/huajingzhao/Desktop/UCLA/projects/ros2_ws/install/examples_rclpy_minimal_action_client:/Users/huajingzhao/Desktop/UCLA/projects/ros2_ws/install/examples_rclpy_guard_conditions:/Users/huajingzhao/Desktop/UCLA/projects/ros2_ws/install/examples_rclpy_executors SHLVL=2 VIRTUAL_ENV_PROMPT=(venv) _=/usr/bin/env /opt/homebrew/bin/cmake /Users/huajingzhao/Desktop/UCLA/projects/neureality/gimbal_ws/src/gimbal_interface -DCMAKE_INSTALL_PREFIX=/Users/huajingzhao/Desktop/UCLA/projects/neureality/gimbal_ws/install/gimbal_interface
[0.717s] -- The CXX compiler identification is Clang 17.0.6
[0.755s] -- Checking whether C compiler has -isysroot
[0.836s] -- Checking whether C compiler has -isysroot - yes
[0.836s] -- Checking whether C compiler supports OSX deployment target flag
[0.883s] -- Checking whether C compiler supports OSX deployment target flag - yes
[0.914s] -- Detecting CXX compiler ABI info
[1.066s] -- Detecting CXX compiler ABI info - done
[1.070s] -- Check for working CXX compiler: /opt/homebrew/opt/llvm/bin/clang++ - skipped
[1.071s] -- Detecting CXX compile features
[1.071s] -- Detecting CXX compile features - done
[1.102s] -- Found ament_cmake: 1.3.7 (/Users/huajingzhao/ros2/humble/install/share/ament_cmake/cmake)
[1.795s] -- Found Python3: /opt/homebrew/Frameworks/Python.framework/Versions/3.12/bin/python3.12 (found version "3.12.1") found components: Interpreter 
[2.069s] -- Found ament_lint_auto: 0.12.10 (/Users/huajingzhao/ros2/humble/install/share/ament_lint_auto/cmake)
[2.276s] -- Found rosidl_default_generators: 1.2.0 (/Users/huajingzhao/ros2/humble/install/share/rosidl_default_generators/cmake)
[2.295s] -- Using all available rosidl_typesupport_c: rosidl_typesupport_fastrtps_c;rosidl_typesupport_introspection_c
[2.330s] -- Found rosidl_adapter: 3.1.5 (/Users/huajingzhao/ros2/humble/install/share/rosidl_adapter/cmake)
[2.449s] -- Using all available rosidl_typesupport_cpp: rosidl_typesupport_fastrtps_cpp;rosidl_typesupport_introspection_cpp
[2.970s] -- Found ament_cmake_ros: 0.10.0 (/Users/huajingzhao/ros2/humble/install/share/ament_cmake_ros/cmake)
[3.525s] -- Using all available rosidl_typesupport_c: rosidl_typesupport_fastrtps_c;rosidl_typesupport_introspection_c
[4.231s] -- Using all available rosidl_typesupport_cpp: rosidl_typesupport_fastrtps_cpp;rosidl_typesupport_introspection_cpp
[4.233s] CMake Warning (dev) at /Users/huajingzhao/ros2/humble/install/share/rosidl_generator_py/cmake/rosidl_generator_py_generate_interfaces.cmake:20 (find_package):
[4.233s]   Policy CMP0148 is not set: The FindPythonInterp and FindPythonLibs modules
[4.233s]   are removed.  Run "cmake --help-policy CMP0148" for policy details.  Use
[4.233s]   the cmake_policy command to set the policy and suppress this warning.
[4.233s] 
[4.233s] Call Stack (most recent call first):
[4.233s]   /Users/huajingzhao/ros2/humble/install/share/ament_cmake_core/cmake/core/ament_execute_extensions.cmake:48 (include)
[4.233s]   /Users/huajingzhao/ros2/humble/install/share/rosidl_cmake/cmake/rosidl_generate_interfaces.cmake:286 (ament_execute_extensions)
[4.233s]   CMakeLists.txt:27 (rosidl_generate_interfaces)
[4.233s] This warning is for project developers.  Use -Wno-dev to suppress it.
[4.233s] 
[4.262s] -- Found PythonInterp: /Users/huajingzhao/ros2/venv/bin/python3 (found suitable version "3.10.13", minimum required is "3.6") 
[4.274s] -- Found python_cmake_module: 0.10.0 (/Users/huajingzhao/ros2/humble/install/share/python_cmake_module/cmake)
[4.275s] CMake Warning (dev) at /Users/huajingzhao/ros2/humble/install/share/python_cmake_module/cmake/Modules/FindPythonExtra.cmake:52 (find_package):
[4.275s]   Policy CMP0148 is not set: The FindPythonInterp and FindPythonLibs modules
[4.275s]   are removed.  Run "cmake --help-policy CMP0148" for policy details.  Use
[4.275s]   the cmake_policy command to set the policy and suppress this warning.
[4.275s] 
[4.275s] Call Stack (most recent call first):
[4.275s]   /Users/huajingzhao/ros2/humble/install/share/rosidl_generator_py/cmake/rosidl_generator_py_generate_interfaces.cmake:23 (find_package)
[4.275s]   /Users/huajingzhao/ros2/humble/install/share/ament_cmake_core/cmake/core/ament_execute_extensions.cmake:48 (include)
[4.275s]   /Users/huajingzhao/ros2/humble/install/share/rosidl_cmake/cmake/rosidl_generate_interfaces.cmake:286 (ament_execute_extensions)
[4.275s]   CMakeLists.txt:27 (rosidl_generate_interfaces)
[4.275s] This warning is for project developers.  Use -Wno-dev to suppress it.
[4.275s] 
[4.350s] -- Using PythonExtra_INCLUDE_DIRS: /private/var/tmp/_bazel_huajingzhao/b77606ca01d4f69ab99f0d47ac8c3cd9/execroot/_main/bazel-out/darwin_arm64-fastbuild/bin/ros2_venv.runfiles/rules_python~0.29.0~python~python_3_10_aarch64-apple-darwin/include/python3.10;/private/var/tmp/_bazel_huajingzhao/b77606ca01d4f69ab99f0d47ac8c3cd9/execroot/_main/bazel-out/darwin_arm64-fastbuild/bin/ros2_venv.runfiles/rules_python~0.29.0~python~python_3_10_aarch64-apple-darwin/include/python3.10
[4.407s] -- Using PythonExtra_LIBRARIES: /Users/huajingzhao/ros2/humble/install/lib/libpython3.10.dylib
[4.443s] -- Found PythonExtra: .so  
[4.834s] -- Using numpy include directory: /Users/huajingzhao/ros2/venv/lib/python3.10/site-packages/numpy/core/include
[4.860s] -- Added test 'lint_cmake' to check CMake code style
[4.863s] -- Added test 'xmllint' to check XML markup files
[4.871s] -- Configuring done (4.5s)
[4.921s] -- Generating done (0.0s)
[4.927s] -- Build files have been written to: /Users/huajingzhao/Desktop/UCLA/projects/neureality/gimbal_ws/build/gimbal_interface
[4.930s] Invoked command in '/Users/huajingzhao/Desktop/UCLA/projects/neureality/gimbal_ws/build/gimbal_interface' returned '0': CMAKE_PREFIX_PATH=${CMAKE_PREFIX_PATH}:/Users/huajingzhao/ros2_ws/install/turtle_tf2_py:/Users/huajingzhao/ros2_ws/install/python_parameters:/Users/huajingzhao/ros2_ws/install/python_parameter_event_handler:/Users/huajingzhao/ros2_ws/install/py_srvcli:/Users/huajingzhao/ros2_ws/install/py_pubsub:/Users/huajingzhao/ros2_ws/install/py_launch_example:/Users/huajingzhao/ros2_ws/install/my_package:/Users/huajingzhao/ros2_ws/install/learning_tf2_py:/Users/huajingzhao/ros2_ws/install/launch_tutorial:/Users/huajingzhao/ros2_ws/install/launch_testing_examples:/Users/huajingzhao/ros2_ws/install/examples_rclpy_pointcloud_publisher:/Users/huajingzhao/ros2_ws/install/examples_rclpy_minimal_subscriber:/Users/huajingzhao/ros2_ws/install/examples_rclpy_minimal_service:/Users/huajingzhao/ros2_ws/install/examples_rclpy_minimal_publisher:/Users/huajingzhao/ros2_ws/install/examples_rclpy_minimal_client:/Users/huajingzhao/ros2_ws/install/examples_rclpy_minimal_action_server:/Users/huajingzhao/ros2_ws/install/examples_rclpy_minimal_action_client:/Users/huajingzhao/ros2_ws/install/examples_rclpy_guard_conditions:/Users/huajingzhao/ros2_ws/install/examples_rclpy_executors:/Users/huajingzhao/Desktop/UCLA/projects/ros2_ws/install/launch_testing_examples:/Users/huajingzhao/Desktop/UCLA/projects/ros2_ws/install/gimbal_control:/Users/huajingzhao/Desktop/UCLA/projects/ros2_ws/install/examples_rclpy_pointcloud_publisher:/Users/huajingzhao/Desktop/UCLA/projects/ros2_ws/install/examples_rclpy_minimal_subscriber:/Users/huajingzhao/Desktop/UCLA/projects/ros2_ws/install/examples_rclpy_minimal_service:/Users/huajingzhao/Desktop/UCLA/projects/ros2_ws/install/examples_rclpy_minimal_publisher:/Users/huajingzhao/Desktop/UCLA/projects/ros2_ws/install/examples_rclpy_minimal_client:/Users/huajingzhao/Desktop/UCLA/projects/ros2_ws/install/examples_rclpy_minimal_action_server:/Users/huajingzhao/Desktop/UCLA/projects/ros2_ws/install/examples_rclpy_minimal_action_client:/Users/huajingzhao/Desktop/UCLA/projects/ros2_ws/install/examples_rclpy_guard_conditions:/Users/huajingzhao/Desktop/UCLA/projects/ros2_ws/install/examples_rclpy_executors SHLVL=2 VIRTUAL_ENV_PROMPT=(venv) _=/usr/bin/env /opt/homebrew/bin/cmake /Users/huajingzhao/Desktop/UCLA/projects/neureality/gimbal_ws/src/gimbal_interface -DCMAKE_INSTALL_PREFIX=/Users/huajingzhao/Desktop/UCLA/projects/neureality/gimbal_ws/install/gimbal_interface
[4.933s] Invoking command in '/Users/huajingzhao/Desktop/UCLA/projects/neureality/gimbal_ws/build/gimbal_interface': CMAKE_PREFIX_PATH=${CMAKE_PREFIX_PATH}:/Users/huajingzhao/ros2_ws/install/turtle_tf2_py:/Users/huajingzhao/ros2_ws/install/python_parameters:/Users/huajingzhao/ros2_ws/install/python_parameter_event_handler:/Users/huajingzhao/ros2_ws/install/py_srvcli:/Users/huajingzhao/ros2_ws/install/py_pubsub:/Users/huajingzhao/ros2_ws/install/py_launch_example:/Users/huajingzhao/ros2_ws/install/my_package:/Users/huajingzhao/ros2_ws/install/learning_tf2_py:/Users/huajingzhao/ros2_ws/install/launch_tutorial:/Users/huajingzhao/ros2_ws/install/launch_testing_examples:/Users/huajingzhao/ros2_ws/install/examples_rclpy_pointcloud_publisher:/Users/huajingzhao/ros2_ws/install/examples_rclpy_minimal_subscriber:/Users/huajingzhao/ros2_ws/install/examples_rclpy_minimal_service:/Users/huajingzhao/ros2_ws/install/examples_rclpy_minimal_publisher:/Users/huajingzhao/ros2_ws/install/examples_rclpy_minimal_client:/Users/huajingzhao/ros2_ws/install/examples_rclpy_minimal_action_server:/Users/huajingzhao/ros2_ws/install/examples_rclpy_minimal_action_client:/Users/huajingzhao/ros2_ws/install/examples_rclpy_guard_conditions:/Users/huajingzhao/ros2_ws/install/examples_rclpy_executors:/Users/huajingzhao/Desktop/UCLA/projects/ros2_ws/install/launch_testing_examples:/Users/huajingzhao/Desktop/UCLA/projects/ros2_ws/install/gimbal_control:/Users/huajingzhao/Desktop/UCLA/projects/ros2_ws/install/examples_rclpy_pointcloud_publisher:/Users/huajingzhao/Desktop/UCLA/projects/ros2_ws/install/examples_rclpy_minimal_subscriber:/Users/huajingzhao/Desktop/UCLA/projects/ros2_ws/install/examples_rclpy_minimal_service:/Users/huajingzhao/Desktop/UCLA/projects/ros2_ws/install/examples_rclpy_minimal_publisher:/Users/huajingzhao/Desktop/UCLA/projects/ros2_ws/install/examples_rclpy_minimal_client:/Users/huajingzhao/Desktop/UCLA/projects/ros2_ws/install/examples_rclpy_minimal_action_server:/Users/huajingzhao/Desktop/UCLA/projects/ros2_ws/install/examples_rclpy_minimal_action_client:/Users/huajingzhao/Desktop/UCLA/projects/ros2_ws/install/examples_rclpy_guard_conditions:/Users/huajingzhao/Desktop/UCLA/projects/ros2_ws/install/examples_rclpy_executors SHLVL=2 VIRTUAL_ENV_PROMPT=(venv) _=/usr/bin/env /opt/homebrew/bin/cmake --build /Users/huajingzhao/Desktop/UCLA/projects/neureality/gimbal_ws/build/gimbal_interface -- -j10 -l10
[4.966s] [  3%] Generating C code for ROS interfaces
[4.977s] [  6%] Generating C++ code for ROS interfaces
[4.983s] [  6%] Built target ament_cmake_python_copy_gimbal_interface
[5.171s] [  6%] Built target gimbal_interface__cpp
[5.175s] running egg_info
[5.175s] creating gimbal_interface.egg-info
[5.185s] [ 16%] Generating C++ introspection for ROS interfaces
[5.185s] [ 16%] Generating C++ type support for eProsima Fast-RTPS
[5.185s] [ 16%] Generating C++ type support dispatch for ROS interfaces
[5.185s] writing gimbal_interface.egg-info/PKG-INFO
[5.185s] writing dependency_links to gimbal_interface.egg-info/dependency_links.txt
[5.186s] writing top-level names to gimbal_interface.egg-info/top_level.txt
[5.186s] writing manifest file 'gimbal_interface.egg-info/SOURCES.txt'
[5.187s] [ 19%] Building C object CMakeFiles/gimbal_interface__rosidl_generator_c.dir/rosidl_generator_c/gimbal_interface/msg/detail/gimbal__functions.c.o
[5.209s] reading manifest file 'gimbal_interface.egg-info/SOURCES.txt'
[5.209s] writing manifest file 'gimbal_interface.egg-info/SOURCES.txt'
[5.236s] [ 19%] Built target ament_cmake_python_build_gimbal_interface_egg
[5.306s] [ 22%] Linking C shared library libgimbal_interface__rosidl_generator_c.dylib
[5.364s] [ 22%] Built target gimbal_interface__rosidl_generator_c
[5.383s] [ 25%] Generating C type support for eProsima Fast-RTPS
[5.383s] [ 32%] Generating C introspection for ROS interfaces
[5.384s] [ 32%] Generating C type support dispatch for ROS interfaces
[5.384s] [ 35%] Building CXX object CMakeFiles/gimbal_interface__rosidl_typesupport_cpp.dir/rosidl_typesupport_cpp/gimbal_interface/msg/gimbal__type_support.cpp.o
[5.399s] [ 41%] Building CXX object CMakeFiles/gimbal_interface__rosidl_typesupport_introspection_cpp.dir/rosidl_typesupport_introspection_cpp/gimbal_interface/msg/detail/gimbal__type_support.cpp.o
[5.399s] [ 41%] Building CXX object CMakeFiles/gimbal_interface__rosidl_typesupport_fastrtps_cpp.dir/rosidl_typesupport_fastrtps_cpp/gimbal_interface/msg/detail/dds_fastrtps/gimbal__type_support.cpp.o
[5.594s] [ 45%] Building CXX object CMakeFiles/gimbal_interface__rosidl_typesupport_c.dir/rosidl_typesupport_c/gimbal_interface/msg/gimbal__type_support.cpp.o
[5.603s] [ 48%] Building C object CMakeFiles/gimbal_interface__rosidl_typesupport_introspection_c.dir/rosidl_typesupport_introspection_c/gimbal_interface/msg/detail/gimbal__type_support.c.o
[5.605s] [ 51%] Building CXX object CMakeFiles/gimbal_interface__rosidl_typesupport_fastrtps_c.dir/rosidl_typesupport_fastrtps_c/gimbal_interface/msg/detail/gimbal__type_support_c.cpp.o
[5.638s] [ 54%] Linking CXX shared library libgimbal_interface__rosidl_typesupport_c.dylib
[5.683s] [ 58%] Linking C shared library libgimbal_interface__rosidl_typesupport_introspection_c.dylib
[5.706s] [ 58%] Built target gimbal_interface__rosidl_typesupport_c
[5.745s] [ 58%] Built target gimbal_interface__rosidl_typesupport_introspection_c
[5.778s] [ 61%] Linking CXX shared library libgimbal_interface__rosidl_typesupport_cpp.dylib
[5.780s] [ 64%] Linking CXX shared library libgimbal_interface__rosidl_typesupport_introspection_cpp.dylib
[5.836s] [ 64%] Built target gimbal_interface__rosidl_typesupport_introspection_cpp
[5.836s] [ 64%] Built target gimbal_interface__rosidl_typesupport_cpp
[5.844s] [ 67%] Linking CXX shared library libgimbal_interface__rosidl_typesupport_fastrtps_cpp.dylib
[5.900s] [ 67%] Built target gimbal_interface__rosidl_typesupport_fastrtps_cpp
[5.960s] [ 70%] Linking CXX shared library libgimbal_interface__rosidl_typesupport_fastrtps_c.dylib
[6.013s] [ 70%] Built target gimbal_interface__rosidl_typesupport_fastrtps_c
[6.030s] [ 70%] Built target gimbal_interface
[6.048s] [ 74%] Generating Python code for ROS interfaces
[6.255s] [ 74%] Built target gimbal_interface__py
[6.272s] [ 77%] Building C object CMakeFiles/gimbal_interface__rosidl_generator_py.dir/rosidl_generator_py/gimbal_interface/msg/_gimbal_s.c.o
[6.381s] [ 80%] Linking C shared library rosidl_generator_py/gimbal_interface/libgimbal_interface__rosidl_generator_py.dylib
[6.427s] [ 80%] Built target gimbal_interface__rosidl_generator_py
[6.449s] [ 90%] Building C object CMakeFiles/gimbal_interface__rosidl_typesupport_c__pyext.dir/rosidl_generator_py/gimbal_interface/_gimbal_interface_s.ep.rosidl_typesupport_c.c.o
[6.449s] [ 90%] Building C object CMakeFiles/gimbal_interface__rosidl_typesupport_fastrtps_c__pyext.dir/rosidl_generator_py/gimbal_interface/_gimbal_interface_s.ep.rosidl_typesupport_fastrtps_c.c.o
[6.449s] [ 90%] Building C object CMakeFiles/gimbal_interface__rosidl_typesupport_introspection_c__pyext.dir/rosidl_generator_py/gimbal_interface/_gimbal_interface_s.ep.rosidl_typesupport_introspection_c.c.o
[6.565s] [100%] Linking C shared library rosidl_generator_py/gimbal_interface/gimbal_interface_s__rosidl_typesupport_fastrtps_c.cpython-310-darwin.so
[6.565s] [100%] Linking C shared library rosidl_generator_py/gimbal_interface/gimbal_interface_s__rosidl_typesupport_c.cpython-310-darwin.so
[6.565s] [100%] Linking C shared library rosidl_generator_py/gimbal_interface/gimbal_interface_s__rosidl_typesupport_introspection_c.cpython-310-darwin.so
[6.627s] [100%] Built target gimbal_interface__rosidl_typesupport_c__pyext
[6.627s] [100%] Built target gimbal_interface__rosidl_typesupport_introspection_c__pyext
[6.627s] [100%] Built target gimbal_interface__rosidl_typesupport_fastrtps_c__pyext
[6.634s] Invoked command in '/Users/huajingzhao/Desktop/UCLA/projects/neureality/gimbal_ws/build/gimbal_interface' returned '0': CMAKE_PREFIX_PATH=${CMAKE_PREFIX_PATH}:/Users/huajingzhao/ros2_ws/install/turtle_tf2_py:/Users/huajingzhao/ros2_ws/install/python_parameters:/Users/huajingzhao/ros2_ws/install/python_parameter_event_handler:/Users/huajingzhao/ros2_ws/install/py_srvcli:/Users/huajingzhao/ros2_ws/install/py_pubsub:/Users/huajingzhao/ros2_ws/install/py_launch_example:/Users/huajingzhao/ros2_ws/install/my_package:/Users/huajingzhao/ros2_ws/install/learning_tf2_py:/Users/huajingzhao/ros2_ws/install/launch_tutorial:/Users/huajingzhao/ros2_ws/install/launch_testing_examples:/Users/huajingzhao/ros2_ws/install/examples_rclpy_pointcloud_publisher:/Users/huajingzhao/ros2_ws/install/examples_rclpy_minimal_subscriber:/Users/huajingzhao/ros2_ws/install/examples_rclpy_minimal_service:/Users/huajingzhao/ros2_ws/install/examples_rclpy_minimal_publisher:/Users/huajingzhao/ros2_ws/install/examples_rclpy_minimal_client:/Users/huajingzhao/ros2_ws/install/examples_rclpy_minimal_action_server:/Users/huajingzhao/ros2_ws/install/examples_rclpy_minimal_action_client:/Users/huajingzhao/ros2_ws/install/examples_rclpy_guard_conditions:/Users/huajingzhao/ros2_ws/install/examples_rclpy_executors:/Users/huajingzhao/Desktop/UCLA/projects/ros2_ws/install/launch_testing_examples:/Users/huajingzhao/Desktop/UCLA/projects/ros2_ws/install/gimbal_control:/Users/huajingzhao/Desktop/UCLA/projects/ros2_ws/install/examples_rclpy_pointcloud_publisher:/Users/huajingzhao/Desktop/UCLA/projects/ros2_ws/install/examples_rclpy_minimal_subscriber:/Users/huajingzhao/Desktop/UCLA/projects/ros2_ws/install/examples_rclpy_minimal_service:/Users/huajingzhao/Desktop/UCLA/projects/ros2_ws/install/examples_rclpy_minimal_publisher:/Users/huajingzhao/Desktop/UCLA/projects/ros2_ws/install/examples_rclpy_minimal_client:/Users/huajingzhao/Desktop/UCLA/projects/ros2_ws/install/examples_rclpy_minimal_action_server:/Users/huajingzhao/Desktop/UCLA/projects/ros2_ws/install/examples_rclpy_minimal_action_client:/Users/huajingzhao/Desktop/UCLA/projects/ros2_ws/install/examples_rclpy_guard_conditions:/Users/huajingzhao/Desktop/UCLA/projects/ros2_ws/install/examples_rclpy_executors SHLVL=2 VIRTUAL_ENV_PROMPT=(venv) _=/usr/bin/env /opt/homebrew/bin/cmake --build /Users/huajingzhao/Desktop/UCLA/projects/neureality/gimbal_ws/build/gimbal_interface -- -j10 -l10
[6.821s] Invoking command in '/Users/huajingzhao/Desktop/UCLA/projects/neureality/gimbal_ws/build/gimbal_interface': CMAKE_PREFIX_PATH=${CMAKE_PREFIX_PATH}:/Users/huajingzhao/ros2_ws/install/turtle_tf2_py:/Users/huajingzhao/ros2_ws/install/python_parameters:/Users/huajingzhao/ros2_ws/install/python_parameter_event_handler:/Users/huajingzhao/ros2_ws/install/py_srvcli:/Users/huajingzhao/ros2_ws/install/py_pubsub:/Users/huajingzhao/ros2_ws/install/py_launch_example:/Users/huajingzhao/ros2_ws/install/my_package:/Users/huajingzhao/ros2_ws/install/learning_tf2_py:/Users/huajingzhao/ros2_ws/install/launch_tutorial:/Users/huajingzhao/ros2_ws/install/launch_testing_examples:/Users/huajingzhao/ros2_ws/install/examples_rclpy_pointcloud_publisher:/Users/huajingzhao/ros2_ws/install/examples_rclpy_minimal_subscriber:/Users/huajingzhao/ros2_ws/install/examples_rclpy_minimal_service:/Users/huajingzhao/ros2_ws/install/examples_rclpy_minimal_publisher:/Users/huajingzhao/ros2_ws/install/examples_rclpy_minimal_client:/Users/huajingzhao/ros2_ws/install/examples_rclpy_minimal_action_server:/Users/huajingzhao/ros2_ws/install/examples_rclpy_minimal_action_client:/Users/huajingzhao/ros2_ws/install/examples_rclpy_guard_conditions:/Users/huajingzhao/ros2_ws/install/examples_rclpy_executors:/Users/huajingzhao/Desktop/UCLA/projects/ros2_ws/install/launch_testing_examples:/Users/huajingzhao/Desktop/UCLA/projects/ros2_ws/install/gimbal_control:/Users/huajingzhao/Desktop/UCLA/projects/ros2_ws/install/examples_rclpy_pointcloud_publisher:/Users/huajingzhao/Desktop/UCLA/projects/ros2_ws/install/examples_rclpy_minimal_subscriber:/Users/huajingzhao/Desktop/UCLA/projects/ros2_ws/install/examples_rclpy_minimal_service:/Users/huajingzhao/Desktop/UCLA/projects/ros2_ws/install/examples_rclpy_minimal_publisher:/Users/huajingzhao/Desktop/UCLA/projects/ros2_ws/install/examples_rclpy_minimal_client:/Users/huajingzhao/Desktop/UCLA/projects/ros2_ws/install/examples_rclpy_minimal_action_server:/Users/huajingzhao/Desktop/UCLA/projects/ros2_ws/install/examples_rclpy_minimal_action_client:/Users/huajingzhao/Desktop/UCLA/projects/ros2_ws/install/examples_rclpy_guard_conditions:/Users/huajingzhao/Desktop/UCLA/projects/ros2_ws/install/examples_rclpy_executors SHLVL=2 VIRTUAL_ENV_PROMPT=(venv) _=/usr/bin/env /opt/homebrew/bin/cmake --install /Users/huajingzhao/Desktop/UCLA/projects/neureality/gimbal_ws/build/gimbal_interface
[6.826s] -- Install configuration: ""
[6.826s] -- Installing: /Users/huajingzhao/Desktop/UCLA/projects/neureality/gimbal_ws/install/gimbal_interface/share/ament_index/resource_index/rosidl_interfaces/gimbal_interface
[6.826s] -- Installing: /Users/huajingzhao/Desktop/UCLA/projects/neureality/gimbal_ws/install/gimbal_interface/include/gimbal_interface/gimbal_interface
[6.826s] -- Installing: /Users/huajingzhao/Desktop/UCLA/projects/neureality/gimbal_ws/install/gimbal_interface/include/gimbal_interface/gimbal_interface/msg
[6.826s] -- Installing: /Users/huajingzhao/Desktop/UCLA/projects/neureality/gimbal_ws/install/gimbal_interface/include/gimbal_interface/gimbal_interface/msg/rosidl_generator_c__visibility_control.h
[6.827s] -- Installing: /Users/huajingzhao/Desktop/UCLA/projects/neureality/gimbal_ws/install/gimbal_interface/include/gimbal_interface/gimbal_interface/msg/detail
[6.827s] -- Installing: /Users/huajingzhao/Desktop/UCLA/projects/neureality/gimbal_ws/install/gimbal_interface/include/gimbal_interface/gimbal_interface/msg/detail/gimbal__functions.h
[6.827s] -- Installing: /Users/huajingzhao/Desktop/UCLA/projects/neureality/gimbal_ws/install/gimbal_interface/include/gimbal_interface/gimbal_interface/msg/detail/gimbal__struct.h
[6.827s] -- Installing: /Users/huajingzhao/Desktop/UCLA/projects/neureality/gimbal_ws/install/gimbal_interface/include/gimbal_interface/gimbal_interface/msg/detail/gimbal__functions.c
[6.827s] -- Installing: /Users/huajingzhao/Desktop/UCLA/projects/neureality/gimbal_ws/install/gimbal_interface/include/gimbal_interface/gimbal_interface/msg/detail/gimbal__type_support.h
[6.827s] -- Installing: /Users/huajingzhao/Desktop/UCLA/projects/neureality/gimbal_ws/install/gimbal_interface/include/gimbal_interface/gimbal_interface/msg/gimbal.h
[6.827s] -- Installing: /Users/huajingzhao/Desktop/UCLA/projects/neureality/gimbal_ws/install/gimbal_interface/share/gimbal_interface/environment/library_path.sh
[6.827s] -- Installing: /Users/huajingzhao/Desktop/UCLA/projects/neureality/gimbal_ws/install/gimbal_interface/share/gimbal_interface/environment/library_path.dsv
[6.828s] -- Installing: /Users/huajingzhao/Desktop/UCLA/projects/neureality/gimbal_ws/install/gimbal_interface/lib/libgimbal_interface__rosidl_generator_c.dylib
[6.837s] -- Up-to-date: /Users/huajingzhao/Desktop/UCLA/projects/neureality/gimbal_ws/install/gimbal_interface/include/gimbal_interface/gimbal_interface
[6.837s] -- Up-to-date: /Users/huajingzhao/Desktop/UCLA/projects/neureality/gimbal_ws/install/gimbal_interface/include/gimbal_interface/gimbal_interface/msg
[6.837s] -- Up-to-date: /Users/huajingzhao/Desktop/UCLA/projects/neureality/gimbal_ws/install/gimbal_interface/include/gimbal_interface/gimbal_interface/msg/detail
[6.837s] -- Installing: /Users/huajingzhao/Desktop/UCLA/projects/neureality/gimbal_ws/install/gimbal_interface/include/gimbal_interface/gimbal_interface/msg/detail/gimbal__rosidl_typesupport_fastrtps_c.h
[6.837s] -- Installing: /Users/huajingzhao/Desktop/UCLA/projects/neureality/gimbal_ws/install/gimbal_interface/include/gimbal_interface/gimbal_interface/msg/rosidl_typesupport_fastrtps_c__visibility_control.h
[6.837s] -- Installing: /Users/huajingzhao/Desktop/UCLA/projects/neureality/gimbal_ws/install/gimbal_interface/lib/libgimbal_interface__rosidl_typesupport_fastrtps_c.dylib
[6.845s] -- Up-to-date: /Users/huajingzhao/Desktop/UCLA/projects/neureality/gimbal_ws/install/gimbal_interface/include/gimbal_interface/gimbal_interface
[6.845s] -- Up-to-date: /Users/huajingzhao/Desktop/UCLA/projects/neureality/gimbal_ws/install/gimbal_interface/include/gimbal_interface/gimbal_interface/msg
[6.845s] -- Up-to-date: /Users/huajingzhao/Desktop/UCLA/projects/neureality/gimbal_ws/install/gimbal_interface/include/gimbal_interface/gimbal_interface/msg/detail
[6.845s] -- Installing: /Users/huajingzhao/Desktop/UCLA/projects/neureality/gimbal_ws/install/gimbal_interface/include/gimbal_interface/gimbal_interface/msg/detail/gimbal__rosidl_typesupport_introspection_c.h
[6.845s] -- Installing: /Users/huajingzhao/Desktop/UCLA/projects/neureality/gimbal_ws/install/gimbal_interface/include/gimbal_interface/gimbal_interface/msg/detail/gimbal__type_support.c
[6.846s] -- Installing: /Users/huajingzhao/Desktop/UCLA/projects/neureality/gimbal_ws/install/gimbal_interface/include/gimbal_interface/gimbal_interface/msg/rosidl_typesupport_introspection_c__visibility_control.h
[6.846s] -- Installing: /Users/huajingzhao/Desktop/UCLA/projects/neureality/gimbal_ws/install/gimbal_interface/lib/libgimbal_interface__rosidl_typesupport_introspection_c.dylib
[6.854s] -- Installing: /Users/huajingzhao/Desktop/UCLA/projects/neureality/gimbal_ws/install/gimbal_interface/lib/libgimbal_interface__rosidl_typesupport_c.dylib
[6.862s] -- Up-to-date: /Users/huajingzhao/Desktop/UCLA/projects/neureality/gimbal_ws/install/gimbal_interface/include/gimbal_interface/gimbal_interface
[6.862s] -- Up-to-date: /Users/huajingzhao/Desktop/UCLA/projects/neureality/gimbal_ws/install/gimbal_interface/include/gimbal_interface/gimbal_interface/msg
[6.862s] -- Up-to-date: /Users/huajingzhao/Desktop/UCLA/projects/neureality/gimbal_ws/install/gimbal_interface/include/gimbal_interface/gimbal_interface/msg/detail
[6.862s] -- Installing: /Users/huajingzhao/Desktop/UCLA/projects/neureality/gimbal_ws/install/gimbal_interface/include/gimbal_interface/gimbal_interface/msg/detail/gimbal__traits.hpp
[6.862s] -- Installing: /Users/huajingzhao/Desktop/UCLA/projects/neureality/gimbal_ws/install/gimbal_interface/include/gimbal_interface/gimbal_interface/msg/detail/gimbal__struct.hpp
[6.862s] -- Installing: /Users/huajingzhao/Desktop/UCLA/projects/neureality/gimbal_ws/install/gimbal_interface/include/gimbal_interface/gimbal_interface/msg/detail/gimbal__builder.hpp
[6.862s] -- Installing: /Users/huajingzhao/Desktop/UCLA/projects/neureality/gimbal_ws/install/gimbal_interface/include/gimbal_interface/gimbal_interface/msg/gimbal.hpp
[6.862s] -- Up-to-date: /Users/huajingzhao/Desktop/UCLA/projects/neureality/gimbal_ws/install/gimbal_interface/include/gimbal_interface/gimbal_interface
[6.862s] -- Up-to-date: /Users/huajingzhao/Desktop/UCLA/projects/neureality/gimbal_ws/install/gimbal_interface/include/gimbal_interface/gimbal_interface/msg
[6.862s] -- Installing: /Users/huajingzhao/Desktop/UCLA/projects/neureality/gimbal_ws/install/gimbal_interface/include/gimbal_interface/gimbal_interface/msg/rosidl_typesupport_fastrtps_cpp__visibility_control.h
[6.863s] -- Up-to-date: /Users/huajingzhao/Desktop/UCLA/projects/neureality/gimbal_ws/install/gimbal_interface/include/gimbal_interface/gimbal_interface/msg/detail
[6.863s] -- Installing: /Users/huajingzhao/Desktop/UCLA/projects/neureality/gimbal_ws/install/gimbal_interface/include/gimbal_interface/gimbal_interface/msg/detail/gimbal__rosidl_typesupport_fastrtps_cpp.hpp
[6.863s] -- Installing: /Users/huajingzhao/Desktop/UCLA/projects/neureality/gimbal_ws/install/gimbal_interface/include/gimbal_interface/gimbal_interface/msg/detail/dds_fastrtps
[6.863s] -- Installing: /Users/huajingzhao/Desktop/UCLA/projects/neureality/gimbal_ws/install/gimbal_interface/lib/libgimbal_interface__rosidl_typesupport_fastrtps_cpp.dylib
[6.871s] -- Up-to-date: /Users/huajingzhao/Desktop/UCLA/projects/neureality/gimbal_ws/install/gimbal_interface/include/gimbal_interface/gimbal_interface
[6.871s] -- Up-to-date: /Users/huajingzhao/Desktop/UCLA/projects/neureality/gimbal_ws/install/gimbal_interface/include/gimbal_interface/gimbal_interface/msg
[6.871s] -- Up-to-date: /Users/huajingzhao/Desktop/UCLA/projects/neureality/gimbal_ws/install/gimbal_interface/include/gimbal_interface/gimbal_interface/msg/detail
[6.871s] -- Installing: /Users/huajingzhao/Desktop/UCLA/projects/neureality/gimbal_ws/install/gimbal_interface/include/gimbal_interface/gimbal_interface/msg/detail/gimbal__type_support.cpp
[6.871s] -- Installing: /Users/huajingzhao/Desktop/UCLA/projects/neureality/gimbal_ws/install/gimbal_interface/include/gimbal_interface/gimbal_interface/msg/detail/gimbal__rosidl_typesupport_introspection_cpp.hpp
[6.871s] -- Installing: /Users/huajingzhao/Desktop/UCLA/projects/neureality/gimbal_ws/install/gimbal_interface/lib/libgimbal_interface__rosidl_typesupport_introspection_cpp.dylib
[6.879s] -- Installing: /Users/huajingzhao/Desktop/UCLA/projects/neureality/gimbal_ws/install/gimbal_interface/lib/libgimbal_interface__rosidl_typesupport_cpp.dylib
[6.886s] -- Installing: /Users/huajingzhao/Desktop/UCLA/projects/neureality/gimbal_ws/install/gimbal_interface/share/gimbal_interface/environment/pythonpath.sh
[6.886s] -- Installing: /Users/huajingzhao/Desktop/UCLA/projects/neureality/gimbal_ws/install/gimbal_interface/share/gimbal_interface/environment/pythonpath.dsv
[6.887s] -- Installing: /Users/huajingzhao/Desktop/UCLA/projects/neureality/gimbal_ws/install/gimbal_interface/../../../../../../../../../opt/homebrew/lib/python3.12/site-packages/gimbal_interface-0.0.0-py3.12.egg-info
[6.887s] -- Installing: /Users/huajingzhao/Desktop/UCLA/projects/neureality/gimbal_ws/install/gimbal_interface/../../../../../../../../../opt/homebrew/lib/python3.12/site-packages/gimbal_interface-0.0.0-py3.12.egg-info/PKG-INFO
[6.887s] -- Installing: /Users/huajingzhao/Desktop/UCLA/projects/neureality/gimbal_ws/install/gimbal_interface/../../../../../../../../../opt/homebrew/lib/python3.12/site-packages/gimbal_interface-0.0.0-py3.12.egg-info/SOURCES.txt
[6.887s] -- Installing: /Users/huajingzhao/Desktop/UCLA/projects/neureality/gimbal_ws/install/gimbal_interface/../../../../../../../../../opt/homebrew/lib/python3.12/site-packages/gimbal_interface-0.0.0-py3.12.egg-info/top_level.txt
[6.887s] -- Installing: /Users/huajingzhao/Desktop/UCLA/projects/neureality/gimbal_ws/install/gimbal_interface/../../../../../../../../../opt/homebrew/lib/python3.12/site-packages/gimbal_interface-0.0.0-py3.12.egg-info/dependency_links.txt
[6.887s] -- Installing: /Users/huajingzhao/Desktop/UCLA/projects/neureality/gimbal_ws/install/gimbal_interface/../../../../../../../../../opt/homebrew/lib/python3.12/site-packages/gimbal_interface
[6.887s] -- Installing: /Users/huajingzhao/Desktop/UCLA/projects/neureality/gimbal_ws/install/gimbal_interface/../../../../../../../../../opt/homebrew/lib/python3.12/site-packages/gimbal_interface/gimbal_interface_s__rosidl_typesupport_introspection_c.cpython-310-darwin.so
[6.888s] -- Installing: /Users/huajingzhao/Desktop/UCLA/projects/neureality/gimbal_ws/install/gimbal_interface/../../../../../../../../../opt/homebrew/lib/python3.12/site-packages/gimbal_interface/msg
[6.888s] -- Installing: /Users/huajingzhao/Desktop/UCLA/projects/neureality/gimbal_ws/install/gimbal_interface/../../../../../../../../../opt/homebrew/lib/python3.12/site-packages/gimbal_interface/msg/_gimbal.py
[6.888s] -- Installing: /Users/huajingzhao/Desktop/UCLA/projects/neureality/gimbal_ws/install/gimbal_interface/../../../../../../../../../opt/homebrew/lib/python3.12/site-packages/gimbal_interface/msg/__init__.py
[6.888s] -- Installing: /Users/huajingzhao/Desktop/UCLA/projects/neureality/gimbal_ws/install/gimbal_interface/../../../../../../../../../opt/homebrew/lib/python3.12/site-packages/gimbal_interface/msg/_gimbal_s.c
[6.888s] -- Installing: /Users/huajingzhao/Desktop/UCLA/projects/neureality/gimbal_ws/install/gimbal_interface/../../../../../../../../../opt/homebrew/lib/python3.12/site-packages/gimbal_interface/_gimbal_interface_s.ep.rosidl_typesupport_fastrtps_c.c
[6.888s] -- Installing: /Users/huajingzhao/Desktop/UCLA/projects/neureality/gimbal_ws/install/gimbal_interface/../../../../../../../../../opt/homebrew/lib/python3.12/site-packages/gimbal_interface/libgimbal_interface__rosidl_generator_py.dylib
[6.888s] -- Installing: /Users/huajingzhao/Desktop/UCLA/projects/neureality/gimbal_ws/install/gimbal_interface/../../../../../../../../../opt/homebrew/lib/python3.12/site-packages/gimbal_interface/_gimbal_interface_s.ep.rosidl_typesupport_c.c
[6.888s] -- Installing: /Users/huajingzhao/Desktop/UCLA/projects/neureality/gimbal_ws/install/gimbal_interface/../../../../../../../../../opt/homebrew/lib/python3.12/site-packages/gimbal_interface/__init__.py
[6.889s] -- Installing: /Users/huajingzhao/Desktop/UCLA/projects/neureality/gimbal_ws/install/gimbal_interface/../../../../../../../../../opt/homebrew/lib/python3.12/site-packages/gimbal_interface/gimbal_interface_s__rosidl_typesupport_fastrtps_c.cpython-310-darwin.so
[6.889s] -- Installing: /Users/huajingzhao/Desktop/UCLA/projects/neureality/gimbal_ws/install/gimbal_interface/../../../../../../../../../opt/homebrew/lib/python3.12/site-packages/gimbal_interface/gimbal_interface_s__rosidl_typesupport_c.cpython-310-darwin.so
[6.889s] -- Installing: /Users/huajingzhao/Desktop/UCLA/projects/neureality/gimbal_ws/install/gimbal_interface/../../../../../../../../../opt/homebrew/lib/python3.12/site-packages/gimbal_interface/_gimbal_interface_s.ep.rosidl_typesupport_introspection_c.c
[6.940s] Listing '/Users/huajingzhao/Desktop/UCLA/projects/neureality/gimbal_ws/install/gimbal_interface/../../../../../../../../../opt/homebrew/lib/python3.12/site-packages/gimbal_interface'...
[6.940s] Compiling '/Users/huajingzhao/Desktop/UCLA/projects/neureality/gimbal_ws/install/gimbal_interface/../../../../../../../../../opt/homebrew/lib/python3.12/site-packages/gimbal_interface/__init__.py'...
[6.940s] Listing '/Users/huajingzhao/Desktop/UCLA/projects/neureality/gimbal_ws/install/gimbal_interface/../../../../../../../../../opt/homebrew/lib/python3.12/site-packages/gimbal_interface/msg'...
[6.940s] Compiling '/Users/huajingzhao/Desktop/UCLA/projects/neureality/gimbal_ws/install/gimbal_interface/../../../../../../../../../opt/homebrew/lib/python3.12/site-packages/gimbal_interface/msg/__init__.py'...
[6.940s] Compiling '/Users/huajingzhao/Desktop/UCLA/projects/neureality/gimbal_ws/install/gimbal_interface/../../../../../../../../../opt/homebrew/lib/python3.12/site-packages/gimbal_interface/msg/_gimbal.py'...
[6.943s] -- Up-to-date: /Users/huajingzhao/Desktop/UCLA/projects/neureality/gimbal_ws/install/gimbal_interface/../../../../../../../../../opt/homebrew/lib/python3.12/site-packages/gimbal_interface/gimbal_interface_s__rosidl_typesupport_fastrtps_c.cpython-310-darwin.so
[6.951s] -- Up-to-date: /Users/huajingzhao/Desktop/UCLA/projects/neureality/gimbal_ws/install/gimbal_interface/../../../../../../../../../opt/homebrew/lib/python3.12/site-packages/gimbal_interface/gimbal_interface_s__rosidl_typesupport_introspection_c.cpython-310-darwin.so
[6.958s] -- Up-to-date: /Users/huajingzhao/Desktop/UCLA/projects/neureality/gimbal_ws/install/gimbal_interface/../../../../../../../../../opt/homebrew/lib/python3.12/site-packages/gimbal_interface/gimbal_interface_s__rosidl_typesupport_c.cpython-310-darwin.so
[6.966s] -- Installing: /Users/huajingzhao/Desktop/UCLA/projects/neureality/gimbal_ws/install/gimbal_interface/lib/libgimbal_interface__rosidl_generator_py.dylib
[6.973s] -- Installing: /Users/huajingzhao/Desktop/UCLA/projects/neureality/gimbal_ws/install/gimbal_interface/share/gimbal_interface/msg/Gimbal.idl
[6.973s] -- Installing: /Users/huajingzhao/Desktop/UCLA/projects/neureality/gimbal_ws/install/gimbal_interface/share/gimbal_interface/msg/Gimbal.msg
[6.974s] -- Installing: /Users/huajingzhao/Desktop/UCLA/projects/neureality/gimbal_ws/install/gimbal_interface/share/ament_index/resource_index/package_run_dependencies/gimbal_interface
[6.974s] -- Installing: /Users/huajingzhao/Desktop/UCLA/projects/neureality/gimbal_ws/install/gimbal_interface/share/ament_index/resource_index/parent_prefix_path/gimbal_interface
[6.974s] -- Installing: /Users/huajingzhao/Desktop/UCLA/projects/neureality/gimbal_ws/install/gimbal_interface/share/gimbal_interface/environment/ament_prefix_path.sh
[6.974s] -- Installing: /Users/huajingzhao/Desktop/UCLA/projects/neureality/gimbal_ws/install/gimbal_interface/share/gimbal_interface/environment/ament_prefix_path.dsv
[6.974s] -- Installing: /Users/huajingzhao/Desktop/UCLA/projects/neureality/gimbal_ws/install/gimbal_interface/share/gimbal_interface/environment/path.sh
[6.974s] -- Installing: /Users/huajingzhao/Desktop/UCLA/projects/neureality/gimbal_ws/install/gimbal_interface/share/gimbal_interface/environment/path.dsv
[6.975s] -- Installing: /Users/huajingzhao/Desktop/UCLA/projects/neureality/gimbal_ws/install/gimbal_interface/share/gimbal_interface/local_setup.bash
[6.975s] -- Installing: /Users/huajingzhao/Desktop/UCLA/projects/neureality/gimbal_ws/install/gimbal_interface/share/gimbal_interface/local_setup.sh
[6.975s] -- Installing: /Users/huajingzhao/Desktop/UCLA/projects/neureality/gimbal_ws/install/gimbal_interface/share/gimbal_interface/local_setup.zsh
[6.975s] -- Installing: /Users/huajingzhao/Desktop/UCLA/projects/neureality/gimbal_ws/install/gimbal_interface/share/gimbal_interface/local_setup.dsv
[6.975s] -- Installing: /Users/huajingzhao/Desktop/UCLA/projects/neureality/gimbal_ws/install/gimbal_interface/share/gimbal_interface/package.dsv
[6.976s] -- Installing: /Users/huajingzhao/Desktop/UCLA/projects/neureality/gimbal_ws/install/gimbal_interface/share/ament_index/resource_index/packages/gimbal_interface
[6.976s] -- Installing: /Users/huajingzhao/Desktop/UCLA/projects/neureality/gimbal_ws/install/gimbal_interface/share/gimbal_interface/cmake/export_gimbal_interface__rosidl_generator_cExport.cmake
[6.976s] -- Installing: /Users/huajingzhao/Desktop/UCLA/projects/neureality/gimbal_ws/install/gimbal_interface/share/gimbal_interface/cmake/export_gimbal_interface__rosidl_generator_cExport-noconfig.cmake
[6.976s] -- Installing: /Users/huajingzhao/Desktop/UCLA/projects/neureality/gimbal_ws/install/gimbal_interface/share/gimbal_interface/cmake/export_gimbal_interface__rosidl_typesupport_fastrtps_cExport.cmake
[6.976s] -- Installing: /Users/huajingzhao/Desktop/UCLA/projects/neureality/gimbal_ws/install/gimbal_interface/share/gimbal_interface/cmake/export_gimbal_interface__rosidl_typesupport_fastrtps_cExport-noconfig.cmake
[6.977s] -- Installing: /Users/huajingzhao/Desktop/UCLA/projects/neureality/gimbal_ws/install/gimbal_interface/share/gimbal_interface/cmake/gimbal_interface__rosidl_typesupport_introspection_cExport.cmake
[6.977s] -- Installing: /Users/huajingzhao/Desktop/UCLA/projects/neureality/gimbal_ws/install/gimbal_interface/share/gimbal_interface/cmake/gimbal_interface__rosidl_typesupport_introspection_cExport-noconfig.cmake
[6.977s] -- Installing: /Users/huajingzhao/Desktop/UCLA/projects/neureality/gimbal_ws/install/gimbal_interface/share/gimbal_interface/cmake/gimbal_interface__rosidl_typesupport_cExport.cmake
[6.977s] -- Installing: /Users/huajingzhao/Desktop/UCLA/projects/neureality/gimbal_ws/install/gimbal_interface/share/gimbal_interface/cmake/gimbal_interface__rosidl_typesupport_cExport-noconfig.cmake
[6.977s] -- Installing: /Users/huajingzhao/Desktop/UCLA/projects/neureality/gimbal_ws/install/gimbal_interface/share/gimbal_interface/cmake/export_gimbal_interface__rosidl_generator_cppExport.cmake
[6.977s] -- Installing: /Users/huajingzhao/Desktop/UCLA/projects/neureality/gimbal_ws/install/gimbal_interface/share/gimbal_interface/cmake/export_gimbal_interface__rosidl_typesupport_fastrtps_cppExport.cmake
[6.977s] -- Installing: /Users/huajingzhao/Desktop/UCLA/projects/neureality/gimbal_ws/install/gimbal_interface/share/gimbal_interface/cmake/export_gimbal_interface__rosidl_typesupport_fastrtps_cppExport-noconfig.cmake
[6.978s] -- Installing: /Users/huajingzhao/Desktop/UCLA/projects/neureality/gimbal_ws/install/gimbal_interface/share/gimbal_interface/cmake/gimbal_interface__rosidl_typesupport_introspection_cppExport.cmake
[6.978s] -- Installing: /Users/huajingzhao/Desktop/UCLA/projects/neureality/gimbal_ws/install/gimbal_interface/share/gimbal_interface/cmake/gimbal_interface__rosidl_typesupport_introspection_cppExport-noconfig.cmake
[6.978s] -- Installing: /Users/huajingzhao/Desktop/UCLA/projects/neureality/gimbal_ws/install/gimbal_interface/share/gimbal_interface/cmake/gimbal_interface__rosidl_typesupport_cppExport.cmake
[6.978s] -- Installing: /Users/huajingzhao/Desktop/UCLA/projects/neureality/gimbal_ws/install/gimbal_interface/share/gimbal_interface/cmake/gimbal_interface__rosidl_typesupport_cppExport-noconfig.cmake
[6.978s] -- Installing: /Users/huajingzhao/Desktop/UCLA/projects/neureality/gimbal_ws/install/gimbal_interface/share/gimbal_interface/cmake/export_gimbal_interface__rosidl_generator_pyExport.cmake
[6.978s] -- Installing: /Users/huajingzhao/Desktop/UCLA/projects/neureality/gimbal_ws/install/gimbal_interface/share/gimbal_interface/cmake/export_gimbal_interface__rosidl_generator_pyExport-noconfig.cmake
[6.978s] -- Installing: /Users/huajingzhao/Desktop/UCLA/projects/neureality/gimbal_ws/install/gimbal_interface/share/gimbal_interface/cmake/rosidl_cmake-extras.cmake
[6.979s] -- Installing: /Users/huajingzhao/Desktop/UCLA/projects/neureality/gimbal_ws/install/gimbal_interface/share/gimbal_interface/cmake/ament_cmake_export_include_directories-extras.cmake
[6.979s] -- Installing: /Users/huajingzhao/Desktop/UCLA/projects/neureality/gimbal_ws/install/gimbal_interface/share/gimbal_interface/cmake/ament_cmake_export_libraries-extras.cmake
[6.979s] -- Installing: /Users/huajingzhao/Desktop/UCLA/projects/neureality/gimbal_ws/install/gimbal_interface/share/gimbal_interface/cmake/ament_cmake_export_targets-extras.cmake
[6.979s] -- Installing: /Users/huajingzhao/Desktop/UCLA/projects/neureality/gimbal_ws/install/gimbal_interface/share/gimbal_interface/cmake/rosidl_cmake_export_typesupport_targets-extras.cmake
[6.979s] -- Installing: /Users/huajingzhao/Desktop/UCLA/projects/neureality/gimbal_ws/install/gimbal_interface/share/gimbal_interface/cmake/ament_cmake_export_dependencies-extras.cmake
[6.979s] -- Installing: /Users/huajingzhao/Desktop/UCLA/projects/neureality/gimbal_ws/install/gimbal_interface/share/gimbal_interface/cmake/rosidl_cmake_export_typesupport_libraries-extras.cmake
[6.979s] -- Installing: /Users/huajingzhao/Desktop/UCLA/projects/neureality/gimbal_ws/install/gimbal_interface/share/gimbal_interface/cmake/gimbal_interfaceConfig.cmake
[6.980s] -- Installing: /Users/huajingzhao/Desktop/UCLA/projects/neureality/gimbal_ws/install/gimbal_interface/share/gimbal_interface/cmake/gimbal_interfaceConfig-version.cmake
[6.980s] -- Installing: /Users/huajingzhao/Desktop/UCLA/projects/neureality/gimbal_ws/install/gimbal_interface/share/gimbal_interface/package.xml
[6.981s] Invoked command in '/Users/huajingzhao/Desktop/UCLA/projects/neureality/gimbal_ws/build/gimbal_interface' returned '0': CMAKE_PREFIX_PATH=${CMAKE_PREFIX_PATH}:/Users/huajingzhao/ros2_ws/install/turtle_tf2_py:/Users/huajingzhao/ros2_ws/install/python_parameters:/Users/huajingzhao/ros2_ws/install/python_parameter_event_handler:/Users/huajingzhao/ros2_ws/install/py_srvcli:/Users/huajingzhao/ros2_ws/install/py_pubsub:/Users/huajingzhao/ros2_ws/install/py_launch_example:/Users/huajingzhao/ros2_ws/install/my_package:/Users/huajingzhao/ros2_ws/install/learning_tf2_py:/Users/huajingzhao/ros2_ws/install/launch_tutorial:/Users/huajingzhao/ros2_ws/install/launch_testing_examples:/Users/huajingzhao/ros2_ws/install/examples_rclpy_pointcloud_publisher:/Users/huajingzhao/ros2_ws/install/examples_rclpy_minimal_subscriber:/Users/huajingzhao/ros2_ws/install/examples_rclpy_minimal_service:/Users/huajingzhao/ros2_ws/install/examples_rclpy_minimal_publisher:/Users/huajingzhao/ros2_ws/install/examples_rclpy_minimal_client:/Users/huajingzhao/ros2_ws/install/examples_rclpy_minimal_action_server:/Users/huajingzhao/ros2_ws/install/examples_rclpy_minimal_action_client:/Users/huajingzhao/ros2_ws/install/examples_rclpy_guard_conditions:/Users/huajingzhao/ros2_ws/install/examples_rclpy_executors:/Users/huajingzhao/Desktop/UCLA/projects/ros2_ws/install/launch_testing_examples:/Users/huajingzhao/Desktop/UCLA/projects/ros2_ws/install/gimbal_control:/Users/huajingzhao/Desktop/UCLA/projects/ros2_ws/install/examples_rclpy_pointcloud_publisher:/Users/huajingzhao/Desktop/UCLA/projects/ros2_ws/install/examples_rclpy_minimal_subscriber:/Users/huajingzhao/Desktop/UCLA/projects/ros2_ws/install/examples_rclpy_minimal_service:/Users/huajingzhao/Desktop/UCLA/projects/ros2_ws/install/examples_rclpy_minimal_publisher:/Users/huajingzhao/Desktop/UCLA/projects/ros2_ws/install/examples_rclpy_minimal_client:/Users/huajingzhao/Desktop/UCLA/projects/ros2_ws/install/examples_rclpy_minimal_action_server:/Users/huajingzhao/Desktop/UCLA/projects/ros2_ws/install/examples_rclpy_minimal_action_client:/Users/huajingzhao/Desktop/UCLA/projects/ros2_ws/install/examples_rclpy_guard_conditions:/Users/huajingzhao/Desktop/UCLA/projects/ros2_ws/install/examples_rclpy_executors SHLVL=2 VIRTUAL_ENV_PROMPT=(venv) _=/usr/bin/env /opt/homebrew/bin/cmake --install /Users/huajingzhao/Desktop/UCLA/projects/neureality/gimbal_ws/build/gimbal_interface
