[0.289s] Invoking command in '/Users/huajingzhao/Desktop/UCLA/projects/neureality/gimbal_ws/build/gimbal_interfaces': CMAKE_PREFIX_PATH=${CMAKE_PREFIX_PATH}:/Users/huajingzhao/ros2_ws/install/turtle_tf2_py:/Users/huajingzhao/ros2_ws/install/python_parameters:/Users/huajingzhao/ros2_ws/install/python_parameter_event_handler:/Users/huajingzhao/ros2_ws/install/py_srvcli:/Users/huajingzhao/ros2_ws/install/py_pubsub:/Users/huajingzhao/ros2_ws/install/py_launch_example:/Users/huajingzhao/ros2_ws/install/my_package:/Users/huajingzhao/ros2_ws/install/learning_tf2_py:/Users/huajingzhao/ros2_ws/install/launch_tutorial:/Users/huajingzhao/ros2_ws/install/launch_testing_examples:/Users/huajingzhao/ros2_ws/install/examples_rclpy_pointcloud_publisher:/Users/huajingzhao/ros2_ws/install/examples_rclpy_minimal_subscriber:/Users/huajingzhao/ros2_ws/install/examples_rclpy_minimal_service:/Users/huajingzhao/ros2_ws/install/examples_rclpy_minimal_publisher:/Users/huajingzhao/ros2_ws/install/examples_rclpy_minimal_client:/Users/huajingzhao/ros2_ws/install/examples_rclpy_minimal_action_server:/Users/huajingzhao/ros2_ws/install/examples_rclpy_minimal_action_client:/Users/huajingzhao/ros2_ws/install/examples_rclpy_guard_conditions:/Users/huajingzhao/ros2_ws/install/examples_rclpy_executors:/Users/huajingzhao/Desktop/UCLA/projects/ros2_ws/install/launch_testing_examples:/Users/huajingzhao/Desktop/UCLA/projects/ros2_ws/install/gimbal_control:/Users/huajingzhao/Desktop/UCLA/projects/ros2_ws/install/examples_rclpy_pointcloud_publisher:/Users/huajingzhao/Desktop/UCLA/projects/ros2_ws/install/examples_rclpy_minimal_subscriber:/Users/huajingzhao/Desktop/UCLA/projects/ros2_ws/install/examples_rclpy_minimal_service:/Users/huajingzhao/Desktop/UCLA/projects/ros2_ws/install/examples_rclpy_minimal_publisher:/Users/huajingzhao/Desktop/UCLA/projects/ros2_ws/install/examples_rclpy_minimal_client:/Users/huajingzhao/Desktop/UCLA/projects/ros2_ws/install/examples_rclpy_minimal_action_server:/Users/huajingzhao/Desktop/UCLA/projects/ros2_ws/install/examples_rclpy_minimal_action_client:/Users/huajingzhao/Desktop/UCLA/projects/ros2_ws/install/examples_rclpy_guard_conditions:/Users/huajingzhao/Desktop/UCLA/projects/ros2_ws/install/examples_rclpy_executors SHLVL=2 VIRTUAL_ENV_PROMPT=(venv) _=/usr/bin/env /opt/homebrew/bin/cmake /Users/huajingzhao/Desktop/UCLA/projects/neureality/gimbal_ws/src/gimbal_interface -DCMAKE_INSTALL_PREFIX=/Users/huajingzhao/Desktop/UCLA/projects/neureality/gimbal_ws/install/gimbal_interfaces
[0.411s] -- The C compiler identification is GNU 13.2.0
[0.500s] -- The CXX compiler identification is Clang 17.0.6
[0.526s] -- Checking whether C compiler has -isysroot
[0.581s] -- Checking whether C compiler has -isysroot - yes
[0.581s] -- Checking whether C compiler supports OSX deployment target flag
[0.629s] -- Checking whether C compiler supports OSX deployment target flag - yes
[0.631s] -- Detecting C compiler ABI info
[0.894s] -- Detecting C compiler ABI info - done
[0.901s] -- Check for working C compiler: /opt/homebrew/Cellar/gcc/13.2.0/bin/gcc-13 - skipped
[0.901s] -- Detecting C compile features
[0.901s] -- Detecting C compile features - done
[0.932s] -- Detecting CXX compiler ABI info
[1.077s] -- Detecting CXX compiler ABI info - done
[1.081s] -- Check for working CXX compiler: /opt/homebrew/opt/llvm/bin/clang++ - skipped
[1.081s] -- Detecting CXX compile features
[1.082s] -- Detecting CXX compile features - done
[1.098s] -- Found ament_cmake: 1.3.7 (/Users/huajingzhao/ros2/humble/install/share/ament_cmake/cmake)
[1.759s] -- Found Python3: /opt/homebrew/Frameworks/Python.framework/Versions/3.12/bin/python3.12 (found version "3.12.1") found components: Interpreter 
[2.026s] -- Found ament_lint_auto: 0.12.10 (/Users/huajingzhao/ros2/humble/install/share/ament_lint_auto/cmake)
[2.221s] -- Found rosidl_default_generators: 1.2.0 (/Users/huajingzhao/ros2/humble/install/share/rosidl_default_generators/cmake)
[2.240s] -- Using all available rosidl_typesupport_c: rosidl_typesupport_fastrtps_c;rosidl_typesupport_introspection_c
[2.274s] -- Found rosidl_adapter: 3.1.5 (/Users/huajingzhao/ros2/humble/install/share/rosidl_adapter/cmake)
[2.395s] -- Using all available rosidl_typesupport_cpp: rosidl_typesupport_fastrtps_cpp;rosidl_typesupport_introspection_cpp
[2.915s] -- Found ament_cmake_ros: 0.10.0 (/Users/huajingzhao/ros2/humble/install/share/ament_cmake_ros/cmake)
[3.468s] -- Using all available rosidl_typesupport_c: rosidl_typesupport_fastrtps_c;rosidl_typesupport_introspection_c
[4.157s] -- Using all available rosidl_typesupport_cpp: rosidl_typesupport_fastrtps_cpp;rosidl_typesupport_introspection_cpp
[4.159s] CMake Warning (dev) at /Users/huajingzhao/ros2/humble/install/share/rosidl_generator_py/cmake/rosidl_generator_py_generate_interfaces.cmake:20 (find_package):
[4.159s]   Policy CMP0148 is not set: The FindPythonInterp and FindPythonLibs modules
[4.159s]   are removed.  Run "cmake --help-policy CMP0148" for policy details.  Use
[4.159s]   the cmake_policy command to set the policy and suppress this warning.
[4.159s] 
[4.159s] Call Stack (most recent call first):
[4.159s]   /Users/huajingzhao/ros2/humble/install/share/ament_cmake_core/cmake/core/ament_execute_extensions.cmake:48 (include)
[4.159s]   /Users/huajingzhao/ros2/humble/install/share/rosidl_cmake/cmake/rosidl_generate_interfaces.cmake:286 (ament_execute_extensions)
[4.159s]   CMakeLists.txt:23 (rosidl_generate_interfaces)
[4.159s] This warning is for project developers.  Use -Wno-dev to suppress it.
[4.159s] 
[4.186s] -- Found PythonInterp: /Users/huajingzhao/ros2/venv/bin/python3 (found suitable version "3.10.13", minimum required is "3.6") 
[4.197s] -- Found python_cmake_module: 0.10.0 (/Users/huajingzhao/ros2/humble/install/share/python_cmake_module/cmake)
[4.198s] CMake Warning (dev) at /Users/huajingzhao/ros2/humble/install/share/python_cmake_module/cmake/Modules/FindPythonExtra.cmake:52 (find_package):
[4.198s]   Policy CMP0148 is not set: The FindPythonInterp and FindPythonLibs modules
[4.198s]   are removed.  Run "cmake --help-policy CMP0148" for policy details.  Use
[4.198s]   the cmake_policy command to set the policy and suppress this warning.
[4.198s] 
[4.198s] Call Stack (most recent call first):
[4.198s]   /Users/huajingzhao/ros2/humble/install/share/rosidl_generator_py/cmake/rosidl_generator_py_generate_interfaces.cmake:23 (find_package)
[4.198s]   /Users/huajingzhao/ros2/humble/install/share/ament_cmake_core/cmake/core/ament_execute_extensions.cmake:48 (include)
[4.198s]   /Users/huajingzhao/ros2/humble/install/share/rosidl_cmake/cmake/rosidl_generate_interfaces.cmake:286 (ament_execute_extensions)
[4.198s]   CMakeLists.txt:23 (rosidl_generate_interfaces)
[4.198s] This warning is for project developers.  Use -Wno-dev to suppress it.
[4.198s] 
[4.266s] -- Using PythonExtra_INCLUDE_DIRS: /private/var/tmp/_bazel_huajingzhao/b77606ca01d4f69ab99f0d47ac8c3cd9/execroot/_main/bazel-out/darwin_arm64-fastbuild/bin/ros2_venv.runfiles/rules_python~0.29.0~python~python_3_10_aarch64-apple-darwin/include/python3.10;/private/var/tmp/_bazel_huajingzhao/b77606ca01d4f69ab99f0d47ac8c3cd9/execroot/_main/bazel-out/darwin_arm64-fastbuild/bin/ros2_venv.runfiles/rules_python~0.29.0~python~python_3_10_aarch64-apple-darwin/include/python3.10
[4.317s] -- Using PythonExtra_LIBRARIES: /Users/huajingzhao/ros2/humble/install/lib/libpython3.10.dylib
[4.353s] -- Found PythonExtra: .so  
[4.655s] -- Using numpy include directory: /Users/huajingzhao/ros2/venv/lib/python3.10/site-packages/numpy/core/include
[4.682s] -- Added test 'lint_cmake' to check CMake code style
[4.684s] -- Added test 'xmllint' to check XML markup files
[4.692s] -- Configuring done (4.4s)
[4.742s] -- Generating done (0.0s)
[4.749s] -- Build files have been written to: /Users/huajingzhao/Desktop/UCLA/projects/neureality/gimbal_ws/build/gimbal_interfaces
[4.753s] Invoked command in '/Users/huajingzhao/Desktop/UCLA/projects/neureality/gimbal_ws/build/gimbal_interfaces' returned '0': CMAKE_PREFIX_PATH=${CMAKE_PREFIX_PATH}:/Users/huajingzhao/ros2_ws/install/turtle_tf2_py:/Users/huajingzhao/ros2_ws/install/python_parameters:/Users/huajingzhao/ros2_ws/install/python_parameter_event_handler:/Users/huajingzhao/ros2_ws/install/py_srvcli:/Users/huajingzhao/ros2_ws/install/py_pubsub:/Users/huajingzhao/ros2_ws/install/py_launch_example:/Users/huajingzhao/ros2_ws/install/my_package:/Users/huajingzhao/ros2_ws/install/learning_tf2_py:/Users/huajingzhao/ros2_ws/install/launch_tutorial:/Users/huajingzhao/ros2_ws/install/launch_testing_examples:/Users/huajingzhao/ros2_ws/install/examples_rclpy_pointcloud_publisher:/Users/huajingzhao/ros2_ws/install/examples_rclpy_minimal_subscriber:/Users/huajingzhao/ros2_ws/install/examples_rclpy_minimal_service:/Users/huajingzhao/ros2_ws/install/examples_rclpy_minimal_publisher:/Users/huajingzhao/ros2_ws/install/examples_rclpy_minimal_client:/Users/huajingzhao/ros2_ws/install/examples_rclpy_minimal_action_server:/Users/huajingzhao/ros2_ws/install/examples_rclpy_minimal_action_client:/Users/huajingzhao/ros2_ws/install/examples_rclpy_guard_conditions:/Users/huajingzhao/ros2_ws/install/examples_rclpy_executors:/Users/huajingzhao/Desktop/UCLA/projects/ros2_ws/install/launch_testing_examples:/Users/huajingzhao/Desktop/UCLA/projects/ros2_ws/install/gimbal_control:/Users/huajingzhao/Desktop/UCLA/projects/ros2_ws/install/examples_rclpy_pointcloud_publisher:/Users/huajingzhao/Desktop/UCLA/projects/ros2_ws/install/examples_rclpy_minimal_subscriber:/Users/huajingzhao/Desktop/UCLA/projects/ros2_ws/install/examples_rclpy_minimal_service:/Users/huajingzhao/Desktop/UCLA/projects/ros2_ws/install/examples_rclpy_minimal_publisher:/Users/huajingzhao/Desktop/UCLA/projects/ros2_ws/install/examples_rclpy_minimal_client:/Users/huajingzhao/Desktop/UCLA/projects/ros2_ws/install/examples_rclpy_minimal_action_server:/Users/huajingzhao/Desktop/UCLA/projects/ros2_ws/install/examples_rclpy_minimal_action_client:/Users/huajingzhao/Desktop/UCLA/projects/ros2_ws/install/examples_rclpy_guard_conditions:/Users/huajingzhao/Desktop/UCLA/projects/ros2_ws/install/examples_rclpy_executors SHLVL=2 VIRTUAL_ENV_PROMPT=(venv) _=/usr/bin/env /opt/homebrew/bin/cmake /Users/huajingzhao/Desktop/UCLA/projects/neureality/gimbal_ws/src/gimbal_interface -DCMAKE_INSTALL_PREFIX=/Users/huajingzhao/Desktop/UCLA/projects/neureality/gimbal_ws/install/gimbal_interfaces
[4.753s] Invoking command in '/Users/huajingzhao/Desktop/UCLA/projects/neureality/gimbal_ws/build/gimbal_interfaces': CMAKE_PREFIX_PATH=${CMAKE_PREFIX_PATH}:/Users/huajingzhao/ros2_ws/install/turtle_tf2_py:/Users/huajingzhao/ros2_ws/install/python_parameters:/Users/huajingzhao/ros2_ws/install/python_parameter_event_handler:/Users/huajingzhao/ros2_ws/install/py_srvcli:/Users/huajingzhao/ros2_ws/install/py_pubsub:/Users/huajingzhao/ros2_ws/install/py_launch_example:/Users/huajingzhao/ros2_ws/install/my_package:/Users/huajingzhao/ros2_ws/install/learning_tf2_py:/Users/huajingzhao/ros2_ws/install/launch_tutorial:/Users/huajingzhao/ros2_ws/install/launch_testing_examples:/Users/huajingzhao/ros2_ws/install/examples_rclpy_pointcloud_publisher:/Users/huajingzhao/ros2_ws/install/examples_rclpy_minimal_subscriber:/Users/huajingzhao/ros2_ws/install/examples_rclpy_minimal_service:/Users/huajingzhao/ros2_ws/install/examples_rclpy_minimal_publisher:/Users/huajingzhao/ros2_ws/install/examples_rclpy_minimal_client:/Users/huajingzhao/ros2_ws/install/examples_rclpy_minimal_action_server:/Users/huajingzhao/ros2_ws/install/examples_rclpy_minimal_action_client:/Users/huajingzhao/ros2_ws/install/examples_rclpy_guard_conditions:/Users/huajingzhao/ros2_ws/install/examples_rclpy_executors:/Users/huajingzhao/Desktop/UCLA/projects/ros2_ws/install/launch_testing_examples:/Users/huajingzhao/Desktop/UCLA/projects/ros2_ws/install/gimbal_control:/Users/huajingzhao/Desktop/UCLA/projects/ros2_ws/install/examples_rclpy_pointcloud_publisher:/Users/huajingzhao/Desktop/UCLA/projects/ros2_ws/install/examples_rclpy_minimal_subscriber:/Users/huajingzhao/Desktop/UCLA/projects/ros2_ws/install/examples_rclpy_minimal_service:/Users/huajingzhao/Desktop/UCLA/projects/ros2_ws/install/examples_rclpy_minimal_publisher:/Users/huajingzhao/Desktop/UCLA/projects/ros2_ws/install/examples_rclpy_minimal_client:/Users/huajingzhao/Desktop/UCLA/projects/ros2_ws/install/examples_rclpy_minimal_action_server:/Users/huajingzhao/Desktop/UCLA/projects/ros2_ws/install/examples_rclpy_minimal_action_client:/Users/huajingzhao/Desktop/UCLA/projects/ros2_ws/install/examples_rclpy_guard_conditions:/Users/huajingzhao/Desktop/UCLA/projects/ros2_ws/install/examples_rclpy_executors SHLVL=2 VIRTUAL_ENV_PROMPT=(venv) _=/usr/bin/env /opt/homebrew/bin/cmake --build /Users/huajingzhao/Desktop/UCLA/projects/neureality/gimbal_ws/build/gimbal_interfaces -- -j10 -l10
[4.788s] [  3%] Generating C code for ROS interfaces
[4.800s] [  6%] Generating C++ code for ROS interfaces
[4.805s] [  6%] Built target ament_cmake_python_copy_gimbal_interfaces
[5.007s] [  6%] Built target gimbal_interfaces__cpp
[5.016s] running egg_info
[5.016s] creating gimbal_interfaces.egg-info
[5.021s] [ 19%] Generating C++ type support dispatch for ROS interfaces
[5.021s] [ 19%] Building C object CMakeFiles/gimbal_interfaces__rosidl_generator_c.dir/rosidl_generator_c/gimbal_interfaces/msg/detail/gimbal__functions.c.o
[5.021s] [ 19%] Generating C++ type support for eProsima Fast-RTPS
[5.021s] [ 19%] Generating C++ introspection for ROS interfaces
[5.025s] writing gimbal_interfaces.egg-info/PKG-INFO
[5.025s] writing dependency_links to gimbal_interfaces.egg-info/dependency_links.txt
[5.025s] writing top-level names to gimbal_interfaces.egg-info/top_level.txt
[5.025s] writing manifest file 'gimbal_interfaces.egg-info/SOURCES.txt'
[5.055s] reading manifest file 'gimbal_interfaces.egg-info/SOURCES.txt'
[5.055s] writing manifest file 'gimbal_interfaces.egg-info/SOURCES.txt'
[5.080s] [ 19%] Built target ament_cmake_python_build_gimbal_interfaces_egg
[5.126s] [ 22%] Linking C shared library libgimbal_interfaces__rosidl_generator_c.dylib
[5.185s] [ 22%] Built target gimbal_interfaces__rosidl_generator_c
[5.197s] [ 32%] Generating C type support for eProsima Fast-RTPS
[5.197s] [ 32%] Generating C introspection for ROS interfaces
[5.197s] [ 32%] Generating C type support dispatch for ROS interfaces
[5.228s] [ 35%] Building CXX object CMakeFiles/gimbal_interfaces__rosidl_typesupport_cpp.dir/rosidl_typesupport_cpp/gimbal_interfaces/msg/gimbal__type_support.cpp.o
[5.249s] [ 38%] Building CXX object CMakeFiles/gimbal_interfaces__rosidl_typesupport_introspection_cpp.dir/rosidl_typesupport_introspection_cpp/gimbal_interfaces/msg/detail/gimbal__type_support.cpp.o
[5.259s] [ 41%] Building CXX object CMakeFiles/gimbal_interfaces__rosidl_typesupport_fastrtps_cpp.dir/rosidl_typesupport_fastrtps_cpp/gimbal_interfaces/msg/detail/dds_fastrtps/gimbal__type_support.cpp.o
[5.419s] [ 45%] Building CXX object CMakeFiles/gimbal_interfaces__rosidl_typesupport_c.dir/rosidl_typesupport_c/gimbal_interfaces/msg/gimbal__type_support.cpp.o
[5.436s] [ 51%] Building CXX object CMakeFiles/gimbal_interfaces__rosidl_typesupport_fastrtps_c.dir/rosidl_typesupport_fastrtps_c/gimbal_interfaces/msg/detail/gimbal__type_support_c.cpp.o
[5.436s] [ 51%] Building C object CMakeFiles/gimbal_interfaces__rosidl_typesupport_introspection_c.dir/rosidl_typesupport_introspection_c/gimbal_interfaces/msg/detail/gimbal__type_support.c.o
[5.453s] [ 54%] Linking CXX shared library libgimbal_interfaces__rosidl_typesupport_c.dylib
[5.518s] [ 58%] Linking C shared library libgimbal_interfaces__rosidl_typesupport_introspection_c.dylib
[5.519s] [ 58%] Built target gimbal_interfaces__rosidl_typesupport_c
[5.571s] [ 58%] Built target gimbal_interfaces__rosidl_typesupport_introspection_c
[5.592s] [ 64%] Linking CXX shared library libgimbal_interfaces__rosidl_typesupport_cpp.dylib
[5.592s] [ 64%] Linking CXX shared library libgimbal_interfaces__rosidl_typesupport_introspection_cpp.dylib
[5.653s] [ 64%] Built target gimbal_interfaces__rosidl_typesupport_cpp
[5.653s] [ 64%] Built target gimbal_interfaces__rosidl_typesupport_introspection_cpp
[5.657s] [ 67%] Linking CXX shared library libgimbal_interfaces__rosidl_typesupport_fastrtps_cpp.dylib
[5.713s] [ 67%] Built target gimbal_interfaces__rosidl_typesupport_fastrtps_cpp
[5.779s] [ 70%] Linking CXX shared library libgimbal_interfaces__rosidl_typesupport_fastrtps_c.dylib
[5.832s] [ 70%] Built target gimbal_interfaces__rosidl_typesupport_fastrtps_c
[5.849s] [ 70%] Built target gimbal_interfaces
[5.866s] [ 74%] Generating Python code for ROS interfaces
[6.074s] [ 74%] Built target gimbal_interfaces__py
[6.092s] [ 77%] Building C object CMakeFiles/gimbal_interfaces__rosidl_generator_py.dir/rosidl_generator_py/gimbal_interfaces/msg/_gimbal_s.c.o
[6.198s] [ 80%] Linking C shared library rosidl_generator_py/gimbal_interfaces/libgimbal_interfaces__rosidl_generator_py.dylib
[6.244s] [ 80%] Built target gimbal_interfaces__rosidl_generator_py
[6.266s] [ 90%] Building C object CMakeFiles/gimbal_interfaces__rosidl_typesupport_introspection_c__pyext.dir/rosidl_generator_py/gimbal_interfaces/_gimbal_interfaces_s.ep.rosidl_typesupport_introspection_c.c.o
[6.266s] [ 90%] Building C object CMakeFiles/gimbal_interfaces__rosidl_typesupport_fastrtps_c__pyext.dir/rosidl_generator_py/gimbal_interfaces/_gimbal_interfaces_s.ep.rosidl_typesupport_fastrtps_c.c.o
[6.266s] [ 90%] Building C object CMakeFiles/gimbal_interfaces__rosidl_typesupport_c__pyext.dir/rosidl_generator_py/gimbal_interfaces/_gimbal_interfaces_s.ep.rosidl_typesupport_c.c.o
[6.386s] [ 96%] Linking C shared library rosidl_generator_py/gimbal_interfaces/gimbal_interfaces_s__rosidl_typesupport_introspection_c.cpython-310-darwin.so
[6.386s] [ 96%] Linking C shared library rosidl_generator_py/gimbal_interfaces/gimbal_interfaces_s__rosidl_typesupport_c.cpython-310-darwin.so
[6.386s] [100%] Linking C shared library rosidl_generator_py/gimbal_interfaces/gimbal_interfaces_s__rosidl_typesupport_fastrtps_c.cpython-310-darwin.so
[6.451s] [100%] Built target gimbal_interfaces__rosidl_typesupport_c__pyext
[6.452s] [100%] Built target gimbal_interfaces__rosidl_typesupport_fastrtps_c__pyext
[6.452s] [100%] Built target gimbal_interfaces__rosidl_typesupport_introspection_c__pyext
[6.458s] Invoked command in '/Users/huajingzhao/Desktop/UCLA/projects/neureality/gimbal_ws/build/gimbal_interfaces' returned '0': CMAKE_PREFIX_PATH=${CMAKE_PREFIX_PATH}:/Users/huajingzhao/ros2_ws/install/turtle_tf2_py:/Users/huajingzhao/ros2_ws/install/python_parameters:/Users/huajingzhao/ros2_ws/install/python_parameter_event_handler:/Users/huajingzhao/ros2_ws/install/py_srvcli:/Users/huajingzhao/ros2_ws/install/py_pubsub:/Users/huajingzhao/ros2_ws/install/py_launch_example:/Users/huajingzhao/ros2_ws/install/my_package:/Users/huajingzhao/ros2_ws/install/learning_tf2_py:/Users/huajingzhao/ros2_ws/install/launch_tutorial:/Users/huajingzhao/ros2_ws/install/launch_testing_examples:/Users/huajingzhao/ros2_ws/install/examples_rclpy_pointcloud_publisher:/Users/huajingzhao/ros2_ws/install/examples_rclpy_minimal_subscriber:/Users/huajingzhao/ros2_ws/install/examples_rclpy_minimal_service:/Users/huajingzhao/ros2_ws/install/examples_rclpy_minimal_publisher:/Users/huajingzhao/ros2_ws/install/examples_rclpy_minimal_client:/Users/huajingzhao/ros2_ws/install/examples_rclpy_minimal_action_server:/Users/huajingzhao/ros2_ws/install/examples_rclpy_minimal_action_client:/Users/huajingzhao/ros2_ws/install/examples_rclpy_guard_conditions:/Users/huajingzhao/ros2_ws/install/examples_rclpy_executors:/Users/huajingzhao/Desktop/UCLA/projects/ros2_ws/install/launch_testing_examples:/Users/huajingzhao/Desktop/UCLA/projects/ros2_ws/install/gimbal_control:/Users/huajingzhao/Desktop/UCLA/projects/ros2_ws/install/examples_rclpy_pointcloud_publisher:/Users/huajingzhao/Desktop/UCLA/projects/ros2_ws/install/examples_rclpy_minimal_subscriber:/Users/huajingzhao/Desktop/UCLA/projects/ros2_ws/install/examples_rclpy_minimal_service:/Users/huajingzhao/Desktop/UCLA/projects/ros2_ws/install/examples_rclpy_minimal_publisher:/Users/huajingzhao/Desktop/UCLA/projects/ros2_ws/install/examples_rclpy_minimal_client:/Users/huajingzhao/Desktop/UCLA/projects/ros2_ws/install/examples_rclpy_minimal_action_server:/Users/huajingzhao/Desktop/UCLA/projects/ros2_ws/install/examples_rclpy_minimal_action_client:/Users/huajingzhao/Desktop/UCLA/projects/ros2_ws/install/examples_rclpy_guard_conditions:/Users/huajingzhao/Desktop/UCLA/projects/ros2_ws/install/examples_rclpy_executors SHLVL=2 VIRTUAL_ENV_PROMPT=(venv) _=/usr/bin/env /opt/homebrew/bin/cmake --build /Users/huajingzhao/Desktop/UCLA/projects/neureality/gimbal_ws/build/gimbal_interfaces -- -j10 -l10
[6.643s] Invoking command in '/Users/huajingzhao/Desktop/UCLA/projects/neureality/gimbal_ws/build/gimbal_interfaces': CMAKE_PREFIX_PATH=${CMAKE_PREFIX_PATH}:/Users/huajingzhao/ros2_ws/install/turtle_tf2_py:/Users/huajingzhao/ros2_ws/install/python_parameters:/Users/huajingzhao/ros2_ws/install/python_parameter_event_handler:/Users/huajingzhao/ros2_ws/install/py_srvcli:/Users/huajingzhao/ros2_ws/install/py_pubsub:/Users/huajingzhao/ros2_ws/install/py_launch_example:/Users/huajingzhao/ros2_ws/install/my_package:/Users/huajingzhao/ros2_ws/install/learning_tf2_py:/Users/huajingzhao/ros2_ws/install/launch_tutorial:/Users/huajingzhao/ros2_ws/install/launch_testing_examples:/Users/huajingzhao/ros2_ws/install/examples_rclpy_pointcloud_publisher:/Users/huajingzhao/ros2_ws/install/examples_rclpy_minimal_subscriber:/Users/huajingzhao/ros2_ws/install/examples_rclpy_minimal_service:/Users/huajingzhao/ros2_ws/install/examples_rclpy_minimal_publisher:/Users/huajingzhao/ros2_ws/install/examples_rclpy_minimal_client:/Users/huajingzhao/ros2_ws/install/examples_rclpy_minimal_action_server:/Users/huajingzhao/ros2_ws/install/examples_rclpy_minimal_action_client:/Users/huajingzhao/ros2_ws/install/examples_rclpy_guard_conditions:/Users/huajingzhao/ros2_ws/install/examples_rclpy_executors:/Users/huajingzhao/Desktop/UCLA/projects/ros2_ws/install/launch_testing_examples:/Users/huajingzhao/Desktop/UCLA/projects/ros2_ws/install/gimbal_control:/Users/huajingzhao/Desktop/UCLA/projects/ros2_ws/install/examples_rclpy_pointcloud_publisher:/Users/huajingzhao/Desktop/UCLA/projects/ros2_ws/install/examples_rclpy_minimal_subscriber:/Users/huajingzhao/Desktop/UCLA/projects/ros2_ws/install/examples_rclpy_minimal_service:/Users/huajingzhao/Desktop/UCLA/projects/ros2_ws/install/examples_rclpy_minimal_publisher:/Users/huajingzhao/Desktop/UCLA/projects/ros2_ws/install/examples_rclpy_minimal_client:/Users/huajingzhao/Desktop/UCLA/projects/ros2_ws/install/examples_rclpy_minimal_action_server:/Users/huajingzhao/Desktop/UCLA/projects/ros2_ws/install/examples_rclpy_minimal_action_client:/Users/huajingzhao/Desktop/UCLA/projects/ros2_ws/install/examples_rclpy_guard_conditions:/Users/huajingzhao/Desktop/UCLA/projects/ros2_ws/install/examples_rclpy_executors SHLVL=2 VIRTUAL_ENV_PROMPT=(venv) _=/usr/bin/env /opt/homebrew/bin/cmake --install /Users/huajingzhao/Desktop/UCLA/projects/neureality/gimbal_ws/build/gimbal_interfaces
[6.647s] -- Install configuration: ""
[6.647s] -- Installing: /Users/huajingzhao/Desktop/UCLA/projects/neureality/gimbal_ws/install/gimbal_interfaces/share/ament_index/resource_index/rosidl_interfaces/gimbal_interfaces
[6.647s] -- Installing: /Users/huajingzhao/Desktop/UCLA/projects/neureality/gimbal_ws/install/gimbal_interfaces/include/gimbal_interfaces/gimbal_interfaces
[6.647s] -- Installing: /Users/huajingzhao/Desktop/UCLA/projects/neureality/gimbal_ws/install/gimbal_interfaces/include/gimbal_interfaces/gimbal_interfaces/msg
[6.647s] -- Installing: /Users/huajingzhao/Desktop/UCLA/projects/neureality/gimbal_ws/install/gimbal_interfaces/include/gimbal_interfaces/gimbal_interfaces/msg/rosidl_generator_c__visibility_control.h
[6.648s] -- Installing: /Users/huajingzhao/Desktop/UCLA/projects/neureality/gimbal_ws/install/gimbal_interfaces/include/gimbal_interfaces/gimbal_interfaces/msg/detail
[6.648s] -- Installing: /Users/huajingzhao/Desktop/UCLA/projects/neureality/gimbal_ws/install/gimbal_interfaces/include/gimbal_interfaces/gimbal_interfaces/msg/detail/gimbal__functions.h
[6.648s] -- Installing: /Users/huajingzhao/Desktop/UCLA/projects/neureality/gimbal_ws/install/gimbal_interfaces/include/gimbal_interfaces/gimbal_interfaces/msg/detail/gimbal__struct.h
[6.648s] -- Installing: /Users/huajingzhao/Desktop/UCLA/projects/neureality/gimbal_ws/install/gimbal_interfaces/include/gimbal_interfaces/gimbal_interfaces/msg/detail/gimbal__functions.c
[6.648s] -- Installing: /Users/huajingzhao/Desktop/UCLA/projects/neureality/gimbal_ws/install/gimbal_interfaces/include/gimbal_interfaces/gimbal_interfaces/msg/detail/gimbal__type_support.h
[6.648s] -- Installing: /Users/huajingzhao/Desktop/UCLA/projects/neureality/gimbal_ws/install/gimbal_interfaces/include/gimbal_interfaces/gimbal_interfaces/msg/gimbal.h
[6.648s] -- Installing: /Users/huajingzhao/Desktop/UCLA/projects/neureality/gimbal_ws/install/gimbal_interfaces/share/gimbal_interfaces/environment/library_path.sh
[6.649s] -- Installing: /Users/huajingzhao/Desktop/UCLA/projects/neureality/gimbal_ws/install/gimbal_interfaces/share/gimbal_interfaces/environment/library_path.dsv
[6.649s] -- Installing: /Users/huajingzhao/Desktop/UCLA/projects/neureality/gimbal_ws/install/gimbal_interfaces/lib/libgimbal_interfaces__rosidl_generator_c.dylib
[6.657s] -- Up-to-date: /Users/huajingzhao/Desktop/UCLA/projects/neureality/gimbal_ws/install/gimbal_interfaces/include/gimbal_interfaces/gimbal_interfaces
[6.657s] -- Up-to-date: /Users/huajingzhao/Desktop/UCLA/projects/neureality/gimbal_ws/install/gimbal_interfaces/include/gimbal_interfaces/gimbal_interfaces/msg
[6.657s] -- Up-to-date: /Users/huajingzhao/Desktop/UCLA/projects/neureality/gimbal_ws/install/gimbal_interfaces/include/gimbal_interfaces/gimbal_interfaces/msg/detail
[6.657s] -- Installing: /Users/huajingzhao/Desktop/UCLA/projects/neureality/gimbal_ws/install/gimbal_interfaces/include/gimbal_interfaces/gimbal_interfaces/msg/detail/gimbal__rosidl_typesupport_fastrtps_c.h
[6.657s] -- Installing: /Users/huajingzhao/Desktop/UCLA/projects/neureality/gimbal_ws/install/gimbal_interfaces/include/gimbal_interfaces/gimbal_interfaces/msg/rosidl_typesupport_fastrtps_c__visibility_control.h
[6.657s] -- Installing: /Users/huajingzhao/Desktop/UCLA/projects/neureality/gimbal_ws/install/gimbal_interfaces/lib/libgimbal_interfaces__rosidl_typesupport_fastrtps_c.dylib
[6.665s] -- Up-to-date: /Users/huajingzhao/Desktop/UCLA/projects/neureality/gimbal_ws/install/gimbal_interfaces/include/gimbal_interfaces/gimbal_interfaces
[6.665s] -- Up-to-date: /Users/huajingzhao/Desktop/UCLA/projects/neureality/gimbal_ws/install/gimbal_interfaces/include/gimbal_interfaces/gimbal_interfaces/msg
[6.665s] -- Up-to-date: /Users/huajingzhao/Desktop/UCLA/projects/neureality/gimbal_ws/install/gimbal_interfaces/include/gimbal_interfaces/gimbal_interfaces/msg/detail
[6.665s] -- Installing: /Users/huajingzhao/Desktop/UCLA/projects/neureality/gimbal_ws/install/gimbal_interfaces/include/gimbal_interfaces/gimbal_interfaces/msg/detail/gimbal__rosidl_typesupport_introspection_c.h
[6.665s] -- Installing: /Users/huajingzhao/Desktop/UCLA/projects/neureality/gimbal_ws/install/gimbal_interfaces/include/gimbal_interfaces/gimbal_interfaces/msg/detail/gimbal__type_support.c
[6.666s] -- Installing: /Users/huajingzhao/Desktop/UCLA/projects/neureality/gimbal_ws/install/gimbal_interfaces/include/gimbal_interfaces/gimbal_interfaces/msg/rosidl_typesupport_introspection_c__visibility_control.h
[6.666s] -- Installing: /Users/huajingzhao/Desktop/UCLA/projects/neureality/gimbal_ws/install/gimbal_interfaces/lib/libgimbal_interfaces__rosidl_typesupport_introspection_c.dylib
[6.673s] -- Installing: /Users/huajingzhao/Desktop/UCLA/projects/neureality/gimbal_ws/install/gimbal_interfaces/lib/libgimbal_interfaces__rosidl_typesupport_c.dylib
[6.680s] -- Up-to-date: /Users/huajingzhao/Desktop/UCLA/projects/neureality/gimbal_ws/install/gimbal_interfaces/include/gimbal_interfaces/gimbal_interfaces
[6.680s] -- Up-to-date: /Users/huajingzhao/Desktop/UCLA/projects/neureality/gimbal_ws/install/gimbal_interfaces/include/gimbal_interfaces/gimbal_interfaces/msg
[6.680s] -- Up-to-date: /Users/huajingzhao/Desktop/UCLA/projects/neureality/gimbal_ws/install/gimbal_interfaces/include/gimbal_interfaces/gimbal_interfaces/msg/detail
[6.680s] -- Installing: /Users/huajingzhao/Desktop/UCLA/projects/neureality/gimbal_ws/install/gimbal_interfaces/include/gimbal_interfaces/gimbal_interfaces/msg/detail/gimbal__traits.hpp
[6.681s] -- Installing: /Users/huajingzhao/Desktop/UCLA/projects/neureality/gimbal_ws/install/gimbal_interfaces/include/gimbal_interfaces/gimbal_interfaces/msg/detail/gimbal__struct.hpp
[6.681s] -- Installing: /Users/huajingzhao/Desktop/UCLA/projects/neureality/gimbal_ws/install/gimbal_interfaces/include/gimbal_interfaces/gimbal_interfaces/msg/detail/gimbal__builder.hpp
[6.681s] -- Installing: /Users/huajingzhao/Desktop/UCLA/projects/neureality/gimbal_ws/install/gimbal_interfaces/include/gimbal_interfaces/gimbal_interfaces/msg/gimbal.hpp
[6.681s] -- Up-to-date: /Users/huajingzhao/Desktop/UCLA/projects/neureality/gimbal_ws/install/gimbal_interfaces/include/gimbal_interfaces/gimbal_interfaces
[6.681s] -- Up-to-date: /Users/huajingzhao/Desktop/UCLA/projects/neureality/gimbal_ws/install/gimbal_interfaces/include/gimbal_interfaces/gimbal_interfaces/msg
[6.681s] -- Installing: /Users/huajingzhao/Desktop/UCLA/projects/neureality/gimbal_ws/install/gimbal_interfaces/include/gimbal_interfaces/gimbal_interfaces/msg/rosidl_typesupport_fastrtps_cpp__visibility_control.h
[6.681s] -- Up-to-date: /Users/huajingzhao/Desktop/UCLA/projects/neureality/gimbal_ws/install/gimbal_interfaces/include/gimbal_interfaces/gimbal_interfaces/msg/detail
[6.681s] -- Installing: /Users/huajingzhao/Desktop/UCLA/projects/neureality/gimbal_ws/install/gimbal_interfaces/include/gimbal_interfaces/gimbal_interfaces/msg/detail/gimbal__rosidl_typesupport_fastrtps_cpp.hpp
[6.681s] -- Installing: /Users/huajingzhao/Desktop/UCLA/projects/neureality/gimbal_ws/install/gimbal_interfaces/include/gimbal_interfaces/gimbal_interfaces/msg/detail/dds_fastrtps
[6.682s] -- Installing: /Users/huajingzhao/Desktop/UCLA/projects/neureality/gimbal_ws/install/gimbal_interfaces/lib/libgimbal_interfaces__rosidl_typesupport_fastrtps_cpp.dylib
[6.689s] -- Up-to-date: /Users/huajingzhao/Desktop/UCLA/projects/neureality/gimbal_ws/install/gimbal_interfaces/include/gimbal_interfaces/gimbal_interfaces
[6.689s] -- Up-to-date: /Users/huajingzhao/Desktop/UCLA/projects/neureality/gimbal_ws/install/gimbal_interfaces/include/gimbal_interfaces/gimbal_interfaces/msg
[6.689s] -- Up-to-date: /Users/huajingzhao/Desktop/UCLA/projects/neureality/gimbal_ws/install/gimbal_interfaces/include/gimbal_interfaces/gimbal_interfaces/msg/detail
[6.689s] -- Installing: /Users/huajingzhao/Desktop/UCLA/projects/neureality/gimbal_ws/install/gimbal_interfaces/include/gimbal_interfaces/gimbal_interfaces/msg/detail/gimbal__type_support.cpp
[6.689s] -- Installing: /Users/huajingzhao/Desktop/UCLA/projects/neureality/gimbal_ws/install/gimbal_interfaces/include/gimbal_interfaces/gimbal_interfaces/msg/detail/gimbal__rosidl_typesupport_introspection_cpp.hpp
[6.690s] -- Installing: /Users/huajingzhao/Desktop/UCLA/projects/neureality/gimbal_ws/install/gimbal_interfaces/lib/libgimbal_interfaces__rosidl_typesupport_introspection_cpp.dylib
[6.697s] -- Installing: /Users/huajingzhao/Desktop/UCLA/projects/neureality/gimbal_ws/install/gimbal_interfaces/lib/libgimbal_interfaces__rosidl_typesupport_cpp.dylib
[6.704s] -- Installing: /Users/huajingzhao/Desktop/UCLA/projects/neureality/gimbal_ws/install/gimbal_interfaces/share/gimbal_interfaces/environment/pythonpath.sh
[6.705s] -- Installing: /Users/huajingzhao/Desktop/UCLA/projects/neureality/gimbal_ws/install/gimbal_interfaces/share/gimbal_interfaces/environment/pythonpath.dsv
[6.705s] -- Installing: /Users/huajingzhao/Desktop/UCLA/projects/neureality/gimbal_ws/install/gimbal_interfaces/../../../../../../../../../opt/homebrew/lib/python3.12/site-packages/gimbal_interfaces-0.0.0-py3.12.egg-info
[6.705s] -- Installing: /Users/huajingzhao/Desktop/UCLA/projects/neureality/gimbal_ws/install/gimbal_interfaces/../../../../../../../../../opt/homebrew/lib/python3.12/site-packages/gimbal_interfaces-0.0.0-py3.12.egg-info/PKG-INFO
[6.705s] -- Installing: /Users/huajingzhao/Desktop/UCLA/projects/neureality/gimbal_ws/install/gimbal_interfaces/../../../../../../../../../opt/homebrew/lib/python3.12/site-packages/gimbal_interfaces-0.0.0-py3.12.egg-info/SOURCES.txt
[6.705s] -- Installing: /Users/huajingzhao/Desktop/UCLA/projects/neureality/gimbal_ws/install/gimbal_interfaces/../../../../../../../../../opt/homebrew/lib/python3.12/site-packages/gimbal_interfaces-0.0.0-py3.12.egg-info/top_level.txt
[6.705s] -- Installing: /Users/huajingzhao/Desktop/UCLA/projects/neureality/gimbal_ws/install/gimbal_interfaces/../../../../../../../../../opt/homebrew/lib/python3.12/site-packages/gimbal_interfaces-0.0.0-py3.12.egg-info/dependency_links.txt
[6.705s] -- Installing: /Users/huajingzhao/Desktop/UCLA/projects/neureality/gimbal_ws/install/gimbal_interfaces/../../../../../../../../../opt/homebrew/lib/python3.12/site-packages/gimbal_interfaces
[6.706s] -- Installing: /Users/huajingzhao/Desktop/UCLA/projects/neureality/gimbal_ws/install/gimbal_interfaces/../../../../../../../../../opt/homebrew/lib/python3.12/site-packages/gimbal_interfaces/_gimbal_interfaces_s.ep.rosidl_typesupport_c.c
[6.706s] -- Installing: /Users/huajingzhao/Desktop/UCLA/projects/neureality/gimbal_ws/install/gimbal_interfaces/../../../../../../../../../opt/homebrew/lib/python3.12/site-packages/gimbal_interfaces/libgimbal_interfaces__rosidl_generator_py.dylib
[6.706s] -- Installing: /Users/huajingzhao/Desktop/UCLA/projects/neureality/gimbal_ws/install/gimbal_interfaces/../../../../../../../../../opt/homebrew/lib/python3.12/site-packages/gimbal_interfaces/msg
[6.706s] -- Installing: /Users/huajingzhao/Desktop/UCLA/projects/neureality/gimbal_ws/install/gimbal_interfaces/../../../../../../../../../opt/homebrew/lib/python3.12/site-packages/gimbal_interfaces/msg/_gimbal.py
[6.706s] -- Installing: /Users/huajingzhao/Desktop/UCLA/projects/neureality/gimbal_ws/install/gimbal_interfaces/../../../../../../../../../opt/homebrew/lib/python3.12/site-packages/gimbal_interfaces/msg/__init__.py
[6.706s] -- Installing: /Users/huajingzhao/Desktop/UCLA/projects/neureality/gimbal_ws/install/gimbal_interfaces/../../../../../../../../../opt/homebrew/lib/python3.12/site-packages/gimbal_interfaces/msg/_gimbal_s.c
[6.706s] -- Installing: /Users/huajingzhao/Desktop/UCLA/projects/neureality/gimbal_ws/install/gimbal_interfaces/../../../../../../../../../opt/homebrew/lib/python3.12/site-packages/gimbal_interfaces/gimbal_interfaces_s__rosidl_typesupport_c.cpython-310-darwin.so
[6.707s] -- Installing: /Users/huajingzhao/Desktop/UCLA/projects/neureality/gimbal_ws/install/gimbal_interfaces/../../../../../../../../../opt/homebrew/lib/python3.12/site-packages/gimbal_interfaces/__init__.py
[6.707s] -- Installing: /Users/huajingzhao/Desktop/UCLA/projects/neureality/gimbal_ws/install/gimbal_interfaces/../../../../../../../../../opt/homebrew/lib/python3.12/site-packages/gimbal_interfaces/_gimbal_interfaces_s.ep.rosidl_typesupport_introspection_c.c
[6.707s] -- Installing: /Users/huajingzhao/Desktop/UCLA/projects/neureality/gimbal_ws/install/gimbal_interfaces/../../../../../../../../../opt/homebrew/lib/python3.12/site-packages/gimbal_interfaces/gimbal_interfaces_s__rosidl_typesupport_introspection_c.cpython-310-darwin.so
[6.707s] -- Installing: /Users/huajingzhao/Desktop/UCLA/projects/neureality/gimbal_ws/install/gimbal_interfaces/../../../../../../../../../opt/homebrew/lib/python3.12/site-packages/gimbal_interfaces/_gimbal_interfaces_s.ep.rosidl_typesupport_fastrtps_c.c
[6.707s] -- Installing: /Users/huajingzhao/Desktop/UCLA/projects/neureality/gimbal_ws/install/gimbal_interfaces/../../../../../../../../../opt/homebrew/lib/python3.12/site-packages/gimbal_interfaces/gimbal_interfaces_s__rosidl_typesupport_fastrtps_c.cpython-310-darwin.so
[6.758s] Listing '/Users/huajingzhao/Desktop/UCLA/projects/neureality/gimbal_ws/install/gimbal_interfaces/../../../../../../../../../opt/homebrew/lib/python3.12/site-packages/gimbal_interfaces'...
[6.758s] Compiling '/Users/huajingzhao/Desktop/UCLA/projects/neureality/gimbal_ws/install/gimbal_interfaces/../../../../../../../../../opt/homebrew/lib/python3.12/site-packages/gimbal_interfaces/__init__.py'...
[6.758s] Listing '/Users/huajingzhao/Desktop/UCLA/projects/neureality/gimbal_ws/install/gimbal_interfaces/../../../../../../../../../opt/homebrew/lib/python3.12/site-packages/gimbal_interfaces/msg'...
[6.758s] Compiling '/Users/huajingzhao/Desktop/UCLA/projects/neureality/gimbal_ws/install/gimbal_interfaces/../../../../../../../../../opt/homebrew/lib/python3.12/site-packages/gimbal_interfaces/msg/__init__.py'...
[6.758s] Compiling '/Users/huajingzhao/Desktop/UCLA/projects/neureality/gimbal_ws/install/gimbal_interfaces/../../../../../../../../../opt/homebrew/lib/python3.12/site-packages/gimbal_interfaces/msg/_gimbal.py'...
[6.762s] -- Up-to-date: /Users/huajingzhao/Desktop/UCLA/projects/neureality/gimbal_ws/install/gimbal_interfaces/../../../../../../../../../opt/homebrew/lib/python3.12/site-packages/gimbal_interfaces/gimbal_interfaces_s__rosidl_typesupport_fastrtps_c.cpython-310-darwin.so
[6.770s] -- Up-to-date: /Users/huajingzhao/Desktop/UCLA/projects/neureality/gimbal_ws/install/gimbal_interfaces/../../../../../../../../../opt/homebrew/lib/python3.12/site-packages/gimbal_interfaces/gimbal_interfaces_s__rosidl_typesupport_introspection_c.cpython-310-darwin.so
[6.778s] -- Up-to-date: /Users/huajingzhao/Desktop/UCLA/projects/neureality/gimbal_ws/install/gimbal_interfaces/../../../../../../../../../opt/homebrew/lib/python3.12/site-packages/gimbal_interfaces/gimbal_interfaces_s__rosidl_typesupport_c.cpython-310-darwin.so
[6.785s] -- Installing: /Users/huajingzhao/Desktop/UCLA/projects/neureality/gimbal_ws/install/gimbal_interfaces/lib/libgimbal_interfaces__rosidl_generator_py.dylib
[6.794s] -- Installing: /Users/huajingzhao/Desktop/UCLA/projects/neureality/gimbal_ws/install/gimbal_interfaces/share/gimbal_interfaces/msg/Gimbal.idl
[6.794s] -- Installing: /Users/huajingzhao/Desktop/UCLA/projects/neureality/gimbal_ws/install/gimbal_interfaces/share/gimbal_interfaces/msg/Gimbal.msg
[6.794s] -- Installing: /Users/huajingzhao/Desktop/UCLA/projects/neureality/gimbal_ws/install/gimbal_interfaces/share/ament_index/resource_index/package_run_dependencies/gimbal_interfaces
[6.794s] -- Installing: /Users/huajingzhao/Desktop/UCLA/projects/neureality/gimbal_ws/install/gimbal_interfaces/share/ament_index/resource_index/parent_prefix_path/gimbal_interfaces
[6.794s] -- Installing: /Users/huajingzhao/Desktop/UCLA/projects/neureality/gimbal_ws/install/gimbal_interfaces/share/gimbal_interfaces/environment/ament_prefix_path.sh
[6.794s] -- Installing: /Users/huajingzhao/Desktop/UCLA/projects/neureality/gimbal_ws/install/gimbal_interfaces/share/gimbal_interfaces/environment/ament_prefix_path.dsv
[6.795s] -- Installing: /Users/huajingzhao/Desktop/UCLA/projects/neureality/gimbal_ws/install/gimbal_interfaces/share/gimbal_interfaces/environment/path.sh
[6.795s] -- Installing: /Users/huajingzhao/Desktop/UCLA/projects/neureality/gimbal_ws/install/gimbal_interfaces/share/gimbal_interfaces/environment/path.dsv
[6.795s] -- Installing: /Users/huajingzhao/Desktop/UCLA/projects/neureality/gimbal_ws/install/gimbal_interfaces/share/gimbal_interfaces/local_setup.bash
[6.795s] -- Installing: /Users/huajingzhao/Desktop/UCLA/projects/neureality/gimbal_ws/install/gimbal_interfaces/share/gimbal_interfaces/local_setup.sh
[6.795s] -- Installing: /Users/huajingzhao/Desktop/UCLA/projects/neureality/gimbal_ws/install/gimbal_interfaces/share/gimbal_interfaces/local_setup.zsh
[6.795s] -- Installing: /Users/huajingzhao/Desktop/UCLA/projects/neureality/gimbal_ws/install/gimbal_interfaces/share/gimbal_interfaces/local_setup.dsv
[6.795s] -- Installing: /Users/huajingzhao/Desktop/UCLA/projects/neureality/gimbal_ws/install/gimbal_interfaces/share/gimbal_interfaces/package.dsv
[6.796s] -- Installing: /Users/huajingzhao/Desktop/UCLA/projects/neureality/gimbal_ws/install/gimbal_interfaces/share/ament_index/resource_index/packages/gimbal_interfaces
[6.796s] -- Installing: /Users/huajingzhao/Desktop/UCLA/projects/neureality/gimbal_ws/install/gimbal_interfaces/share/gimbal_interfaces/cmake/export_gimbal_interfaces__rosidl_generator_cExport.cmake
[6.796s] -- Installing: /Users/huajingzhao/Desktop/UCLA/projects/neureality/gimbal_ws/install/gimbal_interfaces/share/gimbal_interfaces/cmake/export_gimbal_interfaces__rosidl_generator_cExport-noconfig.cmake
[6.796s] -- Installing: /Users/huajingzhao/Desktop/UCLA/projects/neureality/gimbal_ws/install/gimbal_interfaces/share/gimbal_interfaces/cmake/export_gimbal_interfaces__rosidl_typesupport_fastrtps_cExport.cmake
[6.796s] -- Installing: /Users/huajingzhao/Desktop/UCLA/projects/neureality/gimbal_ws/install/gimbal_interfaces/share/gimbal_interfaces/cmake/export_gimbal_interfaces__rosidl_typesupport_fastrtps_cExport-noconfig.cmake
[6.796s] -- Installing: /Users/huajingzhao/Desktop/UCLA/projects/neureality/gimbal_ws/install/gimbal_interfaces/share/gimbal_interfaces/cmake/gimbal_interfaces__rosidl_typesupport_introspection_cExport.cmake
[6.797s] -- Installing: /Users/huajingzhao/Desktop/UCLA/projects/neureality/gimbal_ws/install/gimbal_interfaces/share/gimbal_interfaces/cmake/gimbal_interfaces__rosidl_typesupport_introspection_cExport-noconfig.cmake
[6.797s] -- Installing: /Users/huajingzhao/Desktop/UCLA/projects/neureality/gimbal_ws/install/gimbal_interfaces/share/gimbal_interfaces/cmake/gimbal_interfaces__rosidl_typesupport_cExport.cmake
[6.797s] -- Installing: /Users/huajingzhao/Desktop/UCLA/projects/neureality/gimbal_ws/install/gimbal_interfaces/share/gimbal_interfaces/cmake/gimbal_interfaces__rosidl_typesupport_cExport-noconfig.cmake
[6.797s] -- Installing: /Users/huajingzhao/Desktop/UCLA/projects/neureality/gimbal_ws/install/gimbal_interfaces/share/gimbal_interfaces/cmake/export_gimbal_interfaces__rosidl_generator_cppExport.cmake
[6.797s] -- Installing: /Users/huajingzhao/Desktop/UCLA/projects/neureality/gimbal_ws/install/gimbal_interfaces/share/gimbal_interfaces/cmake/export_gimbal_interfaces__rosidl_typesupport_fastrtps_cppExport.cmake
[6.797s] -- Installing: /Users/huajingzhao/Desktop/UCLA/projects/neureality/gimbal_ws/install/gimbal_interfaces/share/gimbal_interfaces/cmake/export_gimbal_interfaces__rosidl_typesupport_fastrtps_cppExport-noconfig.cmake
[6.797s] -- Installing: /Users/huajingzhao/Desktop/UCLA/projects/neureality/gimbal_ws/install/gimbal_interfaces/share/gimbal_interfaces/cmake/gimbal_interfaces__rosidl_typesupport_introspection_cppExport.cmake
[6.798s] -- Installing: /Users/huajingzhao/Desktop/UCLA/projects/neureality/gimbal_ws/install/gimbal_interfaces/share/gimbal_interfaces/cmake/gimbal_interfaces__rosidl_typesupport_introspection_cppExport-noconfig.cmake
[6.798s] -- Installing: /Users/huajingzhao/Desktop/UCLA/projects/neureality/gimbal_ws/install/gimbal_interfaces/share/gimbal_interfaces/cmake/gimbal_interfaces__rosidl_typesupport_cppExport.cmake
[6.798s] -- Installing: /Users/huajingzhao/Desktop/UCLA/projects/neureality/gimbal_ws/install/gimbal_interfaces/share/gimbal_interfaces/cmake/gimbal_interfaces__rosidl_typesupport_cppExport-noconfig.cmake
[6.798s] -- Installing: /Users/huajingzhao/Desktop/UCLA/projects/neureality/gimbal_ws/install/gimbal_interfaces/share/gimbal_interfaces/cmake/export_gimbal_interfaces__rosidl_generator_pyExport.cmake
[6.798s] -- Installing: /Users/huajingzhao/Desktop/UCLA/projects/neureality/gimbal_ws/install/gimbal_interfaces/share/gimbal_interfaces/cmake/export_gimbal_interfaces__rosidl_generator_pyExport-noconfig.cmake
[6.798s] -- Installing: /Users/huajingzhao/Desktop/UCLA/projects/neureality/gimbal_ws/install/gimbal_interfaces/share/gimbal_interfaces/cmake/rosidl_cmake-extras.cmake
[6.798s] -- Installing: /Users/huajingzhao/Desktop/UCLA/projects/neureality/gimbal_ws/install/gimbal_interfaces/share/gimbal_interfaces/cmake/ament_cmake_export_include_directories-extras.cmake
[6.799s] -- Installing: /Users/huajingzhao/Desktop/UCLA/projects/neureality/gimbal_ws/install/gimbal_interfaces/share/gimbal_interfaces/cmake/ament_cmake_export_libraries-extras.cmake
[6.799s] -- Installing: /Users/huajingzhao/Desktop/UCLA/projects/neureality/gimbal_ws/install/gimbal_interfaces/share/gimbal_interfaces/cmake/ament_cmake_export_targets-extras.cmake
[6.799s] -- Installing: /Users/huajingzhao/Desktop/UCLA/projects/neureality/gimbal_ws/install/gimbal_interfaces/share/gimbal_interfaces/cmake/rosidl_cmake_export_typesupport_targets-extras.cmake
[6.799s] -- Installing: /Users/huajingzhao/Desktop/UCLA/projects/neureality/gimbal_ws/install/gimbal_interfaces/share/gimbal_interfaces/cmake/ament_cmake_export_dependencies-extras.cmake
[6.799s] -- Installing: /Users/huajingzhao/Desktop/UCLA/projects/neureality/gimbal_ws/install/gimbal_interfaces/share/gimbal_interfaces/cmake/rosidl_cmake_export_typesupport_libraries-extras.cmake
[6.799s] -- Installing: /Users/huajingzhao/Desktop/UCLA/projects/neureality/gimbal_ws/install/gimbal_interfaces/share/gimbal_interfaces/cmake/gimbal_interfacesConfig.cmake
[6.799s] -- Installing: /Users/huajingzhao/Desktop/UCLA/projects/neureality/gimbal_ws/install/gimbal_interfaces/share/gimbal_interfaces/cmake/gimbal_interfacesConfig-version.cmake
[6.800s] -- Installing: /Users/huajingzhao/Desktop/UCLA/projects/neureality/gimbal_ws/install/gimbal_interfaces/share/gimbal_interfaces/package.xml
[6.801s] Invoked command in '/Users/huajingzhao/Desktop/UCLA/projects/neureality/gimbal_ws/build/gimbal_interfaces' returned '0': CMAKE_PREFIX_PATH=${CMAKE_PREFIX_PATH}:/Users/huajingzhao/ros2_ws/install/turtle_tf2_py:/Users/huajingzhao/ros2_ws/install/python_parameters:/Users/huajingzhao/ros2_ws/install/python_parameter_event_handler:/Users/huajingzhao/ros2_ws/install/py_srvcli:/Users/huajingzhao/ros2_ws/install/py_pubsub:/Users/huajingzhao/ros2_ws/install/py_launch_example:/Users/huajingzhao/ros2_ws/install/my_package:/Users/huajingzhao/ros2_ws/install/learning_tf2_py:/Users/huajingzhao/ros2_ws/install/launch_tutorial:/Users/huajingzhao/ros2_ws/install/launch_testing_examples:/Users/huajingzhao/ros2_ws/install/examples_rclpy_pointcloud_publisher:/Users/huajingzhao/ros2_ws/install/examples_rclpy_minimal_subscriber:/Users/huajingzhao/ros2_ws/install/examples_rclpy_minimal_service:/Users/huajingzhao/ros2_ws/install/examples_rclpy_minimal_publisher:/Users/huajingzhao/ros2_ws/install/examples_rclpy_minimal_client:/Users/huajingzhao/ros2_ws/install/examples_rclpy_minimal_action_server:/Users/huajingzhao/ros2_ws/install/examples_rclpy_minimal_action_client:/Users/huajingzhao/ros2_ws/install/examples_rclpy_guard_conditions:/Users/huajingzhao/ros2_ws/install/examples_rclpy_executors:/Users/huajingzhao/Desktop/UCLA/projects/ros2_ws/install/launch_testing_examples:/Users/huajingzhao/Desktop/UCLA/projects/ros2_ws/install/gimbal_control:/Users/huajingzhao/Desktop/UCLA/projects/ros2_ws/install/examples_rclpy_pointcloud_publisher:/Users/huajingzhao/Desktop/UCLA/projects/ros2_ws/install/examples_rclpy_minimal_subscriber:/Users/huajingzhao/Desktop/UCLA/projects/ros2_ws/install/examples_rclpy_minimal_service:/Users/huajingzhao/Desktop/UCLA/projects/ros2_ws/install/examples_rclpy_minimal_publisher:/Users/huajingzhao/Desktop/UCLA/projects/ros2_ws/install/examples_rclpy_minimal_client:/Users/huajingzhao/Desktop/UCLA/projects/ros2_ws/install/examples_rclpy_minimal_action_server:/Users/huajingzhao/Desktop/UCLA/projects/ros2_ws/install/examples_rclpy_minimal_action_client:/Users/huajingzhao/Desktop/UCLA/projects/ros2_ws/install/examples_rclpy_guard_conditions:/Users/huajingzhao/Desktop/UCLA/projects/ros2_ws/install/examples_rclpy_executors SHLVL=2 VIRTUAL_ENV_PROMPT=(venv) _=/usr/bin/env /opt/homebrew/bin/cmake --install /Users/huajingzhao/Desktop/UCLA/projects/neureality/gimbal_ws/build/gimbal_interfaces
