running egg_info
creating ../../build/gimbal_control/gimbal_control.egg-info
writing ../../build/gimbal_control/gimbal_control.egg-info/PKG-INFO
writing dependency_links to ../../build/gimbal_control/gimbal_control.egg-info/dependency_links.txt
writing entry points to ../../build/gimbal_control/gimbal_control.egg-info/entry_points.txt
writing requirements to ../../build/gimbal_control/gimbal_control.egg-info/requires.txt
writing top-level names to ../../build/gimbal_control/gimbal_control.egg-info/top_level.txt
writing manifest file '../../build/gimbal_control/gimbal_control.egg-info/SOURCES.txt'
reading manifest file '../../build/gimbal_control/gimbal_control.egg-info/SOURCES.txt'
adding license file 'LICENSE'
writing manifest file '../../build/gimbal_control/gimbal_control.egg-info/SOURCES.txt'
running build
running build_py
creating /Users/huajingzhao/Desktop/UCLA/projects/neureality/gimbal_ws/build/gimbal_control/build
creating /Users/huajingzhao/Desktop/UCLA/projects/neureality/gimbal_ws/build/gimbal_control/build/lib
creating /Users/huajingzhao/Desktop/UCLA/projects/neureality/gimbal_ws/build/gimbal_control/build/lib/gimbal_control
copying gimbal_control/python_parameters_node.py -> /Users/huajingzhao/Desktop/UCLA/projects/neureality/gimbal_ws/build/gimbal_control/build/lib/gimbal_control
copying gimbal_control/service_member_function.py -> /Users/huajingzhao/Desktop/UCLA/projects/neureality/gimbal_ws/build/gimbal_control/build/lib/gimbal_control
copying gimbal_control/gimbal_node.py -> /Users/huajingzhao/Desktop/UCLA/projects/neureality/gimbal_ws/build/gimbal_control/build/lib/gimbal_control
copying gimbal_control/gimbal_dynamixel_only.py -> /Users/huajingzhao/Desktop/UCLA/projects/neureality/gimbal_ws/build/gimbal_control/build/lib/gimbal_control
copying gimbal_control/__init__.py -> /Users/huajingzhao/Desktop/UCLA/projects/neureality/gimbal_ws/build/gimbal_control/build/lib/gimbal_control
copying gimbal_control/publisher_member_function.py -> /Users/huajingzhao/Desktop/UCLA/projects/neureality/gimbal_ws/build/gimbal_control/build/lib/gimbal_control
copying gimbal_control/gimbal_control_ros2_velocity.py -> /Users/huajingzhao/Desktop/UCLA/projects/neureality/gimbal_ws/build/gimbal_control/build/lib/gimbal_control
copying gimbal_control/read_rosbag_bagpy.py -> /Users/huajingzhao/Desktop/UCLA/projects/neureality/gimbal_ws/build/gimbal_control/build/lib/gimbal_control
copying gimbal_control/gimbal_info_publisher_float64.py -> /Users/huajingzhao/Desktop/UCLA/projects/neureality/gimbal_ws/build/gimbal_control/build/lib/gimbal_control
copying gimbal_control/read_rosbag_ros2.py -> /Users/huajingzhao/Desktop/UCLA/projects/neureality/gimbal_ws/build/gimbal_control/build/lib/gimbal_control
copying gimbal_control/gimbal_info_publisher.py -> /Users/huajingzhao/Desktop/UCLA/projects/neureality/gimbal_ws/build/gimbal_control/build/lib/gimbal_control
copying gimbal_control/gimbal_info_subscriber.py -> /Users/huajingzhao/Desktop/UCLA/projects/neureality/gimbal_ws/build/gimbal_control/build/lib/gimbal_control
copying gimbal_control/gimbal_control_ros2_position.py -> /Users/huajingzhao/Desktop/UCLA/projects/neureality/gimbal_ws/build/gimbal_control/build/lib/gimbal_control
copying gimbal_control/subscriber_member_function.py -> /Users/huajingzhao/Desktop/UCLA/projects/neureality/gimbal_ws/build/gimbal_control/build/lib/gimbal_control
copying gimbal_control/client_member_function.py -> /Users/huajingzhao/Desktop/UCLA/projects/neureality/gimbal_ws/build/gimbal_control/build/lib/gimbal_control
running install
running install_lib
creating /Users/huajingzhao/Desktop/UCLA/projects/neureality/gimbal_ws/install/gimbal_control/lib/python3.10/site-packages/gimbal_control
copying /Users/huajingzhao/Desktop/UCLA/projects/neureality/gimbal_ws/build/gimbal_control/build/lib/gimbal_control/python_parameters_node.py -> /Users/huajingzhao/Desktop/UCLA/projects/neureality/gimbal_ws/install/gimbal_control/lib/python3.10/site-packages/gimbal_control
copying /Users/huajingzhao/Desktop/UCLA/projects/neureality/gimbal_ws/build/gimbal_control/build/lib/gimbal_control/service_member_function.py -> /Users/huajingzhao/Desktop/UCLA/projects/neureality/gimbal_ws/install/gimbal_control/lib/python3.10/site-packages/gimbal_control
copying /Users/huajingzhao/Desktop/UCLA/projects/neureality/gimbal_ws/build/gimbal_control/build/lib/gimbal_control/gimbal_node.py -> /Users/huajingzhao/Desktop/UCLA/projects/neureality/gimbal_ws/install/gimbal_control/lib/python3.10/site-packages/gimbal_control
copying /Users/huajingzhao/Desktop/UCLA/projects/neureality/gimbal_ws/build/gimbal_control/build/lib/gimbal_control/gimbal_dynamixel_only.py -> /Users/huajingzhao/Desktop/UCLA/projects/neureality/gimbal_ws/install/gimbal_control/lib/python3.10/site-packages/gimbal_control
copying /Users/huajingzhao/Desktop/UCLA/projects/neureality/gimbal_ws/build/gimbal_control/build/lib/gimbal_control/__init__.py -> /Users/huajingzhao/Desktop/UCLA/projects/neureality/gimbal_ws/install/gimbal_control/lib/python3.10/site-packages/gimbal_control
copying /Users/huajingzhao/Desktop/UCLA/projects/neureality/gimbal_ws/build/gimbal_control/build/lib/gimbal_control/publisher_member_function.py -> /Users/huajingzhao/Desktop/UCLA/projects/neureality/gimbal_ws/install/gimbal_control/lib/python3.10/site-packages/gimbal_control
copying /Users/huajingzhao/Desktop/UCLA/projects/neureality/gimbal_ws/build/gimbal_control/build/lib/gimbal_control/gimbal_control_ros2_velocity.py -> /Users/huajingzhao/Desktop/UCLA/projects/neureality/gimbal_ws/install/gimbal_control/lib/python3.10/site-packages/gimbal_control
copying /Users/huajingzhao/Desktop/UCLA/projects/neureality/gimbal_ws/build/gimbal_control/build/lib/gimbal_control/read_rosbag_bagpy.py -> /Users/huajingzhao/Desktop/UCLA/projects/neureality/gimbal_ws/install/gimbal_control/lib/python3.10/site-packages/gimbal_control
copying /Users/huajingzhao/Desktop/UCLA/projects/neureality/gimbal_ws/build/gimbal_control/build/lib/gimbal_control/gimbal_info_publisher_float64.py -> /Users/huajingzhao/Desktop/UCLA/projects/neureality/gimbal_ws/install/gimbal_control/lib/python3.10/site-packages/gimbal_control
copying /Users/huajingzhao/Desktop/UCLA/projects/neureality/gimbal_ws/build/gimbal_control/build/lib/gimbal_control/read_rosbag_ros2.py -> /Users/huajingzhao/Desktop/UCLA/projects/neureality/gimbal_ws/install/gimbal_control/lib/python3.10/site-packages/gimbal_control
copying /Users/huajingzhao/Desktop/UCLA/projects/neureality/gimbal_ws/build/gimbal_control/build/lib/gimbal_control/gimbal_info_publisher.py -> /Users/huajingzhao/Desktop/UCLA/projects/neureality/gimbal_ws/install/gimbal_control/lib/python3.10/site-packages/gimbal_control
copying /Users/huajingzhao/Desktop/UCLA/projects/neureality/gimbal_ws/build/gimbal_control/build/lib/gimbal_control/gimbal_info_subscriber.py -> /Users/huajingzhao/Desktop/UCLA/projects/neureality/gimbal_ws/install/gimbal_control/lib/python3.10/site-packages/gimbal_control
copying /Users/huajingzhao/Desktop/UCLA/projects/neureality/gimbal_ws/build/gimbal_control/build/lib/gimbal_control/gimbal_control_ros2_position.py -> /Users/huajingzhao/Desktop/UCLA/projects/neureality/gimbal_ws/install/gimbal_control/lib/python3.10/site-packages/gimbal_control
copying /Users/huajingzhao/Desktop/UCLA/projects/neureality/gimbal_ws/build/gimbal_control/build/lib/gimbal_control/subscriber_member_function.py -> /Users/huajingzhao/Desktop/UCLA/projects/neureality/gimbal_ws/install/gimbal_control/lib/python3.10/site-packages/gimbal_control
copying /Users/huajingzhao/Desktop/UCLA/projects/neureality/gimbal_ws/build/gimbal_control/build/lib/gimbal_control/client_member_function.py -> /Users/huajingzhao/Desktop/UCLA/projects/neureality/gimbal_ws/install/gimbal_control/lib/python3.10/site-packages/gimbal_control
byte-compiling /Users/huajingzhao/Desktop/UCLA/projects/neureality/gimbal_ws/install/gimbal_control/lib/python3.10/site-packages/gimbal_control/python_parameters_node.py to python_parameters_node.cpython-310.pyc
byte-compiling /Users/huajingzhao/Desktop/UCLA/projects/neureality/gimbal_ws/install/gimbal_control/lib/python3.10/site-packages/gimbal_control/service_member_function.py to service_member_function.cpython-310.pyc
byte-compiling /Users/huajingzhao/Desktop/UCLA/projects/neureality/gimbal_ws/install/gimbal_control/lib/python3.10/site-packages/gimbal_control/gimbal_node.py to gimbal_node.cpython-310.pyc
byte-compiling /Users/huajingzhao/Desktop/UCLA/projects/neureality/gimbal_ws/install/gimbal_control/lib/python3.10/site-packages/gimbal_control/gimbal_dynamixel_only.py to gimbal_dynamixel_only.cpython-310.pyc
byte-compiling /Users/huajingzhao/Desktop/UCLA/projects/neureality/gimbal_ws/install/gimbal_control/lib/python3.10/site-packages/gimbal_control/__init__.py to __init__.cpython-310.pyc
byte-compiling /Users/huajingzhao/Desktop/UCLA/projects/neureality/gimbal_ws/install/gimbal_control/lib/python3.10/site-packages/gimbal_control/publisher_member_function.py to publisher_member_function.cpython-310.pyc
byte-compiling /Users/huajingzhao/Desktop/UCLA/projects/neureality/gimbal_ws/install/gimbal_control/lib/python3.10/site-packages/gimbal_control/gimbal_control_ros2_velocity.py to gimbal_control_ros2_velocity.cpython-310.pyc
byte-compiling /Users/huajingzhao/Desktop/UCLA/projects/neureality/gimbal_ws/install/gimbal_control/lib/python3.10/site-packages/gimbal_control/read_rosbag_bagpy.py to read_rosbag_bagpy.cpython-310.pyc
byte-compiling /Users/huajingzhao/Desktop/UCLA/projects/neureality/gimbal_ws/install/gimbal_control/lib/python3.10/site-packages/gimbal_control/gimbal_info_publisher_float64.py to gimbal_info_publisher_float64.cpython-310.pyc
byte-compiling /Users/huajingzhao/Desktop/UCLA/projects/neureality/gimbal_ws/install/gimbal_control/lib/python3.10/site-packages/gimbal_control/read_rosbag_ros2.py to read_rosbag_ros2.cpython-310.pyc
byte-compiling /Users/huajingzhao/Desktop/UCLA/projects/neureality/gimbal_ws/install/gimbal_control/lib/python3.10/site-packages/gimbal_control/gimbal_info_publisher.py to gimbal_info_publisher.cpython-310.pyc
byte-compiling /Users/huajingzhao/Desktop/UCLA/projects/neureality/gimbal_ws/install/gimbal_control/lib/python3.10/site-packages/gimbal_control/gimbal_info_subscriber.py to gimbal_info_subscriber.cpython-310.pyc
byte-compiling /Users/huajingzhao/Desktop/UCLA/projects/neureality/gimbal_ws/install/gimbal_control/lib/python3.10/site-packages/gimbal_control/gimbal_control_ros2_position.py to gimbal_control_ros2_position.cpython-310.pyc
byte-compiling /Users/huajingzhao/Desktop/UCLA/projects/neureality/gimbal_ws/install/gimbal_control/lib/python3.10/site-packages/gimbal_control/subscriber_member_function.py to subscriber_member_function.cpython-310.pyc
byte-compiling /Users/huajingzhao/Desktop/UCLA/projects/neureality/gimbal_ws/install/gimbal_control/lib/python3.10/site-packages/gimbal_control/client_member_function.py to client_member_function.cpython-310.pyc
running install_data
creating /Users/huajingzhao/Desktop/UCLA/projects/neureality/gimbal_ws/install/gimbal_control/share
creating /Users/huajingzhao/Desktop/UCLA/projects/neureality/gimbal_ws/install/gimbal_control/share/ament_index
creating /Users/huajingzhao/Desktop/UCLA/projects/neureality/gimbal_ws/install/gimbal_control/share/ament_index/resource_index
creating /Users/huajingzhao/Desktop/UCLA/projects/neureality/gimbal_ws/install/gimbal_control/share/ament_index/resource_index/packages
copying resource/gimbal_control -> /Users/huajingzhao/Desktop/UCLA/projects/neureality/gimbal_ws/install/gimbal_control/share/ament_index/resource_index/packages
creating /Users/huajingzhao/Desktop/UCLA/projects/neureality/gimbal_ws/install/gimbal_control/share/gimbal_control
copying package.xml -> /Users/huajingzhao/Desktop/UCLA/projects/neureality/gimbal_ws/install/gimbal_control/share/gimbal_control
copying launch/gimbal_ctrl_vel_mode.launch.py -> /Users/huajingzhao/Desktop/UCLA/projects/neureality/gimbal_ws/install/gimbal_control/share/gimbal_control
copying launch/gimbal_ctrl_pos_mode.launch.py -> /Users/huajingzhao/Desktop/UCLA/projects/neureality/gimbal_ws/install/gimbal_control/share/gimbal_control
copying launch/python_parameter_launch.py -> /Users/huajingzhao/Desktop/UCLA/projects/neureality/gimbal_ws/install/gimbal_control/share/gimbal_control
running install_egg_info
Copying ../../build/gimbal_control/gimbal_control.egg-info to /Users/huajingzhao/Desktop/UCLA/projects/neureality/gimbal_ws/install/gimbal_control/lib/python3.10/site-packages/gimbal_control-0.0.0-py3.10.egg-info
running install_scripts
Installing gimbal_ctrl_pos_mode script to /Users/huajingzhao/Desktop/UCLA/projects/neureality/gimbal_ws/install/gimbal_control/lib/gimbal_control
Installing gimbal_ctrl_vel_mode script to /Users/huajingzhao/Desktop/UCLA/projects/neureality/gimbal_ws/install/gimbal_control/lib/gimbal_control
Installing gimbal_pub script to /Users/huajingzhao/Desktop/UCLA/projects/neureality/gimbal_ws/install/gimbal_control/lib/gimbal_control
Installing gimbal_sub script to /Users/huajingzhao/Desktop/UCLA/projects/neureality/gimbal_ws/install/gimbal_control/lib/gimbal_control
writing list of installed files to '/Users/huajingzhao/Desktop/UCLA/projects/neureality/gimbal_ws/build/gimbal_control/install.log'
