[0.503s] DEBUG:colcon:Command line arguments: ['/Users/huajingzhao/ros2/venv/bin/colcon', 'build']
[0.504s] DEBUG:colcon:Parsed command line arguments: Namespace(log_base=None, log_level=None, verb_name='build', build_base='build', install_base='install', merge_install=False, symlink_install=False, test_result_base=None, continue_on_error=False, executor='parallel', parallel_workers=10, event_handlers=None, ignore_user_meta=False, metas=['./colcon.meta'], base_paths=['.'], packages_ignore=None, packages_ignore_regex=None, paths=None, packages_up_to=None, packages_up_to_regex=None, packages_above=None, packages_above_and_dependencies=None, packages_above_depth=None, packages_select_by_dep=None, packages_skip_by_dep=None, packages_skip_up_to=None, packages_select_build_failed=False, packages_skip_build_finished=False, packages_select_test_failures=False, packages_skip_test_passed=False, packages_select=None, packages_skip=None, packages_select_regex=None, packages_skip_regex=None, packages_start=None, packages_end=None, cmake_args=None, cmake_target=None, cmake_target_skip_unavailable=False, cmake_clean_cache=False, cmake_clean_first=False, cmake_force_configure=False, ament_cmake_args=None, catkin_cmake_args=None, catkin_skip_building_tests=False, verb_parser=<colcon_defaults.argument_parser.defaults.DefaultArgumentsDecorator object at 0x10149faf0>, verb_extension=<colcon_core.verb.build.BuildVerb object at 0x10149f520>, main=<bound method BuildVerb.main of <colcon_core.verb.build.BuildVerb object at 0x10149f520>>)
[0.537s] Level 1:colcon.colcon_core.package_discovery:discover_packages(colcon_meta) check parameters
[0.537s] Level 1:colcon.colcon_core.package_discovery:discover_packages(recursive) check parameters
[0.537s] Level 1:colcon.colcon_core.package_discovery:discover_packages(ignore) check parameters
[0.537s] Level 1:colcon.colcon_core.package_discovery:discover_packages(path) check parameters
[0.537s] Level 1:colcon.colcon_core.package_discovery:discover_packages(colcon_meta) discover
[0.537s] Level 1:colcon.colcon_core.package_discovery:discover_packages(recursive) discover
[0.537s] INFO:colcon.colcon_core.package_discovery:Crawling recursively for packages in '/Users/huajingzhao/Desktop/UCLA/projects/neureality/gimbal_ws'
[0.537s] Level 1:colcon.colcon_core.package_identification:_identify(.) by extensions ['ignore', 'ignore_ament_install']
[0.537s] Level 1:colcon.colcon_core.package_identification:_identify(.) by extension 'ignore'
[0.537s] Level 1:colcon.colcon_core.package_identification:_identify(.) by extension 'ignore_ament_install'
[0.537s] Level 1:colcon.colcon_core.package_identification:_identify(.) by extensions ['colcon_pkg']
[0.537s] Level 1:colcon.colcon_core.package_identification:_identify(.) by extension 'colcon_pkg'
[0.537s] Level 1:colcon.colcon_core.package_identification:_identify(.) by extensions ['colcon_meta']
[0.537s] Level 1:colcon.colcon_core.package_identification:_identify(.) by extension 'colcon_meta'
[0.537s] Level 1:colcon.colcon_core.package_identification:_identify(.) by extensions ['ros']
[0.537s] Level 1:colcon.colcon_core.package_identification:_identify(.) by extension 'ros'
[0.546s] Level 1:colcon.colcon_core.package_identification:_identify(.) by extensions ['cmake', 'python']
[0.546s] Level 1:colcon.colcon_core.package_identification:_identify(.) by extension 'cmake'
[0.546s] Level 1:colcon.colcon_core.package_identification:_identify(.) by extension 'python'
[0.546s] Level 1:colcon.colcon_core.package_identification:_identify(.) by extensions ['python_setup_py']
[0.546s] Level 1:colcon.colcon_core.package_identification:_identify(.) by extension 'python_setup_py'
[0.546s] Level 1:colcon.colcon_core.package_identification:_identify(build) by extensions ['ignore', 'ignore_ament_install']
[0.546s] Level 1:colcon.colcon_core.package_identification:_identify(build) by extension 'ignore'
[0.546s] Level 1:colcon.colcon_core.package_identification:_identify(build) ignored
[0.546s] Level 1:colcon.colcon_core.package_identification:_identify(install) by extensions ['ignore', 'ignore_ament_install']
[0.546s] Level 1:colcon.colcon_core.package_identification:_identify(install) by extension 'ignore'
[0.546s] Level 1:colcon.colcon_core.package_identification:_identify(install) ignored
[0.546s] Level 1:colcon.colcon_core.package_identification:_identify(log) by extensions ['ignore', 'ignore_ament_install']
[0.546s] Level 1:colcon.colcon_core.package_identification:_identify(log) by extension 'ignore'
[0.546s] Level 1:colcon.colcon_core.package_identification:_identify(log) ignored
[0.546s] Level 1:colcon.colcon_core.package_identification:_identify(src) by extensions ['ignore', 'ignore_ament_install']
[0.546s] Level 1:colcon.colcon_core.package_identification:_identify(src) by extension 'ignore'
[0.546s] Level 1:colcon.colcon_core.package_identification:_identify(src) by extension 'ignore_ament_install'
[0.546s] Level 1:colcon.colcon_core.package_identification:_identify(src) by extensions ['colcon_pkg']
[0.546s] Level 1:colcon.colcon_core.package_identification:_identify(src) by extension 'colcon_pkg'
[0.546s] Level 1:colcon.colcon_core.package_identification:_identify(src) by extensions ['colcon_meta']
[0.546s] Level 1:colcon.colcon_core.package_identification:_identify(src) by extension 'colcon_meta'
[0.547s] Level 1:colcon.colcon_core.package_identification:_identify(src) by extensions ['ros']
[0.547s] Level 1:colcon.colcon_core.package_identification:_identify(src) by extension 'ros'
[0.547s] Level 1:colcon.colcon_core.package_identification:_identify(src) by extensions ['cmake', 'python']
[0.547s] Level 1:colcon.colcon_core.package_identification:_identify(src) by extension 'cmake'
[0.547s] Level 1:colcon.colcon_core.package_identification:_identify(src) by extension 'python'
[0.547s] Level 1:colcon.colcon_core.package_identification:_identify(src) by extensions ['python_setup_py']
[0.547s] Level 1:colcon.colcon_core.package_identification:_identify(src) by extension 'python_setup_py'
[0.547s] Level 1:colcon.colcon_core.package_identification:_identify(src/gimbal_control) by extensions ['ignore', 'ignore_ament_install']
[0.547s] Level 1:colcon.colcon_core.package_identification:_identify(src/gimbal_control) by extension 'ignore'
[0.547s] Level 1:colcon.colcon_core.package_identification:_identify(src/gimbal_control) by extension 'ignore_ament_install'
[0.547s] Level 1:colcon.colcon_core.package_identification:_identify(src/gimbal_control) by extensions ['colcon_pkg']
[0.547s] Level 1:colcon.colcon_core.package_identification:_identify(src/gimbal_control) by extension 'colcon_pkg'
[0.547s] Level 1:colcon.colcon_core.package_identification:_identify(src/gimbal_control) by extensions ['colcon_meta']
[0.547s] Level 1:colcon.colcon_core.package_identification:_identify(src/gimbal_control) by extension 'colcon_meta'
[0.547s] Level 1:colcon.colcon_core.package_identification:_identify(src/gimbal_control) by extensions ['ros']
[0.547s] Level 1:colcon.colcon_core.package_identification:_identify(src/gimbal_control) by extension 'ros'
[0.548s] DEBUG:colcon.colcon_core.package_identification:Package 'src/gimbal_control' with type 'ros.ament_python' and name 'gimbal_control'
[0.549s] Level 1:colcon.colcon_core.package_identification:_identify(src/gimbal_interface) by extensions ['ignore', 'ignore_ament_install']
[0.549s] Level 1:colcon.colcon_core.package_identification:_identify(src/gimbal_interface) by extension 'ignore'
[0.549s] Level 1:colcon.colcon_core.package_identification:_identify(src/gimbal_interface) by extension 'ignore_ament_install'
[0.549s] Level 1:colcon.colcon_core.package_identification:_identify(src/gimbal_interface) by extensions ['colcon_pkg']
[0.549s] Level 1:colcon.colcon_core.package_identification:_identify(src/gimbal_interface) by extension 'colcon_pkg'
[0.549s] Level 1:colcon.colcon_core.package_identification:_identify(src/gimbal_interface) by extensions ['colcon_meta']
[0.549s] Level 1:colcon.colcon_core.package_identification:_identify(src/gimbal_interface) by extension 'colcon_meta'
[0.549s] Level 1:colcon.colcon_core.package_identification:_identify(src/gimbal_interface) by extensions ['ros']
[0.549s] Level 1:colcon.colcon_core.package_identification:_identify(src/gimbal_interface) by extension 'ros'
[0.549s] DEBUG:colcon.colcon_core.package_identification:Package 'src/gimbal_interface' with type 'ros.ament_cmake' and name 'gimbal_interfaces'
[0.549s] Level 1:colcon.colcon_core.package_discovery:discover_packages(recursive) using defaults
[0.549s] Level 1:colcon.colcon_core.package_discovery:discover_packages(ignore) discover
[0.549s] Level 1:colcon.colcon_core.package_discovery:discover_packages(ignore) using defaults
[0.549s] Level 1:colcon.colcon_core.package_discovery:discover_packages(path) discover
[0.549s] Level 1:colcon.colcon_core.package_discovery:discover_packages(path) using defaults
[0.594s] Level 5:colcon.colcon_core.verb:set package 'gimbal_control' build argument 'cmake_args' from command line to 'None'
[0.594s] Level 5:colcon.colcon_core.verb:set package 'gimbal_control' build argument 'cmake_target' from command line to 'None'
[0.594s] Level 5:colcon.colcon_core.verb:set package 'gimbal_control' build argument 'cmake_target_skip_unavailable' from command line to 'False'
[0.594s] Level 5:colcon.colcon_core.verb:set package 'gimbal_control' build argument 'cmake_clean_cache' from command line to 'False'
[0.594s] Level 5:colcon.colcon_core.verb:set package 'gimbal_control' build argument 'cmake_clean_first' from command line to 'False'
[0.594s] Level 5:colcon.colcon_core.verb:set package 'gimbal_control' build argument 'cmake_force_configure' from command line to 'False'
[0.594s] Level 5:colcon.colcon_core.verb:set package 'gimbal_control' build argument 'ament_cmake_args' from command line to 'None'
[0.594s] Level 5:colcon.colcon_core.verb:set package 'gimbal_control' build argument 'catkin_cmake_args' from command line to 'None'
[0.594s] Level 5:colcon.colcon_core.verb:set package 'gimbal_control' build argument 'catkin_skip_building_tests' from command line to 'False'
[0.594s] DEBUG:colcon.colcon_core.verb:Building package 'gimbal_control' with the following arguments: {'ament_cmake_args': None, 'build_base': '/Users/huajingzhao/Desktop/UCLA/projects/neureality/gimbal_ws/build/gimbal_control', 'catkin_cmake_args': None, 'catkin_skip_building_tests': False, 'cmake_args': None, 'cmake_clean_cache': False, 'cmake_clean_first': False, 'cmake_force_configure': False, 'cmake_target': None, 'cmake_target_skip_unavailable': False, 'install_base': '/Users/huajingzhao/Desktop/UCLA/projects/neureality/gimbal_ws/install/gimbal_control', 'merge_install': False, 'path': '/Users/huajingzhao/Desktop/UCLA/projects/neureality/gimbal_ws/src/gimbal_control', 'symlink_install': False, 'test_result_base': None}
[0.601s] Level 5:colcon.colcon_core.verb:set package 'gimbal_interfaces' build argument 'cmake_args' from command line to 'None'
[0.601s] Level 5:colcon.colcon_core.verb:set package 'gimbal_interfaces' build argument 'cmake_target' from command line to 'None'
[0.601s] Level 5:colcon.colcon_core.verb:set package 'gimbal_interfaces' build argument 'cmake_target_skip_unavailable' from command line to 'False'
[0.601s] Level 5:colcon.colcon_core.verb:set package 'gimbal_interfaces' build argument 'cmake_clean_cache' from command line to 'False'
[0.601s] Level 5:colcon.colcon_core.verb:set package 'gimbal_interfaces' build argument 'cmake_clean_first' from command line to 'False'
[0.601s] Level 5:colcon.colcon_core.verb:set package 'gimbal_interfaces' build argument 'cmake_force_configure' from command line to 'False'
[0.601s] Level 5:colcon.colcon_core.verb:set package 'gimbal_interfaces' build argument 'ament_cmake_args' from command line to 'None'
[0.601s] Level 5:colcon.colcon_core.verb:set package 'gimbal_interfaces' build argument 'catkin_cmake_args' from command line to 'None'
[0.601s] Level 5:colcon.colcon_core.verb:set package 'gimbal_interfaces' build argument 'catkin_skip_building_tests' from command line to 'False'
[0.601s] DEBUG:colcon.colcon_core.verb:Building package 'gimbal_interfaces' with the following arguments: {'ament_cmake_args': None, 'build_base': '/Users/huajingzhao/Desktop/UCLA/projects/neureality/gimbal_ws/build/gimbal_interfaces', 'catkin_cmake_args': None, 'catkin_skip_building_tests': False, 'cmake_args': None, 'cmake_clean_cache': False, 'cmake_clean_first': False, 'cmake_force_configure': False, 'cmake_target': None, 'cmake_target_skip_unavailable': False, 'install_base': '/Users/huajingzhao/Desktop/UCLA/projects/neureality/gimbal_ws/install/gimbal_interfaces', 'merge_install': False, 'path': '/Users/huajingzhao/Desktop/UCLA/projects/neureality/gimbal_ws/src/gimbal_interface', 'symlink_install': False, 'test_result_base': None}
[0.607s] INFO:colcon.colcon_core.executor:Executing jobs using 'parallel' executor
[0.614s] DEBUG:colcon.colcon_parallel_executor.executor.parallel:run_until_complete
[0.615s] INFO:colcon.colcon_ros.task.ament_python.build:Building ROS package in '/Users/huajingzhao/Desktop/UCLA/projects/neureality/gimbal_ws/src/gimbal_control' with build type 'ament_python'
[0.615s] Level 1:colcon.colcon_core.shell:create_environment_hook('gimbal_control', 'ament_prefix_path')
[0.624s] INFO:colcon.colcon_core.plugin_system:Skipping extension 'colcon_core.shell.bat': Not used on non-Windows systems
[0.624s] INFO:colcon.colcon_core.shell:Creating environment hook '/Users/huajingzhao/Desktop/UCLA/projects/neureality/gimbal_ws/install/gimbal_control/share/gimbal_control/hook/ament_prefix_path.ps1'
[0.624s] INFO:colcon.colcon_core.shell:Creating environment descriptor '/Users/huajingzhao/Desktop/UCLA/projects/neureality/gimbal_ws/install/gimbal_control/share/gimbal_control/hook/ament_prefix_path.dsv'
[0.625s] INFO:colcon.colcon_core.shell:Creating environment hook '/Users/huajingzhao/Desktop/UCLA/projects/neureality/gimbal_ws/install/gimbal_control/share/gimbal_control/hook/ament_prefix_path.sh'
[0.632s] INFO:colcon.colcon_core.shell:Skip shell extension 'powershell' for command environment: Not usable outside of PowerShell
[0.632s] DEBUG:colcon.colcon_core.shell:Skip shell extension 'dsv' for command environment
[0.681s] INFO:colcon.colcon_ros.task.ament_cmake.build:Building ROS package in '/Users/huajingzhao/Desktop/UCLA/projects/neureality/gimbal_ws/src/gimbal_interface' with build type 'ament_cmake'
[0.682s] INFO:colcon.colcon_cmake.task.cmake.build:Building CMake package in '/Users/huajingzhao/Desktop/UCLA/projects/neureality/gimbal_ws/src/gimbal_interface'
[0.690s] INFO:colcon.colcon_core.shell:Skip shell extension 'powershell' for command environment: Not usable outside of PowerShell
[0.690s] DEBUG:colcon.colcon_core.shell:Skip shell extension 'dsv' for command environment
[0.911s] INFO:colcon.colcon_core.task.python.build:Building Python package in '/Users/huajingzhao/Desktop/UCLA/projects/neureality/gimbal_ws/src/gimbal_control'
[0.919s] INFO:colcon.colcon_core.shell:Skip shell extension 'powershell' for command environment: Not usable outside of PowerShell
[0.919s] DEBUG:colcon.colcon_core.shell:Skip shell extension 'dsv' for command environment
[0.971s] DEBUG:colcon.colcon_core.event_handler.log_command:Invoking command in '/Users/huajingzhao/Desktop/UCLA/projects/neureality/gimbal_ws/build/gimbal_interfaces': CMAKE_PREFIX_PATH=${CMAKE_PREFIX_PATH}:/Users/huajingzhao/ros2_ws/install/turtle_tf2_py:/Users/huajingzhao/ros2_ws/install/python_parameters:/Users/huajingzhao/ros2_ws/install/python_parameter_event_handler:/Users/huajingzhao/ros2_ws/install/py_srvcli:/Users/huajingzhao/ros2_ws/install/py_pubsub:/Users/huajingzhao/ros2_ws/install/py_launch_example:/Users/huajingzhao/ros2_ws/install/my_package:/Users/huajingzhao/ros2_ws/install/learning_tf2_py:/Users/huajingzhao/ros2_ws/install/launch_tutorial:/Users/huajingzhao/ros2_ws/install/launch_testing_examples:/Users/huajingzhao/ros2_ws/install/examples_rclpy_pointcloud_publisher:/Users/huajingzhao/ros2_ws/install/examples_rclpy_minimal_subscriber:/Users/huajingzhao/ros2_ws/install/examples_rclpy_minimal_service:/Users/huajingzhao/ros2_ws/install/examples_rclpy_minimal_publisher:/Users/huajingzhao/ros2_ws/install/examples_rclpy_minimal_client:/Users/huajingzhao/ros2_ws/install/examples_rclpy_minimal_action_server:/Users/huajingzhao/ros2_ws/install/examples_rclpy_minimal_action_client:/Users/huajingzhao/ros2_ws/install/examples_rclpy_guard_conditions:/Users/huajingzhao/ros2_ws/install/examples_rclpy_executors:/Users/huajingzhao/Desktop/UCLA/projects/ros2_ws/install/launch_testing_examples:/Users/huajingzhao/Desktop/UCLA/projects/ros2_ws/install/gimbal_control:/Users/huajingzhao/Desktop/UCLA/projects/ros2_ws/install/examples_rclpy_pointcloud_publisher:/Users/huajingzhao/Desktop/UCLA/projects/ros2_ws/install/examples_rclpy_minimal_subscriber:/Users/huajingzhao/Desktop/UCLA/projects/ros2_ws/install/examples_rclpy_minimal_service:/Users/huajingzhao/Desktop/UCLA/projects/ros2_ws/install/examples_rclpy_minimal_publisher:/Users/huajingzhao/Desktop/UCLA/projects/ros2_ws/install/examples_rclpy_minimal_client:/Users/huajingzhao/Desktop/UCLA/projects/ros2_ws/install/examples_rclpy_minimal_action_server:/Users/huajingzhao/Desktop/UCLA/projects/ros2_ws/install/examples_rclpy_minimal_action_client:/Users/huajingzhao/Desktop/UCLA/projects/ros2_ws/install/examples_rclpy_guard_conditions:/Users/huajingzhao/Desktop/UCLA/projects/ros2_ws/install/examples_rclpy_executors SHLVL=2 VIRTUAL_ENV_PROMPT=(venv) _=/usr/bin/env /opt/homebrew/bin/cmake /Users/huajingzhao/Desktop/UCLA/projects/neureality/gimbal_ws/src/gimbal_interface -DCMAKE_INSTALL_PREFIX=/Users/huajingzhao/Desktop/UCLA/projects/neureality/gimbal_ws/install/gimbal_interfaces
[1.400s] DEBUG:colcon.colcon_core.event_handler.log_command:Invoking command in '/Users/huajingzhao/Desktop/UCLA/projects/neureality/gimbal_ws/src/gimbal_control': PYTHONPATH=/Users/huajingzhao/Desktop/UCLA/projects/neureality/gimbal_ws/build/gimbal_control/prefix_override:/Users/huajingzhao/Desktop/UCLA/projects/neureality/gimbal_ws/install/gimbal_control/lib/python3.10/site-packages:${PYTHONPATH} SHLVL=2 VIRTUAL_ENV_PROMPT=(venv) _=/usr/bin/env /Users/huajingzhao/ros2/venv/bin/python setup.py egg_info --egg-base ../../build/gimbal_control build --build-base /Users/huajingzhao/Desktop/UCLA/projects/neureality/gimbal_ws/build/gimbal_control/build install --record /Users/huajingzhao/Desktop/UCLA/projects/neureality/gimbal_ws/build/gimbal_control/install.log --single-version-externally-managed
[1.780s] DEBUG:colcon.colcon_core.event_handler.log_command:Invoked command in '/Users/huajingzhao/Desktop/UCLA/projects/neureality/gimbal_ws/src/gimbal_control' returned '0': PYTHONPATH=/Users/huajingzhao/Desktop/UCLA/projects/neureality/gimbal_ws/build/gimbal_control/prefix_override:/Users/huajingzhao/Desktop/UCLA/projects/neureality/gimbal_ws/install/gimbal_control/lib/python3.10/site-packages:${PYTHONPATH} SHLVL=2 VIRTUAL_ENV_PROMPT=(venv) _=/usr/bin/env /Users/huajingzhao/ros2/venv/bin/python setup.py egg_info --egg-base ../../build/gimbal_control build --build-base /Users/huajingzhao/Desktop/UCLA/projects/neureality/gimbal_ws/build/gimbal_control/build install --record /Users/huajingzhao/Desktop/UCLA/projects/neureality/gimbal_ws/build/gimbal_control/install.log --single-version-externally-managed
[1.793s] Level 1:colcon.colcon_core.environment:checking '/Users/huajingzhao/Desktop/UCLA/projects/neureality/gimbal_ws/install/gimbal_control' for CMake module files
[1.793s] Level 1:colcon.colcon_core.environment:checking '/Users/huajingzhao/Desktop/UCLA/projects/neureality/gimbal_ws/install/gimbal_control' for CMake config files
[1.794s] Level 1:colcon.colcon_core.environment:checking '/Users/huajingzhao/Desktop/UCLA/projects/neureality/gimbal_ws/install/gimbal_control/lib'
[1.794s] Level 1:colcon.colcon_core.environment:checking '/Users/huajingzhao/Desktop/UCLA/projects/neureality/gimbal_ws/install/gimbal_control/bin'
[1.794s] Level 1:colcon.colcon_core.environment:checking '/Users/huajingzhao/Desktop/UCLA/projects/neureality/gimbal_ws/install/gimbal_control/lib/pkgconfig/gimbal_control.pc'
[1.794s] Level 1:colcon.colcon_core.environment:checking '/Users/huajingzhao/Desktop/UCLA/projects/neureality/gimbal_ws/install/gimbal_control/lib/python3.10/site-packages'
[1.794s] Level 1:colcon.colcon_core.shell:create_environment_hook('gimbal_control', 'pythonpath')
[1.802s] INFO:colcon.colcon_core.shell:Creating environment hook '/Users/huajingzhao/Desktop/UCLA/projects/neureality/gimbal_ws/install/gimbal_control/share/gimbal_control/hook/pythonpath.ps1'
[1.802s] INFO:colcon.colcon_core.shell:Creating environment descriptor '/Users/huajingzhao/Desktop/UCLA/projects/neureality/gimbal_ws/install/gimbal_control/share/gimbal_control/hook/pythonpath.dsv'
[1.802s] INFO:colcon.colcon_core.shell:Creating environment hook '/Users/huajingzhao/Desktop/UCLA/projects/neureality/gimbal_ws/install/gimbal_control/share/gimbal_control/hook/pythonpath.sh'
[1.803s] Level 1:colcon.colcon_core.environment:checking '/Users/huajingzhao/Desktop/UCLA/projects/neureality/gimbal_ws/install/gimbal_control/bin'
[1.803s] Level 1:colcon.colcon_core.environment:create_environment_scripts_only(gimbal_control)
[1.810s] INFO:colcon.colcon_core.shell:Creating package script '/Users/huajingzhao/Desktop/UCLA/projects/neureality/gimbal_ws/install/gimbal_control/share/gimbal_control/package.ps1'
[1.811s] INFO:colcon.colcon_core.shell:Creating package descriptor '/Users/huajingzhao/Desktop/UCLA/projects/neureality/gimbal_ws/install/gimbal_control/share/gimbal_control/package.dsv'
[1.811s] INFO:colcon.colcon_core.shell:Creating package script '/Users/huajingzhao/Desktop/UCLA/projects/neureality/gimbal_ws/install/gimbal_control/share/gimbal_control/package.sh'
[1.811s] INFO:colcon.colcon_core.shell:Creating package script '/Users/huajingzhao/Desktop/UCLA/projects/neureality/gimbal_ws/install/gimbal_control/share/gimbal_control/package.bash'
[1.812s] INFO:colcon.colcon_core.shell:Creating package script '/Users/huajingzhao/Desktop/UCLA/projects/neureality/gimbal_ws/install/gimbal_control/share/gimbal_control/package.zsh'
[1.812s] Level 1:colcon.colcon_core.environment:create_file_with_runtime_dependencies(/Users/huajingzhao/Desktop/UCLA/projects/neureality/gimbal_ws/install/gimbal_control/share/colcon-core/packages/gimbal_control)
[5.434s] DEBUG:colcon.colcon_core.event_handler.log_command:Invoked command in '/Users/huajingzhao/Desktop/UCLA/projects/neureality/gimbal_ws/build/gimbal_interfaces' returned '0': CMAKE_PREFIX_PATH=${CMAKE_PREFIX_PATH}:/Users/huajingzhao/ros2_ws/install/turtle_tf2_py:/Users/huajingzhao/ros2_ws/install/python_parameters:/Users/huajingzhao/ros2_ws/install/python_parameter_event_handler:/Users/huajingzhao/ros2_ws/install/py_srvcli:/Users/huajingzhao/ros2_ws/install/py_pubsub:/Users/huajingzhao/ros2_ws/install/py_launch_example:/Users/huajingzhao/ros2_ws/install/my_package:/Users/huajingzhao/ros2_ws/install/learning_tf2_py:/Users/huajingzhao/ros2_ws/install/launch_tutorial:/Users/huajingzhao/ros2_ws/install/launch_testing_examples:/Users/huajingzhao/ros2_ws/install/examples_rclpy_pointcloud_publisher:/Users/huajingzhao/ros2_ws/install/examples_rclpy_minimal_subscriber:/Users/huajingzhao/ros2_ws/install/examples_rclpy_minimal_service:/Users/huajingzhao/ros2_ws/install/examples_rclpy_minimal_publisher:/Users/huajingzhao/ros2_ws/install/examples_rclpy_minimal_client:/Users/huajingzhao/ros2_ws/install/examples_rclpy_minimal_action_server:/Users/huajingzhao/ros2_ws/install/examples_rclpy_minimal_action_client:/Users/huajingzhao/ros2_ws/install/examples_rclpy_guard_conditions:/Users/huajingzhao/ros2_ws/install/examples_rclpy_executors:/Users/huajingzhao/Desktop/UCLA/projects/ros2_ws/install/launch_testing_examples:/Users/huajingzhao/Desktop/UCLA/projects/ros2_ws/install/gimbal_control:/Users/huajingzhao/Desktop/UCLA/projects/ros2_ws/install/examples_rclpy_pointcloud_publisher:/Users/huajingzhao/Desktop/UCLA/projects/ros2_ws/install/examples_rclpy_minimal_subscriber:/Users/huajingzhao/Desktop/UCLA/projects/ros2_ws/install/examples_rclpy_minimal_service:/Users/huajingzhao/Desktop/UCLA/projects/ros2_ws/install/examples_rclpy_minimal_publisher:/Users/huajingzhao/Desktop/UCLA/projects/ros2_ws/install/examples_rclpy_minimal_client:/Users/huajingzhao/Desktop/UCLA/projects/ros2_ws/install/examples_rclpy_minimal_action_server:/Users/huajingzhao/Desktop/UCLA/projects/ros2_ws/install/examples_rclpy_minimal_action_client:/Users/huajingzhao/Desktop/UCLA/projects/ros2_ws/install/examples_rclpy_guard_conditions:/Users/huajingzhao/Desktop/UCLA/projects/ros2_ws/install/examples_rclpy_executors SHLVL=2 VIRTUAL_ENV_PROMPT=(venv) _=/usr/bin/env /opt/homebrew/bin/cmake /Users/huajingzhao/Desktop/UCLA/projects/neureality/gimbal_ws/src/gimbal_interface -DCMAKE_INSTALL_PREFIX=/Users/huajingzhao/Desktop/UCLA/projects/neureality/gimbal_ws/install/gimbal_interfaces
[5.436s] DEBUG:colcon.colcon_core.event_handler.log_command:Invoking command in '/Users/huajingzhao/Desktop/UCLA/projects/neureality/gimbal_ws/build/gimbal_interfaces': CMAKE_PREFIX_PATH=${CMAKE_PREFIX_PATH}:/Users/huajingzhao/ros2_ws/install/turtle_tf2_py:/Users/huajingzhao/ros2_ws/install/python_parameters:/Users/huajingzhao/ros2_ws/install/python_parameter_event_handler:/Users/huajingzhao/ros2_ws/install/py_srvcli:/Users/huajingzhao/ros2_ws/install/py_pubsub:/Users/huajingzhao/ros2_ws/install/py_launch_example:/Users/huajingzhao/ros2_ws/install/my_package:/Users/huajingzhao/ros2_ws/install/learning_tf2_py:/Users/huajingzhao/ros2_ws/install/launch_tutorial:/Users/huajingzhao/ros2_ws/install/launch_testing_examples:/Users/huajingzhao/ros2_ws/install/examples_rclpy_pointcloud_publisher:/Users/huajingzhao/ros2_ws/install/examples_rclpy_minimal_subscriber:/Users/huajingzhao/ros2_ws/install/examples_rclpy_minimal_service:/Users/huajingzhao/ros2_ws/install/examples_rclpy_minimal_publisher:/Users/huajingzhao/ros2_ws/install/examples_rclpy_minimal_client:/Users/huajingzhao/ros2_ws/install/examples_rclpy_minimal_action_server:/Users/huajingzhao/ros2_ws/install/examples_rclpy_minimal_action_client:/Users/huajingzhao/ros2_ws/install/examples_rclpy_guard_conditions:/Users/huajingzhao/ros2_ws/install/examples_rclpy_executors:/Users/huajingzhao/Desktop/UCLA/projects/ros2_ws/install/launch_testing_examples:/Users/huajingzhao/Desktop/UCLA/projects/ros2_ws/install/gimbal_control:/Users/huajingzhao/Desktop/UCLA/projects/ros2_ws/install/examples_rclpy_pointcloud_publisher:/Users/huajingzhao/Desktop/UCLA/projects/ros2_ws/install/examples_rclpy_minimal_subscriber:/Users/huajingzhao/Desktop/UCLA/projects/ros2_ws/install/examples_rclpy_minimal_service:/Users/huajingzhao/Desktop/UCLA/projects/ros2_ws/install/examples_rclpy_minimal_publisher:/Users/huajingzhao/Desktop/UCLA/projects/ros2_ws/install/examples_rclpy_minimal_client:/Users/huajingzhao/Desktop/UCLA/projects/ros2_ws/install/examples_rclpy_minimal_action_server:/Users/huajingzhao/Desktop/UCLA/projects/ros2_ws/install/examples_rclpy_minimal_action_client:/Users/huajingzhao/Desktop/UCLA/projects/ros2_ws/install/examples_rclpy_guard_conditions:/Users/huajingzhao/Desktop/UCLA/projects/ros2_ws/install/examples_rclpy_executors SHLVL=2 VIRTUAL_ENV_PROMPT=(venv) _=/usr/bin/env /opt/homebrew/bin/cmake --build /Users/huajingzhao/Desktop/UCLA/projects/neureality/gimbal_ws/build/gimbal_interfaces -- -j10 -l10
[7.140s] DEBUG:colcon.colcon_core.event_handler.log_command:Invoked command in '/Users/huajingzhao/Desktop/UCLA/projects/neureality/gimbal_ws/build/gimbal_interfaces' returned '0': CMAKE_PREFIX_PATH=${CMAKE_PREFIX_PATH}:/Users/huajingzhao/ros2_ws/install/turtle_tf2_py:/Users/huajingzhao/ros2_ws/install/python_parameters:/Users/huajingzhao/ros2_ws/install/python_parameter_event_handler:/Users/huajingzhao/ros2_ws/install/py_srvcli:/Users/huajingzhao/ros2_ws/install/py_pubsub:/Users/huajingzhao/ros2_ws/install/py_launch_example:/Users/huajingzhao/ros2_ws/install/my_package:/Users/huajingzhao/ros2_ws/install/learning_tf2_py:/Users/huajingzhao/ros2_ws/install/launch_tutorial:/Users/huajingzhao/ros2_ws/install/launch_testing_examples:/Users/huajingzhao/ros2_ws/install/examples_rclpy_pointcloud_publisher:/Users/huajingzhao/ros2_ws/install/examples_rclpy_minimal_subscriber:/Users/huajingzhao/ros2_ws/install/examples_rclpy_minimal_service:/Users/huajingzhao/ros2_ws/install/examples_rclpy_minimal_publisher:/Users/huajingzhao/ros2_ws/install/examples_rclpy_minimal_client:/Users/huajingzhao/ros2_ws/install/examples_rclpy_minimal_action_server:/Users/huajingzhao/ros2_ws/install/examples_rclpy_minimal_action_client:/Users/huajingzhao/ros2_ws/install/examples_rclpy_guard_conditions:/Users/huajingzhao/ros2_ws/install/examples_rclpy_executors:/Users/huajingzhao/Desktop/UCLA/projects/ros2_ws/install/launch_testing_examples:/Users/huajingzhao/Desktop/UCLA/projects/ros2_ws/install/gimbal_control:/Users/huajingzhao/Desktop/UCLA/projects/ros2_ws/install/examples_rclpy_pointcloud_publisher:/Users/huajingzhao/Desktop/UCLA/projects/ros2_ws/install/examples_rclpy_minimal_subscriber:/Users/huajingzhao/Desktop/UCLA/projects/ros2_ws/install/examples_rclpy_minimal_service:/Users/huajingzhao/Desktop/UCLA/projects/ros2_ws/install/examples_rclpy_minimal_publisher:/Users/huajingzhao/Desktop/UCLA/projects/ros2_ws/install/examples_rclpy_minimal_client:/Users/huajingzhao/Desktop/UCLA/projects/ros2_ws/install/examples_rclpy_minimal_action_server:/Users/huajingzhao/Desktop/UCLA/projects/ros2_ws/install/examples_rclpy_minimal_action_client:/Users/huajingzhao/Desktop/UCLA/projects/ros2_ws/install/examples_rclpy_guard_conditions:/Users/huajingzhao/Desktop/UCLA/projects/ros2_ws/install/examples_rclpy_executors SHLVL=2 VIRTUAL_ENV_PROMPT=(venv) _=/usr/bin/env /opt/homebrew/bin/cmake --build /Users/huajingzhao/Desktop/UCLA/projects/neureality/gimbal_ws/build/gimbal_interfaces -- -j10 -l10
[7.325s] DEBUG:colcon.colcon_core.event_handler.log_command:Invoking command in '/Users/huajingzhao/Desktop/UCLA/projects/neureality/gimbal_ws/build/gimbal_interfaces': CMAKE_PREFIX_PATH=${CMAKE_PREFIX_PATH}:/Users/huajingzhao/ros2_ws/install/turtle_tf2_py:/Users/huajingzhao/ros2_ws/install/python_parameters:/Users/huajingzhao/ros2_ws/install/python_parameter_event_handler:/Users/huajingzhao/ros2_ws/install/py_srvcli:/Users/huajingzhao/ros2_ws/install/py_pubsub:/Users/huajingzhao/ros2_ws/install/py_launch_example:/Users/huajingzhao/ros2_ws/install/my_package:/Users/huajingzhao/ros2_ws/install/learning_tf2_py:/Users/huajingzhao/ros2_ws/install/launch_tutorial:/Users/huajingzhao/ros2_ws/install/launch_testing_examples:/Users/huajingzhao/ros2_ws/install/examples_rclpy_pointcloud_publisher:/Users/huajingzhao/ros2_ws/install/examples_rclpy_minimal_subscriber:/Users/huajingzhao/ros2_ws/install/examples_rclpy_minimal_service:/Users/huajingzhao/ros2_ws/install/examples_rclpy_minimal_publisher:/Users/huajingzhao/ros2_ws/install/examples_rclpy_minimal_client:/Users/huajingzhao/ros2_ws/install/examples_rclpy_minimal_action_server:/Users/huajingzhao/ros2_ws/install/examples_rclpy_minimal_action_client:/Users/huajingzhao/ros2_ws/install/examples_rclpy_guard_conditions:/Users/huajingzhao/ros2_ws/install/examples_rclpy_executors:/Users/huajingzhao/Desktop/UCLA/projects/ros2_ws/install/launch_testing_examples:/Users/huajingzhao/Desktop/UCLA/projects/ros2_ws/install/gimbal_control:/Users/huajingzhao/Desktop/UCLA/projects/ros2_ws/install/examples_rclpy_pointcloud_publisher:/Users/huajingzhao/Desktop/UCLA/projects/ros2_ws/install/examples_rclpy_minimal_subscriber:/Users/huajingzhao/Desktop/UCLA/projects/ros2_ws/install/examples_rclpy_minimal_service:/Users/huajingzhao/Desktop/UCLA/projects/ros2_ws/install/examples_rclpy_minimal_publisher:/Users/huajingzhao/Desktop/UCLA/projects/ros2_ws/install/examples_rclpy_minimal_client:/Users/huajingzhao/Desktop/UCLA/projects/ros2_ws/install/examples_rclpy_minimal_action_server:/Users/huajingzhao/Desktop/UCLA/projects/ros2_ws/install/examples_rclpy_minimal_action_client:/Users/huajingzhao/Desktop/UCLA/projects/ros2_ws/install/examples_rclpy_guard_conditions:/Users/huajingzhao/Desktop/UCLA/projects/ros2_ws/install/examples_rclpy_executors SHLVL=2 VIRTUAL_ENV_PROMPT=(venv) _=/usr/bin/env /opt/homebrew/bin/cmake --install /Users/huajingzhao/Desktop/UCLA/projects/neureality/gimbal_ws/build/gimbal_interfaces
[7.482s] Level 1:colcon.colcon_core.environment:create_environment_scripts_only(gimbal_interfaces)
[7.482s] DEBUG:colcon.colcon_core.event_handler.log_command:Invoked command in '/Users/huajingzhao/Desktop/UCLA/projects/neureality/gimbal_ws/build/gimbal_interfaces' returned '0': CMAKE_PREFIX_PATH=${CMAKE_PREFIX_PATH}:/Users/huajingzhao/ros2_ws/install/turtle_tf2_py:/Users/huajingzhao/ros2_ws/install/python_parameters:/Users/huajingzhao/ros2_ws/install/python_parameter_event_handler:/Users/huajingzhao/ros2_ws/install/py_srvcli:/Users/huajingzhao/ros2_ws/install/py_pubsub:/Users/huajingzhao/ros2_ws/install/py_launch_example:/Users/huajingzhao/ros2_ws/install/my_package:/Users/huajingzhao/ros2_ws/install/learning_tf2_py:/Users/huajingzhao/ros2_ws/install/launch_tutorial:/Users/huajingzhao/ros2_ws/install/launch_testing_examples:/Users/huajingzhao/ros2_ws/install/examples_rclpy_pointcloud_publisher:/Users/huajingzhao/ros2_ws/install/examples_rclpy_minimal_subscriber:/Users/huajingzhao/ros2_ws/install/examples_rclpy_minimal_service:/Users/huajingzhao/ros2_ws/install/examples_rclpy_minimal_publisher:/Users/huajingzhao/ros2_ws/install/examples_rclpy_minimal_client:/Users/huajingzhao/ros2_ws/install/examples_rclpy_minimal_action_server:/Users/huajingzhao/ros2_ws/install/examples_rclpy_minimal_action_client:/Users/huajingzhao/ros2_ws/install/examples_rclpy_guard_conditions:/Users/huajingzhao/ros2_ws/install/examples_rclpy_executors:/Users/huajingzhao/Desktop/UCLA/projects/ros2_ws/install/launch_testing_examples:/Users/huajingzhao/Desktop/UCLA/projects/ros2_ws/install/gimbal_control:/Users/huajingzhao/Desktop/UCLA/projects/ros2_ws/install/examples_rclpy_pointcloud_publisher:/Users/huajingzhao/Desktop/UCLA/projects/ros2_ws/install/examples_rclpy_minimal_subscriber:/Users/huajingzhao/Desktop/UCLA/projects/ros2_ws/install/examples_rclpy_minimal_service:/Users/huajingzhao/Desktop/UCLA/projects/ros2_ws/install/examples_rclpy_minimal_publisher:/Users/huajingzhao/Desktop/UCLA/projects/ros2_ws/install/examples_rclpy_minimal_client:/Users/huajingzhao/Desktop/UCLA/projects/ros2_ws/install/examples_rclpy_minimal_action_server:/Users/huajingzhao/Desktop/UCLA/projects/ros2_ws/install/examples_rclpy_minimal_action_client:/Users/huajingzhao/Desktop/UCLA/projects/ros2_ws/install/examples_rclpy_guard_conditions:/Users/huajingzhao/Desktop/UCLA/projects/ros2_ws/install/examples_rclpy_executors SHLVL=2 VIRTUAL_ENV_PROMPT=(venv) _=/usr/bin/env /opt/homebrew/bin/cmake --install /Users/huajingzhao/Desktop/UCLA/projects/neureality/gimbal_ws/build/gimbal_interfaces
[7.491s] Level 1:colcon.colcon_core.environment:checking '/Users/huajingzhao/Desktop/UCLA/projects/neureality/gimbal_ws/install/gimbal_interfaces' for CMake module files
[7.491s] Level 1:colcon.colcon_core.environment:checking '/Users/huajingzhao/Desktop/UCLA/projects/neureality/gimbal_ws/install/gimbal_interfaces' for CMake config files
[7.491s] Level 1:colcon.colcon_core.shell:create_environment_hook('gimbal_interfaces', 'cmake_prefix_path')
[7.498s] INFO:colcon.colcon_core.shell:Creating environment hook '/Users/huajingzhao/Desktop/UCLA/projects/neureality/gimbal_ws/install/gimbal_interfaces/share/gimbal_interfaces/hook/cmake_prefix_path.ps1'
[7.498s] INFO:colcon.colcon_core.shell:Creating environment descriptor '/Users/huajingzhao/Desktop/UCLA/projects/neureality/gimbal_ws/install/gimbal_interfaces/share/gimbal_interfaces/hook/cmake_prefix_path.dsv'
[7.499s] INFO:colcon.colcon_core.shell:Creating environment hook '/Users/huajingzhao/Desktop/UCLA/projects/neureality/gimbal_ws/install/gimbal_interfaces/share/gimbal_interfaces/hook/cmake_prefix_path.sh'
[7.499s] Level 1:colcon.colcon_core.environment:checking '/Users/huajingzhao/Desktop/UCLA/projects/neureality/gimbal_ws/install/gimbal_interfaces/lib'
[7.499s] Level 1:colcon.colcon_core.shell:create_environment_hook('gimbal_interfaces', 'dyld_library_path')
[7.506s] INFO:colcon.colcon_core.shell:Creating environment hook '/Users/huajingzhao/Desktop/UCLA/projects/neureality/gimbal_ws/install/gimbal_interfaces/share/gimbal_interfaces/hook/dyld_library_path.ps1'
[7.506s] INFO:colcon.colcon_core.shell:Creating environment descriptor '/Users/huajingzhao/Desktop/UCLA/projects/neureality/gimbal_ws/install/gimbal_interfaces/share/gimbal_interfaces/hook/dyld_library_path.dsv'
[7.506s] INFO:colcon.colcon_core.shell:Creating environment hook '/Users/huajingzhao/Desktop/UCLA/projects/neureality/gimbal_ws/install/gimbal_interfaces/share/gimbal_interfaces/hook/dyld_library_path.sh'
[7.507s] Level 1:colcon.colcon_core.environment:checking '/Users/huajingzhao/Desktop/UCLA/projects/neureality/gimbal_ws/install/gimbal_interfaces/bin'
[7.507s] Level 1:colcon.colcon_core.environment:checking '/Users/huajingzhao/Desktop/UCLA/projects/neureality/gimbal_ws/install/gimbal_interfaces/lib/pkgconfig/gimbal_interfaces.pc'
[7.507s] Level 1:colcon.colcon_core.environment:checking '/Users/huajingzhao/Desktop/UCLA/projects/neureality/gimbal_ws/install/gimbal_interfaces/lib/python3.10/site-packages'
[7.507s] Level 1:colcon.colcon_core.environment:checking '/Users/huajingzhao/Desktop/UCLA/projects/neureality/gimbal_ws/install/gimbal_interfaces/bin'
[7.514s] INFO:colcon.colcon_core.shell:Creating package script '/Users/huajingzhao/Desktop/UCLA/projects/neureality/gimbal_ws/install/gimbal_interfaces/share/gimbal_interfaces/package.ps1'
[7.514s] INFO:colcon.colcon_core.shell:Creating package descriptor '/Users/huajingzhao/Desktop/UCLA/projects/neureality/gimbal_ws/install/gimbal_interfaces/share/gimbal_interfaces/package.dsv'
[7.514s] INFO:colcon.colcon_core.shell:Creating package script '/Users/huajingzhao/Desktop/UCLA/projects/neureality/gimbal_ws/install/gimbal_interfaces/share/gimbal_interfaces/package.sh'
[7.514s] INFO:colcon.colcon_core.shell:Creating package script '/Users/huajingzhao/Desktop/UCLA/projects/neureality/gimbal_ws/install/gimbal_interfaces/share/gimbal_interfaces/package.bash'
[7.515s] INFO:colcon.colcon_core.shell:Creating package script '/Users/huajingzhao/Desktop/UCLA/projects/neureality/gimbal_ws/install/gimbal_interfaces/share/gimbal_interfaces/package.zsh'
[7.515s] Level 1:colcon.colcon_core.environment:create_file_with_runtime_dependencies(/Users/huajingzhao/Desktop/UCLA/projects/neureality/gimbal_ws/install/gimbal_interfaces/share/colcon-core/packages/gimbal_interfaces)
[7.702s] Level 1:colcon.colcon_core.environment:create_environment_scripts_only(gimbal_interfaces)
[7.709s] Level 1:colcon.colcon_core.environment:checking '/Users/huajingzhao/Desktop/UCLA/projects/neureality/gimbal_ws/install/gimbal_interfaces' for CMake module files
[7.709s] Level 1:colcon.colcon_core.environment:checking '/Users/huajingzhao/Desktop/UCLA/projects/neureality/gimbal_ws/install/gimbal_interfaces' for CMake config files
[7.710s] Level 1:colcon.colcon_core.shell:create_environment_hook('gimbal_interfaces', 'cmake_prefix_path')
[7.716s] INFO:colcon.colcon_core.shell:Creating environment hook '/Users/huajingzhao/Desktop/UCLA/projects/neureality/gimbal_ws/install/gimbal_interfaces/share/gimbal_interfaces/hook/cmake_prefix_path.ps1'
[7.717s] INFO:colcon.colcon_core.shell:Creating environment descriptor '/Users/huajingzhao/Desktop/UCLA/projects/neureality/gimbal_ws/install/gimbal_interfaces/share/gimbal_interfaces/hook/cmake_prefix_path.dsv'
[7.717s] INFO:colcon.colcon_core.shell:Creating environment hook '/Users/huajingzhao/Desktop/UCLA/projects/neureality/gimbal_ws/install/gimbal_interfaces/share/gimbal_interfaces/hook/cmake_prefix_path.sh'
[7.717s] Level 1:colcon.colcon_core.environment:checking '/Users/huajingzhao/Desktop/UCLA/projects/neureality/gimbal_ws/install/gimbal_interfaces/lib'
[7.717s] Level 1:colcon.colcon_core.shell:create_environment_hook('gimbal_interfaces', 'dyld_library_path')
[7.724s] INFO:colcon.colcon_core.shell:Creating environment hook '/Users/huajingzhao/Desktop/UCLA/projects/neureality/gimbal_ws/install/gimbal_interfaces/share/gimbal_interfaces/hook/dyld_library_path.ps1'
[7.724s] INFO:colcon.colcon_core.shell:Creating environment descriptor '/Users/huajingzhao/Desktop/UCLA/projects/neureality/gimbal_ws/install/gimbal_interfaces/share/gimbal_interfaces/hook/dyld_library_path.dsv'
[7.724s] INFO:colcon.colcon_core.shell:Creating environment hook '/Users/huajingzhao/Desktop/UCLA/projects/neureality/gimbal_ws/install/gimbal_interfaces/share/gimbal_interfaces/hook/dyld_library_path.sh'
[7.724s] Level 1:colcon.colcon_core.environment:checking '/Users/huajingzhao/Desktop/UCLA/projects/neureality/gimbal_ws/install/gimbal_interfaces/bin'
[7.724s] Level 1:colcon.colcon_core.environment:checking '/Users/huajingzhao/Desktop/UCLA/projects/neureality/gimbal_ws/install/gimbal_interfaces/lib/pkgconfig/gimbal_interfaces.pc'
[7.725s] Level 1:colcon.colcon_core.environment:checking '/Users/huajingzhao/Desktop/UCLA/projects/neureality/gimbal_ws/install/gimbal_interfaces/lib/python3.10/site-packages'
[7.725s] Level 1:colcon.colcon_core.environment:checking '/Users/huajingzhao/Desktop/UCLA/projects/neureality/gimbal_ws/install/gimbal_interfaces/bin'
[7.731s] INFO:colcon.colcon_core.shell:Creating package script '/Users/huajingzhao/Desktop/UCLA/projects/neureality/gimbal_ws/install/gimbal_interfaces/share/gimbal_interfaces/package.ps1'
[7.731s] INFO:colcon.colcon_core.shell:Creating package descriptor '/Users/huajingzhao/Desktop/UCLA/projects/neureality/gimbal_ws/install/gimbal_interfaces/share/gimbal_interfaces/package.dsv'
[7.732s] INFO:colcon.colcon_core.shell:Creating package script '/Users/huajingzhao/Desktop/UCLA/projects/neureality/gimbal_ws/install/gimbal_interfaces/share/gimbal_interfaces/package.sh'
[7.732s] INFO:colcon.colcon_core.shell:Creating package script '/Users/huajingzhao/Desktop/UCLA/projects/neureality/gimbal_ws/install/gimbal_interfaces/share/gimbal_interfaces/package.bash'
[7.732s] INFO:colcon.colcon_core.shell:Creating package script '/Users/huajingzhao/Desktop/UCLA/projects/neureality/gimbal_ws/install/gimbal_interfaces/share/gimbal_interfaces/package.zsh'
[7.732s] Level 1:colcon.colcon_core.environment:create_file_with_runtime_dependencies(/Users/huajingzhao/Desktop/UCLA/projects/neureality/gimbal_ws/install/gimbal_interfaces/share/colcon-core/packages/gimbal_interfaces)
[7.732s] DEBUG:colcon.colcon_parallel_executor.executor.parallel:closing loop
[7.733s] DEBUG:colcon.colcon_parallel_executor.executor.parallel:loop closed
[7.733s] DEBUG:colcon.colcon_parallel_executor.executor.parallel:run_until_complete finished with '0'
[7.733s] DEBUG:colcon.colcon_core.event_reactor:joining thread
[7.741s] INFO:colcon.colcon_core.plugin_system:Skipping extension 'colcon_notification.desktop_notification.notify2': 'notify2' not found
[7.742s] INFO:colcon.colcon_core.plugin_system:Skipping extension 'colcon_notification.desktop_notification.notify_send': Not used on non-Linux systems
[7.742s] INFO:colcon.colcon_core.plugin_system:Skipping extension 'colcon_notification.desktop_notification.win32': Not used on non-Windows systems
[7.742s] INFO:colcon.colcon_notification.desktop_notification:Sending desktop notification using 'terminal_notifier'
[7.748s] ERROR:colcon.colcon_notification.desktop_notification.terminal_notifier:Could not find the colcon-terminal-notifier.app in the install prefix '/Users/huajingzhao/ros2/venv'
[7.749s] DEBUG:colcon.colcon_core.event_reactor:joined thread
[7.755s] INFO:colcon.colcon_core.shell:Creating prefix script '/Users/huajingzhao/Desktop/UCLA/projects/neureality/gimbal_ws/install/local_setup.ps1'
[7.756s] INFO:colcon.colcon_core.shell:Creating prefix util module '/Users/huajingzhao/Desktop/UCLA/projects/neureality/gimbal_ws/install/_local_setup_util_ps1.py'
[7.757s] INFO:colcon.colcon_core.shell:Creating prefix chain script '/Users/huajingzhao/Desktop/UCLA/projects/neureality/gimbal_ws/install/setup.ps1'
[7.766s] INFO:colcon.colcon_core.shell:Creating prefix script '/Users/huajingzhao/Desktop/UCLA/projects/neureality/gimbal_ws/install/local_setup.sh'
[7.766s] INFO:colcon.colcon_core.shell:Creating prefix util module '/Users/huajingzhao/Desktop/UCLA/projects/neureality/gimbal_ws/install/_local_setup_util_sh.py'
[7.767s] INFO:colcon.colcon_core.shell:Creating prefix chain script '/Users/huajingzhao/Desktop/UCLA/projects/neureality/gimbal_ws/install/setup.sh'
[7.775s] INFO:colcon.colcon_core.shell:Creating prefix script '/Users/huajingzhao/Desktop/UCLA/projects/neureality/gimbal_ws/install/local_setup.bash'
[7.776s] INFO:colcon.colcon_core.shell:Creating prefix chain script '/Users/huajingzhao/Desktop/UCLA/projects/neureality/gimbal_ws/install/setup.bash'
[7.785s] INFO:colcon.colcon_core.shell:Creating prefix script '/Users/huajingzhao/Desktop/UCLA/projects/neureality/gimbal_ws/install/local_setup.zsh'
[7.785s] INFO:colcon.colcon_core.shell:Creating prefix chain script '/Users/huajingzhao/Desktop/UCLA/projects/neureality/gimbal_ws/install/setup.zsh'
