[0.482s] DEBUG:colcon:Command line arguments: ['/Users/huajingzhao/ros2/venv/bin/colcon', 'build']
[0.482s] DEBUG:colcon:Parsed command line arguments: Namespace(log_base=None, log_level=None, verb_name='build', build_base='build', install_base='install', merge_install=False, symlink_install=False, test_result_base=None, continue_on_error=False, executor='parallel', parallel_workers=10, event_handlers=None, ignore_user_meta=False, metas=['./colcon.meta'], base_paths=['.'], packages_ignore=None, packages_ignore_regex=None, paths=None, packages_up_to=None, packages_up_to_regex=None, packages_above=None, packages_above_and_dependencies=None, packages_above_depth=None, packages_select_by_dep=None, packages_skip_by_dep=None, packages_skip_up_to=None, packages_select_build_failed=False, packages_skip_build_finished=False, packages_select_test_failures=False, packages_skip_test_passed=False, packages_select=None, packages_skip=None, packages_select_regex=None, packages_skip_regex=None, packages_start=None, packages_end=None, cmake_args=None, cmake_target=None, cmake_target_skip_unavailable=False, cmake_clean_cache=False, cmake_clean_first=False, cmake_force_configure=False, ament_cmake_args=None, catkin_cmake_args=None, catkin_skip_building_tests=False, verb_parser=<colcon_defaults.argument_parser.defaults.DefaultArgumentsDecorator object at 0x101b6faf0>, verb_extension=<colcon_core.verb.build.BuildVerb object at 0x101b6f520>, main=<bound method BuildVerb.main of <colcon_core.verb.build.BuildVerb object at 0x101b6f520>>)
[0.512s] Level 1:colcon.colcon_core.package_discovery:discover_packages(colcon_meta) check parameters
[0.512s] Level 1:colcon.colcon_core.package_discovery:discover_packages(recursive) check parameters
[0.512s] Level 1:colcon.colcon_core.package_discovery:discover_packages(ignore) check parameters
[0.512s] Level 1:colcon.colcon_core.package_discovery:discover_packages(path) check parameters
[0.512s] Level 1:colcon.colcon_core.package_discovery:discover_packages(colcon_meta) discover
[0.512s] Level 1:colcon.colcon_core.package_discovery:discover_packages(recursive) discover
[0.512s] INFO:colcon.colcon_core.package_discovery:Crawling recursively for packages in '/Users/huajingzhao/Desktop/UCLA/projects/neureality/gimbal_ws'
[0.512s] Level 1:colcon.colcon_core.package_identification:_identify(.) by extensions ['ignore', 'ignore_ament_install']
[0.512s] Level 1:colcon.colcon_core.package_identification:_identify(.) by extension 'ignore'
[0.512s] Level 1:colcon.colcon_core.package_identification:_identify(.) by extension 'ignore_ament_install'
[0.512s] Level 1:colcon.colcon_core.package_identification:_identify(.) by extensions ['colcon_pkg']
[0.512s] Level 1:colcon.colcon_core.package_identification:_identify(.) by extension 'colcon_pkg'
[0.512s] Level 1:colcon.colcon_core.package_identification:_identify(.) by extensions ['colcon_meta']
[0.512s] Level 1:colcon.colcon_core.package_identification:_identify(.) by extension 'colcon_meta'
[0.512s] Level 1:colcon.colcon_core.package_identification:_identify(.) by extensions ['ros']
[0.512s] Level 1:colcon.colcon_core.package_identification:_identify(.) by extension 'ros'
[0.520s] Level 1:colcon.colcon_core.package_identification:_identify(.) by extensions ['cmake', 'python']
[0.520s] Level 1:colcon.colcon_core.package_identification:_identify(.) by extension 'cmake'
[0.520s] Level 1:colcon.colcon_core.package_identification:_identify(.) by extension 'python'
[0.520s] Level 1:colcon.colcon_core.package_identification:_identify(.) by extensions ['python_setup_py']
[0.520s] Level 1:colcon.colcon_core.package_identification:_identify(.) by extension 'python_setup_py'
[0.520s] Level 1:colcon.colcon_core.package_identification:_identify(build) by extensions ['ignore', 'ignore_ament_install']
[0.520s] Level 1:colcon.colcon_core.package_identification:_identify(build) by extension 'ignore'
[0.521s] Level 1:colcon.colcon_core.package_identification:_identify(build) ignored
[0.521s] Level 1:colcon.colcon_core.package_identification:_identify(install) by extensions ['ignore', 'ignore_ament_install']
[0.521s] Level 1:colcon.colcon_core.package_identification:_identify(install) by extension 'ignore'
[0.521s] Level 1:colcon.colcon_core.package_identification:_identify(install) ignored
[0.521s] Level 1:colcon.colcon_core.package_identification:_identify(log) by extensions ['ignore', 'ignore_ament_install']
[0.521s] Level 1:colcon.colcon_core.package_identification:_identify(log) by extension 'ignore'
[0.521s] Level 1:colcon.colcon_core.package_identification:_identify(log) ignored
[0.521s] Level 1:colcon.colcon_core.package_identification:_identify(src) by extensions ['ignore', 'ignore_ament_install']
[0.521s] Level 1:colcon.colcon_core.package_identification:_identify(src) by extension 'ignore'
[0.521s] Level 1:colcon.colcon_core.package_identification:_identify(src) by extension 'ignore_ament_install'
[0.521s] Level 1:colcon.colcon_core.package_identification:_identify(src) by extensions ['colcon_pkg']
[0.521s] Level 1:colcon.colcon_core.package_identification:_identify(src) by extension 'colcon_pkg'
[0.521s] Level 1:colcon.colcon_core.package_identification:_identify(src) by extensions ['colcon_meta']
[0.521s] Level 1:colcon.colcon_core.package_identification:_identify(src) by extension 'colcon_meta'
[0.521s] Level 1:colcon.colcon_core.package_identification:_identify(src) by extensions ['ros']
[0.521s] Level 1:colcon.colcon_core.package_identification:_identify(src) by extension 'ros'
[0.521s] Level 1:colcon.colcon_core.package_identification:_identify(src) by extensions ['cmake', 'python']
[0.521s] Level 1:colcon.colcon_core.package_identification:_identify(src) by extension 'cmake'
[0.521s] Level 1:colcon.colcon_core.package_identification:_identify(src) by extension 'python'
[0.521s] Level 1:colcon.colcon_core.package_identification:_identify(src) by extensions ['python_setup_py']
[0.521s] Level 1:colcon.colcon_core.package_identification:_identify(src) by extension 'python_setup_py'
[0.521s] Level 1:colcon.colcon_core.package_identification:_identify(src/build) by extensions ['ignore', 'ignore_ament_install']
[0.521s] Level 1:colcon.colcon_core.package_identification:_identify(src/build) by extension 'ignore'
[0.521s] Level 1:colcon.colcon_core.package_identification:_identify(src/build) ignored
[0.521s] Level 1:colcon.colcon_core.package_identification:_identify(src/gimbal_control) by extensions ['ignore', 'ignore_ament_install']
[0.521s] Level 1:colcon.colcon_core.package_identification:_identify(src/gimbal_control) by extension 'ignore'
[0.521s] Level 1:colcon.colcon_core.package_identification:_identify(src/gimbal_control) by extension 'ignore_ament_install'
[0.521s] Level 1:colcon.colcon_core.package_identification:_identify(src/gimbal_control) by extensions ['colcon_pkg']
[0.521s] Level 1:colcon.colcon_core.package_identification:_identify(src/gimbal_control) by extension 'colcon_pkg'
[0.521s] Level 1:colcon.colcon_core.package_identification:_identify(src/gimbal_control) by extensions ['colcon_meta']
[0.521s] Level 1:colcon.colcon_core.package_identification:_identify(src/gimbal_control) by extension 'colcon_meta'
[0.521s] Level 1:colcon.colcon_core.package_identification:_identify(src/gimbal_control) by extensions ['ros']
[0.521s] Level 1:colcon.colcon_core.package_identification:_identify(src/gimbal_control) by extension 'ros'
[0.523s] DEBUG:colcon.colcon_core.package_identification:Found ROS schema reference in package manifest in 'src/gimbal_control'
[0.523s] WARNING:colcon.colcon_core.package_identification:Failed to parse ROS package manifest in 'src/gimbal_control': Error(s) in package 'src/gimbal_control/package.xml':
The package "gimbal_control" must not "exec_depend" on a package with the same name as this package
[0.523s] Level 1:colcon.colcon_core.package_identification:_identify(src/gimbal_control) by extensions ['cmake', 'python']
[0.523s] Level 1:colcon.colcon_core.package_identification:_identify(src/gimbal_control) by extension 'cmake'
[0.523s] Level 1:colcon.colcon_core.package_identification:_identify(src/gimbal_control) by extension 'python'
[0.523s] DEBUG:colcon.colcon_core.package_identification:Python package in 'src/gimbal_control' passes arguments to the setup() function which requires a different identification extension than 'python'
[0.523s] Level 1:colcon.colcon_core.package_identification:_identify(src/gimbal_control) by extensions ['python_setup_py']
[0.523s] Level 1:colcon.colcon_core.package_identification:_identify(src/gimbal_control) by extension 'python_setup_py'
[0.683s] DEBUG:colcon.colcon_core.package_identification:Package 'src/gimbal_control' with type 'python' and name 'gimbal_control'
[0.683s] Level 1:colcon.colcon_core.package_identification:_identify(src/install) by extensions ['ignore', 'ignore_ament_install']
[0.683s] Level 1:colcon.colcon_core.package_identification:_identify(src/install) by extension 'ignore'
[0.683s] Level 1:colcon.colcon_core.package_identification:_identify(src/install) ignored
[0.683s] Level 1:colcon.colcon_core.package_identification:_identify(src/log) by extensions ['ignore', 'ignore_ament_install']
[0.683s] Level 1:colcon.colcon_core.package_identification:_identify(src/log) by extension 'ignore'
[0.683s] Level 1:colcon.colcon_core.package_identification:_identify(src/log) ignored
[0.683s] Level 1:colcon.colcon_core.package_discovery:discover_packages(recursive) using defaults
[0.683s] Level 1:colcon.colcon_core.package_discovery:discover_packages(ignore) discover
[0.683s] Level 1:colcon.colcon_core.package_discovery:discover_packages(ignore) using defaults
[0.683s] Level 1:colcon.colcon_core.package_discovery:discover_packages(path) discover
[0.683s] Level 1:colcon.colcon_core.package_discovery:discover_packages(path) using defaults
[0.726s] Level 5:colcon.colcon_core.verb:set package 'gimbal_control' build argument 'cmake_args' from command line to 'None'
[0.726s] Level 5:colcon.colcon_core.verb:set package 'gimbal_control' build argument 'cmake_target' from command line to 'None'
[0.726s] Level 5:colcon.colcon_core.verb:set package 'gimbal_control' build argument 'cmake_target_skip_unavailable' from command line to 'False'
[0.726s] Level 5:colcon.colcon_core.verb:set package 'gimbal_control' build argument 'cmake_clean_cache' from command line to 'False'
[0.726s] Level 5:colcon.colcon_core.verb:set package 'gimbal_control' build argument 'cmake_clean_first' from command line to 'False'
[0.726s] Level 5:colcon.colcon_core.verb:set package 'gimbal_control' build argument 'cmake_force_configure' from command line to 'False'
[0.726s] Level 5:colcon.colcon_core.verb:set package 'gimbal_control' build argument 'ament_cmake_args' from command line to 'None'
[0.726s] Level 5:colcon.colcon_core.verb:set package 'gimbal_control' build argument 'catkin_cmake_args' from command line to 'None'
[0.726s] Level 5:colcon.colcon_core.verb:set package 'gimbal_control' build argument 'catkin_skip_building_tests' from command line to 'False'
[0.726s] DEBUG:colcon.colcon_core.verb:Building package 'gimbal_control' with the following arguments: {'ament_cmake_args': None, 'build_base': '/Users/huajingzhao/Desktop/UCLA/projects/neureality/gimbal_ws/build/gimbal_control', 'catkin_cmake_args': None, 'catkin_skip_building_tests': False, 'cmake_args': None, 'cmake_clean_cache': False, 'cmake_clean_first': False, 'cmake_force_configure': False, 'cmake_target': None, 'cmake_target_skip_unavailable': False, 'install_base': '/Users/huajingzhao/Desktop/UCLA/projects/neureality/gimbal_ws/install/gimbal_control', 'merge_install': False, 'path': '/Users/huajingzhao/Desktop/UCLA/projects/neureality/gimbal_ws/src/gimbal_control', 'symlink_install': False, 'test_result_base': None}
[0.733s] INFO:colcon.colcon_core.executor:Executing jobs using 'parallel' executor
[0.739s] DEBUG:colcon.colcon_parallel_executor.executor.parallel:run_until_complete
[0.740s] INFO:colcon.colcon_core.task.python.build:Building Python package in '/Users/huajingzhao/Desktop/UCLA/projects/neureality/gimbal_ws/src/gimbal_control'
[0.748s] INFO:colcon.colcon_core.plugin_system:Skipping extension 'colcon_core.shell.bat': Not used on non-Windows systems
[0.748s] INFO:colcon.colcon_core.shell:Skip shell extension 'powershell' for command environment: Not usable outside of PowerShell
[0.749s] DEBUG:colcon.colcon_core.shell:Skip shell extension 'dsv' for command environment
[1.324s] DEBUG:colcon.colcon_core.event_handler.log_command:Invoking command in '/Users/huajingzhao/Desktop/UCLA/projects/neureality/gimbal_ws/src/gimbal_control': PYTHONPATH=/Users/huajingzhao/Desktop/UCLA/projects/neureality/gimbal_ws/build/gimbal_control/prefix_override:/Users/huajingzhao/Desktop/UCLA/projects/neureality/gimbal_ws/install/gimbal_control/lib/python3.10/site-packages:${PYTHONPATH} SHLVL=2 VIRTUAL_ENV_PROMPT=(venv) _=/usr/bin/env /Users/huajingzhao/ros2/venv/bin/python setup.py egg_info --egg-base ../../build/gimbal_control build --build-base /Users/huajingzhao/Desktop/UCLA/projects/neureality/gimbal_ws/build/gimbal_control/build install --record /Users/huajingzhao/Desktop/UCLA/projects/neureality/gimbal_ws/build/gimbal_control/install.log --single-version-externally-managed
[1.672s] DEBUG:colcon.colcon_core.event_handler.log_command:Invoked command in '/Users/huajingzhao/Desktop/UCLA/projects/neureality/gimbal_ws/src/gimbal_control' returned '0': PYTHONPATH=/Users/huajingzhao/Desktop/UCLA/projects/neureality/gimbal_ws/build/gimbal_control/prefix_override:/Users/huajingzhao/Desktop/UCLA/projects/neureality/gimbal_ws/install/gimbal_control/lib/python3.10/site-packages:${PYTHONPATH} SHLVL=2 VIRTUAL_ENV_PROMPT=(venv) _=/usr/bin/env /Users/huajingzhao/ros2/venv/bin/python setup.py egg_info --egg-base ../../build/gimbal_control build --build-base /Users/huajingzhao/Desktop/UCLA/projects/neureality/gimbal_ws/build/gimbal_control/build install --record /Users/huajingzhao/Desktop/UCLA/projects/neureality/gimbal_ws/build/gimbal_control/install.log --single-version-externally-managed
[1.682s] Level 1:colcon.colcon_core.environment:checking '/Users/huajingzhao/Desktop/UCLA/projects/neureality/gimbal_ws/install/gimbal_control' for CMake module files
[1.682s] Level 1:colcon.colcon_core.environment:checking '/Users/huajingzhao/Desktop/UCLA/projects/neureality/gimbal_ws/install/gimbal_control' for CMake config files
[1.682s] Level 1:colcon.colcon_core.environment:checking '/Users/huajingzhao/Desktop/UCLA/projects/neureality/gimbal_ws/install/gimbal_control/lib'
[1.682s] Level 1:colcon.colcon_core.environment:checking '/Users/huajingzhao/Desktop/UCLA/projects/neureality/gimbal_ws/install/gimbal_control/bin'
[1.682s] Level 1:colcon.colcon_core.environment:checking '/Users/huajingzhao/Desktop/UCLA/projects/neureality/gimbal_ws/install/gimbal_control/lib/pkgconfig/gimbal_control.pc'
[1.683s] Level 1:colcon.colcon_core.environment:checking '/Users/huajingzhao/Desktop/UCLA/projects/neureality/gimbal_ws/install/gimbal_control/lib/python3.10/site-packages'
[1.683s] Level 1:colcon.colcon_core.shell:create_environment_hook('gimbal_control', 'pythonpath')
[1.689s] INFO:colcon.colcon_core.shell:Creating environment hook '/Users/huajingzhao/Desktop/UCLA/projects/neureality/gimbal_ws/install/gimbal_control/share/gimbal_control/hook/pythonpath.ps1'
[1.689s] INFO:colcon.colcon_core.shell:Creating environment descriptor '/Users/huajingzhao/Desktop/UCLA/projects/neureality/gimbal_ws/install/gimbal_control/share/gimbal_control/hook/pythonpath.dsv'
[1.690s] INFO:colcon.colcon_core.shell:Creating environment hook '/Users/huajingzhao/Desktop/UCLA/projects/neureality/gimbal_ws/install/gimbal_control/share/gimbal_control/hook/pythonpath.sh'
[1.690s] Level 1:colcon.colcon_core.environment:checking '/Users/huajingzhao/Desktop/UCLA/projects/neureality/gimbal_ws/install/gimbal_control/bin'
[1.690s] Level 1:colcon.colcon_core.environment:create_environment_scripts_only(gimbal_control)
[1.696s] INFO:colcon.colcon_core.shell:Creating package script '/Users/huajingzhao/Desktop/UCLA/projects/neureality/gimbal_ws/install/gimbal_control/share/gimbal_control/package.ps1'
[1.697s] INFO:colcon.colcon_core.shell:Creating package descriptor '/Users/huajingzhao/Desktop/UCLA/projects/neureality/gimbal_ws/install/gimbal_control/share/gimbal_control/package.dsv'
[1.697s] INFO:colcon.colcon_core.shell:Creating package script '/Users/huajingzhao/Desktop/UCLA/projects/neureality/gimbal_ws/install/gimbal_control/share/gimbal_control/package.sh'
[1.697s] INFO:colcon.colcon_core.shell:Creating package script '/Users/huajingzhao/Desktop/UCLA/projects/neureality/gimbal_ws/install/gimbal_control/share/gimbal_control/package.bash'
[1.698s] INFO:colcon.colcon_core.shell:Creating package script '/Users/huajingzhao/Desktop/UCLA/projects/neureality/gimbal_ws/install/gimbal_control/share/gimbal_control/package.zsh'
[1.698s] Level 1:colcon.colcon_core.environment:create_file_with_runtime_dependencies(/Users/huajingzhao/Desktop/UCLA/projects/neureality/gimbal_ws/install/gimbal_control/share/colcon-core/packages/gimbal_control)
[1.698s] DEBUG:colcon.colcon_parallel_executor.executor.parallel:closing loop
[1.698s] DEBUG:colcon.colcon_parallel_executor.executor.parallel:loop closed
[1.698s] DEBUG:colcon.colcon_parallel_executor.executor.parallel:run_until_complete finished with '0'
[1.698s] DEBUG:colcon.colcon_core.event_reactor:joining thread
[1.707s] INFO:colcon.colcon_core.plugin_system:Skipping extension 'colcon_notification.desktop_notification.notify2': 'notify2' not found
[1.707s] INFO:colcon.colcon_core.plugin_system:Skipping extension 'colcon_notification.desktop_notification.notify_send': Not used on non-Linux systems
[1.707s] INFO:colcon.colcon_core.plugin_system:Skipping extension 'colcon_notification.desktop_notification.win32': Not used on non-Windows systems
[1.707s] INFO:colcon.colcon_notification.desktop_notification:Sending desktop notification using 'terminal_notifier'
[1.714s] ERROR:colcon.colcon_notification.desktop_notification.terminal_notifier:Could not find the colcon-terminal-notifier.app in the install prefix '/Users/huajingzhao/ros2/venv'
[1.714s] DEBUG:colcon.colcon_core.event_reactor:joined thread
[1.727s] INFO:colcon.colcon_core.shell:Creating prefix script '/Users/huajingzhao/Desktop/UCLA/projects/neureality/gimbal_ws/install/local_setup.ps1'
[1.727s] INFO:colcon.colcon_core.shell:Creating prefix util module '/Users/huajingzhao/Desktop/UCLA/projects/neureality/gimbal_ws/install/_local_setup_util_ps1.py'
[1.728s] INFO:colcon.colcon_core.shell:Creating prefix chain script '/Users/huajingzhao/Desktop/UCLA/projects/neureality/gimbal_ws/install/setup.ps1'
[1.738s] INFO:colcon.colcon_core.shell:Creating prefix script '/Users/huajingzhao/Desktop/UCLA/projects/neureality/gimbal_ws/install/local_setup.sh'
[1.738s] INFO:colcon.colcon_core.shell:Creating prefix util module '/Users/huajingzhao/Desktop/UCLA/projects/neureality/gimbal_ws/install/_local_setup_util_sh.py'
[1.738s] INFO:colcon.colcon_core.shell:Creating prefix chain script '/Users/huajingzhao/Desktop/UCLA/projects/neureality/gimbal_ws/install/setup.sh'
[1.747s] INFO:colcon.colcon_core.shell:Creating prefix script '/Users/huajingzhao/Desktop/UCLA/projects/neureality/gimbal_ws/install/local_setup.bash'
[1.747s] INFO:colcon.colcon_core.shell:Creating prefix chain script '/Users/huajingzhao/Desktop/UCLA/projects/neureality/gimbal_ws/install/setup.bash'
[1.756s] INFO:colcon.colcon_core.shell:Creating prefix script '/Users/huajingzhao/Desktop/UCLA/projects/neureality/gimbal_ws/install/local_setup.zsh'
[1.756s] INFO:colcon.colcon_core.shell:Creating prefix chain script '/Users/huajingzhao/Desktop/UCLA/projects/neureality/gimbal_ws/install/setup.zsh'
