[  3%] Built target gimbal_interface__cpp
[ 12%] Built target gimbal_interface__rosidl_generator_c
[ 12%] Built target ament_cmake_python_copy_gimbal_interface
[ 22%] Built target gimbal_interface__rosidl_typesupport_c
[ 32%] Built target gimbal_interface__rosidl_typesupport_introspection_c
[ 41%] Built target gimbal_interface__rosidl_typesupport_cpp
[ 51%] Built target gimbal_interface__rosidl_typesupport_fastrtps_c
[ 61%] Built target gimbal_interface__rosidl_typesupport_fastrtps_cpp
[ 70%] Built target gimbal_interface__rosidl_typesupport_introspection_cpp
[ 70%] Built target gimbal_interface
[ 74%] Built target gimbal_interface__py
[ 80%] Built target gimbal_interface__rosidl_generator_py
[100%] Built target gimbal_interface__rosidl_typesupport_introspection_c__pyext
[100%] Built target gimbal_interface__rosidl_typesupport_c__pyext
[100%] Built target gimbal_interface__rosidl_typesupport_fastrtps_c__pyext
running egg_info
writing gimbal_interface.egg-info/PKG-INFO
writing dependency_links to gimbal_interface.egg-info/dependency_links.txt
writing top-level names to gimbal_interface.egg-info/top_level.txt
reading manifest file 'gimbal_interface.egg-info/SOURCES.txt'
writing manifest file 'gimbal_interface.egg-info/SOURCES.txt'
[100%] Built target ament_cmake_python_build_gimbal_interface_egg
-- Install configuration: ""
-- Up-to-date: /Users/huajingzhao/Desktop/UCLA/projects/neureality/gimbal_ws/install/gimbal_interface/share/ament_index/resource_index/rosidl_interfaces/gimbal_interface
-- Up-to-date: /Users/huajingzhao/Desktop/UCLA/projects/neureality/gimbal_ws/install/gimbal_interface/include/gimbal_interface/gimbal_interface
-- Up-to-date: /Users/huajingzhao/Desktop/UCLA/projects/neureality/gimbal_ws/install/gimbal_interface/include/gimbal_interface/gimbal_interface/msg
-- Up-to-date: /Users/huajingzhao/Desktop/UCLA/projects/neureality/gimbal_ws/install/gimbal_interface/include/gimbal_interface/gimbal_interface/msg/rosidl_generator_c__visibility_control.h
-- Up-to-date: /Users/huajingzhao/Desktop/UCLA/projects/neureality/gimbal_ws/install/gimbal_interface/include/gimbal_interface/gimbal_interface/msg/detail
-- Up-to-date: /Users/huajingzhao/Desktop/UCLA/projects/neureality/gimbal_ws/install/gimbal_interface/include/gimbal_interface/gimbal_interface/msg/detail/gimbal__functions.h
-- Up-to-date: /Users/huajingzhao/Desktop/UCLA/projects/neureality/gimbal_ws/install/gimbal_interface/include/gimbal_interface/gimbal_interface/msg/detail/gimbal__struct.h
-- Up-to-date: /Users/huajingzhao/Desktop/UCLA/projects/neureality/gimbal_ws/install/gimbal_interface/include/gimbal_interface/gimbal_interface/msg/detail/gimbal__functions.c
-- Up-to-date: /Users/huajingzhao/Desktop/UCLA/projects/neureality/gimbal_ws/install/gimbal_interface/include/gimbal_interface/gimbal_interface/msg/detail/gimbal__type_support.h
-- Up-to-date: /Users/huajingzhao/Desktop/UCLA/projects/neureality/gimbal_ws/install/gimbal_interface/include/gimbal_interface/gimbal_interface/msg/gimbal.h
-- Up-to-date: /Users/huajingzhao/Desktop/UCLA/projects/neureality/gimbal_ws/install/gimbal_interface/share/gimbal_interface/environment/library_path.sh
-- Up-to-date: /Users/huajingzhao/Desktop/UCLA/projects/neureality/gimbal_ws/install/gimbal_interface/share/gimbal_interface/environment/library_path.dsv
-- Installing: /Users/huajingzhao/Desktop/UCLA/projects/neureality/gimbal_ws/install/gimbal_interface/lib/libgimbal_interface__rosidl_generator_c.dylib
-- Up-to-date: /Users/huajingzhao/Desktop/UCLA/projects/neureality/gimbal_ws/install/gimbal_interface/include/gimbal_interface/gimbal_interface
-- Up-to-date: /Users/huajingzhao/Desktop/UCLA/projects/neureality/gimbal_ws/install/gimbal_interface/include/gimbal_interface/gimbal_interface/msg
-- Up-to-date: /Users/huajingzhao/Desktop/UCLA/projects/neureality/gimbal_ws/install/gimbal_interface/include/gimbal_interface/gimbal_interface/msg/detail
-- Up-to-date: /Users/huajingzhao/Desktop/UCLA/projects/neureality/gimbal_ws/install/gimbal_interface/include/gimbal_interface/gimbal_interface/msg/detail/gimbal__rosidl_typesupport_fastrtps_c.h
-- Up-to-date: /Users/huajingzhao/Desktop/UCLA/projects/neureality/gimbal_ws/install/gimbal_interface/include/gimbal_interface/gimbal_interface/msg/rosidl_typesupport_fastrtps_c__visibility_control.h
-- Up-to-date: /Users/huajingzhao/Desktop/UCLA/projects/neureality/gimbal_ws/install/gimbal_interface/lib/libgimbal_interface__rosidl_typesupport_fastrtps_c.dylib
-- Up-to-date: /Users/huajingzhao/Desktop/UCLA/projects/neureality/gimbal_ws/install/gimbal_interface/include/gimbal_interface/gimbal_interface
-- Up-to-date: /Users/huajingzhao/Desktop/UCLA/projects/neureality/gimbal_ws/install/gimbal_interface/include/gimbal_interface/gimbal_interface/msg
-- Up-to-date: /Users/huajingzhao/Desktop/UCLA/projects/neureality/gimbal_ws/install/gimbal_interface/include/gimbal_interface/gimbal_interface/msg/detail
-- Up-to-date: /Users/huajingzhao/Desktop/UCLA/projects/neureality/gimbal_ws/install/gimbal_interface/include/gimbal_interface/gimbal_interface/msg/detail/gimbal__rosidl_typesupport_introspection_c.h
-- Up-to-date: /Users/huajingzhao/Desktop/UCLA/projects/neureality/gimbal_ws/install/gimbal_interface/include/gimbal_interface/gimbal_interface/msg/detail/gimbal__type_support.c
-- Up-to-date: /Users/huajingzhao/Desktop/UCLA/projects/neureality/gimbal_ws/install/gimbal_interface/include/gimbal_interface/gimbal_interface/msg/rosidl_typesupport_introspection_c__visibility_control.h
-- Installing: /Users/huajingzhao/Desktop/UCLA/projects/neureality/gimbal_ws/install/gimbal_interface/lib/libgimbal_interface__rosidl_typesupport_introspection_c.dylib
-- Installing: /Users/huajingzhao/Desktop/UCLA/projects/neureality/gimbal_ws/install/gimbal_interface/lib/libgimbal_interface__rosidl_typesupport_c.dylib
-- Up-to-date: /Users/huajingzhao/Desktop/UCLA/projects/neureality/gimbal_ws/install/gimbal_interface/include/gimbal_interface/gimbal_interface
-- Up-to-date: /Users/huajingzhao/Desktop/UCLA/projects/neureality/gimbal_ws/install/gimbal_interface/include/gimbal_interface/gimbal_interface/msg
-- Up-to-date: /Users/huajingzhao/Desktop/UCLA/projects/neureality/gimbal_ws/install/gimbal_interface/include/gimbal_interface/gimbal_interface/msg/detail
-- Up-to-date: /Users/huajingzhao/Desktop/UCLA/projects/neureality/gimbal_ws/install/gimbal_interface/include/gimbal_interface/gimbal_interface/msg/detail/gimbal__traits.hpp
-- Up-to-date: /Users/huajingzhao/Desktop/UCLA/projects/neureality/gimbal_ws/install/gimbal_interface/include/gimbal_interface/gimbal_interface/msg/detail/gimbal__struct.hpp
-- Up-to-date: /Users/huajingzhao/Desktop/UCLA/projects/neureality/gimbal_ws/install/gimbal_interface/include/gimbal_interface/gimbal_interface/msg/detail/gimbal__builder.hpp
-- Up-to-date: /Users/huajingzhao/Desktop/UCLA/projects/neureality/gimbal_ws/install/gimbal_interface/include/gimbal_interface/gimbal_interface/msg/gimbal.hpp
-- Up-to-date: /Users/huajingzhao/Desktop/UCLA/projects/neureality/gimbal_ws/install/gimbal_interface/include/gimbal_interface/gimbal_interface
-- Up-to-date: /Users/huajingzhao/Desktop/UCLA/projects/neureality/gimbal_ws/install/gimbal_interface/include/gimbal_interface/gimbal_interface/msg
-- Up-to-date: /Users/huajingzhao/Desktop/UCLA/projects/neureality/gimbal_ws/install/gimbal_interface/include/gimbal_interface/gimbal_interface/msg/rosidl_typesupport_fastrtps_cpp__visibility_control.h
-- Up-to-date: /Users/huajingzhao/Desktop/UCLA/projects/neureality/gimbal_ws/install/gimbal_interface/include/gimbal_interface/gimbal_interface/msg/detail
-- Up-to-date: /Users/huajingzhao/Desktop/UCLA/projects/neureality/gimbal_ws/install/gimbal_interface/include/gimbal_interface/gimbal_interface/msg/detail/gimbal__rosidl_typesupport_fastrtps_cpp.hpp
-- Up-to-date: /Users/huajingzhao/Desktop/UCLA/projects/neureality/gimbal_ws/install/gimbal_interface/include/gimbal_interface/gimbal_interface/msg/detail/dds_fastrtps
-- Up-to-date: /Users/huajingzhao/Desktop/UCLA/projects/neureality/gimbal_ws/install/gimbal_interface/lib/libgimbal_interface__rosidl_typesupport_fastrtps_cpp.dylib
-- Up-to-date: /Users/huajingzhao/Desktop/UCLA/projects/neureality/gimbal_ws/install/gimbal_interface/include/gimbal_interface/gimbal_interface
-- Up-to-date: /Users/huajingzhao/Desktop/UCLA/projects/neureality/gimbal_ws/install/gimbal_interface/include/gimbal_interface/gimbal_interface/msg
-- Up-to-date: /Users/huajingzhao/Desktop/UCLA/projects/neureality/gimbal_ws/install/gimbal_interface/include/gimbal_interface/gimbal_interface/msg/detail
-- Up-to-date: /Users/huajingzhao/Desktop/UCLA/projects/neureality/gimbal_ws/install/gimbal_interface/include/gimbal_interface/gimbal_interface/msg/detail/gimbal__type_support.cpp
-- Up-to-date: /Users/huajingzhao/Desktop/UCLA/projects/neureality/gimbal_ws/install/gimbal_interface/include/gimbal_interface/gimbal_interface/msg/detail/gimbal__rosidl_typesupport_introspection_cpp.hpp
-- Installing: /Users/huajingzhao/Desktop/UCLA/projects/neureality/gimbal_ws/install/gimbal_interface/lib/libgimbal_interface__rosidl_typesupport_introspection_cpp.dylib
-- Installing: /Users/huajingzhao/Desktop/UCLA/projects/neureality/gimbal_ws/install/gimbal_interface/lib/libgimbal_interface__rosidl_typesupport_cpp.dylib
-- Up-to-date: /Users/huajingzhao/Desktop/UCLA/projects/neureality/gimbal_ws/install/gimbal_interface/share/gimbal_interface/environment/pythonpath.sh
-- Up-to-date: /Users/huajingzhao/Desktop/UCLA/projects/neureality/gimbal_ws/install/gimbal_interface/share/gimbal_interface/environment/pythonpath.dsv
-- Up-to-date: /Users/huajingzhao/Desktop/UCLA/projects/neureality/gimbal_ws/install/gimbal_interface/../../../../../../../../../opt/homebrew/lib/python3.12/site-packages/gimbal_interface-0.0.0-py3.12.egg-info
-- Installing: /Users/huajingzhao/Desktop/UCLA/projects/neureality/gimbal_ws/install/gimbal_interface/../../../../../../../../../opt/homebrew/lib/python3.12/site-packages/gimbal_interface-0.0.0-py3.12.egg-info/PKG-INFO
-- Installing: /Users/huajingzhao/Desktop/UCLA/projects/neureality/gimbal_ws/install/gimbal_interface/../../../../../../../../../opt/homebrew/lib/python3.12/site-packages/gimbal_interface-0.0.0-py3.12.egg-info/SOURCES.txt
-- Installing: /Users/huajingzhao/Desktop/UCLA/projects/neureality/gimbal_ws/install/gimbal_interface/../../../../../../../../../opt/homebrew/lib/python3.12/site-packages/gimbal_interface-0.0.0-py3.12.egg-info/top_level.txt
-- Installing: /Users/huajingzhao/Desktop/UCLA/projects/neureality/gimbal_ws/install/gimbal_interface/../../../../../../../../../opt/homebrew/lib/python3.12/site-packages/gimbal_interface-0.0.0-py3.12.egg-info/dependency_links.txt
-- Up-to-date: /Users/huajingzhao/Desktop/UCLA/projects/neureality/gimbal_ws/install/gimbal_interface/../../../../../../../../../opt/homebrew/lib/python3.12/site-packages/gimbal_interface
-- Up-to-date: /Users/huajingzhao/Desktop/UCLA/projects/neureality/gimbal_ws/install/gimbal_interface/../../../../../../../../../opt/homebrew/lib/python3.12/site-packages/gimbal_interface/gimbal_interface_s__rosidl_typesupport_introspection_c.cpython-310-darwin.so
-- Up-to-date: /Users/huajingzhao/Desktop/UCLA/projects/neureality/gimbal_ws/install/gimbal_interface/../../../../../../../../../opt/homebrew/lib/python3.12/site-packages/gimbal_interface/msg
-- Up-to-date: /Users/huajingzhao/Desktop/UCLA/projects/neureality/gimbal_ws/install/gimbal_interface/../../../../../../../../../opt/homebrew/lib/python3.12/site-packages/gimbal_interface/msg/_gimbal.py
-- Up-to-date: /Users/huajingzhao/Desktop/UCLA/projects/neureality/gimbal_ws/install/gimbal_interface/../../../../../../../../../opt/homebrew/lib/python3.12/site-packages/gimbal_interface/msg/__init__.py
-- Up-to-date: /Users/huajingzhao/Desktop/UCLA/projects/neureality/gimbal_ws/install/gimbal_interface/../../../../../../../../../opt/homebrew/lib/python3.12/site-packages/gimbal_interface/msg/_gimbal_s.c
-- Up-to-date: /Users/huajingzhao/Desktop/UCLA/projects/neureality/gimbal_ws/install/gimbal_interface/../../../../../../../../../opt/homebrew/lib/python3.12/site-packages/gimbal_interface/_gimbal_interface_s.ep.rosidl_typesupport_fastrtps_c.c
-- Up-to-date: /Users/huajingzhao/Desktop/UCLA/projects/neureality/gimbal_ws/install/gimbal_interface/../../../../../../../../../opt/homebrew/lib/python3.12/site-packages/gimbal_interface/libgimbal_interface__rosidl_generator_py.dylib
-- Up-to-date: /Users/huajingzhao/Desktop/UCLA/projects/neureality/gimbal_ws/install/gimbal_interface/../../../../../../../../../opt/homebrew/lib/python3.12/site-packages/gimbal_interface/_gimbal_interface_s.ep.rosidl_typesupport_c.c
-- Up-to-date: /Users/huajingzhao/Desktop/UCLA/projects/neureality/gimbal_ws/install/gimbal_interface/../../../../../../../../../opt/homebrew/lib/python3.12/site-packages/gimbal_interface/__init__.py
-- Up-to-date: /Users/huajingzhao/Desktop/UCLA/projects/neureality/gimbal_ws/install/gimbal_interface/../../../../../../../../../opt/homebrew/lib/python3.12/site-packages/gimbal_interface/gimbal_interface_s__rosidl_typesupport_fastrtps_c.cpython-310-darwin.so
-- Up-to-date: /Users/huajingzhao/Desktop/UCLA/projects/neureality/gimbal_ws/install/gimbal_interface/../../../../../../../../../opt/homebrew/lib/python3.12/site-packages/gimbal_interface/gimbal_interface_s__rosidl_typesupport_c.cpython-310-darwin.so
-- Up-to-date: /Users/huajingzhao/Desktop/UCLA/projects/neureality/gimbal_ws/install/gimbal_interface/../../../../../../../../../opt/homebrew/lib/python3.12/site-packages/gimbal_interface/_gimbal_interface_s.ep.rosidl_typesupport_introspection_c.c
Listing '/Users/huajingzhao/Desktop/UCLA/projects/neureality/gimbal_ws/install/gimbal_interface/../../../../../../../../../opt/homebrew/lib/python3.12/site-packages/gimbal_interface'...
Listing '/Users/huajingzhao/Desktop/UCLA/projects/neureality/gimbal_ws/install/gimbal_interface/../../../../../../../../../opt/homebrew/lib/python3.12/site-packages/gimbal_interface/msg'...
-- Up-to-date: /Users/huajingzhao/Desktop/UCLA/projects/neureality/gimbal_ws/install/gimbal_interface/../../../../../../../../../opt/homebrew/lib/python3.12/site-packages/gimbal_interface/gimbal_interface_s__rosidl_typesupport_fastrtps_c.cpython-310-darwin.so
-- Up-to-date: /Users/huajingzhao/Desktop/UCLA/projects/neureality/gimbal_ws/install/gimbal_interface/../../../../../../../../../opt/homebrew/lib/python3.12/site-packages/gimbal_interface/gimbal_interface_s__rosidl_typesupport_introspection_c.cpython-310-darwin.so
-- Up-to-date: /Users/huajingzhao/Desktop/UCLA/projects/neureality/gimbal_ws/install/gimbal_interface/../../../../../../../../../opt/homebrew/lib/python3.12/site-packages/gimbal_interface/gimbal_interface_s__rosidl_typesupport_c.cpython-310-darwin.so
-- Up-to-date: /Users/huajingzhao/Desktop/UCLA/projects/neureality/gimbal_ws/install/gimbal_interface/lib/libgimbal_interface__rosidl_generator_py.dylib
-- Up-to-date: /Users/huajingzhao/Desktop/UCLA/projects/neureality/gimbal_ws/install/gimbal_interface/share/gimbal_interface/msg/Gimbal.idl
-- Up-to-date: /Users/huajingzhao/Desktop/UCLA/projects/neureality/gimbal_ws/install/gimbal_interface/share/gimbal_interface/msg/Gimbal.msg
-- Up-to-date: /Users/huajingzhao/Desktop/UCLA/projects/neureality/gimbal_ws/install/gimbal_interface/share/ament_index/resource_index/package_run_dependencies/gimbal_interface
-- Up-to-date: /Users/huajingzhao/Desktop/UCLA/projects/neureality/gimbal_ws/install/gimbal_interface/share/ament_index/resource_index/parent_prefix_path/gimbal_interface
-- Up-to-date: /Users/huajingzhao/Desktop/UCLA/projects/neureality/gimbal_ws/install/gimbal_interface/share/gimbal_interface/environment/ament_prefix_path.dsv
-- Up-to-date: /Users/huajingzhao/Desktop/UCLA/projects/neureality/gimbal_ws/install/gimbal_interface/share/gimbal_interface/environment/path.dsv
-- Up-to-date: /Users/huajingzhao/Desktop/UCLA/projects/neureality/gimbal_ws/install/gimbal_interface/share/gimbal_interface/local_setup.bash
-- Up-to-date: /Users/huajingzhao/Desktop/UCLA/projects/neureality/gimbal_ws/install/gimbal_interface/share/gimbal_interface/local_setup.sh
-- Up-to-date: /Users/huajingzhao/Desktop/UCLA/projects/neureality/gimbal_ws/install/gimbal_interface/share/gimbal_interface/local_setup.zsh
-- Up-to-date: /Users/huajingzhao/Desktop/UCLA/projects/neureality/gimbal_ws/install/gimbal_interface/share/gimbal_interface/local_setup.dsv
-- Installing: /Users/huajingzhao/Desktop/UCLA/projects/neureality/gimbal_ws/install/gimbal_interface/share/gimbal_interface/package.dsv
-- Up-to-date: /Users/huajingzhao/Desktop/UCLA/projects/neureality/gimbal_ws/install/gimbal_interface/share/ament_index/resource_index/packages/gimbal_interface
-- Up-to-date: /Users/huajingzhao/Desktop/UCLA/projects/neureality/gimbal_ws/install/gimbal_interface/share/gimbal_interface/cmake/export_gimbal_interface__rosidl_generator_cExport.cmake
-- Up-to-date: /Users/huajingzhao/Desktop/UCLA/projects/neureality/gimbal_ws/install/gimbal_interface/share/gimbal_interface/cmake/export_gimbal_interface__rosidl_generator_cExport-noconfig.cmake
-- Up-to-date: /Users/huajingzhao/Desktop/UCLA/projects/neureality/gimbal_ws/install/gimbal_interface/share/gimbal_interface/cmake/export_gimbal_interface__rosidl_typesupport_fastrtps_cExport.cmake
-- Up-to-date: /Users/huajingzhao/Desktop/UCLA/projects/neureality/gimbal_ws/install/gimbal_interface/share/gimbal_interface/cmake/export_gimbal_interface__rosidl_typesupport_fastrtps_cExport-noconfig.cmake
-- Up-to-date: /Users/huajingzhao/Desktop/UCLA/projects/neureality/gimbal_ws/install/gimbal_interface/share/gimbal_interface/cmake/gimbal_interface__rosidl_typesupport_introspection_cExport.cmake
-- Up-to-date: /Users/huajingzhao/Desktop/UCLA/projects/neureality/gimbal_ws/install/gimbal_interface/share/gimbal_interface/cmake/gimbal_interface__rosidl_typesupport_introspection_cExport-noconfig.cmake
-- Up-to-date: /Users/huajingzhao/Desktop/UCLA/projects/neureality/gimbal_ws/install/gimbal_interface/share/gimbal_interface/cmake/gimbal_interface__rosidl_typesupport_cExport.cmake
-- Up-to-date: /Users/huajingzhao/Desktop/UCLA/projects/neureality/gimbal_ws/install/gimbal_interface/share/gimbal_interface/cmake/gimbal_interface__rosidl_typesupport_cExport-noconfig.cmake
-- Up-to-date: /Users/huajingzhao/Desktop/UCLA/projects/neureality/gimbal_ws/install/gimbal_interface/share/gimbal_interface/cmake/export_gimbal_interface__rosidl_generator_cppExport.cmake
-- Up-to-date: /Users/huajingzhao/Desktop/UCLA/projects/neureality/gimbal_ws/install/gimbal_interface/share/gimbal_interface/cmake/export_gimbal_interface__rosidl_typesupport_fastrtps_cppExport.cmake
-- Up-to-date: /Users/huajingzhao/Desktop/UCLA/projects/neureality/gimbal_ws/install/gimbal_interface/share/gimbal_interface/cmake/export_gimbal_interface__rosidl_typesupport_fastrtps_cppExport-noconfig.cmake
-- Up-to-date: /Users/huajingzhao/Desktop/UCLA/projects/neureality/gimbal_ws/install/gimbal_interface/share/gimbal_interface/cmake/gimbal_interface__rosidl_typesupport_introspection_cppExport.cmake
-- Up-to-date: /Users/huajingzhao/Desktop/UCLA/projects/neureality/gimbal_ws/install/gimbal_interface/share/gimbal_interface/cmake/gimbal_interface__rosidl_typesupport_introspection_cppExport-noconfig.cmake
-- Up-to-date: /Users/huajingzhao/Desktop/UCLA/projects/neureality/gimbal_ws/install/gimbal_interface/share/gimbal_interface/cmake/gimbal_interface__rosidl_typesupport_cppExport.cmake
-- Up-to-date: /Users/huajingzhao/Desktop/UCLA/projects/neureality/gimbal_ws/install/gimbal_interface/share/gimbal_interface/cmake/gimbal_interface__rosidl_typesupport_cppExport-noconfig.cmake
-- Up-to-date: /Users/huajingzhao/Desktop/UCLA/projects/neureality/gimbal_ws/install/gimbal_interface/share/gimbal_interface/cmake/export_gimbal_interface__rosidl_generator_pyExport.cmake
-- Up-to-date: /Users/huajingzhao/Desktop/UCLA/projects/neureality/gimbal_ws/install/gimbal_interface/share/gimbal_interface/cmake/export_gimbal_interface__rosidl_generator_pyExport-noconfig.cmake
-- Up-to-date: /Users/huajingzhao/Desktop/UCLA/projects/neureality/gimbal_ws/install/gimbal_interface/share/gimbal_interface/cmake/rosidl_cmake-extras.cmake
-- Up-to-date: /Users/huajingzhao/Desktop/UCLA/projects/neureality/gimbal_ws/install/gimbal_interface/share/gimbal_interface/cmake/ament_cmake_export_include_directories-extras.cmake
-- Up-to-date: /Users/huajingzhao/Desktop/UCLA/projects/neureality/gimbal_ws/install/gimbal_interface/share/gimbal_interface/cmake/ament_cmake_export_libraries-extras.cmake
-- Up-to-date: /Users/huajingzhao/Desktop/UCLA/projects/neureality/gimbal_ws/install/gimbal_interface/share/gimbal_interface/cmake/ament_cmake_export_targets-extras.cmake
-- Up-to-date: /Users/huajingzhao/Desktop/UCLA/projects/neureality/gimbal_ws/install/gimbal_interface/share/gimbal_interface/cmake/rosidl_cmake_export_typesupport_targets-extras.cmake
-- Up-to-date: /Users/huajingzhao/Desktop/UCLA/projects/neureality/gimbal_ws/install/gimbal_interface/share/gimbal_interface/cmake/ament_cmake_export_dependencies-extras.cmake
-- Up-to-date: /Users/huajingzhao/Desktop/UCLA/projects/neureality/gimbal_ws/install/gimbal_interface/share/gimbal_interface/cmake/rosidl_cmake_export_typesupport_libraries-extras.cmake
-- Up-to-date: /Users/huajingzhao/Desktop/UCLA/projects/neureality/gimbal_ws/install/gimbal_interface/share/gimbal_interface/cmake/gimbal_interfaceConfig.cmake
-- Up-to-date: /Users/huajingzhao/Desktop/UCLA/projects/neureality/gimbal_ws/install/gimbal_interface/share/gimbal_interface/cmake/gimbal_interfaceConfig-version.cmake
-- Up-to-date: /Users/huajingzhao/Desktop/UCLA/projects/neureality/gimbal_ws/install/gimbal_interface/share/gimbal_interface/package.xml
