[0.288s] Invoking command in '/Users/huajingzhao/Desktop/UCLA/projects/neureality/gimbal_ws/build/gimbal_interface': CMAKE_PREFIX_PATH=${CMAKE_PREFIX_PATH}:/Users/huajingzhao/Desktop/UCLA/projects/neureality/gimbal_ws/install/gimbal_control:/Users/huajingzhao/ros2_ws/install/turtle_tf2_py:/Users/huajingzhao/ros2_ws/install/python_parameters:/Users/huajingzhao/ros2_ws/install/python_parameter_event_handler:/Users/huajingzhao/ros2_ws/install/py_srvcli:/Users/huajingzhao/ros2_ws/install/py_pubsub:/Users/huajingzhao/ros2_ws/install/py_launch_example:/Users/huajingzhao/ros2_ws/install/my_package:/Users/huajingzhao/ros2_ws/install/learning_tf2_py:/Users/huajingzhao/ros2_ws/install/launch_tutorial:/Users/huajingzhao/ros2_ws/install/launch_testing_examples:/Users/huajingzhao/ros2_ws/install/examples_rclpy_pointcloud_publisher:/Users/huajingzhao/ros2_ws/install/examples_rclpy_minimal_subscriber:/Users/huajingzhao/ros2_ws/install/examples_rclpy_minimal_service:/Users/huajingzhao/ros2_ws/install/examples_rclpy_minimal_publisher:/Users/huajingzhao/ros2_ws/install/examples_rclpy_minimal_client:/Users/huajingzhao/ros2_ws/install/examples_rclpy_minimal_action_server:/Users/huajingzhao/ros2_ws/install/examples_rclpy_minimal_action_client:/Users/huajingzhao/ros2_ws/install/examples_rclpy_guard_conditions:/Users/huajingzhao/ros2_ws/install/examples_rclpy_executors:/Users/huajingzhao/Desktop/UCLA/projects/ros2_ws/install/launch_testing_examples:/Users/huajingzhao/Desktop/UCLA/projects/ros2_ws/install/gimbal_control:/Users/huajingzhao/Desktop/UCLA/projects/ros2_ws/install/examples_rclpy_pointcloud_publisher:/Users/huajingzhao/Desktop/UCLA/projects/ros2_ws/install/examples_rclpy_minimal_subscriber:/Users/huajingzhao/Desktop/UCLA/projects/ros2_ws/install/examples_rclpy_minimal_service:/Users/huajingzhao/Desktop/UCLA/projects/ros2_ws/install/examples_rclpy_minimal_publisher:/Users/huajingzhao/Desktop/UCLA/projects/ros2_ws/install/examples_rclpy_minimal_client:/Users/huajingzhao/Desktop/UCLA/projects/ros2_ws/install/examples_rclpy_minimal_action_server:/Users/huajingzhao/Desktop/UCLA/projects/ros2_ws/install/examples_rclpy_minimal_action_client:/Users/huajingzhao/Desktop/UCLA/projects/ros2_ws/install/examples_rclpy_guard_conditions:/Users/huajingzhao/Desktop/UCLA/projects/ros2_ws/install/examples_rclpy_executors SHLVL=2 VIRTUAL_ENV_PROMPT=(venv) _=/usr/bin/env /opt/homebrew/bin/cmake --build /Users/huajingzhao/Desktop/UCLA/projects/neureality/gimbal_ws/build/gimbal_interface -- -j10 -l10
[0.347s] [  9%] Built target gimbal_interface__cpp
[0.347s] [ 12%] Built target gimbal_interface__rosidl_generator_c
[0.363s] [ 12%] Built target ament_cmake_python_copy_gimbal_interface
[0.437s] [ 32%] Built target gimbal_interface__rosidl_typesupport_fastrtps_cpp
[0.438s] [ 41%] Built target gimbal_interface__rosidl_typesupport_cpp
[0.438s] [ 41%] Built target gimbal_interface__rosidl_typesupport_introspection_cpp
[0.444s] [ 51%] Built target gimbal_interface__rosidl_typesupport_introspection_c
[0.446s] [ 61%] Built target gimbal_interface__rosidl_typesupport_c
[0.447s] [ 70%] Built target gimbal_interface__rosidl_typesupport_fastrtps_c
[0.472s] [ 70%] Built target gimbal_interface
[0.500s] [ 74%] Built target gimbal_interface__py
[0.533s] [ 80%] Built target gimbal_interface__rosidl_generator_py
[0.573s] [100%] Built target gimbal_interface__rosidl_typesupport_introspection_c__pyext
[0.573s] [100%] Built target gimbal_interface__rosidl_typesupport_fastrtps_c__pyext
[0.573s] [100%] Built target gimbal_interface__rosidl_typesupport_c__pyext
[0.632s] running egg_info
[0.639s] writing gimbal_interface.egg-info/PKG-INFO
[0.639s] writing dependency_links to gimbal_interface.egg-info/dependency_links.txt
[0.640s] writing top-level names to gimbal_interface.egg-info/top_level.txt
[0.660s] reading manifest file 'gimbal_interface.egg-info/SOURCES.txt'
[0.661s] writing manifest file 'gimbal_interface.egg-info/SOURCES.txt'
[0.681s] [100%] Built target ament_cmake_python_build_gimbal_interface_egg
[0.688s] Invoked command in '/Users/huajingzhao/Desktop/UCLA/projects/neureality/gimbal_ws/build/gimbal_interface' returned '0': CMAKE_PREFIX_PATH=${CMAKE_PREFIX_PATH}:/Users/huajingzhao/Desktop/UCLA/projects/neureality/gimbal_ws/install/gimbal_control:/Users/huajingzhao/ros2_ws/install/turtle_tf2_py:/Users/huajingzhao/ros2_ws/install/python_parameters:/Users/huajingzhao/ros2_ws/install/python_parameter_event_handler:/Users/huajingzhao/ros2_ws/install/py_srvcli:/Users/huajingzhao/ros2_ws/install/py_pubsub:/Users/huajingzhao/ros2_ws/install/py_launch_example:/Users/huajingzhao/ros2_ws/install/my_package:/Users/huajingzhao/ros2_ws/install/learning_tf2_py:/Users/huajingzhao/ros2_ws/install/launch_tutorial:/Users/huajingzhao/ros2_ws/install/launch_testing_examples:/Users/huajingzhao/ros2_ws/install/examples_rclpy_pointcloud_publisher:/Users/huajingzhao/ros2_ws/install/examples_rclpy_minimal_subscriber:/Users/huajingzhao/ros2_ws/install/examples_rclpy_minimal_service:/Users/huajingzhao/ros2_ws/install/examples_rclpy_minimal_publisher:/Users/huajingzhao/ros2_ws/install/examples_rclpy_minimal_client:/Users/huajingzhao/ros2_ws/install/examples_rclpy_minimal_action_server:/Users/huajingzhao/ros2_ws/install/examples_rclpy_minimal_action_client:/Users/huajingzhao/ros2_ws/install/examples_rclpy_guard_conditions:/Users/huajingzhao/ros2_ws/install/examples_rclpy_executors:/Users/huajingzhao/Desktop/UCLA/projects/ros2_ws/install/launch_testing_examples:/Users/huajingzhao/Desktop/UCLA/projects/ros2_ws/install/gimbal_control:/Users/huajingzhao/Desktop/UCLA/projects/ros2_ws/install/examples_rclpy_pointcloud_publisher:/Users/huajingzhao/Desktop/UCLA/projects/ros2_ws/install/examples_rclpy_minimal_subscriber:/Users/huajingzhao/Desktop/UCLA/projects/ros2_ws/install/examples_rclpy_minimal_service:/Users/huajingzhao/Desktop/UCLA/projects/ros2_ws/install/examples_rclpy_minimal_publisher:/Users/huajingzhao/Desktop/UCLA/projects/ros2_ws/install/examples_rclpy_minimal_client:/Users/huajingzhao/Desktop/UCLA/projects/ros2_ws/install/examples_rclpy_minimal_action_server:/Users/huajingzhao/Desktop/UCLA/projects/ros2_ws/install/examples_rclpy_minimal_action_client:/Users/huajingzhao/Desktop/UCLA/projects/ros2_ws/install/examples_rclpy_guard_conditions:/Users/huajingzhao/Desktop/UCLA/projects/ros2_ws/install/examples_rclpy_executors SHLVL=2 VIRTUAL_ENV_PROMPT=(venv) _=/usr/bin/env /opt/homebrew/bin/cmake --build /Users/huajingzhao/Desktop/UCLA/projects/neureality/gimbal_ws/build/gimbal_interface -- -j10 -l10
[0.926s] Invoking command in '/Users/huajingzhao/Desktop/UCLA/projects/neureality/gimbal_ws/build/gimbal_interface': CMAKE_PREFIX_PATH=${CMAKE_PREFIX_PATH}:/Users/huajingzhao/Desktop/UCLA/projects/neureality/gimbal_ws/install/gimbal_control:/Users/huajingzhao/ros2_ws/install/turtle_tf2_py:/Users/huajingzhao/ros2_ws/install/python_parameters:/Users/huajingzhao/ros2_ws/install/python_parameter_event_handler:/Users/huajingzhao/ros2_ws/install/py_srvcli:/Users/huajingzhao/ros2_ws/install/py_pubsub:/Users/huajingzhao/ros2_ws/install/py_launch_example:/Users/huajingzhao/ros2_ws/install/my_package:/Users/huajingzhao/ros2_ws/install/learning_tf2_py:/Users/huajingzhao/ros2_ws/install/launch_tutorial:/Users/huajingzhao/ros2_ws/install/launch_testing_examples:/Users/huajingzhao/ros2_ws/install/examples_rclpy_pointcloud_publisher:/Users/huajingzhao/ros2_ws/install/examples_rclpy_minimal_subscriber:/Users/huajingzhao/ros2_ws/install/examples_rclpy_minimal_service:/Users/huajingzhao/ros2_ws/install/examples_rclpy_minimal_publisher:/Users/huajingzhao/ros2_ws/install/examples_rclpy_minimal_client:/Users/huajingzhao/ros2_ws/install/examples_rclpy_minimal_action_server:/Users/huajingzhao/ros2_ws/install/examples_rclpy_minimal_action_client:/Users/huajingzhao/ros2_ws/install/examples_rclpy_guard_conditions:/Users/huajingzhao/ros2_ws/install/examples_rclpy_executors:/Users/huajingzhao/Desktop/UCLA/projects/ros2_ws/install/launch_testing_examples:/Users/huajingzhao/Desktop/UCLA/projects/ros2_ws/install/gimbal_control:/Users/huajingzhao/Desktop/UCLA/projects/ros2_ws/install/examples_rclpy_pointcloud_publisher:/Users/huajingzhao/Desktop/UCLA/projects/ros2_ws/install/examples_rclpy_minimal_subscriber:/Users/huajingzhao/Desktop/UCLA/projects/ros2_ws/install/examples_rclpy_minimal_service:/Users/huajingzhao/Desktop/UCLA/projects/ros2_ws/install/examples_rclpy_minimal_publisher:/Users/huajingzhao/Desktop/UCLA/projects/ros2_ws/install/examples_rclpy_minimal_client:/Users/huajingzhao/Desktop/UCLA/projects/ros2_ws/install/examples_rclpy_minimal_action_server:/Users/huajingzhao/Desktop/UCLA/projects/ros2_ws/install/examples_rclpy_minimal_action_client:/Users/huajingzhao/Desktop/UCLA/projects/ros2_ws/install/examples_rclpy_guard_conditions:/Users/huajingzhao/Desktop/UCLA/projects/ros2_ws/install/examples_rclpy_executors SHLVL=2 VIRTUAL_ENV_PROMPT=(venv) _=/usr/bin/env /opt/homebrew/bin/cmake --install /Users/huajingzhao/Desktop/UCLA/projects/neureality/gimbal_ws/build/gimbal_interface
[0.931s] -- Install configuration: ""
[0.931s] -- Up-to-date: /Users/huajingzhao/Desktop/UCLA/projects/neureality/gimbal_ws/install/gimbal_interface/share/ament_index/resource_index/rosidl_interfaces/gimbal_interface
[0.931s] -- Up-to-date: /Users/huajingzhao/Desktop/UCLA/projects/neureality/gimbal_ws/install/gimbal_interface/include/gimbal_interface/gimbal_interface
[0.931s] -- Up-to-date: /Users/huajingzhao/Desktop/UCLA/projects/neureality/gimbal_ws/install/gimbal_interface/include/gimbal_interface/gimbal_interface/msg
[0.932s] -- Up-to-date: /Users/huajingzhao/Desktop/UCLA/projects/neureality/gimbal_ws/install/gimbal_interface/include/gimbal_interface/gimbal_interface/msg/rosidl_generator_c__visibility_control.h
[0.932s] -- Up-to-date: /Users/huajingzhao/Desktop/UCLA/projects/neureality/gimbal_ws/install/gimbal_interface/include/gimbal_interface/gimbal_interface/msg/detail
[0.932s] -- Up-to-date: /Users/huajingzhao/Desktop/UCLA/projects/neureality/gimbal_ws/install/gimbal_interface/include/gimbal_interface/gimbal_interface/msg/detail/gimbal__functions.h
[0.932s] -- Up-to-date: /Users/huajingzhao/Desktop/UCLA/projects/neureality/gimbal_ws/install/gimbal_interface/include/gimbal_interface/gimbal_interface/msg/detail/gimbal__struct.h
[0.932s] -- Up-to-date: /Users/huajingzhao/Desktop/UCLA/projects/neureality/gimbal_ws/install/gimbal_interface/include/gimbal_interface/gimbal_interface/msg/detail/gimbal__functions.c
[0.932s] -- Up-to-date: /Users/huajingzhao/Desktop/UCLA/projects/neureality/gimbal_ws/install/gimbal_interface/include/gimbal_interface/gimbal_interface/msg/detail/gimbal__type_support.h
[0.932s] -- Up-to-date: /Users/huajingzhao/Desktop/UCLA/projects/neureality/gimbal_ws/install/gimbal_interface/include/gimbal_interface/gimbal_interface/msg/gimbal.h
[0.932s] -- Up-to-date: /Users/huajingzhao/Desktop/UCLA/projects/neureality/gimbal_ws/install/gimbal_interface/share/gimbal_interface/environment/library_path.sh
[0.932s] -- Up-to-date: /Users/huajingzhao/Desktop/UCLA/projects/neureality/gimbal_ws/install/gimbal_interface/share/gimbal_interface/environment/library_path.dsv
[0.932s] -- Installing: /Users/huajingzhao/Desktop/UCLA/projects/neureality/gimbal_ws/install/gimbal_interface/lib/libgimbal_interface__rosidl_generator_c.dylib
[0.941s] -- Up-to-date: /Users/huajingzhao/Desktop/UCLA/projects/neureality/gimbal_ws/install/gimbal_interface/include/gimbal_interface/gimbal_interface
[0.941s] -- Up-to-date: /Users/huajingzhao/Desktop/UCLA/projects/neureality/gimbal_ws/install/gimbal_interface/include/gimbal_interface/gimbal_interface/msg
[0.941s] -- Up-to-date: /Users/huajingzhao/Desktop/UCLA/projects/neureality/gimbal_ws/install/gimbal_interface/include/gimbal_interface/gimbal_interface/msg/detail
[0.942s] -- Up-to-date: /Users/huajingzhao/Desktop/UCLA/projects/neureality/gimbal_ws/install/gimbal_interface/include/gimbal_interface/gimbal_interface/msg/detail/gimbal__rosidl_typesupport_fastrtps_c.h
[0.942s] -- Up-to-date: /Users/huajingzhao/Desktop/UCLA/projects/neureality/gimbal_ws/install/gimbal_interface/include/gimbal_interface/gimbal_interface/msg/rosidl_typesupport_fastrtps_c__visibility_control.h
[0.942s] -- Up-to-date: /Users/huajingzhao/Desktop/UCLA/projects/neureality/gimbal_ws/install/gimbal_interface/lib/libgimbal_interface__rosidl_typesupport_fastrtps_c.dylib
[0.950s] error: /Applications/Xcode.app/Contents/Developer/Toolchains/XcodeDefault.xctoolchain/usr/bin/install_name_tool: no LC_RPATH load command with path: /Users/huajingzhao/ros2/humble/install/lib found in: /Users/huajingzhao/Desktop/UCLA/projects/neureality/gimbal_ws/install/gimbal_interface/lib/libgimbal_interface__rosidl_typesupport_fastrtps_c.dylib (for architecture arm64), required for specified option "-delete_rpath /Users/huajingzhao/ros2/humble/install/lib"
[0.950s] error: /Applications/Xcode.app/Contents/Developer/Toolchains/XcodeDefault.xctoolchain/usr/bin/install_name_tool: no LC_RPATH load command with path: /Users/huajingzhao/Desktop/UCLA/projects/neureality/gimbal_ws/build/gimbal_interface found in: /Users/huajingzhao/Desktop/UCLA/projects/neureality/gimbal_ws/install/gimbal_interface/lib/libgimbal_interface__rosidl_typesupport_fastrtps_c.dylib (for architecture arm64), required for specified option "-delete_rpath /Users/huajingzhao/Desktop/UCLA/projects/neureality/gimbal_ws/build/gimbal_interface"
[0.950s] -- Up-to-date: /Users/huajingzhao/Desktop/UCLA/projects/neureality/gimbal_ws/install/gimbal_interface/include/gimbal_interface/gimbal_interface
[0.950s] -- Up-to-date: /Users/huajingzhao/Desktop/UCLA/projects/neureality/gimbal_ws/install/gimbal_interface/include/gimbal_interface/gimbal_interface/msg
[0.951s] -- Up-to-date: /Users/huajingzhao/Desktop/UCLA/projects/neureality/gimbal_ws/install/gimbal_interface/include/gimbal_interface/gimbal_interface/msg/detail
[0.951s] -- Up-to-date: /Users/huajingzhao/Desktop/UCLA/projects/neureality/gimbal_ws/install/gimbal_interface/include/gimbal_interface/gimbal_interface/msg/detail/gimbal__rosidl_typesupport_introspection_c.h
[0.951s] -- Up-to-date: /Users/huajingzhao/Desktop/UCLA/projects/neureality/gimbal_ws/install/gimbal_interface/include/gimbal_interface/gimbal_interface/msg/detail/gimbal__type_support.c
[0.951s] -- Up-to-date: /Users/huajingzhao/Desktop/UCLA/projects/neureality/gimbal_ws/install/gimbal_interface/include/gimbal_interface/gimbal_interface/msg/rosidl_typesupport_introspection_c__visibility_control.h
[0.951s] -- Installing: /Users/huajingzhao/Desktop/UCLA/projects/neureality/gimbal_ws/install/gimbal_interface/lib/libgimbal_interface__rosidl_typesupport_introspection_c.dylib
[0.959s] -- Installing: /Users/huajingzhao/Desktop/UCLA/projects/neureality/gimbal_ws/install/gimbal_interface/lib/libgimbal_interface__rosidl_typesupport_c.dylib
[0.968s] -- Up-to-date: /Users/huajingzhao/Desktop/UCLA/projects/neureality/gimbal_ws/install/gimbal_interface/include/gimbal_interface/gimbal_interface
[0.968s] -- Up-to-date: /Users/huajingzhao/Desktop/UCLA/projects/neureality/gimbal_ws/install/gimbal_interface/include/gimbal_interface/gimbal_interface/msg
[0.968s] -- Up-to-date: /Users/huajingzhao/Desktop/UCLA/projects/neureality/gimbal_ws/install/gimbal_interface/include/gimbal_interface/gimbal_interface/msg/detail
[0.969s] -- Up-to-date: /Users/huajingzhao/Desktop/UCLA/projects/neureality/gimbal_ws/install/gimbal_interface/include/gimbal_interface/gimbal_interface/msg/detail/gimbal__traits.hpp
[0.969s] -- Up-to-date: /Users/huajingzhao/Desktop/UCLA/projects/neureality/gimbal_ws/install/gimbal_interface/include/gimbal_interface/gimbal_interface/msg/detail/gimbal__struct.hpp
[0.969s] -- Up-to-date: /Users/huajingzhao/Desktop/UCLA/projects/neureality/gimbal_ws/install/gimbal_interface/include/gimbal_interface/gimbal_interface/msg/detail/gimbal__builder.hpp
[0.969s] -- Up-to-date: /Users/huajingzhao/Desktop/UCLA/projects/neureality/gimbal_ws/install/gimbal_interface/include/gimbal_interface/gimbal_interface/msg/gimbal.hpp
[0.969s] -- Up-to-date: /Users/huajingzhao/Desktop/UCLA/projects/neureality/gimbal_ws/install/gimbal_interface/include/gimbal_interface/gimbal_interface
[0.969s] -- Up-to-date: /Users/huajingzhao/Desktop/UCLA/projects/neureality/gimbal_ws/install/gimbal_interface/include/gimbal_interface/gimbal_interface/msg
[0.969s] -- Up-to-date: /Users/huajingzhao/Desktop/UCLA/projects/neureality/gimbal_ws/install/gimbal_interface/include/gimbal_interface/gimbal_interface/msg/rosidl_typesupport_fastrtps_cpp__visibility_control.h
[0.969s] -- Up-to-date: /Users/huajingzhao/Desktop/UCLA/projects/neureality/gimbal_ws/install/gimbal_interface/include/gimbal_interface/gimbal_interface/msg/detail
[0.969s] -- Up-to-date: /Users/huajingzhao/Desktop/UCLA/projects/neureality/gimbal_ws/install/gimbal_interface/include/gimbal_interface/gimbal_interface/msg/detail/gimbal__rosidl_typesupport_fastrtps_cpp.hpp
[0.969s] -- Up-to-date: /Users/huajingzhao/Desktop/UCLA/projects/neureality/gimbal_ws/install/gimbal_interface/include/gimbal_interface/gimbal_interface/msg/detail/dds_fastrtps
[0.969s] -- Up-to-date: /Users/huajingzhao/Desktop/UCLA/projects/neureality/gimbal_ws/install/gimbal_interface/lib/libgimbal_interface__rosidl_typesupport_fastrtps_cpp.dylib
[0.976s] error: /Applications/Xcode.app/Contents/Developer/Toolchains/XcodeDefault.xctoolchain/usr/bin/install_name_tool: no LC_RPATH load command with path: /Users/huajingzhao/ros2/humble/install/lib found in: /Users/huajingzhao/Desktop/UCLA/projects/neureality/gimbal_ws/install/gimbal_interface/lib/libgimbal_interface__rosidl_typesupport_fastrtps_cpp.dylib (for architecture arm64), required for specified option "-delete_rpath /Users/huajingzhao/ros2/humble/install/lib"
[0.977s] -- Up-to-date: /Users/huajingzhao/Desktop/UCLA/projects/neureality/gimbal_ws/install/gimbal_interface/include/gimbal_interface/gimbal_interface
[0.977s] -- Up-to-date: /Users/huajingzhao/Desktop/UCLA/projects/neureality/gimbal_ws/install/gimbal_interface/include/gimbal_interface/gimbal_interface/msg
[0.977s] -- Up-to-date: /Users/huajingzhao/Desktop/UCLA/projects/neureality/gimbal_ws/install/gimbal_interface/include/gimbal_interface/gimbal_interface/msg/detail
[0.977s] -- Up-to-date: /Users/huajingzhao/Desktop/UCLA/projects/neureality/gimbal_ws/install/gimbal_interface/include/gimbal_interface/gimbal_interface/msg/detail/gimbal__type_support.cpp
[0.977s] -- Up-to-date: /Users/huajingzhao/Desktop/UCLA/projects/neureality/gimbal_ws/install/gimbal_interface/include/gimbal_interface/gimbal_interface/msg/detail/gimbal__rosidl_typesupport_introspection_cpp.hpp
[0.977s] -- Installing: /Users/huajingzhao/Desktop/UCLA/projects/neureality/gimbal_ws/install/gimbal_interface/lib/libgimbal_interface__rosidl_typesupport_introspection_cpp.dylib
[0.986s] -- Installing: /Users/huajingzhao/Desktop/UCLA/projects/neureality/gimbal_ws/install/gimbal_interface/lib/libgimbal_interface__rosidl_typesupport_cpp.dylib
[0.995s] -- Up-to-date: /Users/huajingzhao/Desktop/UCLA/projects/neureality/gimbal_ws/install/gimbal_interface/share/gimbal_interface/environment/pythonpath.sh
[0.995s] -- Up-to-date: /Users/huajingzhao/Desktop/UCLA/projects/neureality/gimbal_ws/install/gimbal_interface/share/gimbal_interface/environment/pythonpath.dsv
[0.995s] -- Up-to-date: /Users/huajingzhao/Desktop/UCLA/projects/neureality/gimbal_ws/install/gimbal_interface/../../../../../../../../../opt/homebrew/lib/python3.12/site-packages/gimbal_interface-0.0.0-py3.12.egg-info
[0.995s] -- Installing: /Users/huajingzhao/Desktop/UCLA/projects/neureality/gimbal_ws/install/gimbal_interface/../../../../../../../../../opt/homebrew/lib/python3.12/site-packages/gimbal_interface-0.0.0-py3.12.egg-info/PKG-INFO
[0.995s] -- Installing: /Users/huajingzhao/Desktop/UCLA/projects/neureality/gimbal_ws/install/gimbal_interface/../../../../../../../../../opt/homebrew/lib/python3.12/site-packages/gimbal_interface-0.0.0-py3.12.egg-info/SOURCES.txt
[0.995s] -- Installing: /Users/huajingzhao/Desktop/UCLA/projects/neureality/gimbal_ws/install/gimbal_interface/../../../../../../../../../opt/homebrew/lib/python3.12/site-packages/gimbal_interface-0.0.0-py3.12.egg-info/top_level.txt
[0.995s] -- Installing: /Users/huajingzhao/Desktop/UCLA/projects/neureality/gimbal_ws/install/gimbal_interface/../../../../../../../../../opt/homebrew/lib/python3.12/site-packages/gimbal_interface-0.0.0-py3.12.egg-info/dependency_links.txt
[0.996s] -- Up-to-date: /Users/huajingzhao/Desktop/UCLA/projects/neureality/gimbal_ws/install/gimbal_interface/../../../../../../../../../opt/homebrew/lib/python3.12/site-packages/gimbal_interface
[0.996s] -- Up-to-date: /Users/huajingzhao/Desktop/UCLA/projects/neureality/gimbal_ws/install/gimbal_interface/../../../../../../../../../opt/homebrew/lib/python3.12/site-packages/gimbal_interface/gimbal_interface_s__rosidl_typesupport_introspection_c.cpython-310-darwin.so
[0.996s] -- Up-to-date: /Users/huajingzhao/Desktop/UCLA/projects/neureality/gimbal_ws/install/gimbal_interface/../../../../../../../../../opt/homebrew/lib/python3.12/site-packages/gimbal_interface/msg
[0.996s] -- Up-to-date: /Users/huajingzhao/Desktop/UCLA/projects/neureality/gimbal_ws/install/gimbal_interface/../../../../../../../../../opt/homebrew/lib/python3.12/site-packages/gimbal_interface/msg/_gimbal.py
[0.996s] -- Up-to-date: /Users/huajingzhao/Desktop/UCLA/projects/neureality/gimbal_ws/install/gimbal_interface/../../../../../../../../../opt/homebrew/lib/python3.12/site-packages/gimbal_interface/msg/__init__.py
[0.996s] -- Up-to-date: /Users/huajingzhao/Desktop/UCLA/projects/neureality/gimbal_ws/install/gimbal_interface/../../../../../../../../../opt/homebrew/lib/python3.12/site-packages/gimbal_interface/msg/_gimbal_s.c
[0.996s] -- Up-to-date: /Users/huajingzhao/Desktop/UCLA/projects/neureality/gimbal_ws/install/gimbal_interface/../../../../../../../../../opt/homebrew/lib/python3.12/site-packages/gimbal_interface/_gimbal_interface_s.ep.rosidl_typesupport_fastrtps_c.c
[0.996s] -- Up-to-date: /Users/huajingzhao/Desktop/UCLA/projects/neureality/gimbal_ws/install/gimbal_interface/../../../../../../../../../opt/homebrew/lib/python3.12/site-packages/gimbal_interface/libgimbal_interface__rosidl_generator_py.dylib
[0.996s] -- Up-to-date: /Users/huajingzhao/Desktop/UCLA/projects/neureality/gimbal_ws/install/gimbal_interface/../../../../../../../../../opt/homebrew/lib/python3.12/site-packages/gimbal_interface/_gimbal_interface_s.ep.rosidl_typesupport_c.c
[0.996s] -- Up-to-date: /Users/huajingzhao/Desktop/UCLA/projects/neureality/gimbal_ws/install/gimbal_interface/../../../../../../../../../opt/homebrew/lib/python3.12/site-packages/gimbal_interface/__init__.py
[0.996s] -- Up-to-date: /Users/huajingzhao/Desktop/UCLA/projects/neureality/gimbal_ws/install/gimbal_interface/../../../../../../../../../opt/homebrew/lib/python3.12/site-packages/gimbal_interface/gimbal_interface_s__rosidl_typesupport_fastrtps_c.cpython-310-darwin.so
[0.996s] -- Up-to-date: /Users/huajingzhao/Desktop/UCLA/projects/neureality/gimbal_ws/install/gimbal_interface/../../../../../../../../../opt/homebrew/lib/python3.12/site-packages/gimbal_interface/gimbal_interface_s__rosidl_typesupport_c.cpython-310-darwin.so
[0.996s] -- Up-to-date: /Users/huajingzhao/Desktop/UCLA/projects/neureality/gimbal_ws/install/gimbal_interface/../../../../../../../../../opt/homebrew/lib/python3.12/site-packages/gimbal_interface/_gimbal_interface_s.ep.rosidl_typesupport_introspection_c.c
[1.049s] Listing '/Users/huajingzhao/Desktop/UCLA/projects/neureality/gimbal_ws/install/gimbal_interface/../../../../../../../../../opt/homebrew/lib/python3.12/site-packages/gimbal_interface'...
[1.049s] Listing '/Users/huajingzhao/Desktop/UCLA/projects/neureality/gimbal_ws/install/gimbal_interface/../../../../../../../../../opt/homebrew/lib/python3.12/site-packages/gimbal_interface/msg'...
[1.052s] -- Up-to-date: /Users/huajingzhao/Desktop/UCLA/projects/neureality/gimbal_ws/install/gimbal_interface/../../../../../../../../../opt/homebrew/lib/python3.12/site-packages/gimbal_interface/gimbal_interface_s__rosidl_typesupport_fastrtps_c.cpython-310-darwin.so
[1.059s] error: /Applications/Xcode.app/Contents/Developer/Toolchains/XcodeDefault.xctoolchain/usr/bin/install_name_tool: no LC_RPATH load command with path: /Users/huajingzhao/Desktop/UCLA/projects/neureality/gimbal_ws/build/gimbal_interface/rosidl_generator_py/gimbal_interface found in: /Users/huajingzhao/Desktop/UCLA/projects/neureality/gimbal_ws/install/gimbal_interface/../../../../../../../../../opt/homebrew/lib/python3.12/site-packages/gimbal_interface/gimbal_interface_s__rosidl_typesupport_fastrtps_c.cpython-310-darwin.so (for architecture arm64), required for specified option "-delete_rpath /Users/huajingzhao/Desktop/UCLA/projects/neureality/gimbal_ws/build/gimbal_interface/rosidl_generator_py/gimbal_interface"
[1.059s] error: /Applications/Xcode.app/Contents/Developer/Toolchains/XcodeDefault.xctoolchain/usr/bin/install_name_tool: no LC_RPATH load command with path: /Users/huajingzhao/Desktop/UCLA/projects/neureality/gimbal_ws/build/gimbal_interface found in: /Users/huajingzhao/Desktop/UCLA/projects/neureality/gimbal_ws/install/gimbal_interface/../../../../../../../../../opt/homebrew/lib/python3.12/site-packages/gimbal_interface/gimbal_interface_s__rosidl_typesupport_fastrtps_c.cpython-310-darwin.so (for architecture arm64), required for specified option "-delete_rpath /Users/huajingzhao/Desktop/UCLA/projects/neureality/gimbal_ws/build/gimbal_interface"
[1.060s] error: /Applications/Xcode.app/Contents/Developer/Toolchains/XcodeDefault.xctoolchain/usr/bin/install_name_tool: no LC_RPATH load command with path: /Users/huajingzhao/ros2/humble/install/lib found in: /Users/huajingzhao/Desktop/UCLA/projects/neureality/gimbal_ws/install/gimbal_interface/../../../../../../../../../opt/homebrew/lib/python3.12/site-packages/gimbal_interface/gimbal_interface_s__rosidl_typesupport_fastrtps_c.cpython-310-darwin.so (for architecture arm64), required for specified option "-delete_rpath /Users/huajingzhao/ros2/humble/install/lib"
[1.060s] -- Up-to-date: /Users/huajingzhao/Desktop/UCLA/projects/neureality/gimbal_ws/install/gimbal_interface/../../../../../../../../../opt/homebrew/lib/python3.12/site-packages/gimbal_interface/gimbal_interface_s__rosidl_typesupport_introspection_c.cpython-310-darwin.so
[1.068s] error: /Applications/Xcode.app/Contents/Developer/Toolchains/XcodeDefault.xctoolchain/usr/bin/install_name_tool: no LC_RPATH load command with path: /Users/huajingzhao/Desktop/UCLA/projects/neureality/gimbal_ws/build/gimbal_interface/rosidl_generator_py/gimbal_interface found in: /Users/huajingzhao/Desktop/UCLA/projects/neureality/gimbal_ws/install/gimbal_interface/../../../../../../../../../opt/homebrew/lib/python3.12/site-packages/gimbal_interface/gimbal_interface_s__rosidl_typesupport_introspection_c.cpython-310-darwin.so (for architecture arm64), required for specified option "-delete_rpath /Users/huajingzhao/Desktop/UCLA/projects/neureality/gimbal_ws/build/gimbal_interface/rosidl_generator_py/gimbal_interface"
[1.068s] error: /Applications/Xcode.app/Contents/Developer/Toolchains/XcodeDefault.xctoolchain/usr/bin/install_name_tool: no LC_RPATH load command with path: /Users/huajingzhao/Desktop/UCLA/projects/neureality/gimbal_ws/build/gimbal_interface found in: /Users/huajingzhao/Desktop/UCLA/projects/neureality/gimbal_ws/install/gimbal_interface/../../../../../../../../../opt/homebrew/lib/python3.12/site-packages/gimbal_interface/gimbal_interface_s__rosidl_typesupport_introspection_c.cpython-310-darwin.so (for architecture arm64), required for specified option "-delete_rpath /Users/huajingzhao/Desktop/UCLA/projects/neureality/gimbal_ws/build/gimbal_interface"
[1.068s] error: /Applications/Xcode.app/Contents/Developer/Toolchains/XcodeDefault.xctoolchain/usr/bin/install_name_tool: no LC_RPATH load command with path: /Users/huajingzhao/ros2/humble/install/lib found in: /Users/huajingzhao/Desktop/UCLA/projects/neureality/gimbal_ws/install/gimbal_interface/../../../../../../../../../opt/homebrew/lib/python3.12/site-packages/gimbal_interface/gimbal_interface_s__rosidl_typesupport_introspection_c.cpython-310-darwin.so (for architecture arm64), required for specified option "-delete_rpath /Users/huajingzhao/ros2/humble/install/lib"
[1.068s] -- Up-to-date: /Users/huajingzhao/Desktop/UCLA/projects/neureality/gimbal_ws/install/gimbal_interface/../../../../../../../../../opt/homebrew/lib/python3.12/site-packages/gimbal_interface/gimbal_interface_s__rosidl_typesupport_c.cpython-310-darwin.so
[1.076s] error: /Applications/Xcode.app/Contents/Developer/Toolchains/XcodeDefault.xctoolchain/usr/bin/install_name_tool: no LC_RPATH load command with path: /Users/huajingzhao/Desktop/UCLA/projects/neureality/gimbal_ws/build/gimbal_interface/rosidl_generator_py/gimbal_interface found in: /Users/huajingzhao/Desktop/UCLA/projects/neureality/gimbal_ws/install/gimbal_interface/../../../../../../../../../opt/homebrew/lib/python3.12/site-packages/gimbal_interface/gimbal_interface_s__rosidl_typesupport_c.cpython-310-darwin.so (for architecture arm64), required for specified option "-delete_rpath /Users/huajingzhao/Desktop/UCLA/projects/neureality/gimbal_ws/build/gimbal_interface/rosidl_generator_py/gimbal_interface"
[1.076s] error: /Applications/Xcode.app/Contents/Developer/Toolchains/XcodeDefault.xctoolchain/usr/bin/install_name_tool: no LC_RPATH load command with path: /Users/huajingzhao/Desktop/UCLA/projects/neureality/gimbal_ws/build/gimbal_interface found in: /Users/huajingzhao/Desktop/UCLA/projects/neureality/gimbal_ws/install/gimbal_interface/../../../../../../../../../opt/homebrew/lib/python3.12/site-packages/gimbal_interface/gimbal_interface_s__rosidl_typesupport_c.cpython-310-darwin.so (for architecture arm64), required for specified option "-delete_rpath /Users/huajingzhao/Desktop/UCLA/projects/neureality/gimbal_ws/build/gimbal_interface"
[1.076s] error: /Applications/Xcode.app/Contents/Developer/Toolchains/XcodeDefault.xctoolchain/usr/bin/install_name_tool: no LC_RPATH load command with path: /Users/huajingzhao/ros2/humble/install/lib found in: /Users/huajingzhao/Desktop/UCLA/projects/neureality/gimbal_ws/install/gimbal_interface/../../../../../../../../../opt/homebrew/lib/python3.12/site-packages/gimbal_interface/gimbal_interface_s__rosidl_typesupport_c.cpython-310-darwin.so (for architecture arm64), required for specified option "-delete_rpath /Users/huajingzhao/ros2/humble/install/lib"
[1.076s] -- Up-to-date: /Users/huajingzhao/Desktop/UCLA/projects/neureality/gimbal_ws/install/gimbal_interface/lib/libgimbal_interface__rosidl_generator_py.dylib
[1.085s] error: /Applications/Xcode.app/Contents/Developer/Toolchains/XcodeDefault.xctoolchain/usr/bin/install_name_tool: no LC_RPATH load command with path: /Users/huajingzhao/Desktop/UCLA/projects/neureality/gimbal_ws/build/gimbal_interface found in: /Users/huajingzhao/Desktop/UCLA/projects/neureality/gimbal_ws/install/gimbal_interface/lib/libgimbal_interface__rosidl_generator_py.dylib (for architecture arm64), required for specified option "-delete_rpath /Users/huajingzhao/Desktop/UCLA/projects/neureality/gimbal_ws/build/gimbal_interface"
[1.085s] error: /Applications/Xcode.app/Contents/Developer/Toolchains/XcodeDefault.xctoolchain/usr/bin/install_name_tool: no LC_RPATH load command with path: /Users/huajingzhao/ros2/humble/install/lib found in: /Users/huajingzhao/Desktop/UCLA/projects/neureality/gimbal_ws/install/gimbal_interface/lib/libgimbal_interface__rosidl_generator_py.dylib (for architecture arm64), required for specified option "-delete_rpath /Users/huajingzhao/ros2/humble/install/lib"
[1.085s] -- Up-to-date: /Users/huajingzhao/Desktop/UCLA/projects/neureality/gimbal_ws/install/gimbal_interface/share/gimbal_interface/msg/Gimbal.idl
[1.086s] -- Up-to-date: /Users/huajingzhao/Desktop/UCLA/projects/neureality/gimbal_ws/install/gimbal_interface/share/gimbal_interface/msg/Gimbal.msg
[1.086s] -- Up-to-date: /Users/huajingzhao/Desktop/UCLA/projects/neureality/gimbal_ws/install/gimbal_interface/share/ament_index/resource_index/package_run_dependencies/gimbal_interface
[1.086s] -- Up-to-date: /Users/huajingzhao/Desktop/UCLA/projects/neureality/gimbal_ws/install/gimbal_interface/share/ament_index/resource_index/parent_prefix_path/gimbal_interface
[1.086s] -- Up-to-date: /Users/huajingzhao/Desktop/UCLA/projects/neureality/gimbal_ws/install/gimbal_interface/share/gimbal_interface/environment/ament_prefix_path.dsv
[1.086s] -- Up-to-date: /Users/huajingzhao/Desktop/UCLA/projects/neureality/gimbal_ws/install/gimbal_interface/share/gimbal_interface/environment/path.dsv
[1.086s] -- Up-to-date: /Users/huajingzhao/Desktop/UCLA/projects/neureality/gimbal_ws/install/gimbal_interface/share/gimbal_interface/local_setup.bash
[1.086s] -- Up-to-date: /Users/huajingzhao/Desktop/UCLA/projects/neureality/gimbal_ws/install/gimbal_interface/share/gimbal_interface/local_setup.sh
[1.086s] -- Up-to-date: /Users/huajingzhao/Desktop/UCLA/projects/neureality/gimbal_ws/install/gimbal_interface/share/gimbal_interface/local_setup.zsh
[1.086s] -- Up-to-date: /Users/huajingzhao/Desktop/UCLA/projects/neureality/gimbal_ws/install/gimbal_interface/share/gimbal_interface/local_setup.dsv
[1.086s] -- Installing: /Users/huajingzhao/Desktop/UCLA/projects/neureality/gimbal_ws/install/gimbal_interface/share/gimbal_interface/package.dsv
[1.086s] -- Up-to-date: /Users/huajingzhao/Desktop/UCLA/projects/neureality/gimbal_ws/install/gimbal_interface/share/ament_index/resource_index/packages/gimbal_interface
[1.087s] -- Up-to-date: /Users/huajingzhao/Desktop/UCLA/projects/neureality/gimbal_ws/install/gimbal_interface/share/gimbal_interface/cmake/export_gimbal_interface__rosidl_generator_cExport.cmake
[1.087s] -- Up-to-date: /Users/huajingzhao/Desktop/UCLA/projects/neureality/gimbal_ws/install/gimbal_interface/share/gimbal_interface/cmake/export_gimbal_interface__rosidl_generator_cExport-noconfig.cmake
[1.087s] -- Up-to-date: /Users/huajingzhao/Desktop/UCLA/projects/neureality/gimbal_ws/install/gimbal_interface/share/gimbal_interface/cmake/export_gimbal_interface__rosidl_typesupport_fastrtps_cExport.cmake
[1.087s] -- Up-to-date: /Users/huajingzhao/Desktop/UCLA/projects/neureality/gimbal_ws/install/gimbal_interface/share/gimbal_interface/cmake/export_gimbal_interface__rosidl_typesupport_fastrtps_cExport-noconfig.cmake
[1.087s] -- Up-to-date: /Users/huajingzhao/Desktop/UCLA/projects/neureality/gimbal_ws/install/gimbal_interface/share/gimbal_interface/cmake/gimbal_interface__rosidl_typesupport_introspection_cExport.cmake
[1.087s] -- Up-to-date: /Users/huajingzhao/Desktop/UCLA/projects/neureality/gimbal_ws/install/gimbal_interface/share/gimbal_interface/cmake/gimbal_interface__rosidl_typesupport_introspection_cExport-noconfig.cmake
[1.087s] -- Up-to-date: /Users/huajingzhao/Desktop/UCLA/projects/neureality/gimbal_ws/install/gimbal_interface/share/gimbal_interface/cmake/gimbal_interface__rosidl_typesupport_cExport.cmake
[1.087s] -- Up-to-date: /Users/huajingzhao/Desktop/UCLA/projects/neureality/gimbal_ws/install/gimbal_interface/share/gimbal_interface/cmake/gimbal_interface__rosidl_typesupport_cExport-noconfig.cmake
[1.087s] -- Up-to-date: /Users/huajingzhao/Desktop/UCLA/projects/neureality/gimbal_ws/install/gimbal_interface/share/gimbal_interface/cmake/export_gimbal_interface__rosidl_generator_cppExport.cmake
[1.088s] -- Up-to-date: /Users/huajingzhao/Desktop/UCLA/projects/neureality/gimbal_ws/install/gimbal_interface/share/gimbal_interface/cmake/export_gimbal_interface__rosidl_typesupport_fastrtps_cppExport.cmake
[1.088s] -- Up-to-date: /Users/huajingzhao/Desktop/UCLA/projects/neureality/gimbal_ws/install/gimbal_interface/share/gimbal_interface/cmake/export_gimbal_interface__rosidl_typesupport_fastrtps_cppExport-noconfig.cmake
[1.088s] -- Up-to-date: /Users/huajingzhao/Desktop/UCLA/projects/neureality/gimbal_ws/install/gimbal_interface/share/gimbal_interface/cmake/gimbal_interface__rosidl_typesupport_introspection_cppExport.cmake
[1.088s] -- Up-to-date: /Users/huajingzhao/Desktop/UCLA/projects/neureality/gimbal_ws/install/gimbal_interface/share/gimbal_interface/cmake/gimbal_interface__rosidl_typesupport_introspection_cppExport-noconfig.cmake
[1.088s] -- Up-to-date: /Users/huajingzhao/Desktop/UCLA/projects/neureality/gimbal_ws/install/gimbal_interface/share/gimbal_interface/cmake/gimbal_interface__rosidl_typesupport_cppExport.cmake
[1.088s] -- Up-to-date: /Users/huajingzhao/Desktop/UCLA/projects/neureality/gimbal_ws/install/gimbal_interface/share/gimbal_interface/cmake/gimbal_interface__rosidl_typesupport_cppExport-noconfig.cmake
[1.088s] -- Up-to-date: /Users/huajingzhao/Desktop/UCLA/projects/neureality/gimbal_ws/install/gimbal_interface/share/gimbal_interface/cmake/export_gimbal_interface__rosidl_generator_pyExport.cmake
[1.088s] -- Up-to-date: /Users/huajingzhao/Desktop/UCLA/projects/neureality/gimbal_ws/install/gimbal_interface/share/gimbal_interface/cmake/export_gimbal_interface__rosidl_generator_pyExport-noconfig.cmake
[1.088s] -- Up-to-date: /Users/huajingzhao/Desktop/UCLA/projects/neureality/gimbal_ws/install/gimbal_interface/share/gimbal_interface/cmake/rosidl_cmake-extras.cmake
[1.088s] -- Up-to-date: /Users/huajingzhao/Desktop/UCLA/projects/neureality/gimbal_ws/install/gimbal_interface/share/gimbal_interface/cmake/ament_cmake_export_include_directories-extras.cmake
[1.088s] -- Up-to-date: /Users/huajingzhao/Desktop/UCLA/projects/neureality/gimbal_ws/install/gimbal_interface/share/gimbal_interface/cmake/ament_cmake_export_libraries-extras.cmake
[1.088s] -- Up-to-date: /Users/huajingzhao/Desktop/UCLA/projects/neureality/gimbal_ws/install/gimbal_interface/share/gimbal_interface/cmake/ament_cmake_export_targets-extras.cmake
[1.088s] -- Up-to-date: /Users/huajingzhao/Desktop/UCLA/projects/neureality/gimbal_ws/install/gimbal_interface/share/gimbal_interface/cmake/rosidl_cmake_export_typesupport_targets-extras.cmake
[1.088s] -- Up-to-date: /Users/huajingzhao/Desktop/UCLA/projects/neureality/gimbal_ws/install/gimbal_interface/share/gimbal_interface/cmake/ament_cmake_export_dependencies-extras.cmake
[1.088s] -- Up-to-date: /Users/huajingzhao/Desktop/UCLA/projects/neureality/gimbal_ws/install/gimbal_interface/share/gimbal_interface/cmake/rosidl_cmake_export_typesupport_libraries-extras.cmake
[1.088s] -- Up-to-date: /Users/huajingzhao/Desktop/UCLA/projects/neureality/gimbal_ws/install/gimbal_interface/share/gimbal_interface/cmake/gimbal_interfaceConfig.cmake
[1.088s] -- Up-to-date: /Users/huajingzhao/Desktop/UCLA/projects/neureality/gimbal_ws/install/gimbal_interface/share/gimbal_interface/cmake/gimbal_interfaceConfig-version.cmake
[1.089s] -- Up-to-date: /Users/huajingzhao/Desktop/UCLA/projects/neureality/gimbal_ws/install/gimbal_interface/share/gimbal_interface/package.xml
[1.089s] Invoked command in '/Users/huajingzhao/Desktop/UCLA/projects/neureality/gimbal_ws/build/gimbal_interface' returned '0': CMAKE_PREFIX_PATH=${CMAKE_PREFIX_PATH}:/Users/huajingzhao/Desktop/UCLA/projects/neureality/gimbal_ws/install/gimbal_control:/Users/huajingzhao/ros2_ws/install/turtle_tf2_py:/Users/huajingzhao/ros2_ws/install/python_parameters:/Users/huajingzhao/ros2_ws/install/python_parameter_event_handler:/Users/huajingzhao/ros2_ws/install/py_srvcli:/Users/huajingzhao/ros2_ws/install/py_pubsub:/Users/huajingzhao/ros2_ws/install/py_launch_example:/Users/huajingzhao/ros2_ws/install/my_package:/Users/huajingzhao/ros2_ws/install/learning_tf2_py:/Users/huajingzhao/ros2_ws/install/launch_tutorial:/Users/huajingzhao/ros2_ws/install/launch_testing_examples:/Users/huajingzhao/ros2_ws/install/examples_rclpy_pointcloud_publisher:/Users/huajingzhao/ros2_ws/install/examples_rclpy_minimal_subscriber:/Users/huajingzhao/ros2_ws/install/examples_rclpy_minimal_service:/Users/huajingzhao/ros2_ws/install/examples_rclpy_minimal_publisher:/Users/huajingzhao/ros2_ws/install/examples_rclpy_minimal_client:/Users/huajingzhao/ros2_ws/install/examples_rclpy_minimal_action_server:/Users/huajingzhao/ros2_ws/install/examples_rclpy_minimal_action_client:/Users/huajingzhao/ros2_ws/install/examples_rclpy_guard_conditions:/Users/huajingzhao/ros2_ws/install/examples_rclpy_executors:/Users/huajingzhao/Desktop/UCLA/projects/ros2_ws/install/launch_testing_examples:/Users/huajingzhao/Desktop/UCLA/projects/ros2_ws/install/gimbal_control:/Users/huajingzhao/Desktop/UCLA/projects/ros2_ws/install/examples_rclpy_pointcloud_publisher:/Users/huajingzhao/Desktop/UCLA/projects/ros2_ws/install/examples_rclpy_minimal_subscriber:/Users/huajingzhao/Desktop/UCLA/projects/ros2_ws/install/examples_rclpy_minimal_service:/Users/huajingzhao/Desktop/UCLA/projects/ros2_ws/install/examples_rclpy_minimal_publisher:/Users/huajingzhao/Desktop/UCLA/projects/ros2_ws/install/examples_rclpy_minimal_client:/Users/huajingzhao/Desktop/UCLA/projects/ros2_ws/install/examples_rclpy_minimal_action_server:/Users/huajingzhao/Desktop/UCLA/projects/ros2_ws/install/examples_rclpy_minimal_action_client:/Users/huajingzhao/Desktop/UCLA/projects/ros2_ws/install/examples_rclpy_guard_conditions:/Users/huajingzhao/Desktop/UCLA/projects/ros2_ws/install/examples_rclpy_executors SHLVL=2 VIRTUAL_ENV_PROMPT=(venv) _=/usr/bin/env /opt/homebrew/bin/cmake --install /Users/huajingzhao/Desktop/UCLA/projects/neureality/gimbal_ws/build/gimbal_interface
