[0.525s] DEBUG:colcon:Command line arguments: ['/Users/huajingzhao/ros2/venv/bin/colcon', 'build']
[0.525s] DEBUG:colcon:Parsed command line arguments: Namespace(log_base=None, log_level=None, verb_name='build', build_base='build', install_base='install', merge_install=False, symlink_install=False, test_result_base=None, continue_on_error=False, executor='parallel', parallel_workers=10, event_handlers=None, ignore_user_meta=False, metas=['./colcon.meta'], base_paths=['.'], packages_ignore=None, packages_ignore_regex=None, paths=None, packages_up_to=None, packages_up_to_regex=None, packages_above=None, packages_above_and_dependencies=None, packages_above_depth=None, packages_select_by_dep=None, packages_skip_by_dep=None, packages_skip_up_to=None, packages_select_build_failed=False, packages_skip_build_finished=False, packages_select_test_failures=False, packages_skip_test_passed=False, packages_select=None, packages_skip=None, packages_select_regex=None, packages_skip_regex=None, packages_start=None, packages_end=None, cmake_args=None, cmake_target=None, cmake_target_skip_unavailable=False, cmake_clean_cache=False, cmake_clean_first=False, cmake_force_configure=False, ament_cmake_args=None, catkin_cmake_args=None, catkin_skip_building_tests=False, verb_parser=<colcon_defaults.argument_parser.defaults.DefaultArgumentsDecorator object at 0x10816fb80>, verb_extension=<colcon_core.verb.build.BuildVerb object at 0x10816f5b0>, main=<bound method BuildVerb.main of <colcon_core.verb.build.BuildVerb object at 0x10816f5b0>>)
[0.556s] Level 1:colcon.colcon_core.package_discovery:discover_packages(colcon_meta) check parameters
[0.556s] Level 1:colcon.colcon_core.package_discovery:discover_packages(recursive) check parameters
[0.556s] Level 1:colcon.colcon_core.package_discovery:discover_packages(ignore) check parameters
[0.556s] Level 1:colcon.colcon_core.package_discovery:discover_packages(path) check parameters
[0.556s] Level 1:colcon.colcon_core.package_discovery:discover_packages(colcon_meta) discover
[0.556s] Level 1:colcon.colcon_core.package_discovery:discover_packages(recursive) discover
[0.556s] INFO:colcon.colcon_core.package_discovery:Crawling recursively for packages in '/Users/huajingzhao/Desktop/UCLA/projects/neureality/gimbal_ws'
[0.556s] Level 1:colcon.colcon_core.package_identification:_identify(.) by extensions ['ignore', 'ignore_ament_install']
[0.556s] Level 1:colcon.colcon_core.package_identification:_identify(.) by extension 'ignore'
[0.556s] Level 1:colcon.colcon_core.package_identification:_identify(.) by extension 'ignore_ament_install'
[0.556s] Level 1:colcon.colcon_core.package_identification:_identify(.) by extensions ['colcon_pkg']
[0.556s] Level 1:colcon.colcon_core.package_identification:_identify(.) by extension 'colcon_pkg'
[0.556s] Level 1:colcon.colcon_core.package_identification:_identify(.) by extensions ['colcon_meta']
[0.556s] Level 1:colcon.colcon_core.package_identification:_identify(.) by extension 'colcon_meta'
[0.556s] Level 1:colcon.colcon_core.package_identification:_identify(.) by extensions ['ros']
[0.556s] Level 1:colcon.colcon_core.package_identification:_identify(.) by extension 'ros'
[0.569s] Level 1:colcon.colcon_core.package_identification:_identify(.) by extensions ['cmake', 'python']
[0.569s] Level 1:colcon.colcon_core.package_identification:_identify(.) by extension 'cmake'
[0.569s] Level 1:colcon.colcon_core.package_identification:_identify(.) by extension 'python'
[0.569s] Level 1:colcon.colcon_core.package_identification:_identify(.) by extensions ['python_setup_py']
[0.569s] Level 1:colcon.colcon_core.package_identification:_identify(.) by extension 'python_setup_py'
[0.569s] Level 1:colcon.colcon_core.package_identification:_identify(build) by extensions ['ignore', 'ignore_ament_install']
[0.569s] Level 1:colcon.colcon_core.package_identification:_identify(build) by extension 'ignore'
[0.569s] Level 1:colcon.colcon_core.package_identification:_identify(build) ignored
[0.569s] Level 1:colcon.colcon_core.package_identification:_identify(install) by extensions ['ignore', 'ignore_ament_install']
[0.569s] Level 1:colcon.colcon_core.package_identification:_identify(install) by extension 'ignore'
[0.569s] Level 1:colcon.colcon_core.package_identification:_identify(install) ignored
[0.569s] Level 1:colcon.colcon_core.package_identification:_identify(log) by extensions ['ignore', 'ignore_ament_install']
[0.569s] Level 1:colcon.colcon_core.package_identification:_identify(log) by extension 'ignore'
[0.569s] Level 1:colcon.colcon_core.package_identification:_identify(log) ignored
[0.569s] Level 1:colcon.colcon_core.package_identification:_identify(src) by extensions ['ignore', 'ignore_ament_install']
[0.569s] Level 1:colcon.colcon_core.package_identification:_identify(src) by extension 'ignore'
[0.569s] Level 1:colcon.colcon_core.package_identification:_identify(src) by extension 'ignore_ament_install'
[0.569s] Level 1:colcon.colcon_core.package_identification:_identify(src) by extensions ['colcon_pkg']
[0.569s] Level 1:colcon.colcon_core.package_identification:_identify(src) by extension 'colcon_pkg'
[0.569s] Level 1:colcon.colcon_core.package_identification:_identify(src) by extensions ['colcon_meta']
[0.569s] Level 1:colcon.colcon_core.package_identification:_identify(src) by extension 'colcon_meta'
[0.569s] Level 1:colcon.colcon_core.package_identification:_identify(src) by extensions ['ros']
[0.569s] Level 1:colcon.colcon_core.package_identification:_identify(src) by extension 'ros'
[0.569s] Level 1:colcon.colcon_core.package_identification:_identify(src) by extensions ['cmake', 'python']
[0.569s] Level 1:colcon.colcon_core.package_identification:_identify(src) by extension 'cmake'
[0.569s] Level 1:colcon.colcon_core.package_identification:_identify(src) by extension 'python'
[0.569s] Level 1:colcon.colcon_core.package_identification:_identify(src) by extensions ['python_setup_py']
[0.569s] Level 1:colcon.colcon_core.package_identification:_identify(src) by extension 'python_setup_py'
[0.570s] Level 1:colcon.colcon_core.package_identification:_identify(src/gimbal_control) by extensions ['ignore', 'ignore_ament_install']
[0.570s] Level 1:colcon.colcon_core.package_identification:_identify(src/gimbal_control) by extension 'ignore'
[0.570s] Level 1:colcon.colcon_core.package_identification:_identify(src/gimbal_control) by extension 'ignore_ament_install'
[0.570s] Level 1:colcon.colcon_core.package_identification:_identify(src/gimbal_control) by extensions ['colcon_pkg']
[0.570s] Level 1:colcon.colcon_core.package_identification:_identify(src/gimbal_control) by extension 'colcon_pkg'
[0.570s] Level 1:colcon.colcon_core.package_identification:_identify(src/gimbal_control) by extensions ['colcon_meta']
[0.570s] Level 1:colcon.colcon_core.package_identification:_identify(src/gimbal_control) by extension 'colcon_meta'
[0.570s] Level 1:colcon.colcon_core.package_identification:_identify(src/gimbal_control) by extensions ['ros']
[0.570s] Level 1:colcon.colcon_core.package_identification:_identify(src/gimbal_control) by extension 'ros'
[0.571s] DEBUG:colcon.colcon_core.package_identification:Package 'src/gimbal_control' with type 'ros.ament_python' and name 'gimbal_control'
[0.571s] Level 1:colcon.colcon_core.package_identification:_identify(src/gimbal_interface) by extensions ['ignore', 'ignore_ament_install']
[0.571s] Level 1:colcon.colcon_core.package_identification:_identify(src/gimbal_interface) by extension 'ignore'
[0.572s] Level 1:colcon.colcon_core.package_identification:_identify(src/gimbal_interface) by extension 'ignore_ament_install'
[0.572s] Level 1:colcon.colcon_core.package_identification:_identify(src/gimbal_interface) by extensions ['colcon_pkg']
[0.572s] Level 1:colcon.colcon_core.package_identification:_identify(src/gimbal_interface) by extension 'colcon_pkg'
[0.572s] Level 1:colcon.colcon_core.package_identification:_identify(src/gimbal_interface) by extensions ['colcon_meta']
[0.572s] Level 1:colcon.colcon_core.package_identification:_identify(src/gimbal_interface) by extension 'colcon_meta'
[0.572s] Level 1:colcon.colcon_core.package_identification:_identify(src/gimbal_interface) by extensions ['ros']
[0.572s] Level 1:colcon.colcon_core.package_identification:_identify(src/gimbal_interface) by extension 'ros'
[0.572s] DEBUG:colcon.colcon_core.package_identification:Package 'src/gimbal_interface' with type 'ros.ament_cmake' and name 'gimbal_interface'
[0.572s] Level 1:colcon.colcon_core.package_discovery:discover_packages(recursive) using defaults
[0.572s] Level 1:colcon.colcon_core.package_discovery:discover_packages(ignore) discover
[0.572s] Level 1:colcon.colcon_core.package_discovery:discover_packages(ignore) using defaults
[0.572s] Level 1:colcon.colcon_core.package_discovery:discover_packages(path) discover
[0.572s] Level 1:colcon.colcon_core.package_discovery:discover_packages(path) using defaults
[0.627s] Level 5:colcon.colcon_core.verb:set package 'gimbal_control' build argument 'cmake_args' from command line to 'None'
[0.627s] Level 5:colcon.colcon_core.verb:set package 'gimbal_control' build argument 'cmake_target' from command line to 'None'
[0.627s] Level 5:colcon.colcon_core.verb:set package 'gimbal_control' build argument 'cmake_target_skip_unavailable' from command line to 'False'
[0.627s] Level 5:colcon.colcon_core.verb:set package 'gimbal_control' build argument 'cmake_clean_cache' from command line to 'False'
[0.627s] Level 5:colcon.colcon_core.verb:set package 'gimbal_control' build argument 'cmake_clean_first' from command line to 'False'
[0.627s] Level 5:colcon.colcon_core.verb:set package 'gimbal_control' build argument 'cmake_force_configure' from command line to 'False'
[0.627s] Level 5:colcon.colcon_core.verb:set package 'gimbal_control' build argument 'ament_cmake_args' from command line to 'None'
[0.627s] Level 5:colcon.colcon_core.verb:set package 'gimbal_control' build argument 'catkin_cmake_args' from command line to 'None'
[0.627s] Level 5:colcon.colcon_core.verb:set package 'gimbal_control' build argument 'catkin_skip_building_tests' from command line to 'False'
[0.627s] DEBUG:colcon.colcon_core.verb:Building package 'gimbal_control' with the following arguments: {'ament_cmake_args': None, 'build_base': '/Users/huajingzhao/Desktop/UCLA/projects/neureality/gimbal_ws/build/gimbal_control', 'catkin_cmake_args': None, 'catkin_skip_building_tests': False, 'cmake_args': None, 'cmake_clean_cache': False, 'cmake_clean_first': False, 'cmake_force_configure': False, 'cmake_target': None, 'cmake_target_skip_unavailable': False, 'install_base': '/Users/huajingzhao/Desktop/UCLA/projects/neureality/gimbal_ws/install/gimbal_control', 'merge_install': False, 'path': '/Users/huajingzhao/Desktop/UCLA/projects/neureality/gimbal_ws/src/gimbal_control', 'symlink_install': False, 'test_result_base': None}
[0.633s] Level 5:colcon.colcon_core.verb:set package 'gimbal_interface' build argument 'cmake_args' from command line to 'None'
[0.633s] Level 5:colcon.colcon_core.verb:set package 'gimbal_interface' build argument 'cmake_target' from command line to 'None'
[0.633s] Level 5:colcon.colcon_core.verb:set package 'gimbal_interface' build argument 'cmake_target_skip_unavailable' from command line to 'False'
[0.633s] Level 5:colcon.colcon_core.verb:set package 'gimbal_interface' build argument 'cmake_clean_cache' from command line to 'False'
[0.633s] Level 5:colcon.colcon_core.verb:set package 'gimbal_interface' build argument 'cmake_clean_first' from command line to 'False'
[0.633s] Level 5:colcon.colcon_core.verb:set package 'gimbal_interface' build argument 'cmake_force_configure' from command line to 'False'
[0.633s] Level 5:colcon.colcon_core.verb:set package 'gimbal_interface' build argument 'ament_cmake_args' from command line to 'None'
[0.633s] Level 5:colcon.colcon_core.verb:set package 'gimbal_interface' build argument 'catkin_cmake_args' from command line to 'None'
[0.633s] Level 5:colcon.colcon_core.verb:set package 'gimbal_interface' build argument 'catkin_skip_building_tests' from command line to 'False'
[0.633s] DEBUG:colcon.colcon_core.verb:Building package 'gimbal_interface' with the following arguments: {'ament_cmake_args': None, 'build_base': '/Users/huajingzhao/Desktop/UCLA/projects/neureality/gimbal_ws/build/gimbal_interface', 'catkin_cmake_args': None, 'catkin_skip_building_tests': False, 'cmake_args': None, 'cmake_clean_cache': False, 'cmake_clean_first': False, 'cmake_force_configure': False, 'cmake_target': None, 'cmake_target_skip_unavailable': False, 'install_base': '/Users/huajingzhao/Desktop/UCLA/projects/neureality/gimbal_ws/install/gimbal_interface', 'merge_install': False, 'path': '/Users/huajingzhao/Desktop/UCLA/projects/neureality/gimbal_ws/src/gimbal_interface', 'symlink_install': False, 'test_result_base': None}
[0.643s] INFO:colcon.colcon_core.executor:Executing jobs using 'parallel' executor
[0.650s] DEBUG:colcon.colcon_parallel_executor.executor.parallel:run_until_complete
[0.651s] INFO:colcon.colcon_ros.task.ament_python.build:Building ROS package in '/Users/huajingzhao/Desktop/UCLA/projects/neureality/gimbal_ws/src/gimbal_control' with build type 'ament_python'
[0.651s] Level 1:colcon.colcon_core.shell:create_environment_hook('gimbal_control', 'ament_prefix_path')
[0.661s] INFO:colcon.colcon_core.plugin_system:Skipping extension 'colcon_core.shell.bat': Not used on non-Windows systems
[0.661s] INFO:colcon.colcon_core.shell:Creating environment hook '/Users/huajingzhao/Desktop/UCLA/projects/neureality/gimbal_ws/install/gimbal_control/share/gimbal_control/hook/ament_prefix_path.ps1'
[0.661s] INFO:colcon.colcon_core.shell:Creating environment descriptor '/Users/huajingzhao/Desktop/UCLA/projects/neureality/gimbal_ws/install/gimbal_control/share/gimbal_control/hook/ament_prefix_path.dsv'
[0.662s] INFO:colcon.colcon_core.shell:Creating environment hook '/Users/huajingzhao/Desktop/UCLA/projects/neureality/gimbal_ws/install/gimbal_control/share/gimbal_control/hook/ament_prefix_path.sh'
[0.669s] INFO:colcon.colcon_core.shell:Skip shell extension 'powershell' for command environment: Not usable outside of PowerShell
[0.669s] DEBUG:colcon.colcon_core.shell:Skip shell extension 'dsv' for command environment
[0.722s] INFO:colcon.colcon_ros.task.ament_cmake.build:Building ROS package in '/Users/huajingzhao/Desktop/UCLA/projects/neureality/gimbal_ws/src/gimbal_interface' with build type 'ament_cmake'
[0.722s] INFO:colcon.colcon_cmake.task.cmake.build:Building CMake package in '/Users/huajingzhao/Desktop/UCLA/projects/neureality/gimbal_ws/src/gimbal_interface'
[0.731s] INFO:colcon.colcon_core.shell:Skip shell extension 'powershell' for command environment: Not usable outside of PowerShell
[0.731s] DEBUG:colcon.colcon_core.shell:Skip shell extension 'dsv' for command environment
[0.965s] INFO:colcon.colcon_core.task.python.build:Building Python package in '/Users/huajingzhao/Desktop/UCLA/projects/neureality/gimbal_ws/src/gimbal_control'
[0.972s] INFO:colcon.colcon_core.shell:Skip shell extension 'powershell' for command environment: Not usable outside of PowerShell
[0.973s] DEBUG:colcon.colcon_core.shell:Skip shell extension 'dsv' for command environment
[1.030s] DEBUG:colcon.colcon_core.event_handler.log_command:Invoking command in '/Users/huajingzhao/Desktop/UCLA/projects/neureality/gimbal_ws/build/gimbal_interface': CMAKE_PREFIX_PATH=${CMAKE_PREFIX_PATH}:/Users/huajingzhao/ros2_ws/install/turtle_tf2_py:/Users/huajingzhao/ros2_ws/install/python_parameters:/Users/huajingzhao/ros2_ws/install/python_parameter_event_handler:/Users/huajingzhao/ros2_ws/install/py_srvcli:/Users/huajingzhao/ros2_ws/install/py_pubsub:/Users/huajingzhao/ros2_ws/install/py_launch_example:/Users/huajingzhao/ros2_ws/install/my_package:/Users/huajingzhao/ros2_ws/install/learning_tf2_py:/Users/huajingzhao/ros2_ws/install/launch_tutorial:/Users/huajingzhao/ros2_ws/install/launch_testing_examples:/Users/huajingzhao/ros2_ws/install/examples_rclpy_pointcloud_publisher:/Users/huajingzhao/ros2_ws/install/examples_rclpy_minimal_subscriber:/Users/huajingzhao/ros2_ws/install/examples_rclpy_minimal_service:/Users/huajingzhao/ros2_ws/install/examples_rclpy_minimal_publisher:/Users/huajingzhao/ros2_ws/install/examples_rclpy_minimal_client:/Users/huajingzhao/ros2_ws/install/examples_rclpy_minimal_action_server:/Users/huajingzhao/ros2_ws/install/examples_rclpy_minimal_action_client:/Users/huajingzhao/ros2_ws/install/examples_rclpy_guard_conditions:/Users/huajingzhao/ros2_ws/install/examples_rclpy_executors:/Users/huajingzhao/Desktop/UCLA/projects/ros2_ws/install/launch_testing_examples:/Users/huajingzhao/Desktop/UCLA/projects/ros2_ws/install/gimbal_control:/Users/huajingzhao/Desktop/UCLA/projects/ros2_ws/install/examples_rclpy_pointcloud_publisher:/Users/huajingzhao/Desktop/UCLA/projects/ros2_ws/install/examples_rclpy_minimal_subscriber:/Users/huajingzhao/Desktop/UCLA/projects/ros2_ws/install/examples_rclpy_minimal_service:/Users/huajingzhao/Desktop/UCLA/projects/ros2_ws/install/examples_rclpy_minimal_publisher:/Users/huajingzhao/Desktop/UCLA/projects/ros2_ws/install/examples_rclpy_minimal_client:/Users/huajingzhao/Desktop/UCLA/projects/ros2_ws/install/examples_rclpy_minimal_action_server:/Users/huajingzhao/Desktop/UCLA/projects/ros2_ws/install/examples_rclpy_minimal_action_client:/Users/huajingzhao/Desktop/UCLA/projects/ros2_ws/install/examples_rclpy_guard_conditions:/Users/huajingzhao/Desktop/UCLA/projects/ros2_ws/install/examples_rclpy_executors SHLVL=2 VIRTUAL_ENV_PROMPT=(venv) _=/usr/bin/env /opt/homebrew/bin/cmake /Users/huajingzhao/Desktop/UCLA/projects/neureality/gimbal_ws/src/gimbal_interface -DCMAKE_INSTALL_PREFIX=/Users/huajingzhao/Desktop/UCLA/projects/neureality/gimbal_ws/install/gimbal_interface
[1.483s] DEBUG:colcon.colcon_core.event_handler.log_command:Invoking command in '/Users/huajingzhao/Desktop/UCLA/projects/neureality/gimbal_ws/src/gimbal_control': PYTHONPATH=/Users/huajingzhao/Desktop/UCLA/projects/neureality/gimbal_ws/build/gimbal_control/prefix_override:/Users/huajingzhao/Desktop/UCLA/projects/neureality/gimbal_ws/install/gimbal_control/lib/python3.10/site-packages:${PYTHONPATH} SHLVL=2 VIRTUAL_ENV_PROMPT=(venv) _=/usr/bin/env /Users/huajingzhao/ros2/venv/bin/python setup.py egg_info --egg-base ../../build/gimbal_control build --build-base /Users/huajingzhao/Desktop/UCLA/projects/neureality/gimbal_ws/build/gimbal_control/build install --record /Users/huajingzhao/Desktop/UCLA/projects/neureality/gimbal_ws/build/gimbal_control/install.log --single-version-externally-managed
[1.867s] DEBUG:colcon.colcon_core.event_handler.log_command:Invoked command in '/Users/huajingzhao/Desktop/UCLA/projects/neureality/gimbal_ws/src/gimbal_control' returned '0': PYTHONPATH=/Users/huajingzhao/Desktop/UCLA/projects/neureality/gimbal_ws/build/gimbal_control/prefix_override:/Users/huajingzhao/Desktop/UCLA/projects/neureality/gimbal_ws/install/gimbal_control/lib/python3.10/site-packages:${PYTHONPATH} SHLVL=2 VIRTUAL_ENV_PROMPT=(venv) _=/usr/bin/env /Users/huajingzhao/ros2/venv/bin/python setup.py egg_info --egg-base ../../build/gimbal_control build --build-base /Users/huajingzhao/Desktop/UCLA/projects/neureality/gimbal_ws/build/gimbal_control/build install --record /Users/huajingzhao/Desktop/UCLA/projects/neureality/gimbal_ws/build/gimbal_control/install.log --single-version-externally-managed
[1.880s] Level 1:colcon.colcon_core.environment:checking '/Users/huajingzhao/Desktop/UCLA/projects/neureality/gimbal_ws/install/gimbal_control' for CMake module files
[1.881s] Level 1:colcon.colcon_core.environment:checking '/Users/huajingzhao/Desktop/UCLA/projects/neureality/gimbal_ws/install/gimbal_control' for CMake config files
[1.881s] Level 1:colcon.colcon_core.environment:checking '/Users/huajingzhao/Desktop/UCLA/projects/neureality/gimbal_ws/install/gimbal_control/lib'
[1.881s] Level 1:colcon.colcon_core.environment:checking '/Users/huajingzhao/Desktop/UCLA/projects/neureality/gimbal_ws/install/gimbal_control/bin'
[1.882s] Level 1:colcon.colcon_core.environment:checking '/Users/huajingzhao/Desktop/UCLA/projects/neureality/gimbal_ws/install/gimbal_control/lib/pkgconfig/gimbal_control.pc'
[1.882s] Level 1:colcon.colcon_core.environment:checking '/Users/huajingzhao/Desktop/UCLA/projects/neureality/gimbal_ws/install/gimbal_control/lib/python3.10/site-packages'
[1.882s] Level 1:colcon.colcon_core.shell:create_environment_hook('gimbal_control', 'pythonpath')
[1.889s] INFO:colcon.colcon_core.shell:Creating environment hook '/Users/huajingzhao/Desktop/UCLA/projects/neureality/gimbal_ws/install/gimbal_control/share/gimbal_control/hook/pythonpath.ps1'
[1.890s] INFO:colcon.colcon_core.shell:Creating environment descriptor '/Users/huajingzhao/Desktop/UCLA/projects/neureality/gimbal_ws/install/gimbal_control/share/gimbal_control/hook/pythonpath.dsv'
[1.890s] INFO:colcon.colcon_core.shell:Creating environment hook '/Users/huajingzhao/Desktop/UCLA/projects/neureality/gimbal_ws/install/gimbal_control/share/gimbal_control/hook/pythonpath.sh'
[1.890s] Level 1:colcon.colcon_core.environment:checking '/Users/huajingzhao/Desktop/UCLA/projects/neureality/gimbal_ws/install/gimbal_control/bin'
[1.890s] Level 1:colcon.colcon_core.environment:create_environment_scripts_only(gimbal_control)
[1.898s] INFO:colcon.colcon_core.shell:Creating package script '/Users/huajingzhao/Desktop/UCLA/projects/neureality/gimbal_ws/install/gimbal_control/share/gimbal_control/package.ps1'
[1.899s] INFO:colcon.colcon_core.shell:Creating package descriptor '/Users/huajingzhao/Desktop/UCLA/projects/neureality/gimbal_ws/install/gimbal_control/share/gimbal_control/package.dsv'
[1.899s] INFO:colcon.colcon_core.shell:Creating package script '/Users/huajingzhao/Desktop/UCLA/projects/neureality/gimbal_ws/install/gimbal_control/share/gimbal_control/package.sh'
[1.900s] INFO:colcon.colcon_core.shell:Creating package script '/Users/huajingzhao/Desktop/UCLA/projects/neureality/gimbal_ws/install/gimbal_control/share/gimbal_control/package.bash'
[1.900s] INFO:colcon.colcon_core.shell:Creating package script '/Users/huajingzhao/Desktop/UCLA/projects/neureality/gimbal_ws/install/gimbal_control/share/gimbal_control/package.zsh'
[1.901s] Level 1:colcon.colcon_core.environment:create_file_with_runtime_dependencies(/Users/huajingzhao/Desktop/UCLA/projects/neureality/gimbal_ws/install/gimbal_control/share/colcon-core/packages/gimbal_control)
[5.652s] DEBUG:colcon.colcon_core.event_handler.log_command:Invoked command in '/Users/huajingzhao/Desktop/UCLA/projects/neureality/gimbal_ws/build/gimbal_interface' returned '0': CMAKE_PREFIX_PATH=${CMAKE_PREFIX_PATH}:/Users/huajingzhao/ros2_ws/install/turtle_tf2_py:/Users/huajingzhao/ros2_ws/install/python_parameters:/Users/huajingzhao/ros2_ws/install/python_parameter_event_handler:/Users/huajingzhao/ros2_ws/install/py_srvcli:/Users/huajingzhao/ros2_ws/install/py_pubsub:/Users/huajingzhao/ros2_ws/install/py_launch_example:/Users/huajingzhao/ros2_ws/install/my_package:/Users/huajingzhao/ros2_ws/install/learning_tf2_py:/Users/huajingzhao/ros2_ws/install/launch_tutorial:/Users/huajingzhao/ros2_ws/install/launch_testing_examples:/Users/huajingzhao/ros2_ws/install/examples_rclpy_pointcloud_publisher:/Users/huajingzhao/ros2_ws/install/examples_rclpy_minimal_subscriber:/Users/huajingzhao/ros2_ws/install/examples_rclpy_minimal_service:/Users/huajingzhao/ros2_ws/install/examples_rclpy_minimal_publisher:/Users/huajingzhao/ros2_ws/install/examples_rclpy_minimal_client:/Users/huajingzhao/ros2_ws/install/examples_rclpy_minimal_action_server:/Users/huajingzhao/ros2_ws/install/examples_rclpy_minimal_action_client:/Users/huajingzhao/ros2_ws/install/examples_rclpy_guard_conditions:/Users/huajingzhao/ros2_ws/install/examples_rclpy_executors:/Users/huajingzhao/Desktop/UCLA/projects/ros2_ws/install/launch_testing_examples:/Users/huajingzhao/Desktop/UCLA/projects/ros2_ws/install/gimbal_control:/Users/huajingzhao/Desktop/UCLA/projects/ros2_ws/install/examples_rclpy_pointcloud_publisher:/Users/huajingzhao/Desktop/UCLA/projects/ros2_ws/install/examples_rclpy_minimal_subscriber:/Users/huajingzhao/Desktop/UCLA/projects/ros2_ws/install/examples_rclpy_minimal_service:/Users/huajingzhao/Desktop/UCLA/projects/ros2_ws/install/examples_rclpy_minimal_publisher:/Users/huajingzhao/Desktop/UCLA/projects/ros2_ws/install/examples_rclpy_minimal_client:/Users/huajingzhao/Desktop/UCLA/projects/ros2_ws/install/examples_rclpy_minimal_action_server:/Users/huajingzhao/Desktop/UCLA/projects/ros2_ws/install/examples_rclpy_minimal_action_client:/Users/huajingzhao/Desktop/UCLA/projects/ros2_ws/install/examples_rclpy_guard_conditions:/Users/huajingzhao/Desktop/UCLA/projects/ros2_ws/install/examples_rclpy_executors SHLVL=2 VIRTUAL_ENV_PROMPT=(venv) _=/usr/bin/env /opt/homebrew/bin/cmake /Users/huajingzhao/Desktop/UCLA/projects/neureality/gimbal_ws/src/gimbal_interface -DCMAKE_INSTALL_PREFIX=/Users/huajingzhao/Desktop/UCLA/projects/neureality/gimbal_ws/install/gimbal_interface
[5.655s] DEBUG:colcon.colcon_core.event_handler.log_command:Invoking command in '/Users/huajingzhao/Desktop/UCLA/projects/neureality/gimbal_ws/build/gimbal_interface': CMAKE_PREFIX_PATH=${CMAKE_PREFIX_PATH}:/Users/huajingzhao/ros2_ws/install/turtle_tf2_py:/Users/huajingzhao/ros2_ws/install/python_parameters:/Users/huajingzhao/ros2_ws/install/python_parameter_event_handler:/Users/huajingzhao/ros2_ws/install/py_srvcli:/Users/huajingzhao/ros2_ws/install/py_pubsub:/Users/huajingzhao/ros2_ws/install/py_launch_example:/Users/huajingzhao/ros2_ws/install/my_package:/Users/huajingzhao/ros2_ws/install/learning_tf2_py:/Users/huajingzhao/ros2_ws/install/launch_tutorial:/Users/huajingzhao/ros2_ws/install/launch_testing_examples:/Users/huajingzhao/ros2_ws/install/examples_rclpy_pointcloud_publisher:/Users/huajingzhao/ros2_ws/install/examples_rclpy_minimal_subscriber:/Users/huajingzhao/ros2_ws/install/examples_rclpy_minimal_service:/Users/huajingzhao/ros2_ws/install/examples_rclpy_minimal_publisher:/Users/huajingzhao/ros2_ws/install/examples_rclpy_minimal_client:/Users/huajingzhao/ros2_ws/install/examples_rclpy_minimal_action_server:/Users/huajingzhao/ros2_ws/install/examples_rclpy_minimal_action_client:/Users/huajingzhao/ros2_ws/install/examples_rclpy_guard_conditions:/Users/huajingzhao/ros2_ws/install/examples_rclpy_executors:/Users/huajingzhao/Desktop/UCLA/projects/ros2_ws/install/launch_testing_examples:/Users/huajingzhao/Desktop/UCLA/projects/ros2_ws/install/gimbal_control:/Users/huajingzhao/Desktop/UCLA/projects/ros2_ws/install/examples_rclpy_pointcloud_publisher:/Users/huajingzhao/Desktop/UCLA/projects/ros2_ws/install/examples_rclpy_minimal_subscriber:/Users/huajingzhao/Desktop/UCLA/projects/ros2_ws/install/examples_rclpy_minimal_service:/Users/huajingzhao/Desktop/UCLA/projects/ros2_ws/install/examples_rclpy_minimal_publisher:/Users/huajingzhao/Desktop/UCLA/projects/ros2_ws/install/examples_rclpy_minimal_client:/Users/huajingzhao/Desktop/UCLA/projects/ros2_ws/install/examples_rclpy_minimal_action_server:/Users/huajingzhao/Desktop/UCLA/projects/ros2_ws/install/examples_rclpy_minimal_action_client:/Users/huajingzhao/Desktop/UCLA/projects/ros2_ws/install/examples_rclpy_guard_conditions:/Users/huajingzhao/Desktop/UCLA/projects/ros2_ws/install/examples_rclpy_executors SHLVL=2 VIRTUAL_ENV_PROMPT=(venv) _=/usr/bin/env /opt/homebrew/bin/cmake --build /Users/huajingzhao/Desktop/UCLA/projects/neureality/gimbal_ws/build/gimbal_interface -- -j10 -l10
[7.356s] DEBUG:colcon.colcon_core.event_handler.log_command:Invoked command in '/Users/huajingzhao/Desktop/UCLA/projects/neureality/gimbal_ws/build/gimbal_interface' returned '0': CMAKE_PREFIX_PATH=${CMAKE_PREFIX_PATH}:/Users/huajingzhao/ros2_ws/install/turtle_tf2_py:/Users/huajingzhao/ros2_ws/install/python_parameters:/Users/huajingzhao/ros2_ws/install/python_parameter_event_handler:/Users/huajingzhao/ros2_ws/install/py_srvcli:/Users/huajingzhao/ros2_ws/install/py_pubsub:/Users/huajingzhao/ros2_ws/install/py_launch_example:/Users/huajingzhao/ros2_ws/install/my_package:/Users/huajingzhao/ros2_ws/install/learning_tf2_py:/Users/huajingzhao/ros2_ws/install/launch_tutorial:/Users/huajingzhao/ros2_ws/install/launch_testing_examples:/Users/huajingzhao/ros2_ws/install/examples_rclpy_pointcloud_publisher:/Users/huajingzhao/ros2_ws/install/examples_rclpy_minimal_subscriber:/Users/huajingzhao/ros2_ws/install/examples_rclpy_minimal_service:/Users/huajingzhao/ros2_ws/install/examples_rclpy_minimal_publisher:/Users/huajingzhao/ros2_ws/install/examples_rclpy_minimal_client:/Users/huajingzhao/ros2_ws/install/examples_rclpy_minimal_action_server:/Users/huajingzhao/ros2_ws/install/examples_rclpy_minimal_action_client:/Users/huajingzhao/ros2_ws/install/examples_rclpy_guard_conditions:/Users/huajingzhao/ros2_ws/install/examples_rclpy_executors:/Users/huajingzhao/Desktop/UCLA/projects/ros2_ws/install/launch_testing_examples:/Users/huajingzhao/Desktop/UCLA/projects/ros2_ws/install/gimbal_control:/Users/huajingzhao/Desktop/UCLA/projects/ros2_ws/install/examples_rclpy_pointcloud_publisher:/Users/huajingzhao/Desktop/UCLA/projects/ros2_ws/install/examples_rclpy_minimal_subscriber:/Users/huajingzhao/Desktop/UCLA/projects/ros2_ws/install/examples_rclpy_minimal_service:/Users/huajingzhao/Desktop/UCLA/projects/ros2_ws/install/examples_rclpy_minimal_publisher:/Users/huajingzhao/Desktop/UCLA/projects/ros2_ws/install/examples_rclpy_minimal_client:/Users/huajingzhao/Desktop/UCLA/projects/ros2_ws/install/examples_rclpy_minimal_action_server:/Users/huajingzhao/Desktop/UCLA/projects/ros2_ws/install/examples_rclpy_minimal_action_client:/Users/huajingzhao/Desktop/UCLA/projects/ros2_ws/install/examples_rclpy_guard_conditions:/Users/huajingzhao/Desktop/UCLA/projects/ros2_ws/install/examples_rclpy_executors SHLVL=2 VIRTUAL_ENV_PROMPT=(venv) _=/usr/bin/env /opt/homebrew/bin/cmake --build /Users/huajingzhao/Desktop/UCLA/projects/neureality/gimbal_ws/build/gimbal_interface -- -j10 -l10
[7.543s] DEBUG:colcon.colcon_core.event_handler.log_command:Invoking command in '/Users/huajingzhao/Desktop/UCLA/projects/neureality/gimbal_ws/build/gimbal_interface': CMAKE_PREFIX_PATH=${CMAKE_PREFIX_PATH}:/Users/huajingzhao/ros2_ws/install/turtle_tf2_py:/Users/huajingzhao/ros2_ws/install/python_parameters:/Users/huajingzhao/ros2_ws/install/python_parameter_event_handler:/Users/huajingzhao/ros2_ws/install/py_srvcli:/Users/huajingzhao/ros2_ws/install/py_pubsub:/Users/huajingzhao/ros2_ws/install/py_launch_example:/Users/huajingzhao/ros2_ws/install/my_package:/Users/huajingzhao/ros2_ws/install/learning_tf2_py:/Users/huajingzhao/ros2_ws/install/launch_tutorial:/Users/huajingzhao/ros2_ws/install/launch_testing_examples:/Users/huajingzhao/ros2_ws/install/examples_rclpy_pointcloud_publisher:/Users/huajingzhao/ros2_ws/install/examples_rclpy_minimal_subscriber:/Users/huajingzhao/ros2_ws/install/examples_rclpy_minimal_service:/Users/huajingzhao/ros2_ws/install/examples_rclpy_minimal_publisher:/Users/huajingzhao/ros2_ws/install/examples_rclpy_minimal_client:/Users/huajingzhao/ros2_ws/install/examples_rclpy_minimal_action_server:/Users/huajingzhao/ros2_ws/install/examples_rclpy_minimal_action_client:/Users/huajingzhao/ros2_ws/install/examples_rclpy_guard_conditions:/Users/huajingzhao/ros2_ws/install/examples_rclpy_executors:/Users/huajingzhao/Desktop/UCLA/projects/ros2_ws/install/launch_testing_examples:/Users/huajingzhao/Desktop/UCLA/projects/ros2_ws/install/gimbal_control:/Users/huajingzhao/Desktop/UCLA/projects/ros2_ws/install/examples_rclpy_pointcloud_publisher:/Users/huajingzhao/Desktop/UCLA/projects/ros2_ws/install/examples_rclpy_minimal_subscriber:/Users/huajingzhao/Desktop/UCLA/projects/ros2_ws/install/examples_rclpy_minimal_service:/Users/huajingzhao/Desktop/UCLA/projects/ros2_ws/install/examples_rclpy_minimal_publisher:/Users/huajingzhao/Desktop/UCLA/projects/ros2_ws/install/examples_rclpy_minimal_client:/Users/huajingzhao/Desktop/UCLA/projects/ros2_ws/install/examples_rclpy_minimal_action_server:/Users/huajingzhao/Desktop/UCLA/projects/ros2_ws/install/examples_rclpy_minimal_action_client:/Users/huajingzhao/Desktop/UCLA/projects/ros2_ws/install/examples_rclpy_guard_conditions:/Users/huajingzhao/Desktop/UCLA/projects/ros2_ws/install/examples_rclpy_executors SHLVL=2 VIRTUAL_ENV_PROMPT=(venv) _=/usr/bin/env /opt/homebrew/bin/cmake --install /Users/huajingzhao/Desktop/UCLA/projects/neureality/gimbal_ws/build/gimbal_interface
[7.703s] Level 1:colcon.colcon_core.environment:create_environment_scripts_only(gimbal_interface)
[7.703s] DEBUG:colcon.colcon_core.event_handler.log_command:Invoked command in '/Users/huajingzhao/Desktop/UCLA/projects/neureality/gimbal_ws/build/gimbal_interface' returned '0': CMAKE_PREFIX_PATH=${CMAKE_PREFIX_PATH}:/Users/huajingzhao/ros2_ws/install/turtle_tf2_py:/Users/huajingzhao/ros2_ws/install/python_parameters:/Users/huajingzhao/ros2_ws/install/python_parameter_event_handler:/Users/huajingzhao/ros2_ws/install/py_srvcli:/Users/huajingzhao/ros2_ws/install/py_pubsub:/Users/huajingzhao/ros2_ws/install/py_launch_example:/Users/huajingzhao/ros2_ws/install/my_package:/Users/huajingzhao/ros2_ws/install/learning_tf2_py:/Users/huajingzhao/ros2_ws/install/launch_tutorial:/Users/huajingzhao/ros2_ws/install/launch_testing_examples:/Users/huajingzhao/ros2_ws/install/examples_rclpy_pointcloud_publisher:/Users/huajingzhao/ros2_ws/install/examples_rclpy_minimal_subscriber:/Users/huajingzhao/ros2_ws/install/examples_rclpy_minimal_service:/Users/huajingzhao/ros2_ws/install/examples_rclpy_minimal_publisher:/Users/huajingzhao/ros2_ws/install/examples_rclpy_minimal_client:/Users/huajingzhao/ros2_ws/install/examples_rclpy_minimal_action_server:/Users/huajingzhao/ros2_ws/install/examples_rclpy_minimal_action_client:/Users/huajingzhao/ros2_ws/install/examples_rclpy_guard_conditions:/Users/huajingzhao/ros2_ws/install/examples_rclpy_executors:/Users/huajingzhao/Desktop/UCLA/projects/ros2_ws/install/launch_testing_examples:/Users/huajingzhao/Desktop/UCLA/projects/ros2_ws/install/gimbal_control:/Users/huajingzhao/Desktop/UCLA/projects/ros2_ws/install/examples_rclpy_pointcloud_publisher:/Users/huajingzhao/Desktop/UCLA/projects/ros2_ws/install/examples_rclpy_minimal_subscriber:/Users/huajingzhao/Desktop/UCLA/projects/ros2_ws/install/examples_rclpy_minimal_service:/Users/huajingzhao/Desktop/UCLA/projects/ros2_ws/install/examples_rclpy_minimal_publisher:/Users/huajingzhao/Desktop/UCLA/projects/ros2_ws/install/examples_rclpy_minimal_client:/Users/huajingzhao/Desktop/UCLA/projects/ros2_ws/install/examples_rclpy_minimal_action_server:/Users/huajingzhao/Desktop/UCLA/projects/ros2_ws/install/examples_rclpy_minimal_action_client:/Users/huajingzhao/Desktop/UCLA/projects/ros2_ws/install/examples_rclpy_guard_conditions:/Users/huajingzhao/Desktop/UCLA/projects/ros2_ws/install/examples_rclpy_executors SHLVL=2 VIRTUAL_ENV_PROMPT=(venv) _=/usr/bin/env /opt/homebrew/bin/cmake --install /Users/huajingzhao/Desktop/UCLA/projects/neureality/gimbal_ws/build/gimbal_interface
[7.711s] Level 1:colcon.colcon_core.environment:checking '/Users/huajingzhao/Desktop/UCLA/projects/neureality/gimbal_ws/install/gimbal_interface' for CMake module files
[7.712s] Level 1:colcon.colcon_core.environment:checking '/Users/huajingzhao/Desktop/UCLA/projects/neureality/gimbal_ws/install/gimbal_interface' for CMake config files
[7.712s] Level 1:colcon.colcon_core.shell:create_environment_hook('gimbal_interface', 'cmake_prefix_path')
[7.718s] INFO:colcon.colcon_core.shell:Creating environment hook '/Users/huajingzhao/Desktop/UCLA/projects/neureality/gimbal_ws/install/gimbal_interface/share/gimbal_interface/hook/cmake_prefix_path.ps1'
[7.718s] INFO:colcon.colcon_core.shell:Creating environment descriptor '/Users/huajingzhao/Desktop/UCLA/projects/neureality/gimbal_ws/install/gimbal_interface/share/gimbal_interface/hook/cmake_prefix_path.dsv'
[7.719s] INFO:colcon.colcon_core.shell:Creating environment hook '/Users/huajingzhao/Desktop/UCLA/projects/neureality/gimbal_ws/install/gimbal_interface/share/gimbal_interface/hook/cmake_prefix_path.sh'
[7.719s] Level 1:colcon.colcon_core.environment:checking '/Users/huajingzhao/Desktop/UCLA/projects/neureality/gimbal_ws/install/gimbal_interface/lib'
[7.719s] Level 1:colcon.colcon_core.shell:create_environment_hook('gimbal_interface', 'dyld_library_path')
[7.725s] INFO:colcon.colcon_core.shell:Creating environment hook '/Users/huajingzhao/Desktop/UCLA/projects/neureality/gimbal_ws/install/gimbal_interface/share/gimbal_interface/hook/dyld_library_path.ps1'
[7.726s] INFO:colcon.colcon_core.shell:Creating environment descriptor '/Users/huajingzhao/Desktop/UCLA/projects/neureality/gimbal_ws/install/gimbal_interface/share/gimbal_interface/hook/dyld_library_path.dsv'
[7.726s] INFO:colcon.colcon_core.shell:Creating environment hook '/Users/huajingzhao/Desktop/UCLA/projects/neureality/gimbal_ws/install/gimbal_interface/share/gimbal_interface/hook/dyld_library_path.sh'
[7.726s] Level 1:colcon.colcon_core.environment:checking '/Users/huajingzhao/Desktop/UCLA/projects/neureality/gimbal_ws/install/gimbal_interface/bin'
[7.726s] Level 1:colcon.colcon_core.environment:checking '/Users/huajingzhao/Desktop/UCLA/projects/neureality/gimbal_ws/install/gimbal_interface/lib/pkgconfig/gimbal_interface.pc'
[7.726s] Level 1:colcon.colcon_core.environment:checking '/Users/huajingzhao/Desktop/UCLA/projects/neureality/gimbal_ws/install/gimbal_interface/lib/python3.10/site-packages'
[7.726s] Level 1:colcon.colcon_core.environment:checking '/Users/huajingzhao/Desktop/UCLA/projects/neureality/gimbal_ws/install/gimbal_interface/bin'
[7.733s] INFO:colcon.colcon_core.shell:Creating package script '/Users/huajingzhao/Desktop/UCLA/projects/neureality/gimbal_ws/install/gimbal_interface/share/gimbal_interface/package.ps1'
[7.733s] INFO:colcon.colcon_core.shell:Creating package descriptor '/Users/huajingzhao/Desktop/UCLA/projects/neureality/gimbal_ws/install/gimbal_interface/share/gimbal_interface/package.dsv'
[7.733s] INFO:colcon.colcon_core.shell:Creating package script '/Users/huajingzhao/Desktop/UCLA/projects/neureality/gimbal_ws/install/gimbal_interface/share/gimbal_interface/package.sh'
[7.733s] INFO:colcon.colcon_core.shell:Creating package script '/Users/huajingzhao/Desktop/UCLA/projects/neureality/gimbal_ws/install/gimbal_interface/share/gimbal_interface/package.bash'
[7.734s] INFO:colcon.colcon_core.shell:Creating package script '/Users/huajingzhao/Desktop/UCLA/projects/neureality/gimbal_ws/install/gimbal_interface/share/gimbal_interface/package.zsh'
[7.734s] Level 1:colcon.colcon_core.environment:create_file_with_runtime_dependencies(/Users/huajingzhao/Desktop/UCLA/projects/neureality/gimbal_ws/install/gimbal_interface/share/colcon-core/packages/gimbal_interface)
[7.919s] Level 1:colcon.colcon_core.environment:create_environment_scripts_only(gimbal_interface)
[7.926s] Level 1:colcon.colcon_core.environment:checking '/Users/huajingzhao/Desktop/UCLA/projects/neureality/gimbal_ws/install/gimbal_interface' for CMake module files
[7.926s] Level 1:colcon.colcon_core.environment:checking '/Users/huajingzhao/Desktop/UCLA/projects/neureality/gimbal_ws/install/gimbal_interface' for CMake config files
[7.926s] Level 1:colcon.colcon_core.shell:create_environment_hook('gimbal_interface', 'cmake_prefix_path')
[7.933s] INFO:colcon.colcon_core.shell:Creating environment hook '/Users/huajingzhao/Desktop/UCLA/projects/neureality/gimbal_ws/install/gimbal_interface/share/gimbal_interface/hook/cmake_prefix_path.ps1'
[7.934s] INFO:colcon.colcon_core.shell:Creating environment descriptor '/Users/huajingzhao/Desktop/UCLA/projects/neureality/gimbal_ws/install/gimbal_interface/share/gimbal_interface/hook/cmake_prefix_path.dsv'
[7.934s] INFO:colcon.colcon_core.shell:Creating environment hook '/Users/huajingzhao/Desktop/UCLA/projects/neureality/gimbal_ws/install/gimbal_interface/share/gimbal_interface/hook/cmake_prefix_path.sh'
[7.934s] Level 1:colcon.colcon_core.environment:checking '/Users/huajingzhao/Desktop/UCLA/projects/neureality/gimbal_ws/install/gimbal_interface/lib'
[7.934s] Level 1:colcon.colcon_core.shell:create_environment_hook('gimbal_interface', 'dyld_library_path')
[7.941s] INFO:colcon.colcon_core.shell:Creating environment hook '/Users/huajingzhao/Desktop/UCLA/projects/neureality/gimbal_ws/install/gimbal_interface/share/gimbal_interface/hook/dyld_library_path.ps1'
[7.941s] INFO:colcon.colcon_core.shell:Creating environment descriptor '/Users/huajingzhao/Desktop/UCLA/projects/neureality/gimbal_ws/install/gimbal_interface/share/gimbal_interface/hook/dyld_library_path.dsv'
[7.941s] INFO:colcon.colcon_core.shell:Creating environment hook '/Users/huajingzhao/Desktop/UCLA/projects/neureality/gimbal_ws/install/gimbal_interface/share/gimbal_interface/hook/dyld_library_path.sh'
[7.941s] Level 1:colcon.colcon_core.environment:checking '/Users/huajingzhao/Desktop/UCLA/projects/neureality/gimbal_ws/install/gimbal_interface/bin'
[7.942s] Level 1:colcon.colcon_core.environment:checking '/Users/huajingzhao/Desktop/UCLA/projects/neureality/gimbal_ws/install/gimbal_interface/lib/pkgconfig/gimbal_interface.pc'
[7.942s] Level 1:colcon.colcon_core.environment:checking '/Users/huajingzhao/Desktop/UCLA/projects/neureality/gimbal_ws/install/gimbal_interface/lib/python3.10/site-packages'
[7.942s] Level 1:colcon.colcon_core.environment:checking '/Users/huajingzhao/Desktop/UCLA/projects/neureality/gimbal_ws/install/gimbal_interface/bin'
[7.949s] INFO:colcon.colcon_core.shell:Creating package script '/Users/huajingzhao/Desktop/UCLA/projects/neureality/gimbal_ws/install/gimbal_interface/share/gimbal_interface/package.ps1'
[7.949s] INFO:colcon.colcon_core.shell:Creating package descriptor '/Users/huajingzhao/Desktop/UCLA/projects/neureality/gimbal_ws/install/gimbal_interface/share/gimbal_interface/package.dsv'
[7.949s] INFO:colcon.colcon_core.shell:Creating package script '/Users/huajingzhao/Desktop/UCLA/projects/neureality/gimbal_ws/install/gimbal_interface/share/gimbal_interface/package.sh'
[7.949s] INFO:colcon.colcon_core.shell:Creating package script '/Users/huajingzhao/Desktop/UCLA/projects/neureality/gimbal_ws/install/gimbal_interface/share/gimbal_interface/package.bash'
[7.949s] INFO:colcon.colcon_core.shell:Creating package script '/Users/huajingzhao/Desktop/UCLA/projects/neureality/gimbal_ws/install/gimbal_interface/share/gimbal_interface/package.zsh'
[7.950s] Level 1:colcon.colcon_core.environment:create_file_with_runtime_dependencies(/Users/huajingzhao/Desktop/UCLA/projects/neureality/gimbal_ws/install/gimbal_interface/share/colcon-core/packages/gimbal_interface)
[7.950s] DEBUG:colcon.colcon_parallel_executor.executor.parallel:closing loop
[7.950s] DEBUG:colcon.colcon_parallel_executor.executor.parallel:loop closed
[7.950s] DEBUG:colcon.colcon_parallel_executor.executor.parallel:run_until_complete finished with '0'
[7.950s] DEBUG:colcon.colcon_core.event_reactor:joining thread
[7.959s] INFO:colcon.colcon_core.plugin_system:Skipping extension 'colcon_notification.desktop_notification.notify2': 'notify2' not found
[7.959s] INFO:colcon.colcon_core.plugin_system:Skipping extension 'colcon_notification.desktop_notification.notify_send': Not used on non-Linux systems
[7.959s] INFO:colcon.colcon_core.plugin_system:Skipping extension 'colcon_notification.desktop_notification.win32': Not used on non-Windows systems
[7.959s] INFO:colcon.colcon_notification.desktop_notification:Sending desktop notification using 'terminal_notifier'
[7.967s] ERROR:colcon.colcon_notification.desktop_notification.terminal_notifier:Could not find the colcon-terminal-notifier.app in the install prefix '/Users/huajingzhao/ros2/venv'
[7.967s] DEBUG:colcon.colcon_core.event_reactor:joined thread
[7.973s] INFO:colcon.colcon_core.shell:Creating prefix script '/Users/huajingzhao/Desktop/UCLA/projects/neureality/gimbal_ws/install/local_setup.ps1'
[7.974s] INFO:colcon.colcon_core.shell:Creating prefix util module '/Users/huajingzhao/Desktop/UCLA/projects/neureality/gimbal_ws/install/_local_setup_util_ps1.py'
[7.975s] INFO:colcon.colcon_core.shell:Creating prefix chain script '/Users/huajingzhao/Desktop/UCLA/projects/neureality/gimbal_ws/install/setup.ps1'
[7.984s] INFO:colcon.colcon_core.shell:Creating prefix script '/Users/huajingzhao/Desktop/UCLA/projects/neureality/gimbal_ws/install/local_setup.sh'
[7.985s] INFO:colcon.colcon_core.shell:Creating prefix util module '/Users/huajingzhao/Desktop/UCLA/projects/neureality/gimbal_ws/install/_local_setup_util_sh.py'
[7.985s] INFO:colcon.colcon_core.shell:Creating prefix chain script '/Users/huajingzhao/Desktop/UCLA/projects/neureality/gimbal_ws/install/setup.sh'
[7.994s] INFO:colcon.colcon_core.shell:Creating prefix script '/Users/huajingzhao/Desktop/UCLA/projects/neureality/gimbal_ws/install/local_setup.bash'
[7.995s] INFO:colcon.colcon_core.shell:Creating prefix chain script '/Users/huajingzhao/Desktop/UCLA/projects/neureality/gimbal_ws/install/setup.bash'
[8.004s] INFO:colcon.colcon_core.shell:Creating prefix script '/Users/huajingzhao/Desktop/UCLA/projects/neureality/gimbal_ws/install/local_setup.zsh'
[8.004s] INFO:colcon.colcon_core.shell:Creating prefix chain script '/Users/huajingzhao/Desktop/UCLA/projects/neureality/gimbal_ws/install/setup.zsh'
