[0.832s] Invoking command in '/Users/huajingzhao/Desktop/UCLA/projects/neureality/gimbal_ws/src/gimbal_control': PYTHONPATH=/Users/huajingzhao/Desktop/UCLA/projects/neureality/gimbal_ws/build/gimbal_control/prefix_override:/Users/huajingzhao/Desktop/UCLA/projects/neureality/gimbal_ws/install/gimbal_control/lib/python3.10/site-packages:${PYTHONPATH} SHLVL=2 VIRTUAL_ENV_PROMPT=(venv) _=/usr/bin/env /Users/huajingzhao/ros2/venv/bin/python setup.py egg_info --egg-base ../../build/gimbal_control build --build-base /Users/huajingzhao/Desktop/UCLA/projects/neureality/gimbal_ws/build/gimbal_control/build install --record /Users/huajingzhao/Desktop/UCLA/projects/neureality/gimbal_ws/build/gimbal_control/install.log --single-version-externally-managed
[1.017s] running egg_info
[1.024s] writing ../../build/gimbal_control/gimbal_control.egg-info/PKG-INFO
[1.025s] writing dependency_links to ../../build/gimbal_control/gimbal_control.egg-info/dependency_links.txt
[1.025s] writing entry points to ../../build/gimbal_control/gimbal_control.egg-info/entry_points.txt
[1.025s] writing requirements to ../../build/gimbal_control/gimbal_control.egg-info/requires.txt
[1.025s] writing top-level names to ../../build/gimbal_control/gimbal_control.egg-info/top_level.txt
[1.073s] ERROR setuptools_scm._file_finders.git listing git files failed - pretending there aren't any
[1.076s] reading manifest file '../../build/gimbal_control/gimbal_control.egg-info/SOURCES.txt'
[1.076s] adding license file 'LICENSE'
[1.077s] writing manifest file '../../build/gimbal_control/gimbal_control.egg-info/SOURCES.txt'
[1.077s] running build
[1.077s] running build_py
[1.077s] copying gimbal_control/gimbal_dynamixel_only.py -> /Users/huajingzhao/Desktop/UCLA/projects/neureality/gimbal_ws/build/gimbal_control/build/lib/gimbal_control
[1.078s] copying gimbal_control/__init__.py -> /Users/huajingzhao/Desktop/UCLA/projects/neureality/gimbal_ws/build/gimbal_control/build/lib/gimbal_control
[1.078s] copying gimbal_control/gimbal_control_ros2_velocity.py -> /Users/huajingzhao/Desktop/UCLA/projects/neureality/gimbal_ws/build/gimbal_control/build/lib/gimbal_control
[1.078s] copying gimbal_control/read_rosbag_bagpy.py -> /Users/huajingzhao/Desktop/UCLA/projects/neureality/gimbal_ws/build/gimbal_control/build/lib/gimbal_control
[1.078s] copying gimbal_control/gimbal_info_publisher.py -> /Users/huajingzhao/Desktop/UCLA/projects/neureality/gimbal_ws/build/gimbal_control/build/lib/gimbal_control
[1.079s] copying gimbal_control/gimbal_info_subscriber.py -> /Users/huajingzhao/Desktop/UCLA/projects/neureality/gimbal_ws/build/gimbal_control/build/lib/gimbal_control
[1.079s] copying gimbal_control/gimbal_control_ros2_position.py -> /Users/huajingzhao/Desktop/UCLA/projects/neureality/gimbal_ws/build/gimbal_control/build/lib/gimbal_control
[1.080s] running install
[1.081s] /opt/homebrew/lib/python3.12/site-packages/setuptools/_distutils/cmd.py:66: SetuptoolsDeprecationWarning: setup.py install is deprecated.
[1.081s] !!
[1.081s] 
[1.081s]         ********************************************************************************
[1.081s]         Please avoid running ``setup.py`` directly.
[1.081s]         Instead, use pypa/build, pypa/installer or other
[1.081s]         standards-based tools.
[1.081s] 
[1.081s]         See https://blog.ganssle.io/articles/2021/10/setup-py-deprecated.html for details.
[1.081s]         ********************************************************************************
[1.081s] 
[1.081s] !!
[1.081s]   self.initialize_options()
[1.083s] running install_lib
[1.094s] running install_data
[1.101s] copying resource/gimbal_control -> /Users/huajingzhao/Desktop/UCLA/projects/neureality/gimbal_ws/install/gimbal_control/share/ament_index/resource_index/packages
[1.101s] copying package.xml -> /Users/huajingzhao/Desktop/UCLA/projects/neureality/gimbal_ws/install/gimbal_control/share/gimbal_control
[1.101s] copying launch/gimbal_ctrl_vel_mode.launch.py -> /Users/huajingzhao/Desktop/UCLA/projects/neureality/gimbal_ws/install/gimbal_control/share/gimbal_control
[1.102s] copying launch/gimbal_ctrl_pos_mode.launch.py -> /Users/huajingzhao/Desktop/UCLA/projects/neureality/gimbal_ws/install/gimbal_control/share/gimbal_control
[1.102s] copying launch/python_parameter_launch.py -> /Users/huajingzhao/Desktop/UCLA/projects/neureality/gimbal_ws/install/gimbal_control/share/gimbal_control
[1.103s] running install_egg_info
[1.110s] removing '/Users/huajingzhao/Desktop/UCLA/projects/neureality/gimbal_ws/install/gimbal_control/lib/python3.10/site-packages/gimbal_control-0.0.0-py3.10.egg-info' (and everything under it)
[1.111s] Copying ../../build/gimbal_control/gimbal_control.egg-info to /Users/huajingzhao/Desktop/UCLA/projects/neureality/gimbal_ws/install/gimbal_control/lib/python3.10/site-packages/gimbal_control-0.0.0-py3.10.egg-info
[1.112s] running install_scripts
[1.200s] Installing gimbal_ctrl_pos_mode script to /Users/huajingzhao/Desktop/UCLA/projects/neureality/gimbal_ws/install/gimbal_control/lib/gimbal_control
[1.200s] Installing gimbal_ctrl_vel_mode script to /Users/huajingzhao/Desktop/UCLA/projects/neureality/gimbal_ws/install/gimbal_control/lib/gimbal_control
[1.200s] Installing gimbal_pub script to /Users/huajingzhao/Desktop/UCLA/projects/neureality/gimbal_ws/install/gimbal_control/lib/gimbal_control
[1.200s] Installing gimbal_sub script to /Users/huajingzhao/Desktop/UCLA/projects/neureality/gimbal_ws/install/gimbal_control/lib/gimbal_control
[1.200s] writing list of installed files to '/Users/huajingzhao/Desktop/UCLA/projects/neureality/gimbal_ws/build/gimbal_control/install.log'
[1.217s] Invoked command in '/Users/huajingzhao/Desktop/UCLA/projects/neureality/gimbal_ws/src/gimbal_control' returned '0': PYTHONPATH=/Users/huajingzhao/Desktop/UCLA/projects/neureality/gimbal_ws/build/gimbal_control/prefix_override:/Users/huajingzhao/Desktop/UCLA/projects/neureality/gimbal_ws/install/gimbal_control/lib/python3.10/site-packages:${PYTHONPATH} SHLVL=2 VIRTUAL_ENV_PROMPT=(venv) _=/usr/bin/env /Users/huajingzhao/ros2/venv/bin/python setup.py egg_info --egg-base ../../build/gimbal_control build --build-base /Users/huajingzhao/Desktop/UCLA/projects/neureality/gimbal_ws/build/gimbal_control/build install --record /Users/huajingzhao/Desktop/UCLA/projects/neureality/gimbal_ws/build/gimbal_control/install.log --single-version-externally-managed
