[0.667s] Invoking command in '/Users/huajingzhao/Desktop/UCLA/projects/neureality/gimbal_ws/src/gimbal_control': PYTHONPATH=/Users/huajingzhao/Desktop/UCLA/projects/neureality/gimbal_ws/build/gimbal_control/prefix_override:/Users/huajingzhao/Desktop/UCLA/projects/neureality/gimbal_ws/install/gimbal_control/lib/python3.10/site-packages:${PYTHONPATH} SHLVL=2 VIRTUAL_ENV_PROMPT=(venv) _=/usr/bin/env /Users/huajingzhao/ros2/venv/bin/python setup.py egg_info --egg-base ../../build/gimbal_control build --build-base /Users/huajingzhao/Desktop/UCLA/projects/neureality/gimbal_ws/build/gimbal_control/build install --record /Users/huajingzhao/Desktop/UCLA/projects/neureality/gimbal_ws/build/gimbal_control/install.log --single-version-externally-managed
[0.832s] running egg_info
[0.838s] writing ../../build/gimbal_control/gimbal_control.egg-info/PKG-INFO
[0.839s] writing dependency_links to ../../build/gimbal_control/gimbal_control.egg-info/dependency_links.txt
[0.839s] writing entry points to ../../build/gimbal_control/gimbal_control.egg-info/entry_points.txt
[0.839s] writing requirements to ../../build/gimbal_control/gimbal_control.egg-info/requires.txt
[0.839s] writing top-level names to ../../build/gimbal_control/gimbal_control.egg-info/top_level.txt
[0.877s] ERROR setuptools_scm._file_finders.git listing git files failed - pretending there aren't any
[0.880s] reading manifest file '../../build/gimbal_control/gimbal_control.egg-info/SOURCES.txt'
[0.880s] adding license file 'LICENSE'
[0.880s] writing manifest file '../../build/gimbal_control/gimbal_control.egg-info/SOURCES.txt'
[0.881s] running build
[0.881s] running build_py
[0.881s] copying gimbal_control/gimbal_dynamixel_only.py -> /Users/huajingzhao/Desktop/UCLA/projects/neureality/gimbal_ws/build/gimbal_control/build/lib/gimbal_control
[0.881s] copying gimbal_control/__init__.py -> /Users/huajingzhao/Desktop/UCLA/projects/neureality/gimbal_ws/build/gimbal_control/build/lib/gimbal_control
[0.881s] copying gimbal_control/gimbal_control_ros2_velocity.py -> /Users/huajingzhao/Desktop/UCLA/projects/neureality/gimbal_ws/build/gimbal_control/build/lib/gimbal_control
[0.882s] copying gimbal_control/read_rosbag_bagpy.py -> /Users/huajingzhao/Desktop/UCLA/projects/neureality/gimbal_ws/build/gimbal_control/build/lib/gimbal_control
[0.882s] copying gimbal_control/gimbal_info_publisher.py -> /Users/huajingzhao/Desktop/UCLA/projects/neureality/gimbal_ws/build/gimbal_control/build/lib/gimbal_control
[0.882s] copying gimbal_control/gimbal_info_subscriber.py -> /Users/huajingzhao/Desktop/UCLA/projects/neureality/gimbal_ws/build/gimbal_control/build/lib/gimbal_control
[0.882s] copying gimbal_control/gimbal_control_ros2_position.py -> /Users/huajingzhao/Desktop/UCLA/projects/neureality/gimbal_ws/build/gimbal_control/build/lib/gimbal_control
[0.883s] running install
[0.883s] /opt/homebrew/lib/python3.12/site-packages/setuptools/_distutils/cmd.py:66: SetuptoolsDeprecationWarning: setup.py install is deprecated.
[0.883s] !!
[0.883s] 
[0.883s]         ********************************************************************************
[0.883s]         Please avoid running ``setup.py`` directly.
[0.883s]         Instead, use pypa/build, pypa/installer or other
[0.883s]         standards-based tools.
[0.883s] 
[0.884s]         See https://blog.ganssle.io/articles/2021/10/setup-py-deprecated.html for details.
[0.884s]         ********************************************************************************
[0.884s] 
[0.884s] !!
[0.884s]   self.initialize_options()
[0.886s] running install_lib
[0.894s] running install_data
[0.901s] copying resource/gimbal_control -> /Users/huajingzhao/Desktop/UCLA/projects/neureality/gimbal_ws/install/gimbal_control/share/ament_index/resource_index/packages
[0.901s] copying package.xml -> /Users/huajingzhao/Desktop/UCLA/projects/neureality/gimbal_ws/install/gimbal_control/share/gimbal_control
[0.901s] copying launch/gimbal_ctrl_vel_mode.launch.py -> /Users/huajingzhao/Desktop/UCLA/projects/neureality/gimbal_ws/install/gimbal_control/share/gimbal_control
[0.902s] copying launch/gimbal_ctrl_pos_mode.launch.py -> /Users/huajingzhao/Desktop/UCLA/projects/neureality/gimbal_ws/install/gimbal_control/share/gimbal_control
[0.902s] copying launch/python_parameter_launch.py -> /Users/huajingzhao/Desktop/UCLA/projects/neureality/gimbal_ws/install/gimbal_control/share/gimbal_control
[0.902s] running install_egg_info
[0.909s] removing '/Users/huajingzhao/Desktop/UCLA/projects/neureality/gimbal_ws/install/gimbal_control/lib/python3.10/site-packages/gimbal_control-0.0.0-py3.10.egg-info' (and everything under it)
[0.909s] Copying ../../build/gimbal_control/gimbal_control.egg-info to /Users/huajingzhao/Desktop/UCLA/projects/neureality/gimbal_ws/install/gimbal_control/lib/python3.10/site-packages/gimbal_control-0.0.0-py3.10.egg-info
[0.911s] running install_scripts
[0.988s] Installing gimbal_ctrl_pos_mode script to /Users/huajingzhao/Desktop/UCLA/projects/neureality/gimbal_ws/install/gimbal_control/lib/gimbal_control
[0.988s] Installing gimbal_ctrl_vel_mode script to /Users/huajingzhao/Desktop/UCLA/projects/neureality/gimbal_ws/install/gimbal_control/lib/gimbal_control
[0.988s] Installing gimbal_pub script to /Users/huajingzhao/Desktop/UCLA/projects/neureality/gimbal_ws/install/gimbal_control/lib/gimbal_control
[0.988s] Installing gimbal_sub script to /Users/huajingzhao/Desktop/UCLA/projects/neureality/gimbal_ws/install/gimbal_control/lib/gimbal_control
[0.989s] writing list of installed files to '/Users/huajingzhao/Desktop/UCLA/projects/neureality/gimbal_ws/build/gimbal_control/install.log'
[1.003s] Invoked command in '/Users/huajingzhao/Desktop/UCLA/projects/neureality/gimbal_ws/src/gimbal_control' returned '0': PYTHONPATH=/Users/huajingzhao/Desktop/UCLA/projects/neureality/gimbal_ws/build/gimbal_control/prefix_override:/Users/huajingzhao/Desktop/UCLA/projects/neureality/gimbal_ws/install/gimbal_control/lib/python3.10/site-packages:${PYTHONPATH} SHLVL=2 VIRTUAL_ENV_PROMPT=(venv) _=/usr/bin/env /Users/huajingzhao/ros2/venv/bin/python setup.py egg_info --egg-base ../../build/gimbal_control build --build-base /Users/huajingzhao/Desktop/UCLA/projects/neureality/gimbal_ws/build/gimbal_control/build install --record /Users/huajingzhao/Desktop/UCLA/projects/neureality/gimbal_ws/build/gimbal_control/install.log --single-version-externally-managed
